2018/11/05 16:31:41
Successfully connected to Oracle.<br/>Starting to echo
1  Record(s) reading................<br/>259003154851001 - LEPO3W<br/>1  Inserted................<br/><br/>
1 Record(s) syncronized.............................<br/>2018/11/15 16:31:41
Successfully connected to Oracle.<br/>Starting to echo

0 Record(s) syncronized.............................<br/>2018/11/25 16:31:41
Successfully connected to Oracle.<br/>Starting to echo

0 Record(s) syncronized.............................<br/>2018/12/05 16:31:41
Successfully connected to Oracle.<br/>Starting to echo

0 Record(s) syncronized.............................<br/>2018/12/15 16:31:41
Successfully connected to Oracle.<br/>Starting to echo

0 Record(s) syncronized.............................<br/>2018/12/25 16:31:41
Successfully connected to Oracle.<br/>Starting to echo

0 Record(s) syncronized.............................<br/>2019/01/05 16:31:41
Successfully connected to Oracle.<br/>Starting to echo

0 Record(s) syncronized.............................<br/>2019/01/15 16:31:41
Successfully connected to Oracle.<br/>Starting to echo

0 Record(s) syncronized.............................<br/>2019/01/25 16:31:41
Successfully connected to Oracle.<br/>Starting to echo
1  Record(s) reading................<br/>255003553450501 - LEPO3W<br/>1  Inserted................<br/><br/>2  Record(s) reading................<br/>213003753050501 - LEPO3W<br/>2  Inserted................<br/><br/>3  Record(s) reading................<br/>248003436950502 - LEPO3W<br/>3  Inserted................<br/><br/>4  Record(s) reading................<br/>208003739050501 - LEPO3W<br/>4  Inserted................<br/><br/>5  Record(s) reading................<br/>252003750150501 - LEPO3W<br/>5  Inserted................<br/><br/>6  Record(s) reading................<br/>208003600250501 - LEPO3W<br/>6  Inserted................<br/><br/>7  Record(s) reading................<br/>252003551350502 - LEPO3W<br/>7  Inserted................<br/><br/>8  Record(s) reading................<br/>252003726950501 - LEPO3W<br/>8  Inserted................<br/><br/>9  Record(s) reading................<br/>238003620650501 - LEPO3W<br/>9  Inserted................<br/><br/>10  Record(s) reading................<br/>246003468050503 - LEPO3W<br/>10  Inserted................<br/><br/>11  Record(s) reading................<br/>266003621050501 - LEPO3W<br/>11  Inserted................<br/><br/>12  Record(s) reading................<br/>252003742950501 - LEPO3W<br/>12  Inserted................<br/><br/>13  Record(s) reading................<br/>208003449450501 - LEPO3W<br/>13  Inserted................<br/><br/>14  Record(s) reading................<br/>210003405350502 - LEPO3W<br/>14  Inserted................<br/><br/>
14 Record(s) syncronized.............................<br/>2019/02/05 16:31:41
Successfully connected to Oracle.<br/>Starting to echo

0 Record(s) syncronized.............................<br/>2019/02/15 16:31:41
Successfully connected to Oracle.<br/>Starting to echo

0 Record(s) syncronized.............................<br/>2019/02/25 16:31:41
Successfully connected to Oracle.<br/>Starting to echo

0 Record(s) syncronized.............................<br/>2019/03/05 16:31:41
Successfully connected to Oracle.<br/>Starting to echo

0 Record(s) syncronized.............................<br/>2019/03/15 16:31:41
Successfully connected to Oracle.<br/>Starting to echo

0 Record(s) syncronized.............................<br/>2019/03/25 16:31:41
Successfully connected to Oracle.<br/>Starting to echo

0 Record(s) syncronized.............................<br/>2019/04/05 16:31:41
Successfully connected to Oracle.<br/>Starting to echo
1  Record(s) reading................<br/>237004003451001 - LEPO3W<br/>1  Inserted................<br/><br/>
1 Record(s) syncronized.............................<br/>2019/04/15 16:31:41
Successfully connected to Oracle.<br/>Starting to echo

0 Record(s) syncronized.............................<br/>