2018/11/07 16:11:41
Successfully connected to Oracle.<br/>Starting to echo

0 Record(s) syncronized.............................<br/>2018/11/17 16:11:41
Successfully connected to Oracle.<br/>Starting to echo

0 Record(s) syncronized.............................<br/>2018/11/27 16:11:41
Successfully connected to Oracle.<br/>Starting to echo

0 Record(s) syncronized.............................<br/>2018/12/07 16:11:41
Successfully connected to Oracle.<br/>Starting to echo

0 Record(s) syncronized.............................<br/>2018/12/17 16:11:41
Successfully connected to Oracle.<br/>Starting to echo

0 Record(s) syncronized.............................<br/>2018/12/27 16:11:41
Successfully connected to Oracle.<br/>Starting to echo
1  Record(s) reading................<br/>258003522850501 - LEPO3W<br/>1  Inserted................<br/><br/>2  Record(s) reading................<br/>258003520250501 - LEPO3W<br/>2  Inserted................<br/><br/>3  Record(s) reading................<br/>205003540950501 - LEPO3W<br/>3  Inserted................<br/><br/>4  Record(s) reading................<br/>246003536450501 - LEPO3W<br/>4  Inserted................<br/><br/>5  Record(s) reading................<br/>265003528350501 - LEPO3W<br/>5  Inserted................<br/><br/>6  Record(s) reading................<br/>265003545050501 - LEPO3W<br/>6  Inserted................<br/><br/>7  Record(s) reading................<br/>255003540850501 - LEPO3W<br/>7  Inserted................<br/><br/>8  Record(s) reading................<br/>240003408850501 - LEPO3W<br/>8  Inserted................<br/><br/>9  Record(s) reading................<br/>265003536950501 - LEPO3W<br/>9  Inserted................<br/><br/>10  Record(s) reading................<br/>255003545650501 - LEPO3W<br/>10  Inserted................<br/><br/>11  Record(s) reading................<br/>255003463850501 - LEPO3W<br/>11  Inserted................<br/><br/>12  Record(s) reading................<br/>265003546250501 - LEPO3W<br/>12  Inserted................<br/><br/>13  Record(s) reading................<br/>240003312150501 - LEPO3W<br/>13  Inserted................<br/><br/>
13 Record(s) syncronized.............................<br/>2019/01/07 16:11:41
Successfully connected to Oracle.<br/>Starting to echo

0 Record(s) syncronized.............................<br/>2019/01/17 16:11:41
Successfully connected to Oracle.<br/>Starting to echo
1  Record(s) reading................<br/>255003649750501 - LEPO3W<br/>1  Inserted................<br/><br/>
1 Record(s) syncronized.............................<br/>2019/01/27 16:11:41
Successfully connected to Oracle.<br/>Starting to echo

0 Record(s) syncronized.............................<br/>2019/02/07 16:11:41
Successfully connected to Oracle.<br/>Starting to echo

0 Record(s) syncronized.............................<br/>2019/02/17 16:11:41
Successfully connected to Oracle.<br/>Starting to echo

0 Record(s) syncronized.............................<br/>2019/02/27 16:11:41
Successfully connected to Oracle.<br/>Starting to echo
1  Record(s) reading................<br/>237003848551001 - LEPO3W<br/>1  Inserted................<br/><br/>2  Record(s) reading................<br/>246003697050502 - LEPO3W<br/>2  Inserted................<br/><br/>3  Record(s) reading................<br/>268003839050502 - LEPO3W<br/>3  Inserted................<br/><br/>4  Record(s) reading................<br/>265003725350504 - LEPO3W<br/>4  Inserted................<br/><br/>5  Record(s) reading................<br/>260003421750502 - LEPO3W<br/>5  Inserted................<br/><br/>
5 Record(s) syncronized.............................<br/>2019/03/07 16:11:43
Successfully connected to Oracle.<br/>Starting to echo

0 Record(s) syncronized.............................<br/>2019/03/17 16:11:41
Successfully connected to Oracle.<br/>Starting to echo

0 Record(s) syncronized.............................<br/>2019/03/27 16:11:41
Successfully connected to Oracle.<br/>Starting to echo
1  Record(s) reading................<br/>246003936450501 - LEPO3W<br/>1  Inserted................<br/><br/>2  Record(s) reading................<br/>214003925550501 - LEPO3W<br/>2  Inserted................<br/><br/>3  Record(s) reading................<br/>213003946650501 - LEPO3W<br/>3  Inserted................<br/><br/>4  Record(s) reading................<br/>268003921550501 - LEPO3W<br/>4  Inserted................<br/><br/>5  Record(s) reading................<br/>245003944250501 - LEPO3W<br/>5  Inserted................<br/><br/>6  Record(s) reading................<br/>246003912350501 - LEPO3W<br/>6  Inserted................<br/><br/>7  Record(s) reading................<br/>216003818950501 - LEPO3W<br/>7  Inserted................<br/><br/>8  Record(s) reading................<br/>246003930150501 - LEPO3W<br/>8  Inserted................<br/><br/>9  Record(s) reading................<br/>213003923750502 - LEPO3W<br/>9  Inserted................<br/><br/>10  Record(s) reading................<br/>214003881150501 - LEPO3W<br/>10  Inserted................<br/><br/>11  Record(s) reading................<br/>240003927550501 - LEPO3W<br/>11  Inserted................<br/><br/>12  Record(s) reading................<br/>240003937550501 - LEPO3W<br/>12  Inserted................<br/><br/>13  Record(s) reading................<br/>247003950750501 - LEPO3W<br/>13  Inserted................<br/><br/>14  Record(s) reading................<br/>240003955750501 - LEPO3W<br/>14  Inserted................<br/><br/>15  Record(s) reading................<br/>252003940150501 - LEPO3W<br/>15  Inserted................<br/><br/>16  Record(s) reading................<br/>268003839150501 - LEPO3W<br/>16  Inserted................<br/><br/>17  Record(s) reading................<br/>266003950850501 - LEPO3W<br/>17  Inserted................<br/><br/>
17 Record(s) syncronized.............................<br/>2019/04/07 16:11:41
Successfully connected to Oracle.<br/>Starting to echo

0 Record(s) syncronized.............................<br/>2019/04/17 16:11:41
Successfully connected to Oracle.<br/>Starting to echo

0 Record(s) syncronized.............................<br/>