2018/11/12 15:11:41
Successfully connected to Oracle.<br/>Starting to echo
1  Record(s) reading................<br/>206003176650501 - LEPO3W<br/>1  Inserted................<br/><br/>
1 Record(s) syncronized.............................<br/>2018/11/22 15:11:41
Successfully connected to Oracle.<br/>Starting to echo

0 Record(s) syncronized.............................<br/>2018/12/02 15:11:41
Successfully connected to Oracle.<br/>Starting to echo

0 Record(s) syncronized.............................<br/>2018/12/12 15:11:41
Successfully connected to Oracle.<br/>Starting to echo
1  Record(s) reading................<br/>240003296550501 - LEPO3W<br/>1  Inserted................<br/><br/>
1 Record(s) syncronized.............................<br/>2018/12/22 15:11:41
Successfully connected to Oracle.<br/>Starting to echo

0 Record(s) syncronized.............................<br/>2019/01/02 15:11:41
Successfully connected to Oracle.<br/>Starting to echo

0 Record(s) syncronized.............................<br/>2019/01/12 15:11:41
Successfully connected to Oracle.<br/>Starting to echo

0 Record(s) syncronized.............................<br/>2019/01/22 15:11:41
Successfully connected to Oracle.<br/>Starting to echo
1  Record(s) reading................<br/>245003711551001 - LEPO3W<br/>1  Inserted................<br/><br/>2  Record(s) reading................<br/>222003744751001 - LEPO3W<br/>2  Inserted................<br/><br/>
2 Record(s) syncronized.............................<br/>2019/02/02 15:11:41
Successfully connected to Oracle.<br/>Starting to echo

0 Record(s) syncronized.............................<br/>2019/02/12 15:11:41
Successfully connected to Oracle.<br/>Starting to echo
1  Record(s) reading................<br/>264003812950501 - LEPO3W<br/>1  Inserted................<br/><br/>2  Record(s) reading................<br/>266003766450501 - LEPO3W<br/>2  Inserted................<br/><br/>
2 Record(s) syncronized.............................<br/>2019/02/22 15:11:41
Successfully connected to Oracle.<br/>Starting to echo
1  Record(s) reading................<br/>240003820750501 - LEPO3W<br/>1  Inserted................<br/><br/>2  Record(s) reading................<br/>222003835650501 - LEPO3W<br/>2  Inserted................<br/><br/>3  Record(s) reading................<br/>248003837750501 - LEPO3W<br/>3  Inserted................<br/><br/>4  Record(s) reading................<br/>222003840451001 - LEPO3W<br/>4  Inserted................<br/><br/>
4 Record(s) syncronized.............................<br/>2019/03/02 15:11:41
Successfully connected to Oracle.<br/>Starting to echo

0 Record(s) syncronized.............................<br/>2019/03/12 15:11:47
Successfully connected to Oracle.<br/>Starting to echo

0 Record(s) syncronized.............................<br/>2019/03/22 15:11:41
Successfully connected to Oracle.<br/>Starting to echo

0 Record(s) syncronized.............................<br/>2019/04/02 15:11:41
Successfully connected to Oracle.<br/>Starting to echo
1  Record(s) reading................<br/>245003944550501 - LEPO3W<br/>1  Inserted................<br/><br/>2  Record(s) reading................<br/>245003983750501 - LEPO3W<br/>2  Inserted................<br/><br/>
2 Record(s) syncronized.............................<br/>2019/04/12 15:11:41
Successfully connected to Oracle.<br/>Starting to echo

0 Record(s) syncronized.............................<br/>2019/04/22 15:11:41
Successfully connected to Oracle.<br/>Starting to echo

0 Record(s) syncronized.............................<br/>