2018/11/09 16:21:41
Successfully connected to Oracle.<br/>Starting to echo

0 Record(s) syncronized.............................<br/>2018/11/19 16:21:41
Successfully connected to Oracle.<br/>Starting to echo
1  Record(s) reading................<br/>240002997550501 - LEPO3W<br/>1  Inserted................<br/><br/>2  Record(s) reading................<br/>225002968950501 - LEPO3W<br/>2  Inserted................<br/><br/>3  Record(s) reading................<br/>245003109450501 - LEPO3W<br/>3  Inserted................<br/><br/>4  Record(s) reading................<br/>240003109950501 - LEPO3W<br/>4  Inserted................<br/><br/>5  Record(s) reading................<br/>225003108450501 - LEPO3W<br/>5  Inserted................<br/><br/>6  Record(s) reading................<br/>246003069750501 - LEPO3W<br/>6  Inserted................<br/><br/>7  Record(s) reading................<br/>233003214850501 - LEPO3W<br/>7  Inserted................<br/><br/>8  Record(s) reading................<br/>245003217450501 - LEPO3W<br/>8  Inserted................<br/><br/>9  Record(s) reading................<br/>239003148450501 - LEPO3W<br/>9  Inserted................<br/><br/>10  Record(s) reading................<br/>258003152250501 - LEPO3W<br/>10  Inserted................<br/><br/>11  Record(s) reading................<br/>225003157150501 - LEPO3W<br/>11  Inserted................<br/><br/>
11 Record(s) syncronized.............................<br/>2018/11/29 16:21:41
Successfully connected to Oracle.<br/>Starting to echo
1  Record(s) reading................<br/>246003331750501 - LEPO3W<br/>1  Inserted................<br/><br/>2  Record(s) reading................<br/>210003335250501 - LEPO3W<br/>2  Inserted................<br/><br/>3  Record(s) reading................<br/>209003295550501 - LEPO3W<br/>3  Inserted................<br/><br/>4  Record(s) reading................<br/>246003325650501 - LEPO3W<br/>4  Inserted................<br/><br/>5  Record(s) reading................<br/>200003330050501 - LEPO3W<br/>5  Inserted................<br/><br/>6  Record(s) reading................<br/>222003326650501 - LEPO3W<br/>6  Inserted................<br/><br/>7  Record(s) reading................<br/>210003336250501 - LEPO3W<br/>7  Inserted................<br/><br/>8  Record(s) reading................<br/>221003315250501 - LEPO3W<br/>8  Inserted................<br/><br/>9  Record(s) reading................<br/>209003311950501 - LEPO3W<br/>9  Inserted................<br/><br/>10  Record(s) reading................<br/>240003330650501 - LEPO3W<br/>10  Inserted................<br/><br/>11  Record(s) reading................<br/>235003342250501 - LEPO3W<br/>11  Inserted................<br/><br/>12  Record(s) reading................<br/>238003306750502 - LEPO3W<br/>12  Inserted................<br/><br/>13  Record(s) reading................<br/>233003318650501 - LEPO3W<br/>13  Inserted................<br/><br/>14  Record(s) reading................<br/>246003290150501 - LEPO3W<br/>14  Inserted................<br/><br/>15  Record(s) reading................<br/>222003290750501 - LEPO3W<br/>15  Inserted................<br/><br/>16  Record(s) reading................<br/>240003309250501 - LEPO3W<br/>16  Inserted................<br/><br/>17  Record(s) reading................<br/>256003305050501 - LEPO3W<br/>17  Inserted................<br/><br/>18  Record(s) reading................<br/>209003313450501 - LEPO3W<br/>18  Inserted................<br/><br/>
18 Record(s) syncronized.............................<br/>2018/12/09 16:21:41
Successfully connected to Oracle.<br/>Starting to echo

0 Record(s) syncronized.............................<br/>2018/12/19 16:21:41
Successfully connected to Oracle.<br/>Starting to echo

0 Record(s) syncronized.............................<br/>2018/12/29 16:21:41
Successfully connected to Oracle.<br/>Starting to echo

0 Record(s) syncronized.............................<br/>2019/01/09 16:21:41
Successfully connected to Oracle.<br/>Starting to echo

0 Record(s) syncronized.............................<br/>2019/01/19 16:21:41
Successfully connected to Oracle.<br/>Starting to echo

0 Record(s) syncronized.............................<br/>2019/01/29 16:21:41
Successfully connected to Oracle.<br/>Starting to echo
1  Record(s) reading................<br/>265003768550501 - LEPO3W<br/>1  Inserted................<br/><br/>2  Record(s) reading................<br/>268001616750501 - LEPO3W<br/>2  Inserted................<br/><br/>3  Record(s) reading................<br/>268003757050501 - LEPO3W<br/>3  Inserted................<br/><br/>4  Record(s) reading................<br/>235003769650501 - LEPO3W<br/>4  Inserted................<br/><br/>5  Record(s) reading................<br/>268003732950501 - LEPO3W<br/>5  Inserted................<br/><br/>6  Record(s) reading................<br/>237003585150501 - LEPO3W<br/>6  Inserted................<br/><br/>
6 Record(s) syncronized.............................<br/>2019/02/09 16:21:41
Successfully connected to Oracle.<br/>Starting to echo

0 Record(s) syncronized.............................<br/>2019/02/19 16:21:41
Successfully connected to Oracle.<br/>Starting to echo

0 Record(s) syncronized.............................<br/>2019/03/09 16:21:41
Successfully connected to Oracle.<br/>Starting to echo

0 Record(s) syncronized.............................<br/>2019/03/19 16:21:41
Successfully connected to Oracle.<br/>Starting to echo

0 Record(s) syncronized.............................<br/>2019/03/29 16:21:41
Successfully connected to Oracle.<br/>Starting to echo

0 Record(s) syncronized.............................<br/>2019/04/09 16:21:41
Successfully connected to Oracle.<br/>Starting to echo
1  Record(s) reading................<br/>240003998150501 - LEPO3W<br/>1  Inserted................<br/><br/>2  Record(s) reading................<br/>224004006550501 - LEPO3W<br/>2  Inserted................<br/><br/>3  Record(s) reading................<br/>245003942150501 - LEPO3W<br/>3  Inserted................<br/><br/>4  Record(s) reading................<br/>217003996850501 - LEPO3W<br/>4  Inserted................<br/><br/>5  Record(s) reading................<br/>240003927050501 - LEPO3W<br/>5  Inserted................<br/><br/>
5 Record(s) syncronized.............................<br/>2019/04/19 16:21:41
Successfully connected to Oracle.<br/>Starting to echo

0 Record(s) syncronized.............................<br/>