2018/11/08 12:01:41
Successfully connected to Oracle.<br/>Starting to echo

0 Record(s) syncronized.............................<br/>2018/11/18 12:01:41
Successfully connected to Oracle.<br/>Starting to echo

0 Record(s) syncronized.............................<br/>2018/11/28 12:01:41
Successfully connected to Oracle.<br/>Starting to echo
1  Record(s) reading................<br/>243003313651001 - LEPO3W<br/>1  Inserted................<br/><br/>
1 Record(s) syncronized.............................<br/>2018/12/08 12:01:41
Successfully connected to Oracle.<br/>Starting to echo

0 Record(s) syncronized.............................<br/>2018/12/18 12:01:41
Successfully connected to Oracle.<br/>Starting to echo

0 Record(s) syncronized.............................<br/>2018/12/28 12:01:41
Successfully connected to Oracle.<br/>Starting to echo

0 Record(s) syncronized.............................<br/>2019/01/08 12:01:41
Successfully connected to Oracle.<br/>Starting to echo
1  Record(s) reading................<br/>230003624050501 - LEPO3W<br/>1  Inserted................<br/><br/>2  Record(s) reading................<br/>247003623350501 - LEPO3W<br/>2  Inserted................<br/><br/>3  Record(s) reading................<br/>256003599450501 - LEPO3W<br/>3  Inserted................<br/><br/>4  Record(s) reading................<br/>246003492050501 - LEPO3W<br/>4  Inserted................<br/><br/>5  Record(s) reading................<br/>256003526750501 - LEPO3W<br/>5  Inserted................<br/><br/>
5 Record(s) syncronized.............................<br/>2019/01/18 12:01:41
Successfully connected to Oracle.<br/>Starting to echo

0 Record(s) syncronized.............................<br/>2019/01/28 12:01:41
Successfully connected to Oracle.<br/>Starting to echo
1  Record(s) reading................<br/>213003512150502 - LEPO3W<br/>1  Inserted................<br/><br/>2  Record(s) reading................<br/>206003763151001 - LEPO3W<br/>2  Inserted................<br/><br/>3  Record(s) reading................<br/>225003566850502 - LEPO3W<br/>3  Inserted................<br/><br/>
3 Record(s) syncronized.............................<br/>2019/02/08 12:01:41
Successfully connected to Oracle.<br/>Starting to echo

0 Record(s) syncronized.............................<br/>2019/02/18 12:01:41
Successfully connected to Oracle.<br/>Starting to echo

0 Record(s) syncronized.............................<br/>2019/02/28 12:01:42
Successfully connected to Oracle.<br/>Starting to echo

0 Record(s) syncronized.............................<br/>2019/03/08 12:01:41
Successfully connected to Oracle.<br/>Starting to echo

0 Record(s) syncronized.............................<br/>2019/03/18 12:01:41
Successfully connected to Oracle.<br/>Starting to echo

0 Record(s) syncronized.............................<br/>2019/03/28 12:01:45
Successfully connected to Oracle.<br/>Starting to echo

0 Record(s) syncronized.............................<br/>2019/04/08 12:01:41
Successfully connected to Oracle.<br/>Starting to echo
1  Record(s) reading................<br/>267003941950501 - LEPO3W<br/>1  Inserted................<br/><br/>
1 Record(s) syncronized.............................<br/>2019/04/18 12:01:41
Successfully connected to Oracle.<br/>Starting to echo

0 Record(s) syncronized.............................<br/>