2018/11/14 12:11:41
Successfully connected to Oracle.<br/>Starting to echo
1  Record(s) reading................<br/>243003241151001 - LEPO3W<br/>1  Inserted................<br/><br/>
1 Record(s) syncronized.............................<br/>2018/11/24 12:11:41
Successfully connected to Oracle.<br/>Starting to echo

0 Record(s) syncronized.............................<br/>2018/12/04 12:11:41
Successfully connected to Oracle.<br/>Starting to echo

0 Record(s) syncronized.............................<br/>2018/12/14 12:11:41
Successfully connected to Oracle.<br/>Starting to echo

0 Record(s) syncronized.............................<br/>2018/12/24 12:11:41
Successfully connected to Oracle.<br/>Starting to echo

0 Record(s) syncronized.............................<br/>2019/01/04 12:11:41
Successfully connected to Oracle.<br/>Starting to echo

0 Record(s) syncronized.............................<br/>2019/01/14 12:11:41
Successfully connected to Oracle.<br/>Starting to echo

0 Record(s) syncronized.............................<br/>2019/01/24 12:11:41
Successfully connected to Oracle.<br/>Starting to echo

0 Record(s) syncronized.............................<br/>2019/02/04 12:11:41
Successfully connected to Oracle.<br/>Starting to echo

0 Record(s) syncronized.............................<br/>2019/02/14 12:11:41
Successfully connected to Oracle.<br/>Starting to echo
1  Record(s) reading................<br/>233003793750501 - LEPO3W<br/>1  Inserted................<br/><br/>2  Record(s) reading................<br/>239003810150501 - LEPO3W<br/>2  Inserted................<br/><br/>3  Record(s) reading................<br/>233003780450501 - LEPO3W<br/>3  Inserted................<br/><br/>4  Record(s) reading................<br/>217003802450501 - LEPO3W<br/>4  Inserted................<br/><br/>5  Record(s) reading................<br/>208003815250501 - LEPO3W<br/>5  Inserted................<br/><br/>6  Record(s) reading................<br/>213003583050502 - LEPO3W<br/>6  Inserted................<br/><br/>7  Record(s) reading................<br/>206003789850501 - LEPO3W<br/>7  Inserted................<br/><br/>8  Record(s) reading................<br/>239003810550501 - LEPO3W<br/>8  Inserted................<br/><br/>
8 Record(s) syncronized.............................<br/>2019/02/24 12:11:41
Successfully connected to Oracle.<br/>Starting to echo

0 Record(s) syncronized.............................<br/>2019/03/04 12:11:41
Successfully connected to Oracle.<br/>Starting to echo

0 Record(s) syncronized.............................<br/>2019/03/14 12:11:41
Successfully connected to Oracle.<br/>Starting to echo
1  Record(s) reading................<br/>225003898750502 - LEPO3W<br/>1  Inserted................<br/><br/>
1 Record(s) syncronized.............................<br/>2019/03/24 12:11:40
Successfully connected to Oracle.<br/>Starting to echo

0 Record(s) syncronized.............................<br/>2019/04/04 12:11:41
Successfully connected to Oracle.<br/>Starting to echo
1  Record(s) reading................<br/>206004001850501 - LEPO3W<br/>1  Inserted................<br/><br/>
1 Record(s) syncronized.............................<br/>2019/04/14 12:11:41
Successfully connected to Oracle.<br/>Starting to echo

0 Record(s) syncronized.............................<br/>