2018/11/08 16:51:41
Successfully connected to Oracle.<br/>Starting to echo
1  Record(s) reading................<br/>217003184751001 - LEPO3W<br/>1  Inserted................<br/><br/>
1 Record(s) syncronized.............................<br/>2018/11/18 16:51:41
Successfully connected to Oracle.<br/>Starting to echo

0 Record(s) syncronized.............................<br/>2018/11/28 16:51:41
Successfully connected to Oracle.<br/>Starting to echo

0 Record(s) syncronized.............................<br/>2018/12/08 16:51:41
Successfully connected to Oracle.<br/>Starting to echo

0 Record(s) syncronized.............................<br/>2018/12/18 16:51:41
Successfully connected to Oracle.<br/>Starting to echo

0 Record(s) syncronized.............................<br/>2018/12/28 16:51:41
Successfully connected to Oracle.<br/>Starting to echo

0 Record(s) syncronized.............................<br/>2019/01/08 16:51:41
Successfully connected to Oracle.<br/>Starting to echo

0 Record(s) syncronized.............................<br/>2019/01/18 16:51:41
Successfully connected to Oracle.<br/>Starting to echo

0 Record(s) syncronized.............................<br/>2019/01/28 16:51:41
Successfully connected to Oracle.<br/>Starting to echo
1  Record(s) reading................<br/>266003567350501 - LEPO3W<br/>1  Inserted................<br/><br/>2  Record(s) reading................<br/>266003547950502 - LEPO3W<br/>2  Inserted................<br/><br/>3  Record(s) reading................<br/>260003191450502 - LEPO3W<br/>3  Inserted................<br/><br/>4  Record(s) reading................<br/>266003699750501 - LEPO3W<br/>4  Inserted................<br/><br/>5  Record(s) reading................<br/>252003402050501 - LEPO3W<br/>5  Inserted................<br/><br/>6  Record(s) reading................<br/>266003634550501 - LEPO3W<br/>6  Inserted................<br/><br/>7  Record(s) reading................<br/>252003361650503 - LEPO3W<br/>7  Inserted................<br/><br/>8  Record(s) reading................<br/>213003689950501 - LEPO3W<br/>8  Inserted................<br/><br/>9  Record(s) reading................<br/>252003565150501 - LEPO3W<br/>9  Inserted................<br/><br/>10  Record(s) reading................<br/>208003346050502 - LEPO3W<br/>10  Inserted................<br/><br/>11  Record(s) reading................<br/>246003547050501 - LEPO3W<br/>11  Inserted................<br/><br/>
11 Record(s) syncronized.............................<br/>2019/02/08 16:51:41
Successfully connected to Oracle.<br/>Starting to echo
1  Record(s) reading................<br/>228003813150501 - LEPO3W<br/>1  Inserted................<br/><br/>
1 Record(s) syncronized.............................<br/>2019/02/18 16:51:41
Successfully connected to Oracle.<br/>Starting to echo

0 Record(s) syncronized.............................<br/>2019/02/28 16:51:41
Successfully connected to Oracle.<br/>Starting to echo
1  Record(s) reading................<br/>221003801750501 - LEPO3W<br/>1  Inserted................<br/><br/>2  Record(s) reading................<br/>259003858451001 - LEPO3W<br/>2  Inserted................<br/><br/>3  Record(s) reading................<br/>259003223750501 - LEPO3W<br/>3  Inserted................<br/><br/>
3 Record(s) syncronized.............................<br/>2019/03/08 16:51:41
Successfully connected to Oracle.<br/>Starting to echo

0 Record(s) syncronized.............................<br/>2019/03/18 16:51:41
Successfully connected to Oracle.<br/>Starting to echo

0 Record(s) syncronized.............................<br/>2019/03/28 16:51:41
Successfully connected to Oracle.<br/>Starting to echo

0 Record(s) syncronized.............................<br/>2019/04/08 16:51:41
Successfully connected to Oracle.<br/>Starting to echo

0 Record(s) syncronized.............................<br/>2019/04/18 16:51:41
Successfully connected to Oracle.<br/>Starting to echo

0 Record(s) syncronized.............................<br/>