2018/11/13 15:31:41
Successfully connected to Oracle.<br/>Starting to echo

0 Record(s) syncronized.............................<br/>2018/11/23 15:31:41
Successfully connected to Oracle.<br/>Starting to echo

0 Record(s) syncronized.............................<br/>2018/12/03 15:31:41
Successfully connected to Oracle.<br/>Starting to echo

0 Record(s) syncronized.............................<br/>2018/12/13 15:31:41
Successfully connected to Oracle.<br/>Starting to echo

0 Record(s) syncronized.............................<br/>2018/12/23 15:31:41
Successfully connected to Oracle.<br/>Starting to echo

0 Record(s) syncronized.............................<br/>2019/01/03 15:31:41
Successfully connected to Oracle.<br/>Starting to echo

0 Record(s) syncronized.............................<br/>2019/01/13 15:31:41
Successfully connected to Oracle.<br/>Starting to echo

0 Record(s) syncronized.............................<br/>2019/01/23 15:31:41
Successfully connected to Oracle.<br/>Starting to echo
1  Record(s) reading................<br/>233003649450502 - LEPO3W<br/>1  Inserted................<br/><br/>
1 Record(s) syncronized.............................<br/>2019/02/03 15:31:41
Successfully connected to Oracle.<br/>Starting to echo

0 Record(s) syncronized.............................<br/>2019/02/13 15:31:41
Successfully connected to Oracle.<br/>Starting to echo
1  Record(s) reading................<br/>240003809450501 - LEPO3W<br/>1  Inserted................<br/><br/>2  Record(s) reading................<br/>268003805550501 - LEPO3W<br/>2  Inserted................<br/><br/>3  Record(s) reading................<br/>242003333350502 - LEPO3W<br/>3  Inserted................<br/><br/>4  Record(s) reading................<br/>235003816250501 - LEPO3W<br/>4  Inserted................<br/><br/>5  Record(s) reading................<br/>248003803750501 - LEPO3W<br/>5  Inserted................<br/><br/>
5 Record(s) syncronized.............................<br/>2019/02/23 15:31:41
Successfully connected to Oracle.<br/>Starting to echo

0 Record(s) syncronized.............................<br/>2019/03/03 15:31:41
Successfully connected to Oracle.<br/>Starting to echo

0 Record(s) syncronized.............................<br/>2019/03/13 15:31:41
Successfully connected to Oracle.<br/>Starting to echo
1  Record(s) reading................<br/>240003891850501 - LEPO3W<br/>1  Inserted................<br/><br/>2  Record(s) reading................<br/>245003889550501 - LEPO3W<br/>2  Inserted................<br/><br/>3  Record(s) reading................<br/>265003900250501 - LEPO3W<br/>3  Inserted................<br/><br/>4  Record(s) reading................<br/>268003893050501 - LEPO3W<br/>4  Inserted................<br/><br/>5  Record(s) reading................<br/>225003880050501 - LEPO3W<br/>5  Inserted................<br/><br/>6  Record(s) reading................<br/>268003897450501 - LEPO3W<br/>6  Inserted................<br/><br/>
6 Record(s) syncronized.............................<br/>2019/03/23 15:31:41
Successfully connected to Oracle.<br/>Starting to echo

0 Record(s) syncronized.............................<br/>2019/04/03 15:31:41
Successfully connected to Oracle.<br/>Starting to echo
1  Record(s) reading................<br/>218003902850501 - LEPO3W<br/>1  Inserted................<br/><br/>
1 Record(s) syncronized.............................<br/>2019/04/13 15:31:41
Successfully connected to Oracle.<br/>Starting to echo

0 Record(s) syncronized.............................<br/>2019/04/23 15:31:41
Successfully connected to Oracle.<br/>Starting to echo

0 Record(s) syncronized.............................<br/>