2018/11/13 15:21:41
Successfully connected to Oracle.<br/>Starting to echo

0 Record(s) syncronized.............................<br/>2018/11/23 15:21:41
Successfully connected to Oracle.<br/>Starting to echo

0 Record(s) syncronized.............................<br/>2018/12/03 15:21:41
Successfully connected to Oracle.<br/>Starting to echo

0 Record(s) syncronized.............................<br/>2018/12/13 15:21:41
Successfully connected to Oracle.<br/>Starting to echo

0 Record(s) syncronized.............................<br/>2018/12/23 15:21:41
Successfully connected to Oracle.<br/>Starting to echo

0 Record(s) syncronized.............................<br/>2019/01/03 15:21:41
Successfully connected to Oracle.<br/>Starting to echo
1  Record(s) reading................<br/>237003593250501 - LEPO3W<br/>1  Inserted................<br/><br/>
1 Record(s) syncronized.............................<br/>2019/01/13 15:21:41
Successfully connected to Oracle.<br/>Starting to echo

0 Record(s) syncronized.............................<br/>2019/01/23 15:21:41
Successfully connected to Oracle.<br/>Starting to echo

0 Record(s) syncronized.............................<br/>2019/02/03 15:21:41
Successfully connected to Oracle.<br/>Starting to echo

0 Record(s) syncronized.............................<br/>2019/02/13 15:21:41
Successfully connected to Oracle.<br/>Starting to echo
1  Record(s) reading................<br/>200003654250501 - LEPO3W<br/>1  Inserted................<br/><br/>2  Record(s) reading................<br/>250003812550501 - LEPO3W<br/>2  Inserted................<br/><br/>3  Record(s) reading................<br/>252003660850502 - LEPO3W<br/>3  Inserted................<br/><br/>4  Record(s) reading................<br/>265003758650502 - LEPO3W<br/>4  Inserted................<br/><br/>5  Record(s) reading................<br/>246003534850502 - LEPO3W<br/>5  Inserted................<br/><br/>6  Record(s) reading................<br/>240003623750502 - LEPO3W<br/>6  Inserted................<br/><br/>7  Record(s) reading................<br/>265003704850502 - LEPO3W<br/>7  Inserted................<br/><br/>8  Record(s) reading................<br/>265003769850502 - LEPO3W<br/>8  Inserted................<br/><br/>9  Record(s) reading................<br/>240003817850501 - LEPO3W<br/>9  Inserted................<br/><br/>10  Record(s) reading................<br/>208003308450502 - LEPO3W<br/>10  Inserted................<br/><br/>11  Record(s) reading................<br/>260000500351001 - LEPO3W<br/>11  Inserted................<br/><br/>
11 Record(s) syncronized.............................<br/>2019/02/23 15:21:41
Successfully connected to Oracle.<br/>Starting to echo

0 Record(s) syncronized.............................<br/>2019/03/03 15:21:41
Successfully connected to Oracle.<br/>Starting to echo

0 Record(s) syncronized.............................<br/>2019/03/13 15:21:41
Successfully connected to Oracle.<br/>Starting to echo

0 Record(s) syncronized.............................<br/>2019/03/23 15:21:41
Successfully connected to Oracle.<br/>Starting to echo

0 Record(s) syncronized.............................<br/>2019/04/03 15:21:41
Successfully connected to Oracle.<br/>Starting to echo

0 Record(s) syncronized.............................<br/>2019/04/13 15:21:41
Successfully connected to Oracle.<br/>Starting to echo

0 Record(s) syncronized.............................<br/>2019/04/23 15:21:41
Successfully connected to Oracle.<br/>Starting to echo

0 Record(s) syncronized.............................<br/>