2018/11/10 15:41:41
Successfully connected to Oracle.<br/>Starting to echo

0 Record(s) syncronized.............................<br/>2018/11/20 15:41:41
Successfully connected to Oracle.<br/>Starting to echo

0 Record(s) syncronized.............................<br/>2018/11/30 15:41:41
Successfully connected to Oracle.<br/>Starting to echo
1  Record(s) reading................<br/>209003316050501 - LEPO3W<br/>1  Inserted................<br/><br/>2  Record(s) reading................<br/>248003330350501 - LEPO3W<br/>2  Inserted................<br/><br/>3  Record(s) reading................<br/>209003311850501 - LEPO3W<br/>3  Inserted................<br/><br/>4  Record(s) reading................<br/>209003335450501 - LEPO3W<br/>4  Inserted................<br/><br/>5  Record(s) reading................<br/>248003343450501 - LEPO3W<br/>5  Inserted................<br/><br/>6  Record(s) reading................<br/>209003331550501 - LEPO3W<br/>6  Inserted................<br/><br/>7  Record(s) reading................<br/>258003251850501 - LEPO3W<br/>7  Inserted................<br/><br/>8  Record(s) reading................<br/>209003333950501 - LEPO3W<br/>8  Inserted................<br/><br/>
8 Record(s) syncronized.............................<br/>2018/12/10 15:41:41
Successfully connected to Oracle.<br/>Starting to echo

0 Record(s) syncronized.............................<br/>2018/12/20 15:41:41
Successfully connected to Oracle.<br/>Starting to echo

0 Record(s) syncronized.............................<br/>2018/12/30 15:41:41
Successfully connected to Oracle.<br/>Starting to echo

0 Record(s) syncronized.............................<br/>2019/01/10 15:41:41
Successfully connected to Oracle.<br/>Starting to echo
1  Record(s) reading................<br/>208003579750501 - LEPO3W<br/>1  Inserted................<br/><br/>2  Record(s) reading................<br/>224003554350501 - LEPO3W<br/>2  Inserted................<br/><br/>3  Record(s) reading................<br/>247003266950501 - LEPO3W<br/>3  Inserted................<br/><br/>
3 Record(s) syncronized.............................<br/>2019/01/20 15:41:41
Successfully connected to Oracle.<br/>Starting to echo

0 Record(s) syncronized.............................<br/>2019/01/30 15:41:41
Successfully connected to Oracle.<br/>Starting to echo
1  Record(s) reading................<br/>201003781551001 - LEPO3W<br/>1  Inserted................<br/><br/>2  Record(s) reading................<br/>222003785551001 - LEPO3W<br/>2  Inserted................<br/><br/>
2 Record(s) syncronized.............................<br/>2019/02/10 15:41:41
Successfully connected to Oracle.<br/>Starting to echo

0 Record(s) syncronized.............................<br/>2019/02/20 15:41:40
Successfully connected to Oracle.<br/>Starting to echo

0 Record(s) syncronized.............................<br/>2019/03/10 15:41:41
Successfully connected to Oracle.<br/>Starting to echo

0 Record(s) syncronized.............................<br/>2019/03/20 15:41:41
Successfully connected to Oracle.<br/>Starting to echo

0 Record(s) syncronized.............................<br/>2019/03/30 15:41:41
Successfully connected to Oracle.<br/>Starting to echo

0 Record(s) syncronized.............................<br/>2019/04/10 15:41:41
Successfully connected to Oracle.<br/>Starting to echo

0 Record(s) syncronized.............................<br/>2019/04/20 15:41:41
Successfully connected to Oracle.<br/>Starting to echo

0 Record(s) syncronized.............................<br/>