2018/11/14 10:51:41
Successfully connected to Oracle.<br/>Starting to echo

0 Record(s) syncronized.............................<br/>2018/11/24 10:51:41
Successfully connected to Oracle.<br/>Starting to echo

0 Record(s) syncronized.............................<br/>2018/12/04 10:51:41
Successfully connected to Oracle.<br/>Starting to echo
1  Record(s) reading................<br/>222003357750501 - LEPO3W<br/>1  Inserted................<br/><br/>2  Record(s) reading................<br/>250003369751001 - LEPO3W<br/>2  Inserted................<br/><br/>3  Record(s) reading................<br/>255003329250501 - LEPO3W<br/>3  Inserted................<br/><br/>4  Record(s) reading................<br/>209003371050501 - LEPO3W<br/>4  Inserted................<br/><br/>5  Record(s) reading................<br/>255003362450501 - LEPO3W<br/>5  Inserted................<br/><br/>6  Record(s) reading................<br/>246003334250501 - LEPO3W<br/>6  Inserted................<br/><br/>7  Record(s) reading................<br/>240003318550501 - LEPO3W<br/>7  Inserted................<br/><br/>8  Record(s) reading................<br/>256003327250501 - LEPO3W<br/>8  Inserted................<br/><br/>9  Record(s) reading................<br/>255003360150501 - LEPO3W<br/>9  Inserted................<br/><br/>10  Record(s) reading................<br/>240003178950501 - LEPO3W<br/>10  Inserted................<br/><br/>
10 Record(s) syncronized.............................<br/>2018/12/14 10:51:41
Successfully connected to Oracle.<br/>Starting to echo

0 Record(s) syncronized.............................<br/>2018/12/24 10:51:41
Successfully connected to Oracle.<br/>Starting to echo

0 Record(s) syncronized.............................<br/>2019/01/04 10:51:41
Successfully connected to Oracle.<br/>Starting to echo

0 Record(s) syncronized.............................<br/>2019/01/14 10:51:45
Successfully connected to Oracle.<br/>Starting to echo
1  Record(s) reading................<br/>208003690151001 - LEPO3W<br/>1  Inserted................<br/><br/>
1 Record(s) syncronized.............................<br/>2019/01/24 10:51:41
Successfully connected to Oracle.<br/>Starting to echo

0 Record(s) syncronized.............................<br/>2019/02/04 10:51:41
Successfully connected to Oracle.<br/>Starting to echo

0 Record(s) syncronized.............................<br/>2019/02/14 10:51:41
Successfully connected to Oracle.<br/>Starting to echo

0 Record(s) syncronized.............................<br/>2019/02/24 10:51:41
Successfully connected to Oracle.<br/>Starting to echo

0 Record(s) syncronized.............................<br/>2019/03/04 10:51:41
Successfully connected to Oracle.<br/>Starting to echo

0 Record(s) syncronized.............................<br/>2019/03/14 10:51:41
Successfully connected to Oracle.<br/>Starting to echo

0 Record(s) syncronized.............................<br/>2019/03/24 10:51:41
Successfully connected to Oracle.<br/>Starting to echo

0 Record(s) syncronized.............................<br/>2019/04/04 10:51:41
Successfully connected to Oracle.<br/>Starting to echo

0 Record(s) syncronized.............................<br/>2019/04/14 10:51:41
Successfully connected to Oracle.<br/>Starting to echo

0 Record(s) syncronized.............................<br/>