2018/11/14 11:41:41
Successfully connected to Oracle.<br/>Starting to echo

0 Record(s) syncronized.............................<br/>2018/11/24 11:41:41
Successfully connected to Oracle.<br/>Starting to echo

0 Record(s) syncronized.............................<br/>2018/12/04 11:41:41
Successfully connected to Oracle.<br/>Starting to echo

0 Record(s) syncronized.............................<br/>2018/12/14 11:41:42
Successfully connected to Oracle.<br/>Starting to echo

0 Record(s) syncronized.............................<br/>2018/12/24 11:41:41
Successfully connected to Oracle.<br/>Starting to echo
1  Record(s) reading................<br/>239003464950501 - LEPO3W<br/>1  Inserted................<br/><br/>2  Record(s) reading................<br/>213003477050501 - LEPO3W<br/>2  Inserted................<br/><br/>3  Record(s) reading................<br/>208003464550501 - LEPO3W<br/>3  Inserted................<br/><br/>4  Record(s) reading................<br/>239003473650501 - LEPO3W<br/>4  Inserted................<br/><br/>5  Record(s) reading................<br/>242003393150501 - LEPO3W<br/>5  Inserted................<br/><br/>
5 Record(s) syncronized.............................<br/>2019/01/04 11:41:41
Successfully connected to Oracle.<br/>Starting to echo
1  Record(s) reading................<br/>207003531450501 - LEPO3W<br/>1  Inserted................<br/><br/>
1 Record(s) syncronized.............................<br/>2019/01/14 11:41:41
Successfully connected to Oracle.<br/>Starting to echo

0 Record(s) syncronized.............................<br/>2019/01/24 11:41:41
Successfully connected to Oracle.<br/>Starting to echo

0 Record(s) syncronized.............................<br/>2019/02/04 11:41:41
Successfully connected to Oracle.<br/>Starting to echo

0 Record(s) syncronized.............................<br/>2019/02/14 11:41:41
Successfully connected to Oracle.<br/>Starting to echo

0 Record(s) syncronized.............................<br/>2019/02/24 11:41:41
Successfully connected to Oracle.<br/>Starting to echo

0 Record(s) syncronized.............................<br/>2019/03/04 11:41:41
Successfully connected to Oracle.<br/>Starting to echo

0 Record(s) syncronized.............................<br/>2019/03/14 11:41:41
Successfully connected to Oracle.<br/>Starting to echo

0 Record(s) syncronized.............................<br/>2019/03/24 11:41:41
Successfully connected to Oracle.<br/>Starting to echo

0 Record(s) syncronized.............................<br/>2019/04/04 11:41:41
Successfully connected to Oracle.<br/>Starting to echo
1  Record(s) reading................<br/>213003995350501 - LEPO3W<br/>1  Inserted................<br/><br/>
1 Record(s) syncronized.............................<br/>2019/04/14 11:41:41
Successfully connected to Oracle.<br/>Starting to echo

0 Record(s) syncronized.............................<br/>