2018/11/06 13:21:41
Successfully connected to Oracle.<br/>Starting to echo

0 Record(s) syncronized.............................<br/>2018/11/16 13:21:41
Successfully connected to Oracle.<br/>Starting to echo

0 Record(s) syncronized.............................<br/>2018/11/26 13:21:41
Successfully connected to Oracle.<br/>Starting to echo
1  Record(s) reading................<br/>209003289950501 - LEPO3W<br/>1  Inserted................<br/><br/>2  Record(s) reading................<br/>209003289050501 - LEPO3W<br/>2  Inserted................<br/><br/>3  Record(s) reading................<br/>209003280050501 - LEPO3W<br/>3  Inserted................<br/><br/>4  Record(s) reading................<br/>209003288250501 - LEPO3W<br/>4  Inserted................<br/><br/>5  Record(s) reading................<br/>206003268950501 - LEPO3W<br/>5  Inserted................<br/><br/>6  Record(s) reading................<br/>213003275750502 - LEPO3W<br/>6  Inserted................<br/><br/>7  Record(s) reading................<br/>264003294850501 - LEPO3W<br/>7  Inserted................<br/><br/>
7 Record(s) syncronized.............................<br/>2018/12/06 13:21:41
Successfully connected to Oracle.<br/>Starting to echo
1  Record(s) reading................<br/>221003392751001 - LEPO3W<br/>1  Inserted................<br/><br/>
1 Record(s) syncronized.............................<br/>2018/12/16 13:21:41
Successfully connected to Oracle.<br/>Starting to echo

0 Record(s) syncronized.............................<br/>2018/12/26 13:21:41
Successfully connected to Oracle.<br/>Starting to echo

0 Record(s) syncronized.............................<br/>2019/01/06 13:21:41
Successfully connected to Oracle.<br/>Starting to echo

0 Record(s) syncronized.............................<br/>2019/01/16 13:21:41
Successfully connected to Oracle.<br/>Starting to echo

0 Record(s) syncronized.............................<br/>2019/01/26 13:21:41
Successfully connected to Oracle.<br/>Starting to echo

0 Record(s) syncronized.............................<br/>2019/02/06 13:21:41
Successfully connected to Oracle.<br/>Starting to echo

0 Record(s) syncronized.............................<br/>2019/02/16 13:21:41
Successfully connected to Oracle.<br/>Starting to echo

0 Record(s) syncronized.............................<br/>2019/02/26 13:21:41
Successfully connected to Oracle.<br/>Starting to echo

0 Record(s) syncronized.............................<br/>2019/03/06 13:21:41
Successfully connected to Oracle.<br/>Starting to echo
1  Record(s) reading................<br/>268003860450501 - LEPO3W<br/>1  Inserted................<br/><br/>2  Record(s) reading................<br/>221003721150501 - LEPO3W<br/>2  Inserted................<br/><br/>
2 Record(s) syncronized.............................<br/>2019/03/16 13:21:41
Successfully connected to Oracle.<br/>Starting to echo

0 Record(s) syncronized.............................<br/>2019/03/26 13:21:41
Successfully connected to Oracle.<br/>Starting to echo

0 Record(s) syncronized.............................<br/>2019/04/06 13:21:41
Successfully connected to Oracle.<br/>Starting to echo

0 Record(s) syncronized.............................<br/>2019/04/16 13:21:41
Successfully connected to Oracle.<br/>Starting to echo

0 Record(s) syncronized.............................<br/>