2018/11/11 15:21:41
Successfully connected to Oracle.<br/>Starting to echo

0 Record(s) syncronized.............................<br/>2018/11/21 15:21:41
Successfully connected to Oracle.<br/>Starting to echo
1  Record(s) reading................<br/>206003287451001 - LEPO3W<br/>1  Inserted................<br/><br/>
1 Record(s) syncronized.............................<br/>2018/12/01 15:21:41
Successfully connected to Oracle.<br/>Starting to echo

0 Record(s) syncronized.............................<br/>2018/12/11 15:21:41
Successfully connected to Oracle.<br/>Starting to echo
1  Record(s) reading................<br/>259003422151001 - LEPO3W<br/>1  Inserted................<br/><br/>
1 Record(s) syncronized.............................<br/>2018/12/21 15:21:41
Successfully connected to Oracle.<br/>Starting to echo
1  Record(s) reading................<br/>246003482950501 - LEPO3W<br/>1  Inserted................<br/><br/>2  Record(s) reading................<br/>246003512550501 - LEPO3W<br/>2  Inserted................<br/><br/>
2 Record(s) syncronized.............................<br/>2018/12/31 15:21:41
Successfully connected to Oracle.<br/>Starting to echo
1  Record(s) reading................<br/>225003387250501 - LEPO3W<br/>1  Inserted................<br/><br/>2  Record(s) reading................<br/>246003361450501 - LEPO3W<br/>2  Inserted................<br/><br/>
2 Record(s) syncronized.............................<br/>2019/01/01 15:21:41
Successfully connected to Oracle.<br/>Starting to echo

0 Record(s) syncronized.............................<br/>2019/01/11 15:21:41
Successfully connected to Oracle.<br/>Starting to echo

0 Record(s) syncronized.............................<br/>2019/01/21 15:21:41
Successfully connected to Oracle.<br/>Starting to echo

0 Record(s) syncronized.............................<br/>2019/01/31 15:21:41
Successfully connected to Oracle.<br/>Starting to echo

0 Record(s) syncronized.............................<br/>2019/02/01 15:21:41
Successfully connected to Oracle.<br/>Starting to echo
1  Record(s) reading................<br/>256003707150501 - LEPO3W<br/>1  Inserted................<br/><br/>2  Record(s) reading................<br/>250003621550501 - LEPO3W<br/>2  Inserted................<br/><br/>3  Record(s) reading................<br/>255003752750501 - LEPO3W<br/>3  Inserted................<br/><br/>4  Record(s) reading................<br/>268003790650501 - LEPO3W<br/>4  Inserted................<br/><br/>5  Record(s) reading................<br/>265003784450501 - LEPO3W<br/>5  Inserted................<br/><br/>6  Record(s) reading................<br/>240003650950502 - LEPO3W<br/>6  Inserted................<br/><br/>7  Record(s) reading................<br/>242003756550501 - LEPO3W<br/>7  Inserted................<br/><br/>8  Record(s) reading................<br/>240003457350501 - LEPO3W<br/>8  Inserted................<br/><br/>9  Record(s) reading................<br/>243003717450501 - LEPO3W<br/>9  Inserted................<br/><br/>10  Record(s) reading................<br/>235003770850501 - LEPO3W<br/>10  Inserted................<br/><br/>11  Record(s) reading................<br/>238003763850501 - LEPO3W<br/>11  Inserted................<br/><br/>12  Record(s) reading................<br/>245003777150501 - LEPO3W<br/>12  Inserted................<br/><br/>13  Record(s) reading................<br/>213003750950501 - LEPO3W<br/>13  Inserted................<br/><br/>14  Record(s) reading................<br/>258003697350501 - LEPO3W<br/>14  Inserted................<br/><br/>
14 Record(s) syncronized.............................<br/>2019/02/11 15:21:41
Successfully connected to Oracle.<br/>Starting to echo
1  Record(s) reading................<br/>249003538450501 - LEPO3W<br/>1  Inserted................<br/><br/>2  Record(s) reading................<br/>208003726250502 - LEPO3W<br/>2  Inserted................<br/><br/>3  Record(s) reading................<br/>240003479550502 - LEPO3W<br/>3  Inserted................<br/><br/>4  Record(s) reading................<br/>239003776050501 - LEPO3W<br/>4  Inserted................<br/><br/>5  Record(s) reading................<br/>208003701850502 - LEPO3W<br/>5  Inserted................<br/><br/>6  Record(s) reading................<br/>265003636650502 - LEPO3W<br/>6  Inserted................<br/><br/>7  Record(s) reading................<br/>267003534550501 - LEPO3W<br/>7  Inserted................<br/><br/>8  Record(s) reading................<br/>260003262850504 - LEPO3W<br/>8  Inserted................<br/><br/>9  Record(s) reading................<br/>253002994250502 - LEPO3W<br/>9  Inserted................<br/><br/>10  Record(s) reading................<br/>222001789050501 - LEPO3W<br/>10  Inserted................<br/><br/>11  Record(s) reading................<br/>259003691550501 - LEPO3W<br/>11  Inserted................<br/><br/>12  Record(s) reading................<br/>246003629350502 - LEPO3W<br/>12  Inserted................<br/><br/>13  Record(s) reading................<br/>249003633950501 - LEPO3W<br/>13  Inserted................<br/><br/>14  Record(s) reading................<br/>208003415650501 - LEPO3W<br/>14  Inserted................<br/><br/>15  Record(s) reading................<br/>255003705750501 - LEPO3W<br/>15  Inserted................<br/><br/>16  Record(s) reading................<br/>245003613850501 - LEPO3W<br/>16  Inserted................<br/><br/>17  Record(s) reading................<br/>242003643050501 - LEPO3W<br/>17  Inserted................<br/><br/>18  Record(s) reading................<br/>256003764550501 - LEPO3W<br/>18  Inserted................<br/><br/>19  Record(s) reading................<br/>240003762650501 - LEPO3W<br/>19  Inserted................<br/><br/>20  Record(s) reading................<br/>252003785050501 - LEPO3W<br/>20  Inserted................<br/><br/>21  Record(s) reading................<br/>214003493050501 - LEPO3W<br/>21  Inserted................<br/><br/>
21 Record(s) syncronized.............................<br/>2019/02/21 15:21:41
Successfully connected to Oracle.<br/>Starting to echo

0 Record(s) syncronized.............................<br/>2019/03/01 15:21:41
Successfully connected to Oracle.<br/>Starting to echo

0 Record(s) syncronized.............................<br/>2019/03/11 15:21:41
Successfully connected to Oracle.<br/>Starting to echo
1  Record(s) reading................<br/>216003878750501 - LEPO3W<br/>1  Inserted................<br/><br/>2  Record(s) reading................<br/>216003874350501 - LEPO3W<br/>2  Inserted................<br/><br/>
2 Record(s) syncronized.............................<br/>2019/03/21 15:21:41
Successfully connected to Oracle.<br/>Starting to echo
1  Record(s) reading................<br/>248003870850501 - LEPO3W<br/>1  Inserted................<br/><br/>2  Record(s) reading................<br/>267003926350501 - LEPO3W<br/>2  Inserted................<br/><br/>3  Record(s) reading................<br/>248003910550501 - LEPO3W<br/>3  Inserted................<br/><br/>4  Record(s) reading................<br/>266003925750501 - LEPO3W<br/>4  Inserted................<br/><br/>5  Record(s) reading................<br/>266003909450501 - LEPO3W<br/>5  Inserted................<br/><br/>6  Record(s) reading................<br/>252003895150501 - LEPO3W<br/>6  Inserted................<br/><br/>7  Record(s) reading................<br/>247003909750501 - LEPO3W<br/>7  Inserted................<br/><br/>8  Record(s) reading................<br/>207003921350501 - LEPO3W<br/>8  Inserted................<br/><br/>9  Record(s) reading................<br/>225003925250501 - LEPO3W<br/>9  Inserted................<br/><br/>10  Record(s) reading................<br/>252003907250501 - LEPO3W<br/>10  Inserted................<br/><br/>11  Record(s) reading................<br/>268003932550501 - LEPO3W<br/>11  Inserted................<br/><br/>12  Record(s) reading................<br/>247003908250502 - LEPO3W<br/>12  Inserted................<br/><br/>13  Record(s) reading................<br/>233003908450501 - LEPO3W<br/>13  Inserted................<br/><br/>14  Record(s) reading................<br/>252003907750501 - LEPO3W<br/>14  Inserted................<br/><br/>15  Record(s) reading................<br/>228003876050501 - LEPO3W<br/>15  Inserted................<br/><br/>16  Record(s) reading................<br/>265003828950501 - LEPO3W<br/>16  Inserted................<br/><br/>17  Record(s) reading................<br/>248003913750501 - LEPO3W<br/>17  Inserted................<br/><br/>18  Record(s) reading................<br/>225003918650501 - LEPO3W<br/>18  Inserted................<br/><br/>19  Record(s) reading................<br/>248003895350501 - LEPO3W<br/>19  Inserted................<br/><br/>20  Record(s) reading................<br/>225003928750501 - LEPO3W<br/>20  Inserted................<br/><br/>21  Record(s) reading................<br/>207003918750501 - LEPO3W<br/>21  Inserted................<br/><br/>
21 Record(s) syncronized.............................<br/>2019/03/31 15:21:41
Successfully connected to Oracle.<br/>Starting to echo

0 Record(s) syncronized.............................<br/>2019/04/01 15:21:41
Successfully connected to Oracle.<br/>Starting to echo

0 Record(s) syncronized.............................<br/>2019/04/11 15:21:41
Successfully connected to Oracle.<br/>Starting to echo

0 Record(s) syncronized.............................<br/>2019/04/21 15:21:41
Successfully connected to Oracle.<br/>Starting to echo

0 Record(s) syncronized.............................<br/>