2018/11/09 16:41:41
Successfully connected to Oracle.<br/>Starting to echo

0 Record(s) syncronized.............................<br/>2018/11/19 16:41:41
Successfully connected to Oracle.<br/>Starting to echo
1  Record(s) reading................<br/>245003246050501 - LEPO3W<br/>1  Inserted................<br/><br/>2  Record(s) reading................<br/>213003262250501 - LEPO3W<br/>2  Inserted................<br/><br/>3  Record(s) reading................<br/>225003196650501 - LEPO3W<br/>3  Inserted................<br/><br/>4  Record(s) reading................<br/>245003204950501 - LEPO3W<br/>4  Inserted................<br/><br/>5  Record(s) reading................<br/>235003181550502 - LEPO3W<br/>5  Inserted................<br/><br/>6  Record(s) reading................<br/>238003098350502 - LEPO3W<br/>6  Inserted................<br/><br/>7  Record(s) reading................<br/>225003157550501 - LEPO3W<br/>7  Inserted................<br/><br/>8  Record(s) reading................<br/>208003253750501 - LEPO3W<br/>8  Inserted................<br/><br/>9  Record(s) reading................<br/>267003233650501 - LEPO3W<br/>9  Inserted................<br/><br/>10  Record(s) reading................<br/>222003228250501 - LEPO3W<br/>10  Inserted................<br/><br/>11  Record(s) reading................<br/>225002990050502 - LEPO3W<br/>11  Inserted................<br/><br/>12  Record(s) reading................<br/>260003262450501 - LEPO3W<br/>12  Inserted................<br/><br/>
12 Record(s) syncronized.............................<br/>2018/11/29 16:41:41
Successfully connected to Oracle.<br/>Starting to echo
1  Record(s) reading................<br/>238003125850502 - LEPO3W<br/>1  Inserted................<br/><br/>2  Record(s) reading................<br/>256003168750501 - LEPO3W<br/>2  Inserted................<br/><br/>3  Record(s) reading................<br/>238003255750502 - LEPO3W<br/>3  Inserted................<br/><br/>4  Record(s) reading................<br/>240003254650501 - LEPO3W<br/>4  Inserted................<br/><br/>5  Record(s) reading................<br/>205003307450501 - LEPO3W<br/>5  Inserted................<br/><br/>6  Record(s) reading................<br/>205003182650501 - LEPO3W<br/>6  Inserted................<br/><br/>
6 Record(s) syncronized.............................<br/>2018/12/09 16:41:41
Successfully connected to Oracle.<br/>Starting to echo

0 Record(s) syncronized.............................<br/>2018/12/19 16:41:41
Successfully connected to Oracle.<br/>Starting to echo

0 Record(s) syncronized.............................<br/>2018/12/29 16:41:41
Successfully connected to Oracle.<br/>Starting to echo

0 Record(s) syncronized.............................<br/>2019/01/09 16:41:41
Successfully connected to Oracle.<br/>Starting to echo

0 Record(s) syncronized.............................<br/>2019/01/19 16:41:41
Successfully connected to Oracle.<br/>Starting to echo

0 Record(s) syncronized.............................<br/>2019/01/29 16:41:41
Successfully connected to Oracle.<br/>Starting to echo

0 Record(s) syncronized.............................<br/>2019/02/09 16:41:41
Successfully connected to Oracle.<br/>Starting to echo

0 Record(s) syncronized.............................<br/>2019/02/19 16:41:41
Successfully connected to Oracle.<br/>Starting to echo

0 Record(s) syncronized.............................<br/>2019/03/09 16:41:41
Successfully connected to Oracle.<br/>Starting to echo

0 Record(s) syncronized.............................<br/>2019/03/19 16:41:41
Successfully connected to Oracle.<br/>Starting to echo

0 Record(s) syncronized.............................<br/>2019/03/29 16:41:41
Successfully connected to Oracle.<br/>Starting to echo

0 Record(s) syncronized.............................<br/>2019/04/09 16:41:41
Successfully connected to Oracle.<br/>Starting to echo

0 Record(s) syncronized.............................<br/>2019/04/19 16:41:41
Successfully connected to Oracle.<br/>Starting to echo

0 Record(s) syncronized.............................<br/>