2018/11/08 16:41:41
Successfully connected to Oracle.<br/>Starting to echo
1  Record(s) reading................<br/>259003192851001 - LEPO3W<br/>1  Inserted................<br/><br/>2  Record(s) reading................<br/>255003191250501 - LEPO3W<br/>2  Inserted................<br/><br/>3  Record(s) reading................<br/>242003196151001 - LEPO3W<br/>3  Inserted................<br/><br/>4  Record(s) reading................<br/>205003194650501 - LEPO3W<br/>4  Inserted................<br/><br/>5  Record(s) reading................<br/>267003184050501 - LEPO3W<br/>5  Inserted................<br/><br/>6  Record(s) reading................<br/>245003062450501 - LEPO3W<br/>6  Inserted................<br/><br/>7  Record(s) reading................<br/>245003197450501 - LEPO3W<br/>7  Inserted................<br/><br/>8  Record(s) reading................<br/>258003186550501 - LEPO3W<br/>8  Inserted................<br/><br/>9  Record(s) reading................<br/>245003194850502 - LEPO3W<br/>9  Inserted................<br/><br/>10  Record(s) reading................<br/>240003175250501 - LEPO3W<br/>10  Inserted................<br/><br/>11  Record(s) reading................<br/>205003184450501 - LEPO3W<br/>11  Inserted................<br/><br/>
11 Record(s) syncronized.............................<br/>2018/11/18 16:41:41
Successfully connected to Oracle.<br/>Starting to echo

0 Record(s) syncronized.............................<br/>2018/11/28 16:41:41
Successfully connected to Oracle.<br/>Starting to echo

0 Record(s) syncronized.............................<br/>2018/12/08 16:41:41
Successfully connected to Oracle.<br/>Starting to echo

0 Record(s) syncronized.............................<br/>2018/12/18 16:41:41
Successfully connected to Oracle.<br/>Starting to echo

0 Record(s) syncronized.............................<br/>2018/12/28 16:41:41
Successfully connected to Oracle.<br/>Starting to echo
1  Record(s) reading................<br/>248003515750501 - LEPO3W<br/>1  Inserted................<br/><br/>2  Record(s) reading................<br/>235000555251001 - LEPO3W<br/>2  Inserted................<br/><br/>3  Record(s) reading................<br/>260000443551001 - LEPO3W<br/>3  Inserted................<br/><br/>4  Record(s) reading................<br/>264003395350501 - LEPO3W<br/>4  Inserted................<br/><br/>5  Record(s) reading................<br/>260003456650501 - LEPO3W<br/>5  Inserted................<br/><br/>
5 Record(s) syncronized.............................<br/>2019/01/08 16:41:41
Successfully connected to Oracle.<br/>Starting to echo

0 Record(s) syncronized.............................<br/>2019/01/18 16:41:41
Successfully connected to Oracle.<br/>Starting to echo

0 Record(s) syncronized.............................<br/>2019/01/28 16:41:41
Successfully connected to Oracle.<br/>Starting to echo

0 Record(s) syncronized.............................<br/>2019/02/08 16:41:41
Successfully connected to Oracle.<br/>Starting to echo

0 Record(s) syncronized.............................<br/>2019/02/18 16:41:41
Successfully connected to Oracle.<br/>Starting to echo
1  Record(s) reading................<br/>225003809250501 - LEPO3W<br/>1  Inserted................<br/><br/>
1 Record(s) syncronized.............................<br/>2019/02/28 16:41:41
Successfully connected to Oracle.<br/>Starting to echo
1  Record(s) reading................<br/>218003736950501 - LEPO3W<br/>1  Inserted................<br/><br/>
1 Record(s) syncronized.............................<br/>2019/03/08 16:41:41
Successfully connected to Oracle.<br/>Starting to echo

0 Record(s) syncronized.............................<br/>2019/03/18 16:41:41
Successfully connected to Oracle.<br/>Starting to echo

0 Record(s) syncronized.............................<br/>2019/03/28 16:41:41
Successfully connected to Oracle.<br/>Starting to echo

0 Record(s) syncronized.............................<br/>2019/04/08 16:41:41
Successfully connected to Oracle.<br/>Starting to echo

0 Record(s) syncronized.............................<br/>2019/04/18 16:41:41
Successfully connected to Oracle.<br/>Starting to echo

0 Record(s) syncronized.............................<br/>