2018/11/11 16:11:41
Successfully connected to Oracle.<br/>Starting to echo

0 Record(s) syncronized.............................<br/>2018/11/21 16:11:41
Successfully connected to Oracle.<br/>Starting to echo
1  Record(s) reading................<br/>206003110950501 - LEPO3W<br/>1  Inserted................<br/><br/>2  Record(s) reading................<br/>221003267450501 - LEPO3W<br/>2  Inserted................<br/><br/>3  Record(s) reading................<br/>239003154350502 - LEPO3W<br/>3  Inserted................<br/><br/>4  Record(s) reading................<br/>239003224150501 - LEPO3W<br/>4  Inserted................<br/><br/>5  Record(s) reading................<br/>213003208950501 - LEPO3W<br/>5  Inserted................<br/><br/>6  Record(s) reading................<br/>213003152850501 - LEPO3W<br/>6  Inserted................<br/><br/>7  Record(s) reading................<br/>221003233450501 - LEPO3W<br/>7  Inserted................<br/><br/>8  Record(s) reading................<br/>266003241750501 - LEPO3W<br/>8  Inserted................<br/><br/>9  Record(s) reading................<br/>209003265750501 - LEPO3W<br/>9  Inserted................<br/><br/>10  Record(s) reading................<br/>209003263950501 - LEPO3W<br/>10  Inserted................<br/><br/>11  Record(s) reading................<br/>210003264250501 - LEPO3W<br/>11  Inserted................<br/><br/>12  Record(s) reading................<br/>242003005350502 - LEPO3W<br/>12  Inserted................<br/><br/>13  Record(s) reading................<br/>210003269050501 - LEPO3W<br/>13  Inserted................<br/><br/>14  Record(s) reading................<br/>209003226250501 - LEPO3W<br/>14  Inserted................<br/><br/>
14 Record(s) syncronized.............................<br/>2018/12/01 16:11:41
Successfully connected to Oracle.<br/>Starting to echo

0 Record(s) syncronized.............................<br/>2018/12/11 16:11:41
Successfully connected to Oracle.<br/>Starting to echo
1  Record(s) reading................<br/>265003407350501 - LEPO3W<br/>1  Inserted................<br/><br/>2  Record(s) reading................<br/>260003420351001 - LEPO3W<br/>2  Inserted................<br/><br/>3  Record(s) reading................<br/>259003422751001 - LEPO3W<br/>3  Inserted................<br/><br/>
3 Record(s) syncronized.............................<br/>2018/12/21 16:11:41
Successfully connected to Oracle.<br/>Starting to echo

0 Record(s) syncronized.............................<br/>2018/12/31 16:11:41
Successfully connected to Oracle.<br/>Starting to echo
1  Record(s) reading................<br/>217003363250501 - LEPO3W<br/>1  Inserted................<br/><br/>2  Record(s) reading................<br/>213003521550501 - LEPO3W<br/>2  Inserted................<br/><br/>3  Record(s) reading................<br/>217003490750501 - LEPO3W<br/>3  Inserted................<br/><br/>4  Record(s) reading................<br/>225003510950501 - LEPO3W<br/>4  Inserted................<br/><br/>5  Record(s) reading................<br/>222003592950501 - LEPO3W<br/>5  Inserted................<br/><br/>6  Record(s) reading................<br/>217003562850501 - LEPO3W<br/>6  Inserted................<br/><br/>7  Record(s) reading................<br/>222003599550501 - LEPO3W<br/>7  Inserted................<br/><br/>8  Record(s) reading................<br/>222003596250501 - LEPO3W<br/>8  Inserted................<br/><br/>
8 Record(s) syncronized.............................<br/>2019/01/01 16:11:41
Successfully connected to Oracle.<br/>Starting to echo

0 Record(s) syncronized.............................<br/>2019/01/11 16:11:41
Successfully connected to Oracle.<br/>Starting to echo

0 Record(s) syncronized.............................<br/>2019/01/21 16:11:41
Successfully connected to Oracle.<br/>Starting to echo

0 Record(s) syncronized.............................<br/>2019/01/31 16:11:41
Successfully connected to Oracle.<br/>Starting to echo
1  Record(s) reading................<br/>260003794151001 - LEPO3W<br/>1  Inserted................<br/><br/>
1 Record(s) syncronized.............................<br/>2019/02/01 16:11:41
Successfully connected to Oracle.<br/>Starting to echo

0 Record(s) syncronized.............................<br/>2019/02/11 16:11:41
Successfully connected to Oracle.<br/>Starting to echo

0 Record(s) syncronized.............................<br/>2019/02/21 16:11:41
Successfully connected to Oracle.<br/>Starting to echo
1  Record(s) reading................<br/>266003764250501 - LEPO3W<br/>1  Inserted................<br/><br/>2  Record(s) reading................<br/>264003839851001 - LEPO3W<br/>2  Inserted................<br/><br/>3  Record(s) reading................<br/>216003825150501 - LEPO3W<br/>3  Inserted................<br/><br/>4  Record(s) reading................<br/>228003825550501 - LEPO3W<br/>4  Inserted................<br/><br/>
4 Record(s) syncronized.............................<br/>2019/03/01 16:11:41
Successfully connected to Oracle.<br/>Starting to echo

0 Record(s) syncronized.............................<br/>2019/03/11 16:11:42
Successfully connected to Oracle.<br/>Starting to echo

0 Record(s) syncronized.............................<br/>2019/03/21 16:11:41
Successfully connected to Oracle.<br/>Starting to echo

0 Record(s) syncronized.............................<br/>2019/03/31 16:11:41
Successfully connected to Oracle.<br/>Starting to echo

0 Record(s) syncronized.............................<br/>2019/04/01 16:11:41
Successfully connected to Oracle.<br/>Starting to echo

0 Record(s) syncronized.............................<br/>2019/04/11 16:11:41
Successfully connected to Oracle.<br/>Starting to echo

0 Record(s) syncronized.............................<br/>2019/04/21 16:11:41
Successfully connected to Oracle.<br/>Starting to echo

0 Record(s) syncronized.............................<br/>