2018/11/10 13:51:41
Successfully connected to Oracle.<br/>Starting to echo

0 Record(s) syncronized.............................<br/>2018/11/20 13:51:41
Successfully connected to Oracle.<br/>Starting to echo

0 Record(s) syncronized.............................<br/>2018/11/30 13:51:41
Successfully connected to Oracle.<br/>Starting to echo
1  Record(s) reading................<br/>238003355751001 - LEPO3W<br/>1  Inserted................<br/><br/>2  Record(s) reading................<br/>243003362751001 - LEPO3W<br/>2  Inserted................<br/><br/>3  Record(s) reading................<br/>217003358451001 - LEPO3W<br/>3  Inserted................<br/><br/>
3 Record(s) syncronized.............................<br/>2018/12/10 13:51:41
Successfully connected to Oracle.<br/>Starting to echo
1  Record(s) reading................<br/>258003408050501 - LEPO3W<br/>1  Inserted................<br/><br/>
1 Record(s) syncronized.............................<br/>2018/12/20 13:51:41
Successfully connected to Oracle.<br/>Starting to echo

0 Record(s) syncronized.............................<br/>2018/12/30 13:51:41
Successfully connected to Oracle.<br/>Starting to echo

0 Record(s) syncronized.............................<br/>2019/01/10 13:51:41
Successfully connected to Oracle.<br/>Starting to echo

0 Record(s) syncronized.............................<br/>2019/01/20 13:51:41
Successfully connected to Oracle.<br/>Starting to echo

0 Record(s) syncronized.............................<br/>2019/01/30 13:51:41
Successfully connected to Oracle.<br/>Starting to echo

0 Record(s) syncronized.............................<br/>2019/02/10 13:51:41
Successfully connected to Oracle.<br/>Starting to echo

0 Record(s) syncronized.............................<br/>2019/02/20 13:51:41
Successfully connected to Oracle.<br/>Starting to echo

0 Record(s) syncronized.............................<br/>2019/03/10 13:51:41
Successfully connected to Oracle.<br/>Starting to echo

0 Record(s) syncronized.............................<br/>2019/03/20 13:51:41
Successfully connected to Oracle.<br/>Starting to echo

0 Record(s) syncronized.............................<br/>2019/03/30 13:51:41
Successfully connected to Oracle.<br/>Starting to echo
1  Record(s) reading................<br/>266003942850501 - LEPO3W<br/>1  Inserted................<br/><br/>2  Record(s) reading................<br/>206003981250501 - LEPO3W<br/>2  Inserted................<br/><br/>3  Record(s) reading................<br/>248003971450501 - LEPO3W<br/>3  Inserted................<br/><br/>
3 Record(s) syncronized.............................<br/>2019/04/10 13:51:41
Successfully connected to Oracle.<br/>Starting to echo

0 Record(s) syncronized.............................<br/>2019/04/20 13:51:41
Successfully connected to Oracle.<br/>Starting to echo

0 Record(s) syncronized.............................<br/>