2018/11/11 16:31:41
Successfully connected to Oracle.<br/>Starting to echo

0 Record(s) syncronized.............................<br/>2018/11/21 16:31:41
Successfully connected to Oracle.<br/>Starting to echo

0 Record(s) syncronized.............................<br/>2018/12/01 16:31:41
Successfully connected to Oracle.<br/>Starting to echo

0 Record(s) syncronized.............................<br/>2018/12/11 16:31:41
Successfully connected to Oracle.<br/>Starting to echo

0 Record(s) syncronized.............................<br/>2018/12/21 16:31:41
Successfully connected to Oracle.<br/>Starting to echo

0 Record(s) syncronized.............................<br/>2018/12/31 16:31:41
Successfully connected to Oracle.<br/>Starting to echo
1  Record(s) reading................<br/>210003577450501 - LEPO3W<br/>1  Inserted................<br/><br/>2  Record(s) reading................<br/>248003507650501 - LEPO3W<br/>2  Inserted................<br/><br/>3  Record(s) reading................<br/>217003493950501 - LEPO3W<br/>3  Inserted................<br/><br/>4  Record(s) reading................<br/>210003538850501 - LEPO3W<br/>4  Inserted................<br/><br/>5  Record(s) reading................<br/>268003582950501 - LEPO3W<br/>5  Inserted................<br/><br/>6  Record(s) reading................<br/>217003490850501 - LEPO3W<br/>6  Inserted................<br/><br/>7  Record(s) reading................<br/>225003551650501 - LEPO3W<br/>7  Inserted................<br/><br/>8  Record(s) reading................<br/>225003552650501 - LEPO3W<br/>8  Inserted................<br/><br/>9  Record(s) reading................<br/>210003578250501 - LEPO3W<br/>9  Inserted................<br/><br/>
9 Record(s) syncronized.............................<br/>2019/01/01 16:31:41
Successfully connected to Oracle.<br/>Starting to echo
1  Record(s) reading................<br/>206003604651001 - LEPO3W<br/>1  Inserted................<br/><br/>
1 Record(s) syncronized.............................<br/>2019/01/11 16:31:41
Successfully connected to Oracle.<br/>Starting to echo

0 Record(s) syncronized.............................<br/>2019/01/21 16:31:41
Successfully connected to Oracle.<br/>Starting to echo

0 Record(s) syncronized.............................<br/>2019/01/31 16:31:41
Successfully connected to Oracle.<br/>Starting to echo

0 Record(s) syncronized.............................<br/>2019/02/01 16:31:41
Successfully connected to Oracle.<br/>Starting to echo

0 Record(s) syncronized.............................<br/>2019/02/11 16:31:41
Successfully connected to Oracle.<br/>Starting to echo

0 Record(s) syncronized.............................<br/>2019/02/21 16:31:41
Successfully connected to Oracle.<br/>Starting to echo
1  Record(s) reading................<br/>208003619250502 - LEPO3W<br/>1  Inserted................<br/><br/>2  Record(s) reading................<br/>240003402250502 - LEPO3W<br/>2  Inserted................<br/><br/>3  Record(s) reading................<br/>228003297550502 - LEPO3W<br/>3  Inserted................<br/><br/>4  Record(s) reading................<br/>235003564650502 - LEPO3W<br/>4  Inserted................<br/><br/>5  Record(s) reading................<br/>213003836550501 - LEPO3W<br/>5  Inserted................<br/><br/>6  Record(s) reading................<br/>213003837650501 - LEPO3W<br/>6  Inserted................<br/><br/>7  Record(s) reading................<br/>256003263750502 - LEPO3W<br/>7  Inserted................<br/><br/>8  Record(s) reading................<br/>256003200450502 - LEPO3W<br/>8  Inserted................<br/><br/>9  Record(s) reading................<br/>230003675450502 - LEPO3W<br/>9  Inserted................<br/><br/>
9 Record(s) syncronized.............................<br/>2019/03/01 16:31:41
Successfully connected to Oracle.<br/>Starting to echo

0 Record(s) syncronized.............................<br/>2019/03/11 16:31:41
Successfully connected to Oracle.<br/>Starting to echo

0 Record(s) syncronized.............................<br/>2019/03/21 16:31:41
Successfully connected to Oracle.<br/>Starting to echo

0 Record(s) syncronized.............................<br/>2019/03/31 16:31:41
Successfully connected to Oracle.<br/>Starting to echo

0 Record(s) syncronized.............................<br/>2019/04/01 16:31:41
Successfully connected to Oracle.<br/>Starting to echo

0 Record(s) syncronized.............................<br/>2019/04/11 16:31:41
Successfully connected to Oracle.<br/>Starting to echo

0 Record(s) syncronized.............................<br/>2019/04/21 16:31:41
Successfully connected to Oracle.<br/>Starting to echo

0 Record(s) syncronized.............................<br/>