2018/11/11 17:11:41
Successfully connected to Oracle.<br/>Starting to echo

0 Record(s) syncronized.............................<br/>2018/11/21 17:11:41
Successfully connected to Oracle.<br/>Starting to echo

0 Record(s) syncronized.............................<br/>2018/12/01 17:11:41
Successfully connected to Oracle.<br/>Starting to echo

0 Record(s) syncronized.............................<br/>2018/12/11 17:11:41
Successfully connected to Oracle.<br/>Starting to echo

0 Record(s) syncronized.............................<br/>2018/12/21 17:11:41
Successfully connected to Oracle.<br/>Starting to echo

0 Record(s) syncronized.............................<br/>2018/12/31 17:11:41
Successfully connected to Oracle.<br/>Starting to echo
1  Record(s) reading................<br/>224003527750501 - LEPO3W<br/>1  Inserted................<br/><br/>2  Record(s) reading................<br/>265003537850501 - LEPO3W<br/>2  Inserted................<br/><br/>3  Record(s) reading................<br/>224003590050501 - LEPO3W<br/>3  Inserted................<br/><br/>4  Record(s) reading................<br/>247003587050501 - LEPO3W<br/>4  Inserted................<br/><br/>5  Record(s) reading................<br/>224003585750501 - LEPO3W<br/>5  Inserted................<br/><br/>6  Record(s) reading................<br/>224003601650501 - LEPO3W<br/>6  Inserted................<br/><br/>7  Record(s) reading................<br/>240003569650501 - LEPO3W<br/>7  Inserted................<br/><br/>
7 Record(s) syncronized.............................<br/>2019/01/01 17:11:41
Successfully connected to Oracle.<br/>Starting to echo

0 Record(s) syncronized.............................<br/>2019/01/11 17:11:41
Successfully connected to Oracle.<br/>Starting to echo

0 Record(s) syncronized.............................<br/>2019/01/21 17:11:41
Successfully connected to Oracle.<br/>Starting to echo

0 Record(s) syncronized.............................<br/>2019/01/31 17:11:41
Successfully connected to Oracle.<br/>Starting to echo

0 Record(s) syncronized.............................<br/>2019/02/01 17:11:41
Successfully connected to Oracle.<br/>Starting to echo

0 Record(s) syncronized.............................<br/>2019/02/11 17:11:41
Successfully connected to Oracle.<br/>Starting to echo

0 Record(s) syncronized.............................<br/>2019/02/21 17:11:41
Successfully connected to Oracle.<br/>Starting to echo

0 Record(s) syncronized.............................<br/>2019/03/01 17:11:41
Successfully connected to Oracle.<br/>Starting to echo

0 Record(s) syncronized.............................<br/>2019/03/11 17:11:41
Successfully connected to Oracle.<br/>Starting to echo

0 Record(s) syncronized.............................<br/>2019/03/21 17:11:41
Successfully connected to Oracle.<br/>Starting to echo

0 Record(s) syncronized.............................<br/>2019/03/31 17:11:41
Successfully connected to Oracle.<br/>Starting to echo

0 Record(s) syncronized.............................<br/>2019/04/01 17:11:41
Successfully connected to Oracle.<br/>Starting to echo

0 Record(s) syncronized.............................<br/>2019/04/11 17:11:41
Successfully connected to Oracle.<br/>Starting to echo

0 Record(s) syncronized.............................<br/>2019/04/21 17:11:41
Successfully connected to Oracle.<br/>Starting to echo

0 Record(s) syncronized.............................<br/>