2018/11/07 16:21:41
Successfully connected to Oracle.<br/>Starting to echo

0 Record(s) syncronized.............................<br/>2018/11/17 16:21:41
Successfully connected to Oracle.<br/>Starting to echo

0 Record(s) syncronized.............................<br/>2018/11/27 16:21:41
Successfully connected to Oracle.<br/>Starting to echo

0 Record(s) syncronized.............................<br/>2018/12/07 16:21:41
Successfully connected to Oracle.<br/>Starting to echo

0 Record(s) syncronized.............................<br/>2018/12/17 16:21:41
Successfully connected to Oracle.<br/>Starting to echo

0 Record(s) syncronized.............................<br/>2018/12/27 16:21:41
Successfully connected to Oracle.<br/>Starting to echo
1  Record(s) reading................<br/>245003523450501 - LEPO3W<br/>1  Inserted................<br/><br/>2  Record(s) reading................<br/>225003533450501 - LEPO3W<br/>2  Inserted................<br/><br/>3  Record(s) reading................<br/>225003544250501 - LEPO3W<br/>3  Inserted................<br/><br/>4  Record(s) reading................<br/>225003383150501 - LEPO3W<br/>4  Inserted................<br/><br/>5  Record(s) reading................<br/>255003513850501 - LEPO3W<br/>5  Inserted................<br/><br/>6  Record(s) reading................<br/>216003528850501 - LEPO3W<br/>6  Inserted................<br/><br/>
6 Record(s) syncronized.............................<br/>2019/01/07 16:21:41
Successfully connected to Oracle.<br/>Starting to echo

0 Record(s) syncronized.............................<br/>2019/01/17 16:21:41
Successfully connected to Oracle.<br/>Starting to echo

0 Record(s) syncronized.............................<br/>2019/01/27 16:21:41
Successfully connected to Oracle.<br/>Starting to echo

0 Record(s) syncronized.............................<br/>2019/02/07 16:21:41
Successfully connected to Oracle.<br/>Starting to echo

0 Record(s) syncronized.............................<br/>2019/02/27 16:21:41
Successfully connected to Oracle.<br/>Starting to echo

0 Record(s) syncronized.............................<br/>2019/03/07 16:21:41
Successfully connected to Oracle.<br/>Starting to echo

0 Record(s) syncronized.............................<br/>2019/03/17 16:21:40
Successfully connected to Oracle.<br/>Starting to echo

0 Record(s) syncronized.............................<br/>2019/03/27 16:21:41
Successfully connected to Oracle.<br/>Starting to echo
1  Record(s) reading................<br/>221003951050501 - LEPO3W<br/>1  Inserted................<br/><br/>2  Record(s) reading................<br/>220003932350501 - LEPO3W<br/>2  Inserted................<br/><br/>3  Record(s) reading................<br/>221003951150501 - LEPO3W<br/>3  Inserted................<br/><br/>4  Record(s) reading................<br/>225003940250501 - LEPO3W<br/>4  Inserted................<br/><br/>5  Record(s) reading................<br/>239003929450501 - LEPO3W<br/>5  Inserted................<br/><br/>6  Record(s) reading................<br/>200003941250501 - LEPO3W<br/>6  Inserted................<br/><br/>7  Record(s) reading................<br/>235003929550501 - LEPO3W<br/>7  Inserted................<br/><br/>
7 Record(s) syncronized.............................<br/>2019/04/07 16:21:41
Successfully connected to Oracle.<br/>Starting to echo

0 Record(s) syncronized.............................<br/>2019/04/17 16:21:41
Successfully connected to Oracle.<br/>Starting to echo

0 Record(s) syncronized.............................<br/>