2018/11/12 15:41:41
Successfully connected to Oracle.<br/>Starting to echo
1  Record(s) reading................<br/>266003075350501 - LEPO3W<br/>1  Inserted................<br/><br/>2  Record(s) reading................<br/>225003177850501 - LEPO3W<br/>2  Inserted................<br/><br/>3  Record(s) reading................<br/>245003200150501 - LEPO3W<br/>3  Inserted................<br/><br/>4  Record(s) reading................<br/>225003173850501 - LEPO3W<br/>4  Inserted................<br/><br/>5  Record(s) reading................<br/>208003172250501 - LEPO3W<br/>5  Inserted................<br/><br/>6  Record(s) reading................<br/>247003194450501 - LEPO3W<br/>6  Inserted................<br/><br/>7  Record(s) reading................<br/>206003198150501 - LEPO3W<br/>7  Inserted................<br/><br/>
7 Record(s) syncronized.............................<br/>2018/11/22 15:41:41
Successfully connected to Oracle.<br/>Starting to echo

0 Record(s) syncronized.............................<br/>2018/12/02 15:41:41
Successfully connected to Oracle.<br/>Starting to echo

0 Record(s) syncronized.............................<br/>2018/12/12 15:41:41
Successfully connected to Oracle.<br/>Starting to echo
1  Record(s) reading................<br/>261003406150501 - LEPO3W<br/>1  Inserted................<br/><br/>2  Record(s) reading................<br/>222003375850501 - LEPO3W<br/>2  Inserted................<br/><br/>3  Record(s) reading................<br/>246003393350501 - LEPO3W<br/>3  Inserted................<br/><br/>4  Record(s) reading................<br/>222003397550501 - LEPO3W<br/>4  Inserted................<br/><br/>5  Record(s) reading................<br/>209003400850501 - LEPO3W<br/>5  Inserted................<br/><br/>6  Record(s) reading................<br/>238003277550503 - LEPO3W<br/>6  Inserted................<br/><br/>7  Record(s) reading................<br/>247003417250501 - LEPO3W<br/>7  Inserted................<br/><br/>
7 Record(s) syncronized.............................<br/>2018/12/22 15:41:41
Successfully connected to Oracle.<br/>Starting to echo

0 Record(s) syncronized.............................<br/>2019/01/02 15:41:41
Successfully connected to Oracle.<br/>Starting to echo

0 Record(s) syncronized.............................<br/>2019/01/12 15:41:41
Successfully connected to Oracle.<br/>Starting to echo

0 Record(s) syncronized.............................<br/>2019/01/22 15:41:41
Successfully connected to Oracle.<br/>Starting to echo

0 Record(s) syncronized.............................<br/>2019/02/02 15:41:41
Successfully connected to Oracle.<br/>Starting to echo

0 Record(s) syncronized.............................<br/>2019/02/12 15:41:41
Successfully connected to Oracle.<br/>Starting to echo

0 Record(s) syncronized.............................<br/>2019/02/22 15:41:41
Successfully connected to Oracle.<br/>Starting to echo

0 Record(s) syncronized.............................<br/>2019/03/02 15:41:41
Successfully connected to Oracle.<br/>Starting to echo

0 Record(s) syncronized.............................<br/>2019/03/12 15:41:41
Successfully connected to Oracle.<br/>Starting to echo

0 Record(s) syncronized.............................<br/>2019/03/22 15:41:41
Successfully connected to Oracle.<br/>Starting to echo

0 Record(s) syncronized.............................<br/>2019/04/02 15:41:41
Successfully connected to Oracle.<br/>Starting to echo

0 Record(s) syncronized.............................<br/>2019/04/12 15:41:41
Successfully connected to Oracle.<br/>Starting to echo

0 Record(s) syncronized.............................<br/>2019/04/22 15:41:41
Successfully connected to Oracle.<br/>Starting to echo

0 Record(s) syncronized.............................<br/>