2018/11/07 15:31:41
Successfully connected to Oracle.<br/>Starting to echo

0 Record(s) syncronized.............................<br/>2018/11/17 15:31:41
Successfully connected to Oracle.<br/>Starting to echo

0 Record(s) syncronized.............................<br/>2018/11/27 15:31:41
Successfully connected to Oracle.<br/>Starting to echo
1  Record(s) reading................<br/>208003306351001 - LEPO3W<br/>1  Inserted................<br/><br/>
1 Record(s) syncronized.............................<br/>2018/12/07 15:31:41
Successfully connected to Oracle.<br/>Starting to echo
1  Record(s) reading................<br/>222003391650501 - LEPO3W<br/>1  Inserted................<br/><br/>2  Record(s) reading................<br/>255003384050501 - LEPO3W<br/>2  Inserted................<br/><br/>3  Record(s) reading................<br/>255003384550501 - LEPO3W<br/>3  Inserted................<br/><br/>4  Record(s) reading................<br/>267003397750501 - LEPO3W<br/>4  Inserted................<br/><br/>5  Record(s) reading................<br/>241003383750501 - LEPO3W<br/>5  Inserted................<br/><br/>
5 Record(s) syncronized.............................<br/>2018/12/17 15:31:41
Successfully connected to Oracle.<br/>Starting to echo

0 Record(s) syncronized.............................<br/>2018/12/27 15:31:41
Successfully connected to Oracle.<br/>Starting to echo

0 Record(s) syncronized.............................<br/>2019/01/07 15:31:41
Successfully connected to Oracle.<br/>Starting to echo
1  Record(s) reading................<br/>228003337450501 - LEPO3W<br/>1  Inserted................<br/><br/>
1 Record(s) syncronized.............................<br/>2019/01/17 15:31:41
Successfully connected to Oracle.<br/>Starting to echo

0 Record(s) syncronized.............................<br/>2019/01/27 15:31:41
Successfully connected to Oracle.<br/>Starting to echo

0 Record(s) syncronized.............................<br/>2019/02/07 15:31:41
Successfully connected to Oracle.<br/>Starting to echo
1  Record(s) reading................<br/>242003332250501 - LEPO3W<br/>1  Inserted................<br/><br/>2  Record(s) reading................<br/>266003787450501 - LEPO3W<br/>2  Inserted................<br/><br/>3  Record(s) reading................<br/>252003805250501 - LEPO3W<br/>3  Inserted................<br/><br/>4  Record(s) reading................<br/>256003748550501 - LEPO3W<br/>4  Inserted................<br/><br/>5  Record(s) reading................<br/>225003671850501 - LEPO3W<br/>5  Inserted................<br/><br/>6  Record(s) reading................<br/>238003798650501 - LEPO3W<br/>6  Inserted................<br/><br/>7  Record(s) reading................<br/>225003328950502 - LEPO3W<br/>7  Inserted................<br/><br/>8  Record(s) reading................<br/>259003718550501 - LEPO3W<br/>8  Inserted................<br/><br/>9  Record(s) reading................<br/>252001522050501 - LEPO3W<br/>9  Inserted................<br/><br/>10  Record(s) reading................<br/>266003795950501 - LEPO3W<br/>10  Inserted................<br/><br/>11  Record(s) reading................<br/>266003769150501 - LEPO3W<br/>11  Inserted................<br/><br/>12  Record(s) reading................<br/>248003716650501 - LEPO3W<br/>12  Inserted................<br/><br/>13  Record(s) reading................<br/>213003562450502 - LEPO3W<br/>13  Inserted................<br/><br/>
13 Record(s) syncronized.............................<br/>2019/02/17 15:31:41
Successfully connected to Oracle.<br/>Starting to echo

0 Record(s) syncronized.............................<br/>2019/02/27 15:31:41
Successfully connected to Oracle.<br/>Starting to echo

0 Record(s) syncronized.............................<br/>2019/03/07 15:31:41
Successfully connected to Oracle.<br/>Starting to echo

0 Record(s) syncronized.............................<br/>2019/03/17 15:31:41
Successfully connected to Oracle.<br/>Starting to echo

0 Record(s) syncronized.............................<br/>2019/03/27 15:31:41
Successfully connected to Oracle.<br/>Starting to echo

0 Record(s) syncronized.............................<br/>2019/04/07 15:31:41
Successfully connected to Oracle.<br/>Starting to echo

0 Record(s) syncronized.............................<br/>2019/04/17 15:31:41
Successfully connected to Oracle.<br/>Starting to echo

0 Record(s) syncronized.............................<br/>