2018/11/08 14:51:41
Successfully connected to Oracle.<br/>Starting to echo

0 Record(s) syncronized.............................<br/>2018/11/18 14:51:41
Successfully connected to Oracle.<br/>Starting to echo

0 Record(s) syncronized.............................<br/>2018/11/28 14:51:41
Successfully connected to Oracle.<br/>Starting to echo

0 Record(s) syncronized.............................<br/>2018/12/08 14:51:41
Successfully connected to Oracle.<br/>Starting to echo

0 Record(s) syncronized.............................<br/>2018/12/18 14:51:41
Successfully connected to Oracle.<br/>Starting to echo

0 Record(s) syncronized.............................<br/>2018/12/28 14:51:41
Successfully connected to Oracle.<br/>Starting to echo

0 Record(s) syncronized.............................<br/>2019/01/08 14:51:41
Successfully connected to Oracle.<br/>Starting to echo

0 Record(s) syncronized.............................<br/>2019/01/18 14:51:41
Successfully connected to Oracle.<br/>Starting to echo

0 Record(s) syncronized.............................<br/>2019/01/28 14:51:41
Successfully connected to Oracle.<br/>Starting to echo

0 Record(s) syncronized.............................<br/>2019/02/08 14:51:41
Successfully connected to Oracle.<br/>Starting to echo

0 Record(s) syncronized.............................<br/>2019/02/18 14:51:41
Successfully connected to Oracle.<br/>Starting to echo

0 Record(s) syncronized.............................<br/>2019/02/28 14:51:41
Successfully connected to Oracle.<br/>Starting to echo

0 Record(s) syncronized.............................<br/>2019/03/08 14:51:41
Successfully connected to Oracle.<br/>Starting to echo
1  Record(s) reading................<br/>246003338050502 - LEPO3W<br/>1  Inserted................<br/><br/>2  Record(s) reading................<br/>214003832450501 - LEPO3W<br/>2  Inserted................<br/><br/>3  Record(s) reading................<br/>267003878250501 - LEPO3W<br/>3  Inserted................<br/><br/>4  Record(s) reading................<br/>238003867750501 - LEPO3W<br/>4  Inserted................<br/><br/>5  Record(s) reading................<br/>242003348950503 - LEPO3W<br/>5  Inserted................<br/><br/>6  Record(s) reading................<br/>225003849650501 - LEPO3W<br/>6  Inserted................<br/><br/>7  Record(s) reading................<br/>246003827650501 - LEPO3W<br/>7  Inserted................<br/><br/>8  Record(s) reading................<br/>245003865150501 - LEPO3W<br/>8  Inserted................<br/><br/>9  Record(s) reading................<br/>255003861350501 - LEPO3W<br/>9  Inserted................<br/><br/>10  Record(s) reading................<br/>240003870450501 - LEPO3W<br/>10  Inserted................<br/><br/>11  Record(s) reading................<br/>225003864950501 - LEPO3W<br/>11  Inserted................<br/><br/>12  Record(s) reading................<br/>235003869650501 - LEPO3W<br/>12  Inserted................<br/><br/>13  Record(s) reading................<br/>267003881750501 - LEPO3W<br/>13  Inserted................<br/><br/>14  Record(s) reading................<br/>265003878950501 - LEPO3W<br/>14  Inserted................<br/><br/>15  Record(s) reading................<br/>267003839250501 - LEPO3W<br/>15  Inserted................<br/><br/>16  Record(s) reading................<br/>255003863350501 - LEPO3W<br/>16  Inserted................<br/><br/>
16 Record(s) syncronized.............................<br/>2019/03/18 14:51:41
Successfully connected to Oracle.<br/>Starting to echo

0 Record(s) syncronized.............................<br/>2019/03/28 14:51:41
Successfully connected to Oracle.<br/>Starting to echo

0 Record(s) syncronized.............................<br/>2019/04/08 14:51:41
Successfully connected to Oracle.<br/>Starting to echo
1  Record(s) reading................<br/>248004005150501 - LEPO3W<br/>1  Inserted................<br/><br/>
1 Record(s) syncronized.............................<br/>2019/04/18 14:51:41
Successfully connected to Oracle.<br/>Starting to echo

0 Record(s) syncronized.............................<br/>