2018/11/11 11:21:41
Successfully connected to Oracle.<br/>Starting to echo

0 Record(s) syncronized.............................<br/>2018/11/21 11:21:41
Successfully connected to Oracle.<br/>Starting to echo

0 Record(s) syncronized.............................<br/>2018/12/01 11:21:41
Successfully connected to Oracle.<br/>Starting to echo

0 Record(s) syncronized.............................<br/>2018/12/11 11:21:41
Successfully connected to Oracle.<br/>Starting to echo
1  Record(s) reading................<br/>209003390750501 - LEPO3W<br/>1  Inserted................<br/><br/>2  Record(s) reading................<br/>209003382550501 - LEPO3W<br/>2  Inserted................<br/><br/>3  Record(s) reading................<br/>255003405850501 - LEPO3W<br/>3  Inserted................<br/><br/>
3 Record(s) syncronized.............................<br/>2018/12/21 11:21:41
Successfully connected to Oracle.<br/>Starting to echo

0 Record(s) syncronized.............................<br/>2018/12/31 11:21:41
Successfully connected to Oracle.<br/>Starting to echo
1  Record(s) reading................<br/>222003566050501 - LEPO3W<br/>1  Inserted................<br/><br/>2  Record(s) reading................<br/>220003551950501 - LEPO3W<br/>2  Inserted................<br/><br/>3  Record(s) reading................<br/>224003525050501 - LEPO3W<br/>3  Inserted................<br/><br/>4  Record(s) reading................<br/>259003498950501 - LEPO3W<br/>4  Inserted................<br/><br/>5  Record(s) reading................<br/>259003251750501 - LEPO3W<br/>5  Inserted................<br/><br/>6  Record(s) reading................<br/>235003548950501 - LEPO3W<br/>6  Inserted................<br/><br/>7  Record(s) reading................<br/>259003556750501 - LEPO3W<br/>7  Inserted................<br/><br/>8  Record(s) reading................<br/>266003565350501 - LEPO3W<br/>8  Inserted................<br/><br/>9  Record(s) reading................<br/>208003582550501 - LEPO3W<br/>9  Inserted................<br/><br/>10  Record(s) reading................<br/>240003542150501 - LEPO3W<br/>10  Inserted................<br/><br/>11  Record(s) reading................<br/>207003575250501 - LEPO3W<br/>11  Inserted................<br/><br/>12  Record(s) reading................<br/>200003554450501 - LEPO3W<br/>12  Inserted................<br/><br/>13  Record(s) reading................<br/>208003467450501 - LEPO3W<br/>13  Inserted................<br/><br/>14  Record(s) reading................<br/>266003574450501 - LEPO3W<br/>14  Inserted................<br/><br/>
14 Record(s) syncronized.............................<br/>2019/01/01 11:21:41
Successfully connected to Oracle.<br/>Starting to echo

0 Record(s) syncronized.............................<br/>2019/01/11 11:21:41
Successfully connected to Oracle.<br/>Starting to echo

0 Record(s) syncronized.............................<br/>2019/01/21 11:21:41
Successfully connected to Oracle.<br/>Starting to echo

0 Record(s) syncronized.............................<br/>2019/01/31 11:21:41
Successfully connected to Oracle.<br/>Starting to echo

0 Record(s) syncronized.............................<br/>2019/02/01 11:21:41
Successfully connected to Oracle.<br/>Starting to echo

0 Record(s) syncronized.............................<br/>2019/02/11 11:21:41
Successfully connected to Oracle.<br/>Starting to echo

0 Record(s) syncronized.............................<br/>2019/02/21 11:21:41
Successfully connected to Oracle.<br/>Starting to echo

0 Record(s) syncronized.............................<br/>2019/03/01 11:21:41
Successfully connected to Oracle.<br/>Starting to echo

0 Record(s) syncronized.............................<br/>2019/03/11 11:21:41
Successfully connected to Oracle.<br/>Starting to echo

0 Record(s) syncronized.............................<br/>2019/03/21 11:21:41
Successfully connected to Oracle.<br/>Starting to echo

0 Record(s) syncronized.............................<br/>2019/03/31 11:21:41
Successfully connected to Oracle.<br/>Starting to echo

0 Record(s) syncronized.............................<br/>2019/04/01 11:21:41
Successfully connected to Oracle.<br/>Starting to echo

0 Record(s) syncronized.............................<br/>2019/04/11 11:21:41
Successfully connected to Oracle.<br/>Starting to echo

0 Record(s) syncronized.............................<br/>2019/04/21 11:21:41
Successfully connected to Oracle.<br/>Starting to echo

0 Record(s) syncronized.............................<br/>