2018/11/07 16:41:41
Successfully connected to Oracle.<br/>Starting to echo

0 Record(s) syncronized.............................<br/>2018/11/17 16:41:41
Successfully connected to Oracle.<br/>Starting to echo

0 Record(s) syncronized.............................<br/>2018/11/27 16:41:41
Successfully connected to Oracle.<br/>Starting to echo
1  Record(s) reading................<br/>235003210550501 - LEPO3W<br/>1  Inserted................<br/><br/>2  Record(s) reading................<br/>245003292950501 - LEPO3W<br/>2  Inserted................<br/><br/>3  Record(s) reading................<br/>255003292850501 - LEPO3W<br/>3  Inserted................<br/><br/>4  Record(s) reading................<br/>220003275950501 - LEPO3W<br/>4  Inserted................<br/><br/>5  Record(s) reading................<br/>245003270950501 - LEPO3W<br/>5  Inserted................<br/><br/>6  Record(s) reading................<br/>252003218750501 - LEPO3W<br/>6  Inserted................<br/><br/>7  Record(s) reading................<br/>225003267150501 - LEPO3W<br/>7  Inserted................<br/><br/>8  Record(s) reading................<br/>235003269250501 - LEPO3W<br/>8  Inserted................<br/><br/>9  Record(s) reading................<br/>266003260950501 - LEPO3W<br/>9  Inserted................<br/><br/>10  Record(s) reading................<br/>242003311250501 - LEPO3W<br/>10  Inserted................<br/><br/>11  Record(s) reading................<br/>225003285250501 - LEPO3W<br/>11  Inserted................<br/><br/>12  Record(s) reading................<br/>245003309550501 - LEPO3W<br/>12  Inserted................<br/><br/>13  Record(s) reading................<br/>225003234950501 - LEPO3W<br/>13  Inserted................<br/><br/>14  Record(s) reading................<br/>255003310850501 - LEPO3W<br/>14  Inserted................<br/><br/>15  Record(s) reading................<br/>239003265150501 - LEPO3W<br/>15  Inserted................<br/><br/>16  Record(s) reading................<br/>220003260750501 - LEPO3W<br/>16  Inserted................<br/><br/>
16 Record(s) syncronized.............................<br/>2018/12/07 16:41:41
Successfully connected to Oracle.<br/>Starting to echo

0 Record(s) syncronized.............................<br/>2018/12/17 16:41:41
Successfully connected to Oracle.<br/>Starting to echo
1  Record(s) reading................<br/>245003462951001 - LEPO3W<br/>1  Inserted................<br/><br/>
1 Record(s) syncronized.............................<br/>2018/12/27 16:41:41
Successfully connected to Oracle.<br/>Starting to echo
1  Record(s) reading................<br/>266003349550501 - LEPO3W<br/>1  Inserted................<br/><br/>2  Record(s) reading................<br/>208003379350501 - LEPO3W<br/>2  Inserted................<br/><br/>3  Record(s) reading................<br/>266003361050501 - LEPO3W<br/>3  Inserted................<br/><br/>4  Record(s) reading................<br/>240003526850501 - LEPO3W<br/>4  Inserted................<br/><br/>5  Record(s) reading................<br/>217003351350501 - LEPO3W<br/>5  Inserted................<br/><br/>6  Record(s) reading................<br/>242003366650501 - LEPO3W<br/>6  Inserted................<br/><br/>7  Record(s) reading................<br/>259003398250501 - LEPO3W<br/>7  Inserted................<br/><br/>
7 Record(s) syncronized.............................<br/>2019/01/07 16:41:41
Successfully connected to Oracle.<br/>Starting to echo

0 Record(s) syncronized.............................<br/>2019/01/17 16:41:41
Successfully connected to Oracle.<br/>Starting to echo

0 Record(s) syncronized.............................<br/>2019/01/27 16:41:40
Successfully connected to Oracle.<br/>Starting to echo

0 Record(s) syncronized.............................<br/>2019/02/07 16:41:41
Successfully connected to Oracle.<br/>Starting to echo

0 Record(s) syncronized.............................<br/>2019/02/17 16:41:59
Successfully connected to Oracle.<br/>Starting to echo

0 Record(s) syncronized.............................<br/>2019/02/27 16:41:41
Successfully connected to Oracle.<br/>Starting to echo

0 Record(s) syncronized.............................<br/>2019/03/07 16:41:41
Successfully connected to Oracle.<br/>Starting to echo

0 Record(s) syncronized.............................<br/>2019/03/17 16:41:41
Successfully connected to Oracle.<br/>Starting to echo

0 Record(s) syncronized.............................<br/>2019/03/27 16:41:41
Successfully connected to Oracle.<br/>Starting to echo

0 Record(s) syncronized.............................<br/>2019/04/07 16:41:41
Successfully connected to Oracle.<br/>Starting to echo

0 Record(s) syncronized.............................<br/>2019/04/17 16:41:41
Successfully connected to Oracle.<br/>Starting to echo

0 Record(s) syncronized.............................<br/>