2018/11/08 16:31:41
Successfully connected to Oracle.<br/>Starting to echo
1  Record(s) reading................<br/>208003000450502 - LEPO3W<br/>1  Inserted................<br/><br/>2  Record(s) reading................<br/>210003126750501 - LEPO3W<br/>2  Inserted................<br/><br/>3  Record(s) reading................<br/>256003165250501 - LEPO3W<br/>3  Inserted................<br/><br/>4  Record(s) reading................<br/>216003140150502 - LEPO3W<br/>4  Inserted................<br/><br/>5  Record(s) reading................<br/>245003183450501 - LEPO3W<br/>5  Inserted................<br/><br/>6  Record(s) reading................<br/>216003192550501 - LEPO3W<br/>6  Inserted................<br/><br/>7  Record(s) reading................<br/>252003197650501 - LEPO3W<br/>7  Inserted................<br/><br/>8  Record(s) reading................<br/>245003168250501 - LEPO3W<br/>8  Inserted................<br/><br/>9  Record(s) reading................<br/>248003186450501 - LEPO3W<br/>9  Inserted................<br/><br/>10  Record(s) reading................<br/>267003184950501 - LEPO3W<br/>10  Inserted................<br/><br/>11  Record(s) reading................<br/>265003173050502 - LEPO3W<br/>11  Inserted................<br/><br/>12  Record(s) reading................<br/>267003187750501 - LEPO3W<br/>12  Inserted................<br/><br/>13  Record(s) reading................<br/>216003172650502 - LEPO3W<br/>13  Inserted................<br/><br/>
13 Record(s) syncronized.............................<br/>2018/11/18 16:31:41
Successfully connected to Oracle.<br/>Starting to echo

0 Record(s) syncronized.............................<br/>2018/11/28 16:31:41
Successfully connected to Oracle.<br/>Starting to echo

0 Record(s) syncronized.............................<br/>2018/12/08 16:31:41
Successfully connected to Oracle.<br/>Starting to echo

0 Record(s) syncronized.............................<br/>2018/12/18 16:31:41
Successfully connected to Oracle.<br/>Starting to echo

0 Record(s) syncronized.............................<br/>2018/12/28 16:31:41
Successfully connected to Oracle.<br/>Starting to echo
1  Record(s) reading................<br/>213003433450501 - LEPO3W<br/>1  Inserted................<br/><br/>2  Record(s) reading................<br/>245003428950501 - LEPO3W<br/>2  Inserted................<br/><br/>3  Record(s) reading................<br/>240003516450501 - LEPO3W<br/>3  Inserted................<br/><br/>4  Record(s) reading................<br/>246003435650501 - LEPO3W<br/>4  Inserted................<br/><br/>5  Record(s) reading................<br/>213003492350501 - LEPO3W<br/>5  Inserted................<br/><br/>6  Record(s) reading................<br/>255003530650501 - LEPO3W<br/>6  Inserted................<br/><br/>7  Record(s) reading................<br/>233003525550501 - LEPO3W<br/>7  Inserted................<br/><br/>8  Record(s) reading................<br/>242003407850501 - LEPO3W<br/>8  Inserted................<br/><br/>9  Record(s) reading................<br/>220003574250501 - LEPO3W<br/>9  Inserted................<br/><br/>
9 Record(s) syncronized.............................<br/>2019/01/08 16:31:41
Successfully connected to Oracle.<br/>Starting to echo

0 Record(s) syncronized.............................<br/>2019/01/18 16:31:41
Successfully connected to Oracle.<br/>Starting to echo
1  Record(s) reading................<br/>252003594850501 - LEPO3W<br/>1  Inserted................<br/><br/>
1 Record(s) syncronized.............................<br/>2019/01/28 16:31:41
Successfully connected to Oracle.<br/>Starting to echo

0 Record(s) syncronized.............................<br/>2019/02/08 16:31:41
Successfully connected to Oracle.<br/>Starting to echo
1  Record(s) reading................<br/>200003774750501 - LEPO3W<br/>1  Inserted................<br/><br/>2  Record(s) reading................<br/>246003790850501 - LEPO3W<br/>2  Inserted................<br/><br/>
2 Record(s) syncronized.............................<br/>2019/02/18 16:31:41
Successfully connected to Oracle.<br/>Starting to echo

0 Record(s) syncronized.............................<br/>2019/02/28 16:31:41
Successfully connected to Oracle.<br/>Starting to echo
1  Record(s) reading................<br/>247003706750502 - LEPO3W<br/>1  Inserted................<br/><br/>2  Record(s) reading................<br/>248003587750502 - LEPO3W<br/>2  Inserted................<br/><br/>
2 Record(s) syncronized.............................<br/>2019/03/08 16:31:41
Successfully connected to Oracle.<br/>Starting to echo

0 Record(s) syncronized.............................<br/>2019/03/18 16:31:41
Successfully connected to Oracle.<br/>Starting to echo

0 Record(s) syncronized.............................<br/>2019/03/28 16:31:41
Successfully connected to Oracle.<br/>Starting to echo
1  Record(s) reading................<br/>246003960850501 - LEPO3W<br/>1  Inserted................<br/><br/>2  Record(s) reading................<br/>248003914450501 - LEPO3W<br/>2  Inserted................<br/><br/>3  Record(s) reading................<br/>245003951850501 - LEPO3W<br/>3  Inserted................<br/><br/>4  Record(s) reading................<br/>255003936150501 - LEPO3W<br/>4  Inserted................<br/><br/>5  Record(s) reading................<br/>240003968850501 - LEPO3W<br/>5  Inserted................<br/><br/>
5 Record(s) syncronized.............................<br/>2019/04/08 16:31:41
Successfully connected to Oracle.<br/>Starting to echo

0 Record(s) syncronized.............................<br/>2019/04/18 16:31:41
Successfully connected to Oracle.<br/>Starting to echo

0 Record(s) syncronized.............................<br/>