2018/11/13 16:11:41
Successfully connected to Oracle.<br/>Starting to echo

0 Record(s) syncronized.............................<br/>2018/11/23 16:11:41
Successfully connected to Oracle.<br/>Starting to echo
1  Record(s) reading................<br/>208001223550501 - LEPO3W<br/>1  Inserted................<br/><br/>2  Record(s) reading................<br/>246003189050501 - LEPO3W<br/>2  Inserted................<br/><br/>3  Record(s) reading................<br/>220003220550501 - LEPO3W<br/>3  Inserted................<br/><br/>4  Record(s) reading................<br/>255003246250501 - LEPO3W<br/>4  Inserted................<br/><br/>5  Record(s) reading................<br/>261003232050501 - LEPO3W<br/>5  Inserted................<br/><br/>6  Record(s) reading................<br/>222003251050501 - LEPO3W<br/>6  Inserted................<br/><br/>
6 Record(s) syncronized.............................<br/>2018/12/03 16:11:41
Successfully connected to Oracle.<br/>Starting to echo

0 Record(s) syncronized.............................<br/>2018/12/13 16:11:41
Successfully connected to Oracle.<br/>Starting to echo
1  Record(s) reading................<br/>260003451351001 - LEPO3W<br/>1  Inserted................<br/><br/>
1 Record(s) syncronized.............................<br/>2018/12/23 16:11:41
Successfully connected to Oracle.<br/>Starting to echo

0 Record(s) syncronized.............................<br/>2019/01/03 16:11:41
Successfully connected to Oracle.<br/>Starting to echo
1  Record(s) reading................<br/>242003627551001 - LEPO3W<br/>1  Inserted................<br/><br/>
1 Record(s) syncronized.............................<br/>2019/01/13 16:11:41
Successfully connected to Oracle.<br/>Starting to echo

0 Record(s) syncronized.............................<br/>2019/01/23 16:11:41
Successfully connected to Oracle.<br/>Starting to echo
1  Record(s) reading................<br/>228003648650501 - LEPO3W<br/>1  Inserted................<br/><br/>2  Record(s) reading................<br/>266003583750501 - LEPO3W<br/>2  Inserted................<br/><br/>3  Record(s) reading................<br/>255003515350501 - LEPO3W<br/>3  Inserted................<br/><br/>4  Record(s) reading................<br/>208003598050501 - LEPO3W<br/>4  Inserted................<br/><br/>5  Record(s) reading................<br/>205003699450501 - LEPO3W<br/>5  Inserted................<br/><br/>6  Record(s) reading................<br/>256003608450501 - LEPO3W<br/>6  Inserted................<br/><br/>7  Record(s) reading................<br/>213003560150501 - LEPO3W<br/>7  Inserted................<br/><br/>8  Record(s) reading................<br/>256003686450501 - LEPO3W<br/>8  Inserted................<br/><br/>9  Record(s) reading................<br/>256003703150501 - LEPO3W<br/>9  Inserted................<br/><br/>10  Record(s) reading................<br/>245003622850501 - LEPO3W<br/>10  Inserted................<br/><br/>11  Record(s) reading................<br/>205003674750501 - LEPO3W<br/>11  Inserted................<br/><br/>12  Record(s) reading................<br/>208003664250501 - LEPO3W<br/>12  Inserted................<br/><br/>13  Record(s) reading................<br/>228003649050501 - LEPO3W<br/>13  Inserted................<br/><br/>
13 Record(s) syncronized.............................<br/>2019/02/03 16:11:41
Successfully connected to Oracle.<br/>Starting to echo

0 Record(s) syncronized.............................<br/>2019/02/13 16:11:41
Successfully connected to Oracle.<br/>Starting to echo

0 Record(s) syncronized.............................<br/>2019/02/23 16:11:41
Successfully connected to Oracle.<br/>Starting to echo

0 Record(s) syncronized.............................<br/>2019/03/03 16:11:41
Successfully connected to Oracle.<br/>Starting to echo

0 Record(s) syncronized.............................<br/>2019/03/13 16:11:41
Successfully connected to Oracle.<br/>Starting to echo
1  Record(s) reading................<br/>225003887150501 - LEPO3W<br/>1  Inserted................<br/><br/>2  Record(s) reading................<br/>222003884350501 - LEPO3W<br/>2  Inserted................<br/><br/>3  Record(s) reading................<br/>230003899850501 - LEPO3W<br/>3  Inserted................<br/><br/>
3 Record(s) syncronized.............................<br/>2019/03/23 16:11:41
Successfully connected to Oracle.<br/>Starting to echo

0 Record(s) syncronized.............................<br/>2019/04/03 16:11:41
Successfully connected to Oracle.<br/>Starting to echo
1  Record(s) reading................<br/>231003964350501 - LEPO3W<br/>1  Inserted................<br/><br/>2  Record(s) reading................<br/>252003990250501 - LEPO3W<br/>2  Inserted................<br/><br/>3  Record(s) reading................<br/>267003691950505 - LEPO3W<br/>3  Inserted................<br/><br/>4  Record(s) reading................<br/>221003991550501 - LEPO3W<br/>4  Inserted................<br/><br/>5  Record(s) reading................<br/>243003993950501 - LEPO3W<br/>5  Inserted................<br/><br/>6  Record(s) reading................<br/>243003984150501 - LEPO3W<br/>6  Inserted................<br/><br/>7  Record(s) reading................<br/>250003974550501 - LEPO3W<br/>7  Inserted................<br/><br/>8  Record(s) reading................<br/>213003993650501 - LEPO3W<br/>8  Inserted................<br/><br/>9  Record(s) reading................<br/>258003994450501 - LEPO3W<br/>9  Inserted................<br/><br/>
9 Record(s) syncronized.............................<br/>2019/04/13 16:11:41
Successfully connected to Oracle.<br/>Starting to echo

0 Record(s) syncronized.............................<br/>2019/04/23 16:11:41
Successfully connected to Oracle.<br/>Starting to echo

0 Record(s) syncronized.............................<br/>