2018/11/07 14:41:41
Successfully connected to Oracle.<br/>Starting to echo

0 Record(s) syncronized.............................<br/>2018/11/17 14:41:41
Successfully connected to Oracle.<br/>Starting to echo

0 Record(s) syncronized.............................<br/>2018/11/27 14:41:41
Successfully connected to Oracle.<br/>Starting to echo
1  Record(s) reading................<br/>216003289751001 - LEPO3W<br/>1  Inserted................<br/><br/>
1 Record(s) syncronized.............................<br/>2018/12/07 14:41:41
Successfully connected to Oracle.<br/>Starting to echo

0 Record(s) syncronized.............................<br/>2018/12/17 14:41:41
Successfully connected to Oracle.<br/>Starting to echo

0 Record(s) syncronized.............................<br/>2018/12/27 14:41:41
Successfully connected to Oracle.<br/>Starting to echo
1  Record(s) reading................<br/>214003564451001 - LEPO3W<br/>1  Inserted................<br/><br/>
1 Record(s) syncronized.............................<br/>2019/01/07 14:41:41
Successfully connected to Oracle.<br/>Starting to echo

0 Record(s) syncronized.............................<br/>2019/01/17 14:41:41
Successfully connected to Oracle.<br/>Starting to echo

0 Record(s) syncronized.............................<br/>2019/01/27 14:41:41
Successfully connected to Oracle.<br/>Starting to echo

0 Record(s) syncronized.............................<br/>2019/02/07 14:41:41
Successfully connected to Oracle.<br/>Starting to echo

0 Record(s) syncronized.............................<br/>2019/02/17 14:41:41
Successfully connected to Oracle.<br/>Starting to echo

0 Record(s) syncronized.............................<br/>2019/02/27 14:41:41
Successfully connected to Oracle.<br/>Starting to echo
1  Record(s) reading................<br/>243000903651001 - LEPO3W<br/>1  Inserted................<br/><br/>
1 Record(s) syncronized.............................<br/>2019/03/07 14:41:41
Successfully connected to Oracle.<br/>Starting to echo
1  Record(s) reading................<br/>216003860150501 - LEPO3W<br/>1  Inserted................<br/><br/>2  Record(s) reading................<br/>253003867450502 - LEPO3W<br/>2  Inserted................<br/><br/>3  Record(s) reading................<br/>246003641350501 - LEPO3W<br/>3  Inserted................<br/><br/>4  Record(s) reading................<br/>241003541950503 - LEPO3W<br/>4  Inserted................<br/><br/>5  Record(s) reading................<br/>245003827250501 - LEPO3W<br/>5  Inserted................<br/><br/>
5 Record(s) syncronized.............................<br/>2019/03/17 14:41:41
Successfully connected to Oracle.<br/>Starting to echo

0 Record(s) syncronized.............................<br/>2019/03/27 14:41:41
Successfully connected to Oracle.<br/>Starting to echo

0 Record(s) syncronized.............................<br/>2019/04/07 14:41:41
Successfully connected to Oracle.<br/>Starting to echo

0 Record(s) syncronized.............................<br/>2019/04/17 14:41:41
Successfully connected to Oracle.<br/>Starting to echo

0 Record(s) syncronized.............................<br/>