2018/11/08 15:31:41
Successfully connected to Oracle.<br/>Starting to echo

0 Record(s) syncronized.............................<br/>2018/11/18 15:31:41
Successfully connected to Oracle.<br/>Starting to echo

0 Record(s) syncronized.............................<br/>2018/11/28 15:31:41
Successfully connected to Oracle.<br/>Starting to echo

0 Record(s) syncronized.............................<br/>2018/12/08 15:31:41
Successfully connected to Oracle.<br/>Starting to echo

0 Record(s) syncronized.............................<br/>2018/12/18 15:31:41
Successfully connected to Oracle.<br/>Starting to echo

0 Record(s) syncronized.............................<br/>2018/12/28 15:31:41
Successfully connected to Oracle.<br/>Starting to echo
1  Record(s) reading................<br/>208003509350501 - LEPO3W<br/>1  Inserted................<br/><br/>2  Record(s) reading................<br/>240003520050501 - LEPO3W<br/>2  Inserted................<br/><br/>3  Record(s) reading................<br/>240003535550501 - LEPO3W<br/>3  Inserted................<br/><br/>4  Record(s) reading................<br/>230003496050501 - LEPO3W<br/>4  Inserted................<br/><br/>5  Record(s) reading................<br/>217003544451001 - LEPO3W<br/>5  Inserted................<br/><br/>6  Record(s) reading................<br/>247003471650501 - LEPO3W<br/>6  Inserted................<br/><br/>7  Record(s) reading................<br/>243003520450501 - LEPO3W<br/>7  Inserted................<br/><br/>8  Record(s) reading................<br/>222003532850501 - LEPO3W<br/>8  Inserted................<br/><br/>
8 Record(s) syncronized.............................<br/>2019/01/08 15:31:41
Successfully connected to Oracle.<br/>Starting to echo

0 Record(s) syncronized.............................<br/>2019/01/18 15:31:41
Successfully connected to Oracle.<br/>Starting to echo

0 Record(s) syncronized.............................<br/>2019/01/28 15:31:41
Successfully connected to Oracle.<br/>Starting to echo
1  Record(s) reading................<br/>248003575450501 - LEPO3W<br/>1  Inserted................<br/><br/>2  Record(s) reading................<br/>218003745150501 - LEPO3W<br/>2  Inserted................<br/><br/>3  Record(s) reading................<br/>217003622450501 - LEPO3W<br/>3  Inserted................<br/><br/>4  Record(s) reading................<br/>225003673050501 - LEPO3W<br/>4  Inserted................<br/><br/>5  Record(s) reading................<br/>266003666350501 - LEPO3W<br/>5  Inserted................<br/><br/>6  Record(s) reading................<br/>240003667350501 - LEPO3W<br/>6  Inserted................<br/><br/>7  Record(s) reading................<br/>248003587450501 - LEPO3W<br/>7  Inserted................<br/><br/>8  Record(s) reading................<br/>248003625850501 - LEPO3W<br/>8  Inserted................<br/><br/>9  Record(s) reading................<br/>220003742150501 - LEPO3W<br/>9  Inserted................<br/><br/>10  Record(s) reading................<br/>252003597850501 - LEPO3W<br/>10  Inserted................<br/><br/>11  Record(s) reading................<br/>248003673350501 - LEPO3W<br/>11  Inserted................<br/><br/>12  Record(s) reading................<br/>216003543350501 - LEPO3W<br/>12  Inserted................<br/><br/>13  Record(s) reading................<br/>210003617850501 - LEPO3W<br/>13  Inserted................<br/><br/>14  Record(s) reading................<br/>225003695550501 - LEPO3W<br/>14  Inserted................<br/><br/>
14 Record(s) syncronized.............................<br/>2019/02/08 15:31:41
Successfully connected to Oracle.<br/>Starting to echo

0 Record(s) syncronized.............................<br/>2019/02/18 15:31:41
Successfully connected to Oracle.<br/>Starting to echo

0 Record(s) syncronized.............................<br/>2019/02/28 15:31:42
Successfully connected to Oracle.<br/>Starting to echo

0 Record(s) syncronized.............................<br/>2019/03/08 15:31:41
Successfully connected to Oracle.<br/>Starting to echo

0 Record(s) syncronized.............................<br/>2019/03/18 15:31:41
Successfully connected to Oracle.<br/>Starting to echo
1  Record(s) reading................<br/>266002900150502 - LEPO3W<br/>1  Inserted................<br/><br/>2  Record(s) reading................<br/>258003891050502 - LEPO3W<br/>2  Inserted................<br/><br/>3  Record(s) reading................<br/>247003267050501 - LEPO3W<br/>3  Inserted................<br/><br/>4  Record(s) reading................<br/>246003864650501 - LEPO3W<br/>4  Inserted................<br/><br/>
4 Record(s) syncronized.............................<br/>2019/03/28 15:31:41
Successfully connected to Oracle.<br/>Starting to echo
1  Record(s) reading................<br/>222003948750501 - LEPO3W<br/>1  Inserted................<br/><br/>2  Record(s) reading................<br/>233003935050501 - LEPO3W<br/>2  Inserted................<br/><br/>3  Record(s) reading................<br/>240003946350501 - LEPO3W<br/>3  Inserted................<br/><br/>4  Record(s) reading................<br/>240003957150501 - LEPO3W<br/>4  Inserted................<br/><br/>
4 Record(s) syncronized.............................<br/>2019/04/08 15:31:41
Successfully connected to Oracle.<br/>Starting to echo

0 Record(s) syncronized.............................<br/>2019/04/18 15:31:41
Successfully connected to Oracle.<br/>Starting to echo

0 Record(s) syncronized.............................<br/>