2018/11/10 13:31:41
Successfully connected to Oracle.<br/>Starting to echo

0 Record(s) syncronized.............................<br/>2018/11/20 13:31:41
Successfully connected to Oracle.<br/>Starting to echo

0 Record(s) syncronized.............................<br/>2018/11/30 13:31:41
Successfully connected to Oracle.<br/>Starting to echo

0 Record(s) syncronized.............................<br/>2018/12/10 13:31:41
Successfully connected to Oracle.<br/>Starting to echo

0 Record(s) syncronized.............................<br/>2018/12/20 13:31:41
Successfully connected to Oracle.<br/>Starting to echo

0 Record(s) syncronized.............................<br/>2018/12/30 13:31:41
Successfully connected to Oracle.<br/>Starting to echo

0 Record(s) syncronized.............................<br/>2019/01/10 13:31:41
Successfully connected to Oracle.<br/>Starting to echo

0 Record(s) syncronized.............................<br/>2019/01/20 13:31:41
Successfully connected to Oracle.<br/>Starting to echo

0 Record(s) syncronized.............................<br/>2019/01/30 13:31:41
Successfully connected to Oracle.<br/>Starting to echo
1  Record(s) reading................<br/>259003770551001 - LEPO3W<br/>1  Inserted................<br/><br/>
1 Record(s) syncronized.............................<br/>2019/02/10 13:31:41
Successfully connected to Oracle.<br/>Starting to echo

0 Record(s) syncronized.............................<br/>2019/02/20 13:31:41
Successfully connected to Oracle.<br/>Starting to echo

0 Record(s) syncronized.............................<br/>2019/03/10 13:31:41
Successfully connected to Oracle.<br/>Starting to echo

0 Record(s) syncronized.............................<br/>2019/03/20 13:31:41
Successfully connected to Oracle.<br/>Starting to echo

0 Record(s) syncronized.............................<br/>2019/03/30 13:31:41
Successfully connected to Oracle.<br/>Starting to echo
1  Record(s) reading................<br/>225003947750501 - LEPO3W<br/>1  Inserted................<br/><br/>2  Record(s) reading................<br/>252003963550501 - LEPO3W<br/>2  Inserted................<br/><br/>3  Record(s) reading................<br/>222003923250501 - LEPO3W<br/>3  Inserted................<br/><br/>4  Record(s) reading................<br/>225003965650501 - LEPO3W<br/>4  Inserted................<br/><br/>5  Record(s) reading................<br/>240003958050501 - LEPO3W<br/>5  Inserted................<br/><br/>6  Record(s) reading................<br/>225003941350501 - LEPO3W<br/>6  Inserted................<br/><br/>7  Record(s) reading................<br/>225003976750501 - LEPO3W<br/>7  Inserted................<br/><br/>8  Record(s) reading................<br/>225003982050501 - LEPO3W<br/>8  Inserted................<br/><br/>9  Record(s) reading................<br/>266003982750501 - LEPO3W<br/>9  Inserted................<br/><br/>10  Record(s) reading................<br/>222003984750501 - LEPO3W<br/>10  Inserted................<br/><br/>11  Record(s) reading................<br/>225003977050501 - LEPO3W<br/>11  Inserted................<br/><br/>12  Record(s) reading................<br/>216003963850501 - LEPO3W<br/>12  Inserted................<br/><br/>13  Record(s) reading................<br/>235003973850501 - LEPO3W<br/>13  Inserted................<br/><br/>14  Record(s) reading................<br/>222003944450501 - LEPO3W<br/>14  Inserted................<br/><br/>15  Record(s) reading................<br/>235003950050501 - LEPO3W<br/>15  Inserted................<br/><br/>16  Record(s) reading................<br/>225003963350501 - LEPO3W<br/>16  Inserted................<br/><br/>
16 Record(s) syncronized.............................<br/>2019/04/10 13:31:41
Successfully connected to Oracle.<br/>Starting to echo

0 Record(s) syncronized.............................<br/>2019/04/20 13:31:41
Successfully connected to Oracle.<br/>Starting to echo

0 Record(s) syncronized.............................<br/>