2018/11/05 15:51:41
Successfully connected to Oracle.<br/>Starting to echo
1  Record(s) reading................<br/>217003104051001 - LEPO3W<br/>1  Inserted................<br/><br/>
1 Record(s) syncronized.............................<br/>2018/11/15 15:51:41
Successfully connected to Oracle.<br/>Starting to echo

0 Record(s) syncronized.............................<br/>2018/11/25 15:51:41
Successfully connected to Oracle.<br/>Starting to echo

0 Record(s) syncronized.............................<br/>2018/12/05 15:51:41
Successfully connected to Oracle.<br/>Starting to echo

0 Record(s) syncronized.............................<br/>2018/12/15 15:51:41
Successfully connected to Oracle.<br/>Starting to echo

0 Record(s) syncronized.............................<br/>2018/12/25 15:51:41
Successfully connected to Oracle.<br/>Starting to echo

0 Record(s) syncronized.............................<br/>2019/01/05 15:51:41
Successfully connected to Oracle.<br/>Starting to echo

0 Record(s) syncronized.............................<br/>2019/01/15 15:51:41
Successfully connected to Oracle.<br/>Starting to echo

0 Record(s) syncronized.............................<br/>2019/01/25 15:51:41
Successfully connected to Oracle.<br/>Starting to echo

0 Record(s) syncronized.............................<br/>2019/02/05 15:51:41
Successfully connected to Oracle.<br/>Starting to echo

0 Record(s) syncronized.............................<br/>2019/02/15 15:51:41
Successfully connected to Oracle.<br/>Starting to echo
1  Record(s) reading................<br/>225003819450501 - LEPO3W<br/>1  Inserted................<br/><br/>
1 Record(s) syncronized.............................<br/>2019/02/25 15:51:41
Successfully connected to Oracle.<br/>Starting to echo

0 Record(s) syncronized.............................<br/>2019/03/05 15:51:41
Successfully connected to Oracle.<br/>Starting to echo

0 Record(s) syncronized.............................<br/>2019/03/15 15:51:41
Successfully connected to Oracle.<br/>Starting to echo
1  Record(s) reading................<br/>255003906250501 - LEPO3W<br/>1  Inserted................<br/><br/>2  Record(s) reading................<br/>255003888350501 - LEPO3W<br/>2  Inserted................<br/><br/>3  Record(s) reading................<br/>240003902250502 - LEPO3W<br/>3  Inserted................<br/><br/>4  Record(s) reading................<br/>268003906650501 - LEPO3W<br/>4  Inserted................<br/><br/>5  Record(s) reading................<br/>264003880750501 - LEPO3W<br/>5  Inserted................<br/><br/>6  Record(s) reading................<br/>252003895750501 - LEPO3W<br/>6  Inserted................<br/><br/>7  Record(s) reading................<br/>265003910750501 - LEPO3W<br/>7  Inserted................<br/><br/>8  Record(s) reading................<br/>265003890350502 - LEPO3W<br/>8  Inserted................<br/><br/>9  Record(s) reading................<br/>225003831250501 - LEPO3W<br/>9  Inserted................<br/><br/>10  Record(s) reading................<br/>266003909250501 - LEPO3W<br/>10  Inserted................<br/><br/>11  Record(s) reading................<br/>265003907950501 - LEPO3W<br/>11  Inserted................<br/><br/>12  Record(s) reading................<br/>265003908650501 - LEPO3W<br/>12  Inserted................<br/><br/>13  Record(s) reading................<br/>240003882450501 - LEPO3W<br/>13  Inserted................<br/><br/>
13 Record(s) syncronized.............................<br/>2019/03/25 15:51:41
Successfully connected to Oracle.<br/>Starting to echo
1  Record(s) reading................<br/>225003940850501 - LEPO3W<br/>1  Inserted................<br/><br/>2  Record(s) reading................<br/>225003895450501 - LEPO3W<br/>2  Inserted................<br/><br/>3  Record(s) reading................<br/>225003933550501 - LEPO3W<br/>3  Inserted................<br/><br/>4  Record(s) reading................<br/>231003908950501 - LEPO3W<br/>4  Inserted................<br/><br/>5  Record(s) reading................<br/>240003941650501 - LEPO3W<br/>5  Inserted................<br/><br/>6  Record(s) reading................<br/>240003939550501 - LEPO3W<br/>6  Inserted................<br/><br/>7  Record(s) reading................<br/>240003922750501 - LEPO3W<br/>7  Inserted................<br/><br/>8  Record(s) reading................<br/>245003926750501 - LEPO3W<br/>8  Inserted................<br/><br/>9  Record(s) reading................<br/>247003930350501 - LEPO3W<br/>9  Inserted................<br/><br/>10  Record(s) reading................<br/>231003907450501 - LEPO3W<br/>10  Inserted................<br/><br/>11  Record(s) reading................<br/>225003904350501 - LEPO3W<br/>11  Inserted................<br/><br/>
11 Record(s) syncronized.............................<br/>2019/04/05 15:51:41
Successfully connected to Oracle.<br/>Starting to echo

0 Record(s) syncronized.............................<br/>2019/04/15 15:51:41
Successfully connected to Oracle.<br/>Starting to echo

0 Record(s) syncronized.............................<br/>