2018/11/09 17:01:41
Successfully connected to Oracle.<br/>Starting to echo

0 Record(s) syncronized.............................<br/>2018/11/19 17:01:41
Successfully connected to Oracle.<br/>Starting to echo
1  Record(s) reading................<br/>252003221750501 - LEPO3W<br/>1  Inserted................<br/><br/>2  Record(s) reading................<br/>235003181850501 - LEPO3W<br/>2  Inserted................<br/><br/>3  Record(s) reading................<br/>247003182950501 - LEPO3W<br/>3  Inserted................<br/><br/>4  Record(s) reading................<br/>240003121450502 - LEPO3W<br/>4  Inserted................<br/><br/>5  Record(s) reading................<br/>225003201650501 - LEPO3W<br/>5  Inserted................<br/><br/>6  Record(s) reading................<br/>222003187350501 - LEPO3W<br/>6  Inserted................<br/><br/>7  Record(s) reading................<br/>218003172950501 - LEPO3W<br/>7  Inserted................<br/><br/>
7 Record(s) syncronized.............................<br/>2018/11/29 17:01:41
Successfully connected to Oracle.<br/>Starting to echo
1  Record(s) reading................<br/>252003330450501 - LEPO3W<br/>1  Inserted................<br/><br/>2  Record(s) reading................<br/>259003292450501 - LEPO3W<br/>2  Inserted................<br/><br/>
2 Record(s) syncronized.............................<br/>2018/12/09 17:01:41
Successfully connected to Oracle.<br/>Starting to echo

0 Record(s) syncronized.............................<br/>2018/12/19 17:01:41
Successfully connected to Oracle.<br/>Starting to echo

0 Record(s) syncronized.............................<br/>2018/12/29 17:01:41
Successfully connected to Oracle.<br/>Starting to echo

0 Record(s) syncronized.............................<br/>2019/01/09 17:01:41
Successfully connected to Oracle.<br/>Starting to echo
1  Record(s) reading................<br/>245003654150501 - LEPO3W<br/>1  Inserted................<br/><br/>
1 Record(s) syncronized.............................<br/>2019/01/19 17:01:41
Successfully connected to Oracle.<br/>Starting to echo

0 Record(s) syncronized.............................<br/>2019/01/29 17:01:41
Successfully connected to Oracle.<br/>Starting to echo

0 Record(s) syncronized.............................<br/>2019/02/09 17:01:41
Successfully connected to Oracle.<br/>Starting to echo

0 Record(s) syncronized.............................<br/>2019/02/19 17:01:41
Successfully connected to Oracle.<br/>Starting to echo

0 Record(s) syncronized.............................<br/>2019/03/09 17:01:41
Successfully connected to Oracle.<br/>Starting to echo

0 Record(s) syncronized.............................<br/>2019/03/19 17:01:41
Successfully connected to Oracle.<br/>Starting to echo

0 Record(s) syncronized.............................<br/>2019/03/29 17:01:41
Successfully connected to Oracle.<br/>Starting to echo
1  Record(s) reading................<br/>225003944850501 - LEPO3W<br/>1  Inserted................<br/><br/>2  Record(s) reading................<br/>265003978350501 - LEPO3W<br/>2  Inserted................<br/><br/>
2 Record(s) syncronized.............................<br/>2019/04/09 17:01:41
Successfully connected to Oracle.<br/>Starting to echo

0 Record(s) syncronized.............................<br/>2019/04/19 17:01:41
Successfully connected to Oracle.<br/>Starting to echo

0 Record(s) syncronized.............................<br/>