2018/11/10 16:31:41
Successfully connected to Oracle.<br/>Starting to echo

0 Record(s) syncronized.............................<br/>2018/11/20 16:31:41
Successfully connected to Oracle.<br/>Starting to echo

0 Record(s) syncronized.............................<br/>2018/11/30 16:31:41
Successfully connected to Oracle.<br/>Starting to echo

0 Record(s) syncronized.............................<br/>2018/12/10 16:31:41
Successfully connected to Oracle.<br/>Starting to echo

0 Record(s) syncronized.............................<br/>2018/12/20 16:31:41
Successfully connected to Oracle.<br/>Starting to echo
1  Record(s) reading................<br/>245003461250501 - LEPO3W<br/>1  Inserted................<br/><br/>2  Record(s) reading................<br/>210003470850501 - LEPO3W<br/>2  Inserted................<br/><br/>3  Record(s) reading................<br/>222003480450501 - LEPO3W<br/>3  Inserted................<br/><br/>4  Record(s) reading................<br/>208003439750501 - LEPO3W<br/>4  Inserted................<br/><br/>5  Record(s) reading................<br/>209003472750501 - LEPO3W<br/>5  Inserted................<br/><br/>6  Record(s) reading................<br/>222003447250501 - LEPO3W<br/>6  Inserted................<br/><br/>7  Record(s) reading................<br/>217003414650501 - LEPO3W<br/>7  Inserted................<br/><br/>
7 Record(s) syncronized.............................<br/>2018/12/30 16:31:41
Successfully connected to Oracle.<br/>Starting to echo

0 Record(s) syncronized.............................<br/>2019/01/10 16:31:41
Successfully connected to Oracle.<br/>Starting to echo
1  Record(s) reading................<br/>264003498050501 - LEPO3W<br/>1  Inserted................<br/><br/>2  Record(s) reading................<br/>225003466050501 - LEPO3W<br/>2  Inserted................<br/><br/>3  Record(s) reading................<br/>268003638050501 - LEPO3W<br/>3  Inserted................<br/><br/>4  Record(s) reading................<br/>213003567250501 - LEPO3W<br/>4  Inserted................<br/><br/>5  Record(s) reading................<br/>266003385750501 - LEPO3W<br/>5  Inserted................<br/><br/>6  Record(s) reading................<br/>224003389750501 - LEPO3W<br/>6  Inserted................<br/><br/>7  Record(s) reading................<br/>252003282450501 - LEPO3W<br/>7  Inserted................<br/><br/>8  Record(s) reading................<br/>264003511150501 - LEPO3W<br/>8  Inserted................<br/><br/>9  Record(s) reading................<br/>242003592650501 - LEPO3W<br/>9  Inserted................<br/><br/>10  Record(s) reading................<br/>223003517250501 - LEPO3W<br/>10  Inserted................<br/><br/>
10 Record(s) syncronized.............................<br/>2019/01/20 16:31:41
Successfully connected to Oracle.<br/>Starting to echo

0 Record(s) syncronized.............................<br/>2019/01/30 16:31:41
Successfully connected to Oracle.<br/>Starting to echo

0 Record(s) syncronized.............................<br/>2019/02/10 16:31:41
Successfully connected to Oracle.<br/>Starting to echo

0 Record(s) syncronized.............................<br/>2019/02/20 16:31:41
Successfully connected to Oracle.<br/>Starting to echo

0 Record(s) syncronized.............................<br/>2019/03/10 16:31:41
Successfully connected to Oracle.<br/>Starting to echo

0 Record(s) syncronized.............................<br/>2019/03/20 16:31:41
Successfully connected to Oracle.<br/>Starting to echo

0 Record(s) syncronized.............................<br/>2019/03/30 16:31:41
Successfully connected to Oracle.<br/>Starting to echo

0 Record(s) syncronized.............................<br/>2019/04/10 16:31:41
Successfully connected to Oracle.<br/>Starting to echo

0 Record(s) syncronized.............................<br/>2019/04/20 16:31:41
Successfully connected to Oracle.<br/>Starting to echo

0 Record(s) syncronized.............................<br/>