2018/11/06 15:51:41
Successfully connected to Oracle.<br/>Starting to echo

0 Record(s) syncronized.............................<br/>2018/11/16 15:51:41
Successfully connected to Oracle.<br/>Starting to echo

0 Record(s) syncronized.............................<br/>2018/11/26 15:51:41
Successfully connected to Oracle.<br/>Starting to echo

0 Record(s) syncronized.............................<br/>2018/12/06 15:51:41
Successfully connected to Oracle.<br/>Starting to echo
1  Record(s) reading................<br/>243003316951001 - LEPO3W<br/>1  Inserted................<br/><br/>
1 Record(s) syncronized.............................<br/>2018/12/16 15:51:41
Successfully connected to Oracle.<br/>Starting to echo

0 Record(s) syncronized.............................<br/>2018/12/26 15:51:41
Successfully connected to Oracle.<br/>Starting to echo

0 Record(s) syncronized.............................<br/>2019/01/06 15:51:41
Successfully connected to Oracle.<br/>Starting to echo

0 Record(s) syncronized.............................<br/>2019/01/16 15:51:41
Successfully connected to Oracle.<br/>Starting to echo

0 Record(s) syncronized.............................<br/>2019/01/26 15:51:41
Successfully connected to Oracle.<br/>Starting to echo

0 Record(s) syncronized.............................<br/>2019/02/06 15:51:41
Successfully connected to Oracle.<br/>Starting to echo

0 Record(s) syncronized.............................<br/>2019/02/16 15:51:41
Successfully connected to Oracle.<br/>Starting to echo

0 Record(s) syncronized.............................<br/>2019/02/26 15:51:41
Successfully connected to Oracle.<br/>Starting to echo
1  Record(s) reading................<br/>245003845450501 - LEPO3W<br/>1  Inserted................<br/><br/>2  Record(s) reading................<br/>245003846350501 - LEPO3W<br/>2  Inserted................<br/><br/>
2 Record(s) syncronized.............................<br/>2019/03/06 15:51:41
Successfully connected to Oracle.<br/>Starting to echo
1  Record(s) reading................<br/>260000688351001 - LEPO3W<br/>1  Inserted................<br/><br/>
1 Record(s) syncronized.............................<br/>2019/03/16 15:51:41
Successfully connected to Oracle.<br/>Starting to echo

0 Record(s) syncronized.............................<br/>2019/03/26 15:51:41
Successfully connected to Oracle.<br/>Starting to echo
1  Record(s) reading................<br/>259003903850501 - LEPO3W<br/>1  Inserted................<br/><br/>2  Record(s) reading................<br/>266003943350501 - LEPO3W<br/>2  Inserted................<br/><br/>3  Record(s) reading................<br/>247003949250501 - LEPO3W<br/>3  Inserted................<br/><br/>4  Record(s) reading................<br/>216003888650501 - LEPO3W<br/>4  Inserted................<br/><br/>5  Record(s) reading................<br/>213003930550501 - LEPO3W<br/>5  Inserted................<br/><br/>
5 Record(s) syncronized.............................<br/>2019/04/06 15:51:41
Successfully connected to Oracle.<br/>Starting to echo

0 Record(s) syncronized.............................<br/>2019/04/16 15:51:41
Successfully connected to Oracle.<br/>Starting to echo

0 Record(s) syncronized.............................<br/>