2018/11/07 16:01:41
Successfully connected to Oracle.<br/>Starting to echo
1  Record(s) reading................<br/>266003093350501 - LEPO3W<br/>1  Inserted................<br/><br/>2  Record(s) reading................<br/>265003113450502 - LEPO3W<br/>2  Inserted................<br/><br/>
2 Record(s) syncronized.............................<br/>2018/11/17 16:01:41
Successfully connected to Oracle.<br/>Starting to echo

0 Record(s) syncronized.............................<br/>2018/11/27 16:01:41
Successfully connected to Oracle.<br/>Starting to echo

0 Record(s) syncronized.............................<br/>2018/12/07 16:01:41
Successfully connected to Oracle.<br/>Starting to echo

0 Record(s) syncronized.............................<br/>2018/12/17 16:01:41
Successfully connected to Oracle.<br/>Starting to echo

0 Record(s) syncronized.............................<br/>2018/12/27 16:01:41
Successfully connected to Oracle.<br/>Starting to echo
1  Record(s) reading................<br/>268003500350501 - LEPO3W<br/>1  Inserted................<br/><br/>2  Record(s) reading................<br/>268003515850501 - LEPO3W<br/>2  Inserted................<br/><br/>3  Record(s) reading................<br/>240003508150501 - LEPO3W<br/>3  Inserted................<br/><br/>4  Record(s) reading................<br/>268003511350501 - LEPO3W<br/>4  Inserted................<br/><br/>5  Record(s) reading................<br/>268003522550501 - LEPO3W<br/>5  Inserted................<br/><br/>6  Record(s) reading................<br/>240003410250501 - LEPO3W<br/>6  Inserted................<br/><br/>7  Record(s) reading................<br/>240003521250501 - LEPO3W<br/>7  Inserted................<br/><br/>
7 Record(s) syncronized.............................<br/>2019/01/07 16:01:41
Successfully connected to Oracle.<br/>Starting to echo

0 Record(s) syncronized.............................<br/>2019/01/17 16:01:41
Successfully connected to Oracle.<br/>Starting to echo
1  Record(s) reading................<br/>266003471050501 - LEPO3W<br/>1  Inserted................<br/><br/>2  Record(s) reading................<br/>218003607450501 - LEPO3W<br/>2  Inserted................<br/><br/>3  Record(s) reading................<br/>238003697150501 - LEPO3W<br/>3  Inserted................<br/><br/>4  Record(s) reading................<br/>265003704950501 - LEPO3W<br/>4  Inserted................<br/><br/>5  Record(s) reading................<br/>258003629250501 - LEPO3W<br/>5  Inserted................<br/><br/>6  Record(s) reading................<br/>233003683450501 - LEPO3W<br/>6  Inserted................<br/><br/>7  Record(s) reading................<br/>246003378650501 - LEPO3W<br/>7  Inserted................<br/><br/>8  Record(s) reading................<br/>216003524550501 - LEPO3W<br/>8  Inserted................<br/><br/>9  Record(s) reading................<br/>255003650550501 - LEPO3W<br/>9  Inserted................<br/><br/>10  Record(s) reading................<br/>216003702350501 - LEPO3W<br/>10  Inserted................<br/><br/>11  Record(s) reading................<br/>209003626850501 - LEPO3W<br/>11  Inserted................<br/><br/>12  Record(s) reading................<br/>249003350850501 - LEPO3W<br/>12  Inserted................<br/><br/>13  Record(s) reading................<br/>216003634150501 - LEPO3W<br/>13  Inserted................<br/><br/>14  Record(s) reading................<br/>257003411050501 - LEPO3W<br/>14  Inserted................<br/><br/>15  Record(s) reading................<br/>246003316150501 - LEPO3W<br/>15  Inserted................<br/><br/>
15 Record(s) syncronized.............................<br/>2019/01/27 16:01:41
Successfully connected to Oracle.<br/>Starting to echo

0 Record(s) syncronized.............................<br/>2019/02/07 16:01:41
Successfully connected to Oracle.<br/>Starting to echo

0 Record(s) syncronized.............................<br/>2019/02/17 16:01:41
Successfully connected to Oracle.<br/>Starting to echo

0 Record(s) syncronized.............................<br/>2019/02/27 16:01:41
Successfully connected to Oracle.<br/>Starting to echo
1  Record(s) reading................<br/>252003750550501 - LEPO3W<br/>1  Inserted................<br/><br/>2  Record(s) reading................<br/>222003706050501 - LEPO3W<br/>2  Inserted................<br/><br/>3  Record(s) reading................<br/>252003808350501 - LEPO3W<br/>3  Inserted................<br/><br/>4  Record(s) reading................<br/>248003725950502 - LEPO3W<br/>4  Inserted................<br/><br/>5  Record(s) reading................<br/>225003048050501 - LEPO3W<br/>5  Inserted................<br/><br/>6  Record(s) reading................<br/>257003493250502 - LEPO3W<br/>6  Inserted................<br/><br/>7  Record(s) reading................<br/>208003668350502 - LEPO3W<br/>7  Inserted................<br/><br/>8  Record(s) reading................<br/>240003834850501 - LEPO3W<br/>8  Inserted................<br/><br/>9  Record(s) reading................<br/>252003835850501 - LEPO3W<br/>9  Inserted................<br/><br/>10  Record(s) reading................<br/>214003756250502 - LEPO3W<br/>10  Inserted................<br/><br/>11  Record(s) reading................<br/>240003611150503 - LEPO3W<br/>11  Inserted................<br/><br/>12  Record(s) reading................<br/>256003724350502 - LEPO3W<br/>12  Inserted................<br/><br/>13  Record(s) reading................<br/>260003318250502 - LEPO3W<br/>13  Inserted................<br/><br/>14  Record(s) reading................<br/>222003346450501 - LEPO3W<br/>14  Inserted................<br/><br/>15  Record(s) reading................<br/>206003840350501 - LEPO3W<br/>15  Inserted................<br/><br/>16  Record(s) reading................<br/>267003742450502 - LEPO3W<br/>16  Inserted................<br/><br/>17  Record(s) reading................<br/>252003761150503 - LEPO3W<br/>17  Inserted................<br/><br/>
17 Record(s) syncronized.............................<br/>2019/03/07 16:01:41
Successfully connected to Oracle.<br/>Starting to echo

0 Record(s) syncronized.............................<br/>2019/03/17 16:01:41
Successfully connected to Oracle.<br/>Starting to echo

0 Record(s) syncronized.............................<br/>2019/03/27 16:01:41
Successfully connected to Oracle.<br/>Starting to echo

0 Record(s) syncronized.............................<br/>2019/04/07 16:01:41
Successfully connected to Oracle.<br/>Starting to echo

0 Record(s) syncronized.............................<br/>2019/04/17 16:01:41
Successfully connected to Oracle.<br/>Starting to echo

0 Record(s) syncronized.............................<br/>