2018/11/08 13:51:41
Successfully connected to Oracle.<br/>Starting to echo

0 Record(s) syncronized.............................<br/>2018/11/18 13:51:41
Successfully connected to Oracle.<br/>Starting to echo

0 Record(s) syncronized.............................<br/>2018/11/28 13:51:41
Successfully connected to Oracle.<br/>Starting to echo
1  Record(s) reading................<br/>216003277151001 - LEPO3W<br/>1  Inserted................<br/><br/>
1 Record(s) syncronized.............................<br/>2018/12/08 13:51:41
Successfully connected to Oracle.<br/>Starting to echo

0 Record(s) syncronized.............................<br/>2018/12/18 13:51:41
Successfully connected to Oracle.<br/>Starting to echo

0 Record(s) syncronized.............................<br/>2018/12/28 13:51:41
Successfully connected to Oracle.<br/>Starting to echo

0 Record(s) syncronized.............................<br/>2019/01/08 13:51:41
Successfully connected to Oracle.<br/>Starting to echo
1  Record(s) reading................<br/>249003419350501 - LEPO3W<br/>1  Inserted................<br/><br/>2  Record(s) reading................<br/>214003516250501 - LEPO3W<br/>2  Inserted................<br/><br/>3  Record(s) reading................<br/>220003381450501 - LEPO3W<br/>3  Inserted................<br/><br/>
3 Record(s) syncronized.............................<br/>2019/01/18 13:51:41
Successfully connected to Oracle.<br/>Starting to echo

0 Record(s) syncronized.............................<br/>2019/01/28 13:51:41
Successfully connected to Oracle.<br/>Starting to echo

0 Record(s) syncronized.............................<br/>2019/02/08 13:51:41
Successfully connected to Oracle.<br/>Starting to echo

0 Record(s) syncronized.............................<br/>2019/02/18 13:51:41
Successfully connected to Oracle.<br/>Starting to echo

0 Record(s) syncronized.............................<br/>2019/02/28 13:51:41
Successfully connected to Oracle.<br/>Starting to echo

0 Record(s) syncronized.............................<br/>2019/03/08 13:51:41
Successfully connected to Oracle.<br/>Starting to echo
1  Record(s) reading................<br/>252003877751001 - LEPO3W<br/>1  Inserted................<br/><br/>
1 Record(s) syncronized.............................<br/>2019/03/18 13:51:41
Successfully connected to Oracle.<br/>Starting to echo
1  Record(s) reading................<br/>243003918851001 - LEPO3W<br/>1  Inserted................<br/><br/>
1 Record(s) syncronized.............................<br/>2019/03/28 13:51:41
Successfully connected to Oracle.<br/>Starting to echo

0 Record(s) syncronized.............................<br/>2019/04/08 13:51:41
Successfully connected to Oracle.<br/>Starting to echo

0 Record(s) syncronized.............................<br/>2019/04/18 13:51:41
Successfully connected to Oracle.<br/>Starting to echo

0 Record(s) syncronized.............................<br/>