2018/11/12 15:31:41
Successfully connected to Oracle.<br/>Starting to echo

0 Record(s) syncronized.............................<br/>2018/11/22 15:31:41
Successfully connected to Oracle.<br/>Starting to echo

0 Record(s) syncronized.............................<br/>2018/12/02 15:31:41
Successfully connected to Oracle.<br/>Starting to echo

0 Record(s) syncronized.............................<br/>2018/12/12 15:31:41
Successfully connected to Oracle.<br/>Starting to echo

0 Record(s) syncronized.............................<br/>2018/12/22 15:31:41
Successfully connected to Oracle.<br/>Starting to echo

0 Record(s) syncronized.............................<br/>2019/01/02 15:31:41
Successfully connected to Oracle.<br/>Starting to echo

0 Record(s) syncronized.............................<br/>2019/01/12 15:31:41
Successfully connected to Oracle.<br/>Starting to echo

0 Record(s) syncronized.............................<br/>2019/01/22 15:31:41
Successfully connected to Oracle.<br/>Starting to echo
1  Record(s) reading................<br/>267003709950502 - LEPO3W<br/>1  Inserted................<br/><br/>2  Record(s) reading................<br/>222003699150501 - LEPO3W<br/>2  Inserted................<br/><br/>3  Record(s) reading................<br/>246003732750501 - LEPO3W<br/>3  Inserted................<br/><br/>4  Record(s) reading................<br/>225003608550501 - LEPO3W<br/>4  Inserted................<br/><br/>5  Record(s) reading................<br/>208003655150501 - LEPO3W<br/>5  Inserted................<br/><br/>6  Record(s) reading................<br/>256003568950501 - LEPO3W<br/>6  Inserted................<br/><br/>7  Record(s) reading................<br/>266003616850501 - LEPO3W<br/>7  Inserted................<br/><br/>8  Record(s) reading................<br/>239003660650501 - LEPO3W<br/>8  Inserted................<br/><br/>9  Record(s) reading................<br/>206003671250501 - LEPO3W<br/>9  Inserted................<br/><br/>10  Record(s) reading................<br/>208003671550501 - LEPO3W<br/>10  Inserted................<br/><br/>11  Record(s) reading................<br/>208003678050501 - LEPO3W<br/>11  Inserted................<br/><br/>12  Record(s) reading................<br/>216003721750501 - LEPO3W<br/>12  Inserted................<br/><br/>13  Record(s) reading................<br/>242003612450501 - LEPO3W<br/>13  Inserted................<br/><br/>14  Record(s) reading................<br/>242003557850501 - LEPO3W<br/>14  Inserted................<br/><br/>15  Record(s) reading................<br/>268003733050501 - LEPO3W<br/>15  Inserted................<br/><br/>16  Record(s) reading................<br/>225003674050501 - LEPO3W<br/>16  Inserted................<br/><br/>17  Record(s) reading................<br/>233003595550501 - LEPO3W<br/>17  Inserted................<br/><br/>
17 Record(s) syncronized.............................<br/>2019/02/02 15:31:41
Successfully connected to Oracle.<br/>Starting to echo

0 Record(s) syncronized.............................<br/>2019/02/12 15:31:41
Successfully connected to Oracle.<br/>Starting to echo

0 Record(s) syncronized.............................<br/>2019/02/22 15:31:41
Successfully connected to Oracle.<br/>Starting to echo

0 Record(s) syncronized.............................<br/>2019/03/02 15:31:41
Successfully connected to Oracle.<br/>Starting to echo

0 Record(s) syncronized.............................<br/>2019/03/12 15:31:41
Successfully connected to Oracle.<br/>Starting to echo
1  Record(s) reading................<br/>264003857650501 - LEPO3W<br/>1  Inserted................<br/><br/>2  Record(s) reading................<br/>255003866750502 - LEPO3W<br/>2  Inserted................<br/><br/>3  Record(s) reading................<br/>238003873450501 - LEPO3W<br/>3  Inserted................<br/><br/>4  Record(s) reading................<br/>256003781650501 - LEPO3W<br/>4  Inserted................<br/><br/>5  Record(s) reading................<br/>235003871850501 - LEPO3W<br/>5  Inserted................<br/><br/>6  Record(s) reading................<br/>265003883150501 - LEPO3W<br/>6  Inserted................<br/><br/>7  Record(s) reading................<br/>246003844150501 - LEPO3W<br/>7  Inserted................<br/><br/>
7 Record(s) syncronized.............................<br/>2019/03/22 15:31:41
Successfully connected to Oracle.<br/>Starting to echo

0 Record(s) syncronized.............................<br/>2019/04/02 15:31:41
Successfully connected to Oracle.<br/>Starting to echo

0 Record(s) syncronized.............................<br/>2019/04/12 15:31:41
Successfully connected to Oracle.<br/>Starting to echo

0 Record(s) syncronized.............................<br/>2019/04/22 15:31:41
Successfully connected to Oracle.<br/>Starting to echo

0 Record(s) syncronized.............................<br/>