2018/11/08 14:21:41
Successfully connected to Oracle.<br/>Starting to echo

0 Record(s) syncronized.............................<br/>2018/11/18 14:21:41
Successfully connected to Oracle.<br/>Starting to echo

0 Record(s) syncronized.............................<br/>2018/11/28 14:21:41
Successfully connected to Oracle.<br/>Starting to echo
1  Record(s) reading................<br/>259003333251001 - LEPO3W<br/>1  Inserted................<br/><br/>
1 Record(s) syncronized.............................<br/>2018/12/08 14:21:41
Successfully connected to Oracle.<br/>Starting to echo

0 Record(s) syncronized.............................<br/>2018/12/18 14:21:41
Successfully connected to Oracle.<br/>Starting to echo
1  Record(s) reading................<br/>206003482651001 - LEPO3W<br/>1  Inserted................<br/><br/>
1 Record(s) syncronized.............................<br/>2018/12/28 14:21:41
Successfully connected to Oracle.<br/>Starting to echo

0 Record(s) syncronized.............................<br/>2019/01/08 14:21:41
Successfully connected to Oracle.<br/>Starting to echo

0 Record(s) syncronized.............................<br/>2019/01/18 14:21:41
Successfully connected to Oracle.<br/>Starting to echo
1  Record(s) reading................<br/>206003720051001 - LEPO3W<br/>1  Inserted................<br/><br/>2  Record(s) reading................<br/>242003670351001 - LEPO3W<br/>2  Inserted................<br/><br/>
2 Record(s) syncronized.............................<br/>2019/01/28 14:21:41
Successfully connected to Oracle.<br/>Starting to echo

0 Record(s) syncronized.............................<br/>2019/02/08 14:21:41
Successfully connected to Oracle.<br/>Starting to echo
1  Record(s) reading................<br/>208003274650501 - LEPO3W<br/>1  Inserted................<br/><br/>2  Record(s) reading................<br/>208003299350501 - LEPO3W<br/>2  Inserted................<br/><br/>3  Record(s) reading................<br/>225002861750501 - LEPO3W<br/>3  Inserted................<br/><br/>4  Record(s) reading................<br/>220003799650501 - LEPO3W<br/>4  Inserted................<br/><br/>5  Record(s) reading................<br/>268003782350501 - LEPO3W<br/>5  Inserted................<br/><br/>6  Record(s) reading................<br/>206003746850501 - LEPO3W<br/>6  Inserted................<br/><br/>7  Record(s) reading................<br/>208003187550502 - LEPO3W<br/>7  Inserted................<br/><br/>
7 Record(s) syncronized.............................<br/>2019/02/18 14:21:41
Successfully connected to Oracle.<br/>Starting to echo

0 Record(s) syncronized.............................<br/>2019/02/28 14:21:41
Successfully connected to Oracle.<br/>Starting to echo

0 Record(s) syncronized.............................<br/>2019/03/08 14:21:41
Successfully connected to Oracle.<br/>Starting to echo

0 Record(s) syncronized.............................<br/>2019/03/18 14:21:41
Successfully connected to Oracle.<br/>Starting to echo

0 Record(s) syncronized.............................<br/>2019/03/28 14:21:41
Successfully connected to Oracle.<br/>Starting to echo

0 Record(s) syncronized.............................<br/>2019/04/08 14:21:41
Successfully connected to Oracle.<br/>Starting to echo

0 Record(s) syncronized.............................<br/>2019/04/18 14:21:41
Successfully connected to Oracle.<br/>Starting to echo

0 Record(s) syncronized.............................<br/>