2018/11/10 17:01:41
Successfully connected to Oracle.<br/>Starting to echo

0 Record(s) syncronized.............................<br/>2018/11/20 17:01:41
Successfully connected to Oracle.<br/>Starting to echo

0 Record(s) syncronized.............................<br/>2018/11/30 17:01:41
Successfully connected to Oracle.<br/>Starting to echo
1  Record(s) reading................<br/>208003339650502 - LEPO3W<br/>1  Inserted................<br/><br/>2  Record(s) reading................<br/>252003178850502 - LEPO3W<br/>2  Inserted................<br/><br/>3  Record(s) reading................<br/>237002945850503 - LEPO3W<br/>3  Inserted................<br/><br/>4  Record(s) reading................<br/>255003309950502 - LEPO3W<br/>4  Inserted................<br/><br/>5  Record(s) reading................<br/>252003291950502 - LEPO3W<br/>5  Inserted................<br/><br/>6  Record(s) reading................<br/>235003283950502 - LEPO3W<br/>6  Inserted................<br/><br/>7  Record(s) reading................<br/>225003044250502 - LEPO3W<br/>7  Inserted................<br/><br/>8  Record(s) reading................<br/>246003258850502 - LEPO3W<br/>8  Inserted................<br/><br/>9  Record(s) reading................<br/>248003267250502 - LEPO3W<br/>9  Inserted................<br/><br/>
9 Record(s) syncronized.............................<br/>2018/12/10 17:01:41
Successfully connected to Oracle.<br/>Starting to echo

0 Record(s) syncronized.............................<br/>2018/12/20 17:01:41
Successfully connected to Oracle.<br/>Starting to echo
1  Record(s) reading................<br/>208003467550501 - LEPO3W<br/>1  Inserted................<br/><br/>2  Record(s) reading................<br/>222003391450502 - LEPO3W<br/>2  Inserted................<br/><br/>3  Record(s) reading................<br/>255003421850501 - LEPO3W<br/>3  Inserted................<br/><br/>4  Record(s) reading................<br/>265003362150502 - LEPO3W<br/>4  Inserted................<br/><br/>5  Record(s) reading................<br/>240003386250501 - LEPO3W<br/>5  Inserted................<br/><br/>
5 Record(s) syncronized.............................<br/>2018/12/30 17:01:41
Successfully connected to Oracle.<br/>Starting to echo

0 Record(s) syncronized.............................<br/>2019/01/10 17:01:41
Successfully connected to Oracle.<br/>Starting to echo
1  Record(s) reading................<br/>223003395050501 - LEPO3W<br/>1  Inserted................<br/><br/>2  Record(s) reading................<br/>233003586650501 - LEPO3W<br/>2  Inserted................<br/><br/>3  Record(s) reading................<br/>218003605550501 - LEPO3W<br/>3  Inserted................<br/><br/>4  Record(s) reading................<br/>242003615450501 - LEPO3W<br/>4  Inserted................<br/><br/>5  Record(s) reading................<br/>213003566450501 - LEPO3W<br/>5  Inserted................<br/><br/>6  Record(s) reading................<br/>213003530250501 - LEPO3W<br/>6  Inserted................<br/><br/>7  Record(s) reading................<br/>233003598150501 - LEPO3W<br/>7  Inserted................<br/><br/>8  Record(s) reading................<br/>239003572950501 - LEPO3W<br/>8  Inserted................<br/><br/>9  Record(s) reading................<br/>240003614450501 - LEPO3W<br/>9  Inserted................<br/><br/>10  Record(s) reading................<br/>225003557350501 - LEPO3W<br/>10  Inserted................<br/><br/>11  Record(s) reading................<br/>261003491850501 - LEPO3W<br/>11  Inserted................<br/><br/>12  Record(s) reading................<br/>261003511450501 - LEPO3W<br/>12  Inserted................<br/><br/>13  Record(s) reading................<br/>233003611050501 - LEPO3W<br/>13  Inserted................<br/><br/>14  Record(s) reading................<br/>225003599050501 - LEPO3W<br/>14  Inserted................<br/><br/>15  Record(s) reading................<br/>231003588450501 - LEPO3W<br/>15  Inserted................<br/><br/>
15 Record(s) syncronized.............................<br/>2019/01/20 17:01:41
Successfully connected to Oracle.<br/>Starting to echo

0 Record(s) syncronized.............................<br/>2019/01/30 17:01:41
Successfully connected to Oracle.<br/>Starting to echo
1  Record(s) reading................<br/>267003568350501 - LEPO3W<br/>1  Inserted................<br/><br/>2  Record(s) reading................<br/>205003723350501 - LEPO3W<br/>2  Inserted................<br/><br/>3  Record(s) reading................<br/>258003712050501 - LEPO3W<br/>3  Inserted................<br/><br/>4  Record(s) reading................<br/>247003567450502 - LEPO3W<br/>4  Inserted................<br/><br/>5  Record(s) reading................<br/>247003750250501 - LEPO3W<br/>5  Inserted................<br/><br/>6  Record(s) reading................<br/>220003388650501 - LEPO3W<br/>6  Inserted................<br/><br/>7  Record(s) reading................<br/>242003634850501 - LEPO3W<br/>7  Inserted................<br/><br/>8  Record(s) reading................<br/>242003156750501 - LEPO3W<br/>8  Inserted................<br/><br/>9  Record(s) reading................<br/>222003737950501 - LEPO3W<br/>9  Inserted................<br/><br/>10  Record(s) reading................<br/>220003710150501 - LEPO3W<br/>10  Inserted................<br/><br/>11  Record(s) reading................<br/>258003679850501 - LEPO3W<br/>11  Inserted................<br/><br/>
11 Record(s) syncronized.............................<br/>2019/02/10 17:01:41
Successfully connected to Oracle.<br/>Starting to echo

0 Record(s) syncronized.............................<br/>2019/02/20 17:01:41
Successfully connected to Oracle.<br/>Starting to echo

0 Record(s) syncronized.............................<br/>2019/03/10 17:01:41
Successfully connected to Oracle.<br/>Starting to echo

0 Record(s) syncronized.............................<br/>2019/03/20 17:01:41
Successfully connected to Oracle.<br/>Starting to echo

0 Record(s) syncronized.............................<br/>2019/03/30 17:01:41
Successfully connected to Oracle.<br/>Starting to echo

0 Record(s) syncronized.............................<br/>2019/04/10 17:01:41
Successfully connected to Oracle.<br/>Starting to echo

0 Record(s) syncronized.............................<br/>2019/04/20 17:01:41
Successfully connected to Oracle.<br/>Starting to echo

0 Record(s) syncronized.............................<br/>