2018/11/09 10:01:41
Successfully connected to Oracle.<br/>Starting to echo
1  Record(s) reading................<br/>242003185851001 - LEPO3W<br/>1  Inserted................<br/><br/>
1 Record(s) syncronized.............................<br/>2018/11/19 10:01:41
Successfully connected to Oracle.<br/>Starting to echo
1  Record(s) reading................<br/>224003118750502 - LEPO3W<br/>1  Inserted................<br/><br/>2  Record(s) reading................<br/>205003220150501 - LEPO3W<br/>2  Inserted................<br/><br/>3  Record(s) reading................<br/>222003193550501 - LEPO3W<br/>3  Inserted................<br/><br/>4  Record(s) reading................<br/>218003228850501 - LEPO3W<br/>4  Inserted................<br/><br/>5  Record(s) reading................<br/>248003107550502 - LEPO3W<br/>5  Inserted................<br/><br/>6  Record(s) reading................<br/>224003214250501 - LEPO3W<br/>6  Inserted................<br/><br/>7  Record(s) reading................<br/>224003200050501 - LEPO3W<br/>7  Inserted................<br/><br/>8  Record(s) reading................<br/>268003246450501 - LEPO3W<br/>8  Inserted................<br/><br/>9  Record(s) reading................<br/>248003208750501 - LEPO3W<br/>9  Inserted................<br/><br/>10  Record(s) reading................<br/>266003192450501 - LEPO3W<br/>10  Inserted................<br/><br/>11  Record(s) reading................<br/>266001037250501 - LEPO3W<br/>11  Inserted................<br/><br/>12  Record(s) reading................<br/>218003249050501 - LEPO3W<br/>12  Inserted................<br/><br/>13  Record(s) reading................<br/>221003227251001 - LEPO3W<br/>13  Inserted................<br/><br/>14  Record(s) reading................<br/>238003248650501 - LEPO3W<br/>14  Inserted................<br/><br/>15  Record(s) reading................<br/>258003136050501 - LEPO3W<br/>15  Inserted................<br/><br/>
15 Record(s) syncronized.............................<br/>2018/11/29 10:01:41
Successfully connected to Oracle.<br/>Starting to echo
1  Record(s) reading................<br/>213003329151001 - LEPO3W<br/>1  Inserted................<br/><br/>
1 Record(s) syncronized.............................<br/>2018/12/09 10:01:41
Successfully connected to Oracle.<br/>Starting to echo

0 Record(s) syncronized.............................<br/>2018/12/19 10:01:41
Successfully connected to Oracle.<br/>Starting to echo

0 Record(s) syncronized.............................<br/>2018/12/29 10:01:41
Successfully connected to Oracle.<br/>Starting to echo

0 Record(s) syncronized.............................<br/>2019/01/09 10:01:41
Successfully connected to Oracle.<br/>Starting to echo

0 Record(s) syncronized.............................<br/>2019/01/19 10:01:41
Successfully connected to Oracle.<br/>Starting to echo

0 Record(s) syncronized.............................<br/>2019/01/29 10:01:41
Successfully connected to Oracle.<br/>Starting to echo

0 Record(s) syncronized.............................<br/>2019/02/09 10:01:41
Successfully connected to Oracle.<br/>Starting to echo

0 Record(s) syncronized.............................<br/>2019/02/19 10:01:41
Successfully connected to Oracle.<br/>Starting to echo

0 Record(s) syncronized.............................<br/>2019/03/09 10:01:41
Successfully connected to Oracle.<br/>Starting to echo

0 Record(s) syncronized.............................<br/>2019/03/19 10:01:41
Successfully connected to Oracle.<br/>Starting to echo

0 Record(s) syncronized.............................<br/>2019/03/29 10:01:41
Successfully connected to Oracle.<br/>Starting to echo

0 Record(s) syncronized.............................<br/>2019/04/09 10:01:41
Successfully connected to Oracle.<br/>Starting to echo

0 Record(s) syncronized.............................<br/>2019/04/19 10:01:41
Successfully connected to Oracle.<br/>Starting to echo

0 Record(s) syncronized.............................<br/>