2018/11/08 15:51:41
Successfully connected to Oracle.<br/>Starting to echo

0 Record(s) syncronized.............................<br/>2018/11/18 15:51:41
Successfully connected to Oracle.<br/>Starting to echo

0 Record(s) syncronized.............................<br/>2018/11/28 15:51:41
Successfully connected to Oracle.<br/>Starting to echo
1  Record(s) reading................<br/>258003329551001 - LEPO3W<br/>1  Inserted................<br/><br/>
1 Record(s) syncronized.............................<br/>2018/12/08 15:51:41
Successfully connected to Oracle.<br/>Starting to echo

0 Record(s) syncronized.............................<br/>2018/12/18 15:51:41
Successfully connected to Oracle.<br/>Starting to echo
1  Record(s) reading................<br/>235003427051001 - LEPO3W<br/>1  Inserted................<br/><br/>
1 Record(s) syncronized.............................<br/>2018/12/28 15:51:41
Successfully connected to Oracle.<br/>Starting to echo
1  Record(s) reading................<br/>248003510650501 - LEPO3W<br/>1  Inserted................<br/><br/>2  Record(s) reading................<br/>264003446950501 - LEPO3W<br/>2  Inserted................<br/><br/>3  Record(s) reading................<br/>261003513450501 - LEPO3W<br/>3  Inserted................<br/><br/>4  Record(s) reading................<br/>248003458950501 - LEPO3W<br/>4  Inserted................<br/><br/>5  Record(s) reading................<br/>225003255150502 - LEPO3W<br/>5  Inserted................<br/><br/>6  Record(s) reading................<br/>239003442750501 - LEPO3W<br/>6  Inserted................<br/><br/>7  Record(s) reading................<br/>225003472250501 - LEPO3W<br/>7  Inserted................<br/><br/>8  Record(s) reading................<br/>265003045850502 - LEPO3W<br/>8  Inserted................<br/><br/>9  Record(s) reading................<br/>233003482450501 - LEPO3W<br/>9  Inserted................<br/><br/>10  Record(s) reading................<br/>239003400350501 - LEPO3W<br/>10  Inserted................<br/><br/>
10 Record(s) syncronized.............................<br/>2019/01/08 15:51:43
Successfully connected to Oracle.<br/>Starting to echo

0 Record(s) syncronized.............................<br/>2019/01/18 15:51:41
Successfully connected to Oracle.<br/>Starting to echo

0 Record(s) syncronized.............................<br/>2019/01/28 15:51:41
Successfully connected to Oracle.<br/>Starting to echo
1  Record(s) reading................<br/>252003709450501 - LEPO3W<br/>1  Inserted................<br/><br/>2  Record(s) reading................<br/>259003600050501 - LEPO3W<br/>2  Inserted................<br/><br/>3  Record(s) reading................<br/>205003722250501 - LEPO3W<br/>3  Inserted................<br/><br/>4  Record(s) reading................<br/>205003735750501 - LEPO3W<br/>4  Inserted................<br/><br/>5  Record(s) reading................<br/>246003521650502 - LEPO3W<br/>5  Inserted................<br/><br/>
5 Record(s) syncronized.............................<br/>2019/02/08 15:51:41
Successfully connected to Oracle.<br/>Starting to echo
1  Record(s) reading................<br/>259003797151002 - LEPO3W<br/>1  Inserted................<br/><br/>
1 Record(s) syncronized.............................<br/>2019/02/18 15:51:41
Successfully connected to Oracle.<br/>Starting to echo
1  Record(s) reading................<br/>252003769550501 - LEPO3W<br/>1  Inserted................<br/><br/>2  Record(s) reading................<br/>225003828250501 - LEPO3W<br/>2  Inserted................<br/><br/>3  Record(s) reading................<br/>248003819150501 - LEPO3W<br/>3  Inserted................<br/><br/>4  Record(s) reading................<br/>265003663450503 - LEPO3W<br/>4  Inserted................<br/><br/>5  Record(s) reading................<br/>265003748650501 - LEPO3W<br/>5  Inserted................<br/><br/>6  Record(s) reading................<br/>266003583250501 - LEPO3W<br/>6  Inserted................<br/><br/>7  Record(s) reading................<br/>255003810450501 - LEPO3W<br/>7  Inserted................<br/><br/>8  Record(s) reading................<br/>255003605350502 - LEPO3W<br/>8  Inserted................<br/><br/>
8 Record(s) syncronized.............................<br/>2019/02/28 15:51:41
Successfully connected to Oracle.<br/>Starting to echo
1  Record(s) reading................<br/>242003863651001 - LEPO3W<br/>1  Inserted................<br/><br/>
1 Record(s) syncronized.............................<br/>2019/03/08 15:51:41
Successfully connected to Oracle.<br/>Starting to echo

0 Record(s) syncronized.............................<br/>2019/03/18 15:51:41
Successfully connected to Oracle.<br/>Starting to echo
1  Record(s) reading................<br/>217003911550501 - LEPO3W<br/>1  Inserted................<br/><br/>
1 Record(s) syncronized.............................<br/>2019/03/28 15:51:41
Successfully connected to Oracle.<br/>Starting to echo

0 Record(s) syncronized.............................<br/>2019/04/08 15:51:41
Successfully connected to Oracle.<br/>Starting to echo
1  Record(s) reading................<br/>246003961450501 - LEPO3W<br/>1  Inserted................<br/><br/>2  Record(s) reading................<br/>222003997850501 - LEPO3W<br/>2  Inserted................<br/><br/>3  Record(s) reading................<br/>268003997350501 - LEPO3W<br/>3  Inserted................<br/><br/>4  Record(s) reading................<br/>259003952050501 - LEPO3W<br/>4  Inserted................<br/><br/>5  Record(s) reading................<br/>259003982550501 - LEPO3W<br/>5  Inserted................<br/><br/>6  Record(s) reading................<br/>248003996150501 - LEPO3W<br/>6  Inserted................<br/><br/>7  Record(s) reading................<br/>239004003750501 - LEPO3W<br/>7  Inserted................<br/><br/>8  Record(s) reading................<br/>223003432750503 - LEPO3W<br/>8  Inserted................<br/><br/>9  Record(s) reading................<br/>235003999150501 - LEPO3W<br/>9  Inserted................<br/><br/>10  Record(s) reading................<br/>238003995050502 - LEPO3W<br/>10  Inserted................<br/><br/>
10 Record(s) syncronized.............................<br/>2019/04/18 15:51:41
Successfully connected to Oracle.<br/>Starting to echo

0 Record(s) syncronized.............................<br/>