2018/11/06 14:51:41
Successfully connected to Oracle.<br/>Starting to echo
1  Record(s) reading................<br/>245003179750501 - LEPO3W<br/>1  Inserted................<br/><br/>2  Record(s) reading................<br/>267003180850501 - LEPO3W<br/>2  Inserted................<br/><br/>3  Record(s) reading................<br/>265003101150501 - LEPO3W<br/>3  Inserted................<br/><br/>4  Record(s) reading................<br/>265003170350501 - LEPO3W<br/>4  Inserted................<br/><br/>5  Record(s) reading................<br/>255003180150501 - LEPO3W<br/>5  Inserted................<br/><br/>
5 Record(s) syncronized.............................<br/>2018/11/16 14:51:41
Successfully connected to Oracle.<br/>Starting to echo

0 Record(s) syncronized.............................<br/>2018/11/26 14:51:41
Successfully connected to Oracle.<br/>Starting to echo

0 Record(s) syncronized.............................<br/>2018/12/06 14:51:41
Successfully connected to Oracle.<br/>Starting to echo
1  Record(s) reading................<br/>265003371950501 - LEPO3W<br/>1  Inserted................<br/><br/>2  Record(s) reading................<br/>222003359150501 - LEPO3W<br/>2  Inserted................<br/><br/>3  Record(s) reading................<br/>265003372650501 - LEPO3W<br/>3  Inserted................<br/><br/>4  Record(s) reading................<br/>265003358650501 - LEPO3W<br/>4  Inserted................<br/><br/>
4 Record(s) syncronized.............................<br/>2018/12/16 14:51:41
Successfully connected to Oracle.<br/>Starting to echo

0 Record(s) syncronized.............................<br/>2018/12/26 14:51:41
Successfully connected to Oracle.<br/>Starting to echo

0 Record(s) syncronized.............................<br/>2019/01/06 14:51:41
Successfully connected to Oracle.<br/>Starting to echo

0 Record(s) syncronized.............................<br/>2019/01/16 14:51:41
Successfully connected to Oracle.<br/>Starting to echo

0 Record(s) syncronized.............................<br/>2019/01/26 14:51:41
Successfully connected to Oracle.<br/>Starting to echo

0 Record(s) syncronized.............................<br/>2019/02/06 14:51:41
Successfully connected to Oracle.<br/>Starting to echo
1  Record(s) reading................<br/>252003738850503 - LEPO3W<br/>1  Inserted................<br/><br/>
1 Record(s) syncronized.............................<br/>2019/02/16 14:51:41
Successfully connected to Oracle.<br/>Starting to echo

0 Record(s) syncronized.............................<br/>2019/02/26 14:51:41
Successfully connected to Oracle.<br/>Starting to echo

0 Record(s) syncronized.............................<br/>2019/03/06 14:51:41
Successfully connected to Oracle.<br/>Starting to echo
1  Record(s) reading................<br/>216003841950501 - LEPO3W<br/>1  Inserted................<br/><br/>2  Record(s) reading................<br/>225003845950501 - LEPO3W<br/>2  Inserted................<br/><br/>3  Record(s) reading................<br/>248000819150503 - LEPO3W<br/>3  Inserted................<br/><br/>4  Record(s) reading................<br/>208003314250503 - LEPO3W<br/>4  Inserted................<br/><br/>5  Record(s) reading................<br/>213003831050501 - LEPO3W<br/>5  Inserted................<br/><br/>6  Record(s) reading................<br/>225003866050501 - LEPO3W<br/>6  Inserted................<br/><br/>7  Record(s) reading................<br/>267003692050504 - LEPO3W<br/>7  Inserted................<br/><br/>
7 Record(s) syncronized.............................<br/>2019/03/16 14:51:41
Successfully connected to Oracle.<br/>Starting to echo

0 Record(s) syncronized.............................<br/>2019/03/26 14:51:41
Successfully connected to Oracle.<br/>Starting to echo

0 Record(s) syncronized.............................<br/>2019/04/06 14:51:41
Successfully connected to Oracle.<br/>Starting to echo

0 Record(s) syncronized.............................<br/>2019/04/16 14:51:41
Successfully connected to Oracle.<br/>Starting to echo

0 Record(s) syncronized.............................<br/>