2018/11/09 16:11:41
Successfully connected to Oracle.<br/>Starting to echo
1  Record(s) reading................<br/>265003191850501 - LEPO3W<br/>1  Inserted................<br/><br/>2  Record(s) reading................<br/>265003198750501 - LEPO3W<br/>2  Inserted................<br/><br/>3  Record(s) reading................<br/>255003195550501 - LEPO3W<br/>3  Inserted................<br/><br/>4  Record(s) reading................<br/>245003206150501 - LEPO3W<br/>4  Inserted................<br/><br/>5  Record(s) reading................<br/>238003203650501 - LEPO3W<br/>5  Inserted................<br/><br/>6  Record(s) reading................<br/>205003202050501 - LEPO3W<br/>6  Inserted................<br/><br/>7  Record(s) reading................<br/>253003158850501 - LEPO3W<br/>7  Inserted................<br/><br/>8  Record(s) reading................<br/>225003174650501 - LEPO3W<br/>8  Inserted................<br/><br/>
8 Record(s) syncronized.............................<br/>2018/11/19 16:11:41
Successfully connected to Oracle.<br/>Starting to echo

0 Record(s) syncronized.............................<br/>2018/11/29 16:11:41
Successfully connected to Oracle.<br/>Starting to echo
1  Record(s) reading................<br/>247003307750501 - LEPO3W<br/>1  Inserted................<br/><br/>2  Record(s) reading................<br/>225003334050501 - LEPO3W<br/>2  Inserted................<br/><br/>3  Record(s) reading................<br/>213003311450501 - LEPO3W<br/>3  Inserted................<br/><br/>4  Record(s) reading................<br/>213003309150501 - LEPO3W<br/>4  Inserted................<br/><br/>5  Record(s) reading................<br/>217003295150501 - LEPO3W<br/>5  Inserted................<br/><br/>6  Record(s) reading................<br/>225003304750501 - LEPO3W<br/>6  Inserted................<br/><br/>7  Record(s) reading................<br/>213003324650501 - LEPO3W<br/>7  Inserted................<br/><br/>8  Record(s) reading................<br/>256003270050501 - LEPO3W<br/>8  Inserted................<br/><br/>9  Record(s) reading................<br/>208003285050501 - LEPO3W<br/>9  Inserted................<br/><br/>10  Record(s) reading................<br/>256003252150502 - LEPO3W<br/>10  Inserted................<br/><br/>
10 Record(s) syncronized.............................<br/>2018/12/09 16:11:41
Successfully connected to Oracle.<br/>Starting to echo

0 Record(s) syncronized.............................<br/>2018/12/19 16:11:41
Successfully connected to Oracle.<br/>Starting to echo
1  Record(s) reading................<br/>248003086850501 - LEPO3W<br/>1  Inserted................<br/><br/>2  Record(s) reading................<br/>217003370850501 - LEPO3W<br/>2  Inserted................<br/><br/>3  Record(s) reading................<br/>220003351150501 - LEPO3W<br/>3  Inserted................<br/><br/>4  Record(s) reading................<br/>217003370450501 - LEPO3W<br/>4  Inserted................<br/><br/>5  Record(s) reading................<br/>255003402950501 - LEPO3W<br/>5  Inserted................<br/><br/>6  Record(s) reading................<br/>213003370550501 - LEPO3W<br/>6  Inserted................<br/><br/>7  Record(s) reading................<br/>217003369950501 - LEPO3W<br/>7  Inserted................<br/><br/>
7 Record(s) syncronized.............................<br/>2018/12/29 16:11:41
Successfully connected to Oracle.<br/>Starting to echo

0 Record(s) syncronized.............................<br/>2019/01/09 16:11:41
Successfully connected to Oracle.<br/>Starting to echo
1  Record(s) reading................<br/>245003644750501 - LEPO3W<br/>1  Inserted................<br/><br/>2  Record(s) reading................<br/>245003544050501 - LEPO3W<br/>2  Inserted................<br/><br/>3  Record(s) reading................<br/>222003627450501 - LEPO3W<br/>3  Inserted................<br/><br/>4  Record(s) reading................<br/>245003643350501 - LEPO3W<br/>4  Inserted................<br/><br/>5  Record(s) reading................<br/>245003644550501 - LEPO3W<br/>5  Inserted................<br/><br/>6  Record(s) reading................<br/>245003626050501 - LEPO3W<br/>6  Inserted................<br/><br/>7  Record(s) reading................<br/>245003627950501 - LEPO3W<br/>7  Inserted................<br/><br/>
7 Record(s) syncronized.............................<br/>2019/01/19 16:11:41
Successfully connected to Oracle.<br/>Starting to echo

0 Record(s) syncronized.............................<br/>2019/01/29 16:11:41
Successfully connected to Oracle.<br/>Starting to echo
1  Record(s) reading................<br/>238003739850501 - LEPO3W<br/>1  Inserted................<br/><br/>2  Record(s) reading................<br/>252003686550501 - LEPO3W<br/>2  Inserted................<br/><br/>3  Record(s) reading................<br/>233003525250501 - LEPO3W<br/>3  Inserted................<br/><br/>4  Record(s) reading................<br/>248003681950501 - LEPO3W<br/>4  Inserted................<br/><br/>5  Record(s) reading................<br/>225003484650501 - LEPO3W<br/>5  Inserted................<br/><br/>6  Record(s) reading................<br/>224003589350501 - LEPO3W<br/>6  Inserted................<br/><br/>7  Record(s) reading................<br/>252003660150501 - LEPO3W<br/>7  Inserted................<br/><br/>8  Record(s) reading................<br/>248003669350501 - LEPO3W<br/>8  Inserted................<br/><br/>9  Record(s) reading................<br/>245003766750501 - LEPO3W<br/>9  Inserted................<br/><br/>10  Record(s) reading................<br/>205003717150501 - LEPO3W<br/>10  Inserted................<br/><br/>11  Record(s) reading................<br/>248003680050501 - LEPO3W<br/>11  Inserted................<br/><br/>12  Record(s) reading................<br/>268003763450501 - LEPO3W<br/>12  Inserted................<br/><br/>13  Record(s) reading................<br/>213003741850501 - LEPO3W<br/>13  Inserted................<br/><br/>14  Record(s) reading................<br/>217003578350501 - LEPO3W<br/>14  Inserted................<br/><br/>15  Record(s) reading................<br/>225003557550501 - LEPO3W<br/>15  Inserted................<br/><br/>16  Record(s) reading................<br/>248003621350501 - LEPO3W<br/>16  Inserted................<br/><br/>17  Record(s) reading................<br/>225003557650501 - LEPO3W<br/>17  Inserted................<br/><br/>
17 Record(s) syncronized.............................<br/>2019/02/09 16:11:41
Successfully connected to Oracle.<br/>Starting to echo

0 Record(s) syncronized.............................<br/>2019/02/19 16:11:41
Successfully connected to Oracle.<br/>Starting to echo

0 Record(s) syncronized.............................<br/>2019/03/09 16:11:41
Successfully connected to Oracle.<br/>Starting to echo

0 Record(s) syncronized.............................<br/>2019/03/19 16:11:41
Successfully connected to Oracle.<br/>Starting to echo

0 Record(s) syncronized.............................<br/>2019/03/29 16:11:41
Successfully connected to Oracle.<br/>Starting to echo
1  Record(s) reading................<br/>225003963650501 - LEPO3W<br/>1  Inserted................<br/><br/>2  Record(s) reading................<br/>247003975950501 - LEPO3W<br/>2  Inserted................<br/><br/>3  Record(s) reading................<br/>225003965150501 - LEPO3W<br/>3  Inserted................<br/><br/>4  Record(s) reading................<br/>214003938750501 - LEPO3W<br/>4  Inserted................<br/><br/>5  Record(s) reading................<br/>245003971950501 - LEPO3W<br/>5  Inserted................<br/><br/>6  Record(s) reading................<br/>239003950650501 - LEPO3W<br/>6  Inserted................<br/><br/>7  Record(s) reading................<br/>248003980850501 - LEPO3W<br/>7  Inserted................<br/><br/>8  Record(s) reading................<br/>245003966650501 - LEPO3W<br/>8  Inserted................<br/><br/>9  Record(s) reading................<br/>243003945550501 - LEPO3W<br/>9  Inserted................<br/><br/>10  Record(s) reading................<br/>225003971250501 - LEPO3W<br/>10  Inserted................<br/><br/>11  Record(s) reading................<br/>225003972550501 - LEPO3W<br/>11  Inserted................<br/><br/>12  Record(s) reading................<br/>222003966450501 - LEPO3W<br/>12  Inserted................<br/><br/>
12 Record(s) syncronized.............................<br/>2019/04/09 16:11:41
Successfully connected to Oracle.<br/>Starting to echo

0 Record(s) syncronized.............................<br/>2019/04/19 16:11:41
Successfully connected to Oracle.<br/>Starting to echo

0 Record(s) syncronized.............................<br/>