2018/11/06 14:21:41
Successfully connected to Oracle.<br/>Starting to echo

0 Record(s) syncronized.............................<br/>2018/11/16 14:21:41
Successfully connected to Oracle.<br/>Starting to echo

0 Record(s) syncronized.............................<br/>2018/11/26 14:21:41
Successfully connected to Oracle.<br/>Starting to echo
1  Record(s) reading................<br/>228003080550502 - LEPO3W<br/>1  Inserted................<br/><br/>2  Record(s) reading................<br/>268002561550502 - LEPO3W<br/>2  Inserted................<br/><br/>3  Record(s) reading................<br/>239003200750502 - LEPO3W<br/>3  Inserted................<br/><br/>
3 Record(s) syncronized.............................<br/>2018/12/06 14:21:41
Successfully connected to Oracle.<br/>Starting to echo

0 Record(s) syncronized.............................<br/>2018/12/16 14:21:41
Successfully connected to Oracle.<br/>Starting to echo

0 Record(s) syncronized.............................<br/>2018/12/26 14:21:41
Successfully connected to Oracle.<br/>Starting to echo

0 Record(s) syncronized.............................<br/>2019/01/06 14:21:41
Successfully connected to Oracle.<br/>Starting to echo

0 Record(s) syncronized.............................<br/>2019/01/16 14:21:41
Successfully connected to Oracle.<br/>Starting to echo

0 Record(s) syncronized.............................<br/>2019/01/26 14:21:41
Successfully connected to Oracle.<br/>Starting to echo

0 Record(s) syncronized.............................<br/>2019/02/06 14:21:41
Successfully connected to Oracle.<br/>Starting to echo
1  Record(s) reading................<br/>213003787350501 - LEPO3W<br/>1  Inserted................<br/><br/>2  Record(s) reading................<br/>222003796950501 - LEPO3W<br/>2  Inserted................<br/><br/>3  Record(s) reading................<br/>224003766950501 - LEPO3W<br/>3  Inserted................<br/><br/>4  Record(s) reading................<br/>245003771950501 - LEPO3W<br/>4  Inserted................<br/><br/>5  Record(s) reading................<br/>224003752350501 - LEPO3W<br/>5  Inserted................<br/><br/>6  Record(s) reading................<br/>235003714850501 - LEPO3W<br/>6  Inserted................<br/><br/>7  Record(s) reading................<br/>245001480750501 - LEPO3W<br/>7  Inserted................<br/><br/>8  Record(s) reading................<br/>207003737150501 - LEPO3W<br/>8  Inserted................<br/><br/>9  Record(s) reading................<br/>258003662350501 - LEPO3W<br/>9  Inserted................<br/><br/>10  Record(s) reading................<br/>246003745550501 - LEPO3W<br/>10  Inserted................<br/><br/>11  Record(s) reading................<br/>246003774250501 - LEPO3W<br/>11  Inserted................<br/><br/>12  Record(s) reading................<br/>245003796350501 - LEPO3W<br/>12  Inserted................<br/><br/>
12 Record(s) syncronized.............................<br/>2019/02/16 14:21:41
Successfully connected to Oracle.<br/>Starting to echo

0 Record(s) syncronized.............................<br/>2019/02/26 14:21:41
Successfully connected to Oracle.<br/>Starting to echo

0 Record(s) syncronized.............................<br/>2019/03/06 14:21:41
Successfully connected to Oracle.<br/>Starting to echo

0 Record(s) syncronized.............................<br/>2019/03/16 14:21:41
Successfully connected to Oracle.<br/>Starting to echo

0 Record(s) syncronized.............................<br/>2019/03/26 14:21:41
Successfully connected to Oracle.<br/>Starting to echo

0 Record(s) syncronized.............................<br/>2019/04/06 14:21:41
Successfully connected to Oracle.<br/>Starting to echo

0 Record(s) syncronized.............................<br/>2019/04/16 14:21:41
Successfully connected to Oracle.<br/>Starting to echo

0 Record(s) syncronized.............................<br/>