2018/11/14 16:31:41
Successfully connected to Oracle.<br/>Starting to echo

0 Record(s) syncronized.............................<br/>2018/11/24 16:31:41
Successfully connected to Oracle.<br/>Starting to echo

0 Record(s) syncronized.............................<br/>2018/12/04 16:31:41
Successfully connected to Oracle.<br/>Starting to echo

0 Record(s) syncronized.............................<br/>2018/12/14 16:31:41
Successfully connected to Oracle.<br/>Starting to echo
1  Record(s) reading................<br/>240003068350503 - LEPO3W<br/>1  Inserted................<br/><br/>2  Record(s) reading................<br/>222003394450501 - LEPO3W<br/>2  Inserted................<br/><br/>3  Record(s) reading................<br/>220003269450501 - LEPO3W<br/>3  Inserted................<br/><br/>4  Record(s) reading................<br/>206003389250501 - LEPO3W<br/>4  Inserted................<br/><br/>5  Record(s) reading................<br/>206003340650501 - LEPO3W<br/>5  Inserted................<br/><br/>6  Record(s) reading................<br/>268003404150501 - LEPO3W<br/>6  Inserted................<br/><br/>7  Record(s) reading................<br/>240003330950502 - LEPO3W<br/>7  Inserted................<br/><br/>8  Record(s) reading................<br/>256003355250501 - LEPO3W<br/>8  Inserted................<br/><br/>9  Record(s) reading................<br/>265003291050502 - LEPO3W<br/>9  Inserted................<br/><br/>
9 Record(s) syncronized.............................<br/>2018/12/24 16:31:41
Successfully connected to Oracle.<br/>Starting to echo
1  Record(s) reading................<br/>239003429250501 - LEPO3W<br/>1  Inserted................<br/><br/>2  Record(s) reading................<br/>245003531150501 - LEPO3W<br/>2  Inserted................<br/><br/>3  Record(s) reading................<br/>260003537351001 - LEPO3W<br/>3  Inserted................<br/><br/>4  Record(s) reading................<br/>249003395850501 - LEPO3W<br/>4  Inserted................<br/><br/>
4 Record(s) syncronized.............................<br/>2019/01/04 16:31:41
Successfully connected to Oracle.<br/>Starting to echo
1  Record(s) reading................<br/>208003618051001 - LEPO3W<br/>1  Inserted................<br/><br/>2  Record(s) reading................<br/>243003648151001 - LEPO3W<br/>2  Inserted................<br/><br/>
2 Record(s) syncronized.............................<br/>2019/01/14 16:31:41
Successfully connected to Oracle.<br/>Starting to echo

0 Record(s) syncronized.............................<br/>2019/01/24 16:31:41
Successfully connected to Oracle.<br/>Starting to echo

0 Record(s) syncronized.............................<br/>2019/02/04 16:31:41
Successfully connected to Oracle.<br/>Starting to echo

0 Record(s) syncronized.............................<br/>2019/02/14 16:31:41
Successfully connected to Oracle.<br/>Starting to echo

0 Record(s) syncronized.............................<br/>2019/02/24 16:31:41
Successfully connected to Oracle.<br/>Starting to echo

0 Record(s) syncronized.............................<br/>2019/03/04 16:31:41
Successfully connected to Oracle.<br/>Starting to echo

0 Record(s) syncronized.............................<br/>2019/03/14 16:31:41
Successfully connected to Oracle.<br/>Starting to echo
1  Record(s) reading................<br/>248003876950501 - LEPO3W<br/>1  Inserted................<br/><br/>2  Record(s) reading................<br/>246003867350501 - LEPO3W<br/>2  Inserted................<br/><br/>3  Record(s) reading................<br/>225002925250502 - LEPO3W<br/>3  Inserted................<br/><br/>4  Record(s) reading................<br/>225003871350501 - LEPO3W<br/>4  Inserted................<br/><br/>5  Record(s) reading................<br/>264003745250501 - LEPO3W<br/>5  Inserted................<br/><br/>6  Record(s) reading................<br/>221003884850501 - LEPO3W<br/>6  Inserted................<br/><br/>
6 Record(s) syncronized.............................<br/>2019/03/24 16:31:41
Successfully connected to Oracle.<br/>Starting to echo

0 Record(s) syncronized.............................<br/>2019/04/04 16:31:41
Successfully connected to Oracle.<br/>Starting to echo
1  Record(s) reading................<br/>233004002050501 - LEPO3W<br/>1  Inserted................<br/><br/>
1 Record(s) syncronized.............................<br/>2019/04/14 16:31:41
Successfully connected to Oracle.<br/>Starting to echo

0 Record(s) syncronized.............................<br/>