2018/11/10 17:21:41
Successfully connected to Oracle.<br/>Starting to echo

0 Record(s) syncronized.............................<br/>2018/11/20 17:21:41
Successfully connected to Oracle.<br/>Starting to echo

0 Record(s) syncronized.............................<br/>2018/11/30 17:21:41
Successfully connected to Oracle.<br/>Starting to echo

0 Record(s) syncronized.............................<br/>2018/12/10 17:21:41
Successfully connected to Oracle.<br/>Starting to echo

0 Record(s) syncronized.............................<br/>2018/12/20 17:21:41
Successfully connected to Oracle.<br/>Starting to echo
1  Record(s) reading................<br/>213003393650501 - LEPO3W<br/>1  Inserted................<br/><br/>2  Record(s) reading................<br/>213003415950501 - LEPO3W<br/>2  Inserted................<br/><br/>3  Record(s) reading................<br/>233003415350501 - LEPO3W<br/>3  Inserted................<br/><br/>4  Record(s) reading................<br/>213003401950501 - LEPO3W<br/>4  Inserted................<br/><br/>
4 Record(s) syncronized.............................<br/>2018/12/30 17:21:41
Successfully connected to Oracle.<br/>Starting to echo

0 Record(s) syncronized.............................<br/>2019/01/10 17:21:41
Successfully connected to Oracle.<br/>Starting to echo

0 Record(s) syncronized.............................<br/>2019/01/20 17:21:41
Successfully connected to Oracle.<br/>Starting to echo

0 Record(s) syncronized.............................<br/>2019/01/30 17:21:40
Successfully connected to Oracle.<br/>Starting to echo
1  Record(s) reading................<br/>266003047450501 - LEPO3W<br/>1  Inserted................<br/><br/>2  Record(s) reading................<br/>258003630050501 - LEPO3W<br/>2  Inserted................<br/><br/>3  Record(s) reading................<br/>265003723850501 - LEPO3W<br/>3  Inserted................<br/><br/>4  Record(s) reading................<br/>216003696650501 - LEPO3W<br/>4  Inserted................<br/><br/>5  Record(s) reading................<br/>267003742050501 - LEPO3W<br/>5  Inserted................<br/><br/>6  Record(s) reading................<br/>222003724750501 - LEPO3W<br/>6  Inserted................<br/><br/>7  Record(s) reading................<br/>267003783650501 - LEPO3W<br/>7  Inserted................<br/><br/>8  Record(s) reading................<br/>266003688950501 - LEPO3W<br/>8  Inserted................<br/><br/>9  Record(s) reading................<br/>245003764450501 - LEPO3W<br/>9  Inserted................<br/><br/>10  Record(s) reading................<br/>222003708050501 - LEPO3W<br/>10  Inserted................<br/><br/>11  Record(s) reading................<br/>247003751350501 - LEPO3W<br/>11  Inserted................<br/><br/>12  Record(s) reading................<br/>258003721350501 - LEPO3W<br/>12  Inserted................<br/><br/>13  Record(s) reading................<br/>246003656250501 - LEPO3W<br/>13  Inserted................<br/><br/>14  Record(s) reading................<br/>268003777750501 - LEPO3W<br/>14  Inserted................<br/><br/>15  Record(s) reading................<br/>222003775650501 - LEPO3W<br/>15  Inserted................<br/><br/>16  Record(s) reading................<br/>245003747750501 - LEPO3W<br/>16  Inserted................<br/><br/>17  Record(s) reading................<br/>200003714550501 - LEPO3W<br/>17  Inserted................<br/><br/>18  Record(s) reading................<br/>267003761250501 - LEPO3W<br/>18  Inserted................<br/><br/>19  Record(s) reading................<br/>250003772550501 - LEPO3W<br/>19  Inserted................<br/><br/>20  Record(s) reading................<br/>233003659150501 - LEPO3W<br/>20  Inserted................<br/><br/>21  Record(s) reading................<br/>222003782950501 - LEPO3W<br/>21  Inserted................<br/><br/>22  Record(s) reading................<br/>252003661150501 - LEPO3W<br/>22  Inserted................<br/><br/>23  Record(s) reading................<br/>250003741250501 - LEPO3W<br/>23  Inserted................<br/><br/>24  Record(s) reading................<br/>258003680550501 - LEPO3W<br/>24  Inserted................<br/><br/>25  Record(s) reading................<br/>221003530750501 - LEPO3W<br/>25  Inserted................<br/><br/>
25 Record(s) syncronized.............................<br/>2019/02/10 17:21:41
Successfully connected to Oracle.<br/>Starting to echo

0 Record(s) syncronized.............................<br/>2019/02/20 17:21:41
Successfully connected to Oracle.<br/>Starting to echo

0 Record(s) syncronized.............................<br/>2019/03/10 17:21:41
Successfully connected to Oracle.<br/>Starting to echo

0 Record(s) syncronized.............................<br/>2019/03/20 17:21:41
Successfully connected to Oracle.<br/>Starting to echo

0 Record(s) syncronized.............................<br/>2019/03/30 17:21:41
Successfully connected to Oracle.<br/>Starting to echo

0 Record(s) syncronized.............................<br/>2019/04/10 17:21:41
Successfully connected to Oracle.<br/>Starting to echo

0 Record(s) syncronized.............................<br/>2019/04/20 17:21:41
Successfully connected to Oracle.<br/>Starting to echo

0 Record(s) syncronized.............................<br/>