2018/11/10 14:41:41
Successfully connected to Oracle.<br/>Starting to echo

0 Record(s) syncronized.............................<br/>2018/11/20 14:41:41
Successfully connected to Oracle.<br/>Starting to echo

0 Record(s) syncronized.............................<br/>2018/11/30 14:41:41
Successfully connected to Oracle.<br/>Starting to echo
1  Record(s) reading................<br/>222003282350501 - LEPO3W<br/>1  Inserted................<br/><br/>2  Record(s) reading................<br/>221003354650501 - LEPO3W<br/>2  Inserted................<br/><br/>3  Record(s) reading................<br/>222003347150501 - LEPO3W<br/>3  Inserted................<br/><br/>4  Record(s) reading................<br/>222003340750501 - LEPO3W<br/>4  Inserted................<br/><br/>5  Record(s) reading................<br/>208003353250501 - LEPO3W<br/>5  Inserted................<br/><br/>6  Record(s) reading................<br/>239003352750501 - LEPO3W<br/>6  Inserted................<br/><br/>7  Record(s) reading................<br/>243003222850501 - LEPO3W<br/>7  Inserted................<br/><br/>8  Record(s) reading................<br/>220003286850501 - LEPO3W<br/>8  Inserted................<br/><br/>9  Record(s) reading................<br/>213003345550501 - LEPO3W<br/>9  Inserted................<br/><br/>10  Record(s) reading................<br/>255003351250501 - LEPO3W<br/>10  Inserted................<br/><br/>11  Record(s) reading................<br/>252003355350501 - LEPO3W<br/>11  Inserted................<br/><br/>12  Record(s) reading................<br/>242003289251001 - LEPO3W<br/>12  Inserted................<br/><br/>13  Record(s) reading................<br/>242003344250501 - LEPO3W<br/>13  Inserted................<br/><br/>14  Record(s) reading................<br/>238003346250501 - LEPO3W<br/>14  Inserted................<br/><br/>15  Record(s) reading................<br/>225003297950501 - LEPO3W<br/>15  Inserted................<br/><br/>16  Record(s) reading................<br/>259003138850501 - LEPO3W<br/>16  Inserted................<br/><br/>17  Record(s) reading................<br/>258003281950501 - LEPO3W<br/>17  Inserted................<br/><br/>18  Record(s) reading................<br/>200003348250501 - LEPO3W<br/>18  Inserted................<br/><br/>19  Record(s) reading................<br/>238003346950501 - LEPO3W<br/>19  Inserted................<br/><br/>
19 Record(s) syncronized.............................<br/>2018/12/10 14:41:41
Successfully connected to Oracle.<br/>Starting to echo
1  Record(s) reading................<br/>256003079350501 - LEPO3W<br/>1  Inserted................<br/><br/>2  Record(s) reading................<br/>209003324250502 - LEPO3W<br/>2  Inserted................<br/><br/>3  Record(s) reading................<br/>251003359050502 - LEPO3W<br/>3  Inserted................<br/><br/>
3 Record(s) syncronized.............................<br/>2018/12/20 14:41:41
Successfully connected to Oracle.<br/>Starting to echo

0 Record(s) syncronized.............................<br/>2018/12/30 14:41:41
Successfully connected to Oracle.<br/>Starting to echo

0 Record(s) syncronized.............................<br/>2019/01/10 14:41:41
Successfully connected to Oracle.<br/>Starting to echo
1  Record(s) reading................<br/>249000425450501 - LEPO3W<br/>1  Inserted................<br/><br/>
1 Record(s) syncronized.............................<br/>2019/01/20 14:41:41
Successfully connected to Oracle.<br/>Starting to echo

0 Record(s) syncronized.............................<br/>2019/01/30 14:41:41
Successfully connected to Oracle.<br/>Starting to echo

0 Record(s) syncronized.............................<br/>2019/02/10 14:41:41
Successfully connected to Oracle.<br/>Starting to echo

0 Record(s) syncronized.............................<br/>2019/02/20 14:41:41
Successfully connected to Oracle.<br/>Starting to echo
1  Record(s) reading................<br/>225003829451001 - LEPO3W<br/>1  Inserted................<br/><br/>
1 Record(s) syncronized.............................<br/>2019/03/10 14:41:41
Successfully connected to Oracle.<br/>Starting to echo

0 Record(s) syncronized.............................<br/>2019/03/20 14:41:41
Successfully connected to Oracle.<br/>Starting to echo

0 Record(s) syncronized.............................<br/>2019/03/30 14:41:41
Successfully connected to Oracle.<br/>Starting to echo

0 Record(s) syncronized.............................<br/>2019/04/20 14:41:41
Successfully connected to Oracle.<br/>Starting to echo

0 Record(s) syncronized.............................<br/>