2018/11/10 16:21:41
Successfully connected to Oracle.<br/>Starting to echo

0 Record(s) syncronized.............................<br/>2018/11/20 16:21:41
Successfully connected to Oracle.<br/>Starting to echo

0 Record(s) syncronized.............................<br/>2018/11/30 16:21:41
Successfully connected to Oracle.<br/>Starting to echo
1  Record(s) reading................<br/>225003276350501 - LEPO3W<br/>1  Inserted................<br/><br/>2  Record(s) reading................<br/>248003109050501 - LEPO3W<br/>2  Inserted................<br/><br/>3  Record(s) reading................<br/>259003319451001 - LEPO3W<br/>3  Inserted................<br/><br/>4  Record(s) reading................<br/>248003282750501 - LEPO3W<br/>4  Inserted................<br/><br/>5  Record(s) reading................<br/>243003332750501 - LEPO3W<br/>5  Inserted................<br/><br/>6  Record(s) reading................<br/>265003338550501 - LEPO3W<br/>6  Inserted................<br/><br/>7  Record(s) reading................<br/>225003145950501 - LEPO3W<br/>7  Inserted................<br/><br/>8  Record(s) reading................<br/>219003341950501 - LEPO3W<br/>8  Inserted................<br/><br/>9  Record(s) reading................<br/>259003303551001 - LEPO3W<br/>9  Inserted................<br/><br/>10  Record(s) reading................<br/>258003202450501 - LEPO3W<br/>10  Inserted................<br/><br/>11  Record(s) reading................<br/>217003169050501 - LEPO3W<br/>11  Inserted................<br/><br/>12  Record(s) reading................<br/>248003264950501 - LEPO3W<br/>12  Inserted................<br/><br/>
12 Record(s) syncronized.............................<br/>2018/12/10 16:21:41
Successfully connected to Oracle.<br/>Starting to echo

0 Record(s) syncronized.............................<br/>2018/12/20 16:21:41
Successfully connected to Oracle.<br/>Starting to echo
1  Record(s) reading................<br/>209003462250501 - LEPO3W<br/>1  Inserted................<br/><br/>2  Record(s) reading................<br/>209003462650501 - LEPO3W<br/>2  Inserted................<br/><br/>3  Record(s) reading................<br/>260003510551001 - LEPO3W<br/>3  Inserted................<br/><br/>4  Record(s) reading................<br/>255003462550501 - LEPO3W<br/>4  Inserted................<br/><br/>5  Record(s) reading................<br/>222003419550501 - LEPO3W<br/>5  Inserted................<br/><br/>6  Record(s) reading................<br/>213003453150502 - LEPO3W<br/>6  Inserted................<br/><br/>7  Record(s) reading................<br/>213003453150501 - LEPO3W<br/>7  Inserted................<br/><br/>8  Record(s) reading................<br/>213003453150503 - LEPO3W<br/>8  Inserted................<br/><br/>9  Record(s) reading................<br/>213003453150505 - LEPO3W<br/>9  Inserted................<br/><br/>10  Record(s) reading................<br/>209003403250501 - LEPO3W<br/>10  Inserted................<br/><br/>11  Record(s) reading................<br/>245003427650501 - LEPO3W<br/>11  Inserted................<br/><br/>12  Record(s) reading................<br/>209003488551001 - LEPO3W<br/>12  Inserted................<br/><br/>13  Record(s) reading................<br/>222003411550501 - LEPO3W<br/>13  Inserted................<br/><br/>14  Record(s) reading................<br/>222003454650501 - LEPO3W<br/>14  Inserted................<br/><br/>15  Record(s) reading................<br/>245003452250501 - LEPO3W<br/>15  Inserted................<br/><br/>16  Record(s) reading................<br/>252003421350501 - LEPO3W<br/>16  Inserted................<br/><br/>17  Record(s) reading................<br/>265003486250501 - LEPO3W<br/>17  Inserted................<br/><br/>18  Record(s) reading................<br/>221003431150501 - LEPO3W<br/>18  Inserted................<br/><br/>19  Record(s) reading................<br/>255003459650501 - LEPO3W<br/>19  Inserted................<br/><br/>
19 Record(s) syncronized.............................<br/>2018/12/30 16:21:41
Successfully connected to Oracle.<br/>Starting to echo

0 Record(s) syncronized.............................<br/>2019/01/10 16:21:41
Successfully connected to Oracle.<br/>Starting to echo
1  Record(s) reading................<br/>213003603950501 - LEPO3W<br/>1  Inserted................<br/><br/>2  Record(s) reading................<br/>218003567050501 - LEPO3W<br/>2  Inserted................<br/><br/>3  Record(s) reading................<br/>225003563750501 - LEPO3W<br/>3  Inserted................<br/><br/>4  Record(s) reading................<br/>225003591850501 - LEPO3W<br/>4  Inserted................<br/><br/>
4 Record(s) syncronized.............................<br/>2019/01/20 16:21:41
Successfully connected to Oracle.<br/>Starting to echo

0 Record(s) syncronized.............................<br/>2019/01/30 16:21:41
Successfully connected to Oracle.<br/>Starting to echo

0 Record(s) syncronized.............................<br/>2019/02/10 16:21:41
Successfully connected to Oracle.<br/>Starting to echo

0 Record(s) syncronized.............................<br/>2019/02/20 16:21:41
Successfully connected to Oracle.<br/>Starting to echo

0 Record(s) syncronized.............................<br/>2019/03/10 16:21:41
Successfully connected to Oracle.<br/>Starting to echo

0 Record(s) syncronized.............................<br/>2019/03/20 16:21:41
Successfully connected to Oracle.<br/>Starting to echo

0 Record(s) syncronized.............................<br/>2019/03/30 16:21:41
Successfully connected to Oracle.<br/>Starting to echo

0 Record(s) syncronized.............................<br/>2019/04/10 16:21:41
Successfully connected to Oracle.<br/>Starting to echo

0 Record(s) syncronized.............................<br/>2019/04/20 16:21:41
Successfully connected to Oracle.<br/>Starting to echo

0 Record(s) syncronized.............................<br/>