2018/11/10 20:01:41
Successfully connected to Oracle.<br/>Starting to echo

0 Record(s) syncronized.............................<br/>2018/11/20 20:01:41
Successfully connected to Oracle.<br/>Starting to echo

0 Record(s) syncronized.............................<br/>2018/11/30 20:01:41
Successfully connected to Oracle.<br/>Starting to echo
1  Record(s) reading................<br/>264003338350502 - LEPO3W<br/>1  Inserted................<br/><br/>2  Record(s) reading................<br/>219003356450501 - LEPO3W<br/>2  Inserted................<br/><br/>3  Record(s) reading................<br/>225003207350502 - LEPO3W<br/>3  Inserted................<br/><br/>4  Record(s) reading................<br/>210003350650501 - LEPO3W<br/>4  Inserted................<br/><br/>5  Record(s) reading................<br/>258003310650501 - LEPO3W<br/>5  Inserted................<br/><br/>6  Record(s) reading................<br/>237003179550501 - LEPO3W<br/>6  Inserted................<br/><br/>7  Record(s) reading................<br/>256003202650501 - LEPO3W<br/>7  Inserted................<br/><br/>8  Record(s) reading................<br/>233003341150502 - LEPO3W<br/>8  Inserted................<br/><br/>9  Record(s) reading................<br/>214003300150501 - LEPO3W<br/>9  Inserted................<br/><br/>10  Record(s) reading................<br/>261003298250501 - LEPO3W<br/>10  Inserted................<br/><br/>
10 Record(s) syncronized.............................<br/>2018/12/10 20:01:41
Successfully connected to Oracle.<br/>Starting to echo

0 Record(s) syncronized.............................<br/>2018/12/20 20:01:41
Successfully connected to Oracle.<br/>Starting to echo

0 Record(s) syncronized.............................<br/>2018/12/30 20:01:41
Successfully connected to Oracle.<br/>Starting to echo

0 Record(s) syncronized.............................<br/>2019/01/10 20:01:41
Successfully connected to Oracle.<br/>Starting to echo

0 Record(s) syncronized.............................<br/>2019/01/20 20:01:41
Successfully connected to Oracle.<br/>Starting to echo

0 Record(s) syncronized.............................<br/>2019/01/30 20:01:41
Successfully connected to Oracle.<br/>Starting to echo

0 Record(s) syncronized.............................<br/>2019/02/10 20:01:41
Successfully connected to Oracle.<br/>Starting to echo

0 Record(s) syncronized.............................<br/>2019/02/20 20:01:41
Successfully connected to Oracle.<br/>Starting to echo

0 Record(s) syncronized.............................<br/>2019/03/10 20:01:41
Successfully connected to Oracle.<br/>Starting to echo

0 Record(s) syncronized.............................<br/>2019/03/20 20:01:41
Successfully connected to Oracle.<br/>Starting to echo

0 Record(s) syncronized.............................<br/>2019/03/30 20:01:41
Successfully connected to Oracle.<br/>Starting to echo

0 Record(s) syncronized.............................<br/>2019/04/10 20:01:41
Successfully connected to Oracle.<br/>Starting to echo

0 Record(s) syncronized.............................<br/>2019/04/20 20:01:41
Successfully connected to Oracle.<br/>Starting to echo

0 Record(s) syncronized.............................<br/>