2018/11/10 19:41:41
Successfully connected to Oracle.<br/>Starting to echo

0 Record(s) syncronized.............................<br/>2018/11/20 19:41:43
Successfully connected to Oracle.<br/>Starting to echo

0 Record(s) syncronized.............................<br/>2018/11/30 19:41:41
Successfully connected to Oracle.<br/>Starting to echo
1  Record(s) reading................<br/>261003332850501 - LEPO3W<br/>1  Inserted................<br/><br/>2  Record(s) reading................<br/>261003368950501 - LEPO3W<br/>2  Inserted................<br/><br/>3  Record(s) reading................<br/>225003105850501 - LEPO3W<br/>3  Inserted................<br/><br/>4  Record(s) reading................<br/>208003353950501 - LEPO3W<br/>4  Inserted................<br/><br/>5  Record(s) reading................<br/>225003293450501 - LEPO3W<br/>5  Inserted................<br/><br/>6  Record(s) reading................<br/>242003338750501 - LEPO3W<br/>6  Inserted................<br/><br/>7  Record(s) reading................<br/>225003301450501 - LEPO3W<br/>7  Inserted................<br/><br/>8  Record(s) reading................<br/>225003203450501 - LEPO3W<br/>8  Inserted................<br/><br/>9  Record(s) reading................<br/>220003275150501 - LEPO3W<br/>9  Inserted................<br/><br/>
9 Record(s) syncronized.............................<br/>2018/12/10 19:41:41
Successfully connected to Oracle.<br/>Starting to echo

0 Record(s) syncronized.............................<br/>2018/12/20 19:41:41
Successfully connected to Oracle.<br/>Starting to echo

0 Record(s) syncronized.............................<br/>2018/12/30 19:41:42
Successfully connected to Oracle.<br/>Starting to echo

0 Record(s) syncronized.............................<br/>2019/01/10 19:41:41
Successfully connected to Oracle.<br/>Starting to echo

0 Record(s) syncronized.............................<br/>2019/01/20 19:41:41
Successfully connected to Oracle.<br/>Starting to echo

0 Record(s) syncronized.............................<br/>2019/01/30 19:41:41
Successfully connected to Oracle.<br/>Starting to echo

0 Record(s) syncronized.............................<br/>2019/02/10 19:41:41
Successfully connected to Oracle.<br/>Starting to echo

0 Record(s) syncronized.............................<br/>2019/02/20 19:41:41
Successfully connected to Oracle.<br/>Starting to echo

0 Record(s) syncronized.............................<br/>2019/03/10 19:41:41
Successfully connected to Oracle.<br/>Starting to echo

0 Record(s) syncronized.............................<br/>2019/03/20 19:41:41
Successfully connected to Oracle.<br/>Starting to echo

0 Record(s) syncronized.............................<br/>2019/03/30 19:41:41
Successfully connected to Oracle.<br/>Starting to echo

0 Record(s) syncronized.............................<br/>2019/04/10 19:41:41
Successfully connected to Oracle.<br/>Starting to echo

0 Record(s) syncronized.............................<br/>2019/04/20 19:41:41
Successfully connected to Oracle.<br/>Starting to echo

0 Record(s) syncronized.............................<br/>