2018/11/12 16:21:41
Successfully connected to Oracle.<br/>Starting to echo

0 Record(s) syncronized.............................<br/>2018/11/22 16:21:41
Successfully connected to Oracle.<br/>Starting to echo

0 Record(s) syncronized.............................<br/>2018/12/02 16:21:41
Successfully connected to Oracle.<br/>Starting to echo

0 Record(s) syncronized.............................<br/>2018/12/12 16:21:42
Successfully connected to Oracle.<br/>Starting to echo

0 Record(s) syncronized.............................<br/>2018/12/22 16:21:41
Successfully connected to Oracle.<br/>Starting to echo

0 Record(s) syncronized.............................<br/>2019/01/02 16:21:41
Successfully connected to Oracle.<br/>Starting to echo

0 Record(s) syncronized.............................<br/>2019/01/12 16:21:41
Successfully connected to Oracle.<br/>Starting to echo

0 Record(s) syncronized.............................<br/>2019/01/22 16:21:41
Successfully connected to Oracle.<br/>Starting to echo

0 Record(s) syncronized.............................<br/>2019/02/02 16:21:41
Successfully connected to Oracle.<br/>Starting to echo

0 Record(s) syncronized.............................<br/>2019/02/12 16:21:41
Successfully connected to Oracle.<br/>Starting to echo

0 Record(s) syncronized.............................<br/>2019/02/22 16:21:41
Successfully connected to Oracle.<br/>Starting to echo
1  Record(s) reading................<br/>240003639450501 - LEPO3W<br/>1  Inserted................<br/><br/>2  Record(s) reading................<br/>240003739150501 - LEPO3W<br/>2  Inserted................<br/><br/>3  Record(s) reading................<br/>267003782850501 - LEPO3W<br/>3  Inserted................<br/><br/>4  Record(s) reading................<br/>252003832150501 - LEPO3W<br/>4  Inserted................<br/><br/>5  Record(s) reading................<br/>222003803550501 - LEPO3W<br/>5  Inserted................<br/><br/>6  Record(s) reading................<br/>259003841251001 - LEPO3W<br/>6  Inserted................<br/><br/>
6 Record(s) syncronized.............................<br/>2019/03/02 16:21:41
Successfully connected to Oracle.<br/>Starting to echo

0 Record(s) syncronized.............................<br/>2019/03/12 16:21:41
Successfully connected to Oracle.<br/>Starting to echo

0 Record(s) syncronized.............................<br/>2019/03/22 16:21:41
Successfully connected to Oracle.<br/>Starting to echo

0 Record(s) syncronized.............................<br/>2019/04/02 16:21:41
Successfully connected to Oracle.<br/>Starting to echo
1  Record(s) reading................<br/>264003994650501 - LEPO3W<br/>1  Inserted................<br/><br/>
1 Record(s) syncronized.............................<br/>2019/04/12 16:21:41
Successfully connected to Oracle.<br/>Starting to echo

0 Record(s) syncronized.............................<br/>2019/04/22 16:21:41
Successfully connected to Oracle.<br/>Starting to echo

0 Record(s) syncronized.............................<br/>