2018/11/10 17:11:41
Successfully connected to Oracle.<br/>Starting to echo

0 Record(s) syncronized.............................<br/>2018/11/20 17:11:41
Successfully connected to Oracle.<br/>Starting to echo

0 Record(s) syncronized.............................<br/>2018/11/30 17:11:41
Successfully connected to Oracle.<br/>Starting to echo
1  Record(s) reading................<br/>245003318050502 - LEPO3W<br/>1  Inserted................<br/><br/>2  Record(s) reading................<br/>242003311650501 - LEPO3W<br/>2  Inserted................<br/><br/>3  Record(s) reading................<br/>248003269950502 - LEPO3W<br/>3  Inserted................<br/><br/>4  Record(s) reading................<br/>268003310250501 - LEPO3W<br/>4  Inserted................<br/><br/>5  Record(s) reading................<br/>248003294650502 - LEPO3W<br/>5  Inserted................<br/><br/>6  Record(s) reading................<br/>228003271850502 - LEPO3W<br/>6  Inserted................<br/><br/>7  Record(s) reading................<br/>248003297350502 - LEPO3W<br/>7  Inserted................<br/><br/>8  Record(s) reading................<br/>208003254050502 - LEPO3W<br/>8  Inserted................<br/><br/>9  Record(s) reading................<br/>241003144050502 - LEPO3W<br/>9  Inserted................<br/><br/>10  Record(s) reading................<br/>247003152950502 - LEPO3W<br/>10  Inserted................<br/><br/>11  Record(s) reading................<br/>225003265450501 - LEPO3W<br/>11  Inserted................<br/><br/>12  Record(s) reading................<br/>228003188250502 - LEPO3W<br/>12  Inserted................<br/><br/>13  Record(s) reading................<br/>265003282050502 - LEPO3W<br/>13  Inserted................<br/><br/>14  Record(s) reading................<br/>225003238450502 - LEPO3W<br/>14  Inserted................<br/><br/>15  Record(s) reading................<br/>205003244250501 - LEPO3W<br/>15  Inserted................<br/><br/>
15 Record(s) syncronized.............................<br/>2018/12/10 17:11:41
Successfully connected to Oracle.<br/>Starting to echo

0 Record(s) syncronized.............................<br/>2018/12/20 17:11:41
Successfully connected to Oracle.<br/>Starting to echo
1  Record(s) reading................<br/>222003419450501 - LEPO3W<br/>1  Inserted................<br/><br/>2  Record(s) reading................<br/>218003420950501 - LEPO3W<br/>2  Inserted................<br/><br/>3  Record(s) reading................<br/>208003403550501 - LEPO3W<br/>3  Inserted................<br/><br/>4  Record(s) reading................<br/>222003382850501 - LEPO3W<br/>4  Inserted................<br/><br/>5  Record(s) reading................<br/>222003425150501 - LEPO3W<br/>5  Inserted................<br/><br/>6  Record(s) reading................<br/>268003427350501 - LEPO3W<br/>6  Inserted................<br/><br/>
6 Record(s) syncronized.............................<br/>2018/12/30 17:11:41
Successfully connected to Oracle.<br/>Starting to echo

0 Record(s) syncronized.............................<br/>2019/01/10 17:11:41
Successfully connected to Oracle.<br/>Starting to echo

0 Record(s) syncronized.............................<br/>2019/01/20 17:11:41
Successfully connected to Oracle.<br/>Starting to echo

0 Record(s) syncronized.............................<br/>2019/01/30 17:11:41
Successfully connected to Oracle.<br/>Starting to echo
1  Record(s) reading................<br/>258003644050501 - LEPO3W<br/>1  Inserted................<br/><br/>2  Record(s) reading................<br/>247003703650501 - LEPO3W<br/>2  Inserted................<br/><br/>3  Record(s) reading................<br/>268003763550501 - LEPO3W<br/>3  Inserted................<br/><br/>4  Record(s) reading................<br/>240003573550501 - LEPO3W<br/>4  Inserted................<br/><br/>5  Record(s) reading................<br/>247003677050501 - LEPO3W<br/>5  Inserted................<br/><br/>6  Record(s) reading................<br/>245003749750501 - LEPO3W<br/>6  Inserted................<br/><br/>7  Record(s) reading................<br/>200003774950501 - LEPO3W<br/>7  Inserted................<br/><br/>8  Record(s) reading................<br/>245003768750501 - LEPO3W<br/>8  Inserted................<br/><br/>9  Record(s) reading................<br/>240003689450501 - LEPO3W<br/>9  Inserted................<br/><br/>10  Record(s) reading................<br/>240003700250501 - LEPO3W<br/>10  Inserted................<br/><br/>11  Record(s) reading................<br/>247003702550501 - LEPO3W<br/>11  Inserted................<br/><br/>12  Record(s) reading................<br/>248003737750501 - LEPO3W<br/>12  Inserted................<br/><br/>13  Record(s) reading................<br/>268003730750501 - LEPO3W<br/>13  Inserted................<br/><br/>14  Record(s) reading................<br/>200003774550501 - LEPO3W<br/>14  Inserted................<br/><br/>15  Record(s) reading................<br/>218003717750501 - LEPO3W<br/>15  Inserted................<br/><br/>16  Record(s) reading................<br/>255003758750501 - LEPO3W<br/>16  Inserted................<br/><br/>
16 Record(s) syncronized.............................<br/>2019/02/10 17:11:41
Successfully connected to Oracle.<br/>Starting to echo

0 Record(s) syncronized.............................<br/>2019/02/20 17:11:41
Successfully connected to Oracle.<br/>Starting to echo

0 Record(s) syncronized.............................<br/>2019/03/10 17:11:41
Successfully connected to Oracle.<br/>Starting to echo

0 Record(s) syncronized.............................<br/>2019/03/20 17:11:40
Successfully connected to Oracle.<br/>Starting to echo

0 Record(s) syncronized.............................<br/>2019/03/30 17:11:41
Successfully connected to Oracle.<br/>Starting to echo

0 Record(s) syncronized.............................<br/>2019/04/10 17:11:42
Successfully connected to Oracle.<br/>Starting to echo

0 Record(s) syncronized.............................<br/>2019/04/20 17:11:41
Successfully connected to Oracle.<br/>Starting to echo

0 Record(s) syncronized.............................<br/>