2018/11/10 14:11:41
Successfully connected to Oracle.<br/>Starting to echo

0 Record(s) syncronized.............................<br/>2018/11/20 14:11:41
Successfully connected to Oracle.<br/>Starting to echo

0 Record(s) syncronized.............................<br/>2018/11/30 14:11:41
Successfully connected to Oracle.<br/>Starting to echo

0 Record(s) syncronized.............................<br/>2018/12/10 14:11:41
Successfully connected to Oracle.<br/>Starting to echo

0 Record(s) syncronized.............................<br/>2018/12/20 14:11:41
Successfully connected to Oracle.<br/>Starting to echo
1  Record(s) reading................<br/>214003514651001 - LEPO3W<br/>1  Inserted................<br/><br/>
1 Record(s) syncronized.............................<br/>2018/12/30 14:11:41
Successfully connected to Oracle.<br/>Starting to echo

0 Record(s) syncronized.............................<br/>2019/01/10 14:11:41
Successfully connected to Oracle.<br/>Starting to echo
1  Record(s) reading................<br/>259003675151001 - LEPO3W<br/>1  Inserted................<br/><br/>2  Record(s) reading................<br/>245003676651001 - LEPO3W<br/>2  Inserted................<br/><br/>
2 Record(s) syncronized.............................<br/>2019/01/20 14:11:41
Successfully connected to Oracle.<br/>Starting to echo

0 Record(s) syncronized.............................<br/>2019/01/30 14:11:41
Successfully connected to Oracle.<br/>Starting to echo
1  Record(s) reading................<br/>200003767951001 - LEPO3W<br/>1  Inserted................<br/><br/>
1 Record(s) syncronized.............................<br/>2019/02/10 14:11:41
Successfully connected to Oracle.<br/>Starting to echo

0 Record(s) syncronized.............................<br/>2019/02/20 14:11:41
Successfully connected to Oracle.<br/>Starting to echo
1  Record(s) reading................<br/>268003828850501 - LEPO3W<br/>1  Inserted................<br/><br/>2  Record(s) reading................<br/>230003833150501 - LEPO3W<br/>2  Inserted................<br/><br/>
2 Record(s) syncronized.............................<br/>2019/03/10 14:11:41
Successfully connected to Oracle.<br/>Starting to echo

0 Record(s) syncronized.............................<br/>2019/03/20 14:11:41
Successfully connected to Oracle.<br/>Starting to echo

0 Record(s) syncronized.............................<br/>2019/03/30 14:11:41
Successfully connected to Oracle.<br/>Starting to echo
1  Record(s) reading................<br/>218003912050501 - LEPO3W<br/>1  Inserted................<br/><br/>2  Record(s) reading................<br/>247003962250502 - LEPO3W<br/>2  Inserted................<br/><br/>3  Record(s) reading................<br/>221003949750502 - LEPO3W<br/>3  Inserted................<br/><br/>4  Record(s) reading................<br/>247003981850501 - LEPO3W<br/>4  Inserted................<br/><br/>5  Record(s) reading................<br/>267003933050501 - LEPO3W<br/>5  Inserted................<br/><br/>6  Record(s) reading................<br/>264003963050502 - LEPO3W<br/>6  Inserted................<br/><br/>7  Record(s) reading................<br/>245003976950501 - LEPO3W<br/>7  Inserted................<br/><br/>
7 Record(s) syncronized.............................<br/>2019/04/10 14:11:41
Successfully connected to Oracle.<br/>Starting to echo
1  Record(s) reading................<br/>208003996550502 - LEPO3W<br/>1  Inserted................<br/><br/>2  Record(s) reading................<br/>230003960250502 - LEPO3W<br/>2  Inserted................<br/><br/>
2 Record(s) syncronized.............................<br/>2019/04/20 14:11:41
Successfully connected to Oracle.<br/>Starting to echo

0 Record(s) syncronized.............................<br/>