2018/11/13 17:01:41
Successfully connected to Oracle.<br/>Starting to echo

0 Record(s) syncronized.............................<br/>2018/11/23 17:01:41
Successfully connected to Oracle.<br/>Starting to echo

0 Record(s) syncronized.............................<br/>2018/12/03 17:01:43
Successfully connected to Oracle.<br/>Starting to echo

0 Record(s) syncronized.............................<br/>2018/12/13 17:01:41
Successfully connected to Oracle.<br/>Starting to echo
1  Record(s) reading................<br/>246003431550501 - LEPO3W<br/>1  Inserted................<br/><br/>2  Record(s) reading................<br/>222003417850501 - LEPO3W<br/>2  Inserted................<br/><br/>3  Record(s) reading................<br/>245003401250501 - LEPO3W<br/>3  Inserted................<br/><br/>4  Record(s) reading................<br/>246003418350501 - LEPO3W<br/>4  Inserted................<br/><br/>5  Record(s) reading................<br/>245003412150501 - LEPO3W<br/>5  Inserted................<br/><br/>6  Record(s) reading................<br/>265003406250501 - LEPO3W<br/>6  Inserted................<br/><br/>7  Record(s) reading................<br/>245003403650501 - LEPO3W<br/>7  Inserted................<br/><br/>8  Record(s) reading................<br/>209003409550501 - LEPO3W<br/>8  Inserted................<br/><br/>9  Record(s) reading................<br/>245003432050501 - LEPO3W<br/>9  Inserted................<br/><br/>10  Record(s) reading................<br/>245003383250501 - LEPO3W<br/>10  Inserted................<br/><br/>11  Record(s) reading................<br/>225003392350501 - LEPO3W<br/>11  Inserted................<br/><br/>12  Record(s) reading................<br/>220003434050501 - LEPO3W<br/>12  Inserted................<br/><br/>13  Record(s) reading................<br/>245003399850501 - LEPO3W<br/>13  Inserted................<br/><br/>14  Record(s) reading................<br/>238003428350501 - LEPO3W<br/>14  Inserted................<br/><br/>15  Record(s) reading................<br/>265003409750501 - LEPO3W<br/>15  Inserted................<br/><br/>16  Record(s) reading................<br/>209003400150501 - LEPO3W<br/>16  Inserted................<br/><br/>17  Record(s) reading................<br/>245003384850501 - LEPO3W<br/>17  Inserted................<br/><br/>18  Record(s) reading................<br/>245003381950501 - LEPO3W<br/>18  Inserted................<br/><br/>19  Record(s) reading................<br/>222003431750501 - LEPO3W<br/>19  Inserted................<br/><br/>
19 Record(s) syncronized.............................<br/>2018/12/23 17:01:41
Successfully connected to Oracle.<br/>Starting to echo

0 Record(s) syncronized.............................<br/>2019/01/03 17:01:41
Successfully connected to Oracle.<br/>Starting to echo
1  Record(s) reading................<br/>206003628951001 - LEPO3W<br/>1  Inserted................<br/><br/>
1 Record(s) syncronized.............................<br/>2019/01/13 17:01:41
Successfully connected to Oracle.<br/>Starting to echo

0 Record(s) syncronized.............................<br/>2019/01/23 17:01:41
Successfully connected to Oracle.<br/>Starting to echo

0 Record(s) syncronized.............................<br/>2019/02/03 17:01:41
Successfully connected to Oracle.<br/>Starting to echo

0 Record(s) syncronized.............................<br/>2019/02/13 17:01:41
Successfully connected to Oracle.<br/>Starting to echo

0 Record(s) syncronized.............................<br/>2019/02/23 17:01:41
Successfully connected to Oracle.<br/>Starting to echo

0 Record(s) syncronized.............................<br/>2019/03/03 17:01:41
Successfully connected to Oracle.<br/>Starting to echo

0 Record(s) syncronized.............................<br/>2019/03/13 17:01:41
Successfully connected to Oracle.<br/>Starting to echo

0 Record(s) syncronized.............................<br/>2019/03/23 17:01:41
Successfully connected to Oracle.<br/>Starting to echo

0 Record(s) syncronized.............................<br/>2019/04/03 17:01:41
Successfully connected to Oracle.<br/>Starting to echo

0 Record(s) syncronized.............................<br/>2019/04/13 17:01:41
Successfully connected to Oracle.<br/>Starting to echo

0 Record(s) syncronized.............................<br/>2019/04/23 17:01:41
Successfully connected to Oracle.<br/>Starting to echo

0 Record(s) syncronized.............................<br/>