2018/11/10 16:11:41
Successfully connected to Oracle.<br/>Starting to echo

0 Record(s) syncronized.............................<br/>2018/11/20 16:11:41
Successfully connected to Oracle.<br/>Starting to echo

0 Record(s) syncronized.............................<br/>2018/11/30 16:11:41
Successfully connected to Oracle.<br/>Starting to echo
1  Record(s) reading................<br/>255003241950502 - LEPO3W<br/>1  Inserted................<br/><br/>
1 Record(s) syncronized.............................<br/>2018/12/10 16:11:41
Successfully connected to Oracle.<br/>Starting to echo

0 Record(s) syncronized.............................<br/>2018/12/20 16:11:41
Successfully connected to Oracle.<br/>Starting to echo
1  Record(s) reading................<br/>238003468650501 - LEPO3W<br/>1  Inserted................<br/><br/>2  Record(s) reading................<br/>240003468250501 - LEPO3W<br/>2  Inserted................<br/><br/>3  Record(s) reading................<br/>265003453450501 - LEPO3W<br/>3  Inserted................<br/><br/>4  Record(s) reading................<br/>207003478750501 - LEPO3W<br/>4  Inserted................<br/><br/>5  Record(s) reading................<br/>258003463250501 - LEPO3W<br/>5  Inserted................<br/><br/>6  Record(s) reading................<br/>209003483550501 - LEPO3W<br/>6  Inserted................<br/><br/>7  Record(s) reading................<br/>209003463650501 - LEPO3W<br/>7  Inserted................<br/><br/>8  Record(s) reading................<br/>240003477550501 - LEPO3W<br/>8  Inserted................<br/><br/>9  Record(s) reading................<br/>225003422350501 - LEPO3W<br/>9  Inserted................<br/><br/>10  Record(s) reading................<br/>225003423150501 - LEPO3W<br/>10  Inserted................<br/><br/>11  Record(s) reading................<br/>225003423650501 - LEPO3W<br/>11  Inserted................<br/><br/>12  Record(s) reading................<br/>267003378350501 - LEPO3W<br/>12  Inserted................<br/><br/>
12 Record(s) syncronized.............................<br/>2018/12/30 16:11:41
Successfully connected to Oracle.<br/>Starting to echo

0 Record(s) syncronized.............................<br/>2019/01/10 16:11:41
Successfully connected to Oracle.<br/>Starting to echo

0 Record(s) syncronized.............................<br/>2019/01/20 16:11:41
Successfully connected to Oracle.<br/>Starting to echo

0 Record(s) syncronized.............................<br/>2019/01/30 16:11:41
Successfully connected to Oracle.<br/>Starting to echo

0 Record(s) syncronized.............................<br/>2019/02/10 16:11:41
Successfully connected to Oracle.<br/>Starting to echo

0 Record(s) syncronized.............................<br/>2019/02/20 16:11:41
Successfully connected to Oracle.<br/>Starting to echo
1  Record(s) reading................<br/>206003836751001 - LEPO3W<br/>1  Inserted................<br/><br/>2  Record(s) reading................<br/>208003794550501 - LEPO3W<br/>2  Inserted................<br/><br/>
2 Record(s) syncronized.............................<br/>2019/03/10 16:11:43
Successfully connected to Oracle.<br/>Starting to echo

0 Record(s) syncronized.............................<br/>2019/03/20 16:11:41
Successfully connected to Oracle.<br/>Starting to echo

0 Record(s) syncronized.............................<br/>2019/03/30 16:11:41
Successfully connected to Oracle.<br/>Starting to echo

0 Record(s) syncronized.............................<br/>2019/04/10 16:11:41
Successfully connected to Oracle.<br/>Starting to echo
1  Record(s) reading................<br/>264003951350501 - LEPO3W<br/>1  Inserted................<br/><br/>2  Record(s) reading................<br/>224004007250501 - LEPO3W<br/>2  Inserted................<br/><br/>3  Record(s) reading................<br/>214004000450501 - LEPO3W<br/>3  Inserted................<br/><br/>
3 Record(s) syncronized.............................<br/>2019/04/20 16:11:41
Successfully connected to Oracle.<br/>Starting to echo

0 Record(s) syncronized.............................<br/>