2018/11/13 16:41:41
Successfully connected to Oracle.<br/>Starting to echo

0 Record(s) syncronized.............................<br/>2018/11/23 16:41:41
Successfully connected to Oracle.<br/>Starting to echo

0 Record(s) syncronized.............................<br/>2018/12/03 16:41:41
Successfully connected to Oracle.<br/>Starting to echo

0 Record(s) syncronized.............................<br/>2018/12/13 16:41:41
Successfully connected to Oracle.<br/>Starting to echo

0 Record(s) syncronized.............................<br/>2018/12/23 16:41:41
Successfully connected to Oracle.<br/>Starting to echo

0 Record(s) syncronized.............................<br/>2019/01/03 16:41:41
Successfully connected to Oracle.<br/>Starting to echo
1  Record(s) reading................<br/>256003612250501 - LEPO3W<br/>1  Inserted................<br/><br/>2  Record(s) reading................<br/>245003591650501 - LEPO3W<br/>2  Inserted................<br/><br/>3  Record(s) reading................<br/>255003616650501 - LEPO3W<br/>3  Inserted................<br/><br/>4  Record(s) reading................<br/>205003479950501 - LEPO3W<br/>4  Inserted................<br/><br/>5  Record(s) reading................<br/>255003605750501 - LEPO3W<br/>5  Inserted................<br/><br/>6  Record(s) reading................<br/>259003559850501 - LEPO3W<br/>6  Inserted................<br/><br/>7  Record(s) reading................<br/>265003594250501 - LEPO3W<br/>7  Inserted................<br/><br/>8  Record(s) reading................<br/>255003616150501 - LEPO3W<br/>8  Inserted................<br/><br/>9  Record(s) reading................<br/>245003589650501 - LEPO3W<br/>9  Inserted................<br/><br/>
9 Record(s) syncronized.............................<br/>2019/01/13 16:41:41
Successfully connected to Oracle.<br/>Starting to echo

0 Record(s) syncronized.............................<br/>2019/01/23 16:41:41
Successfully connected to Oracle.<br/>Starting to echo

0 Record(s) syncronized.............................<br/>2019/02/03 16:41:41
Successfully connected to Oracle.<br/>Starting to echo

0 Record(s) syncronized.............................<br/>2019/02/13 16:41:41
Successfully connected to Oracle.<br/>Starting to echo

0 Record(s) syncronized.............................<br/>2019/02/23 16:41:41
Successfully connected to Oracle.<br/>Starting to echo

0 Record(s) syncronized.............................<br/>2019/03/03 16:41:41
Successfully connected to Oracle.<br/>Starting to echo

0 Record(s) syncronized.............................<br/>2019/03/13 16:41:41
Successfully connected to Oracle.<br/>Starting to echo

0 Record(s) syncronized.............................<br/>2019/03/23 16:41:41
Successfully connected to Oracle.<br/>Starting to echo

0 Record(s) syncronized.............................<br/>2019/04/03 16:41:41
Successfully connected to Oracle.<br/>Starting to echo

0 Record(s) syncronized.............................<br/>2019/04/13 16:41:41
Successfully connected to Oracle.<br/>Starting to echo

0 Record(s) syncronized.............................<br/>2019/04/23 16:41:41
Successfully connected to Oracle.<br/>Starting to echo

0 Record(s) syncronized.............................<br/>