2018/11/06 16:31:41
Successfully connected to Oracle.<br/>Starting to echo

0 Record(s) syncronized.............................<br/>2018/11/16 16:31:43
Successfully connected to Oracle.<br/>Starting to echo
1  Record(s) reading................<br/>209003256150501 - LEPO3W<br/>1  Inserted................<br/><br/>2  Record(s) reading................<br/>240003224750501 - LEPO3W<br/>2  Inserted................<br/><br/>3  Record(s) reading................<br/>246003218350501 - LEPO3W<br/>3  Inserted................<br/><br/>4  Record(s) reading................<br/>260003228750501 - LEPO3W<br/>4  Inserted................<br/><br/>5  Record(s) reading................<br/>213003249350501 - LEPO3W<br/>5  Inserted................<br/><br/>6  Record(s) reading................<br/>245003231450501 - LEPO3W<br/>6  Inserted................<br/><br/>7  Record(s) reading................<br/>247003221350501 - LEPO3W<br/>7  Inserted................<br/><br/>8  Record(s) reading................<br/>256003221850501 - LEPO3W<br/>8  Inserted................<br/><br/>9  Record(s) reading................<br/>260003237250501 - LEPO3W<br/>9  Inserted................<br/><br/>10  Record(s) reading................<br/>245003244950501 - LEPO3W<br/>10  Inserted................<br/><br/>11  Record(s) reading................<br/>246003224450501 - LEPO3W<br/>11  Inserted................<br/><br/>12  Record(s) reading................<br/>246003247850501 - LEPO3W<br/>12  Inserted................<br/><br/>13  Record(s) reading................<br/>266003244150501 - LEPO3W<br/>13  Inserted................<br/><br/>14  Record(s) reading................<br/>265003248450501 - LEPO3W<br/>14  Inserted................<br/><br/>15  Record(s) reading................<br/>245003232150501 - LEPO3W<br/>15  Inserted................<br/><br/>16  Record(s) reading................<br/>210003251350501 - LEPO3W<br/>16  Inserted................<br/><br/>17  Record(s) reading................<br/>253003195950501 - LEPO3W<br/>17  Inserted................<br/><br/>
17 Record(s) syncronized.............................<br/>2018/11/26 16:31:41
Successfully connected to Oracle.<br/>Starting to echo

0 Record(s) syncronized.............................<br/>2018/12/06 16:31:41
Successfully connected to Oracle.<br/>Starting to echo
1  Record(s) reading................<br/>253003379751001 - LEPO3W<br/>1  Inserted................<br/><br/>
1 Record(s) syncronized.............................<br/>2018/12/16 16:31:41
Successfully connected to Oracle.<br/>Starting to echo

0 Record(s) syncronized.............................<br/>2018/12/26 16:31:41
Successfully connected to Oracle.<br/>Starting to echo

0 Record(s) syncronized.............................<br/>2019/01/06 16:31:41
Successfully connected to Oracle.<br/>Starting to echo

0 Record(s) syncronized.............................<br/>2019/01/16 16:31:41
Successfully connected to Oracle.<br/>Starting to echo

0 Record(s) syncronized.............................<br/>2019/01/26 16:31:41
Successfully connected to Oracle.<br/>Starting to echo

0 Record(s) syncronized.............................<br/>2019/02/06 16:31:41
Successfully connected to Oracle.<br/>Starting to echo

0 Record(s) syncronized.............................<br/>2019/02/16 16:31:41
Successfully connected to Oracle.<br/>Starting to echo

0 Record(s) syncronized.............................<br/>2019/02/26 16:31:41
Successfully connected to Oracle.<br/>Starting to echo

0 Record(s) syncronized.............................<br/>2019/03/06 16:31:41
Successfully connected to Oracle.<br/>Starting to echo

0 Record(s) syncronized.............................<br/>2019/03/16 16:31:41
Successfully connected to Oracle.<br/>Starting to echo

0 Record(s) syncronized.............................<br/>2019/03/26 16:31:41
Successfully connected to Oracle.<br/>Starting to echo

0 Record(s) syncronized.............................<br/>2019/04/06 16:31:41
Successfully connected to Oracle.<br/>Starting to echo

0 Record(s) syncronized.............................<br/>2019/04/16 16:31:41
Successfully connected to Oracle.<br/>Starting to echo

0 Record(s) syncronized.............................<br/>