2018/11/11 16:01:41
Successfully connected to Oracle.<br/>Starting to echo

0 Record(s) syncronized.............................<br/>2018/11/21 16:01:41
Successfully connected to Oracle.<br/>Starting to echo
1  Record(s) reading................<br/>225003155750501 - LEPO3W<br/>1  Inserted................<br/><br/>2  Record(s) reading................<br/>221003233750501 - LEPO3W<br/>2  Inserted................<br/><br/>3  Record(s) reading................<br/>252003223550501 - LEPO3W<br/>3  Inserted................<br/><br/>4  Record(s) reading................<br/>225003041050501 - LEPO3W<br/>4  Inserted................<br/><br/>5  Record(s) reading................<br/>221003253150501 - LEPO3W<br/>5  Inserted................<br/><br/>6  Record(s) reading................<br/>246003128050501 - LEPO3W<br/>6  Inserted................<br/><br/>7  Record(s) reading................<br/>221003207550501 - LEPO3W<br/>7  Inserted................<br/><br/>8  Record(s) reading................<br/>225003201550501 - LEPO3W<br/>8  Inserted................<br/><br/>
8 Record(s) syncronized.............................<br/>2018/12/01 16:01:41
Successfully connected to Oracle.<br/>Starting to echo

0 Record(s) syncronized.............................<br/>2018/12/11 16:01:41
Successfully connected to Oracle.<br/>Starting to echo

0 Record(s) syncronized.............................<br/>2018/12/21 16:01:41
Successfully connected to Oracle.<br/>Starting to echo

0 Record(s) syncronized.............................<br/>2018/12/31 16:01:41
Successfully connected to Oracle.<br/>Starting to echo

0 Record(s) syncronized.............................<br/>2019/01/01 16:01:41
Successfully connected to Oracle.<br/>Starting to echo

0 Record(s) syncronized.............................<br/>2019/01/11 16:01:41
Successfully connected to Oracle.<br/>Starting to echo

0 Record(s) syncronized.............................<br/>2019/01/21 16:01:41
Successfully connected to Oracle.<br/>Starting to echo

0 Record(s) syncronized.............................<br/>2019/01/31 16:01:41
Successfully connected to Oracle.<br/>Starting to echo

0 Record(s) syncronized.............................<br/>2019/02/01 16:01:41
Successfully connected to Oracle.<br/>Starting to echo

0 Record(s) syncronized.............................<br/>2019/02/11 16:01:41
Successfully connected to Oracle.<br/>Starting to echo

0 Record(s) syncronized.............................<br/>2019/02/21 16:01:41
Successfully connected to Oracle.<br/>Starting to echo

0 Record(s) syncronized.............................<br/>2019/03/01 16:01:41
Successfully connected to Oracle.<br/>Starting to echo

0 Record(s) syncronized.............................<br/>2019/03/11 16:01:41
Successfully connected to Oracle.<br/>Starting to echo

0 Record(s) syncronized.............................<br/>2019/03/21 16:01:41
Successfully connected to Oracle.<br/>Starting to echo
1  Record(s) reading................<br/>259003929151001 - LEPO3W<br/>1  Inserted................<br/><br/>2  Record(s) reading................<br/>225003903750501 - LEPO3W<br/>2  Inserted................<br/><br/>
2 Record(s) syncronized.............................<br/>2019/03/31 16:01:41
Successfully connected to Oracle.<br/>Starting to echo

0 Record(s) syncronized.............................<br/>2019/04/01 16:01:41
Successfully connected to Oracle.<br/>Starting to echo

0 Record(s) syncronized.............................<br/>2019/04/11 16:01:41
Successfully connected to Oracle.<br/>Starting to echo

0 Record(s) syncronized.............................<br/>2019/04/21 16:01:41
Successfully connected to Oracle.<br/>Starting to echo

0 Record(s) syncronized.............................<br/>