2018/11/13 15:41:41
Successfully connected to Oracle.<br/>Starting to echo

0 Record(s) syncronized.............................<br/>2018/11/23 15:41:41
Successfully connected to Oracle.<br/>Starting to echo

0 Record(s) syncronized.............................<br/>2018/12/03 15:41:41
Successfully connected to Oracle.<br/>Starting to echo

0 Record(s) syncronized.............................<br/>2018/12/13 15:41:41
Successfully connected to Oracle.<br/>Starting to echo

0 Record(s) syncronized.............................<br/>2018/12/23 15:41:41
Successfully connected to Oracle.<br/>Starting to echo

0 Record(s) syncronized.............................<br/>2019/01/03 15:41:41
Successfully connected to Oracle.<br/>Starting to echo

0 Record(s) syncronized.............................<br/>2019/01/13 15:41:41
Successfully connected to Oracle.<br/>Starting to echo

0 Record(s) syncronized.............................<br/>2019/01/23 15:41:41
Successfully connected to Oracle.<br/>Starting to echo
1  Record(s) reading................<br/>240003609250501 - LEPO3W<br/>1  Inserted................<br/><br/>2  Record(s) reading................<br/>225003633350501 - LEPO3W<br/>2  Inserted................<br/><br/>3  Record(s) reading................<br/>225003633450501 - LEPO3W<br/>3  Inserted................<br/><br/>4  Record(s) reading................<br/>268003655050501 - LEPO3W<br/>4  Inserted................<br/><br/>5  Record(s) reading................<br/>233003652350501 - LEPO3W<br/>5  Inserted................<br/><br/>6  Record(s) reading................<br/>247003559550502 - LEPO3W<br/>6  Inserted................<br/><br/>7  Record(s) reading................<br/>247003580950502 - LEPO3W<br/>7  Inserted................<br/><br/>8  Record(s) reading................<br/>220003630350501 - LEPO3W<br/>8  Inserted................<br/><br/>9  Record(s) reading................<br/>225003652250501 - LEPO3W<br/>9  Inserted................<br/><br/>10  Record(s) reading................<br/>209003653850501 - LEPO3W<br/>10  Inserted................<br/><br/>11  Record(s) reading................<br/>252003647650501 - LEPO3W<br/>11  Inserted................<br/><br/>12  Record(s) reading................<br/>252003641850501 - LEPO3W<br/>12  Inserted................<br/><br/>13  Record(s) reading................<br/>225003677250501 - LEPO3W<br/>13  Inserted................<br/><br/>14  Record(s) reading................<br/>255003715050501 - LEPO3W<br/>14  Inserted................<br/><br/>15  Record(s) reading................<br/>218003702850501 - LEPO3W<br/>15  Inserted................<br/><br/>16  Record(s) reading................<br/>217003682850501 - LEPO3W<br/>16  Inserted................<br/><br/>17  Record(s) reading................<br/>233003586450501 - LEPO3W<br/>17  Inserted................<br/><br/>
17 Record(s) syncronized.............................<br/>2019/02/03 15:41:41
Successfully connected to Oracle.<br/>Starting to echo

0 Record(s) syncronized.............................<br/>2019/02/13 15:41:41
Successfully connected to Oracle.<br/>Starting to echo

0 Record(s) syncronized.............................<br/>2019/02/23 15:41:41
Successfully connected to Oracle.<br/>Starting to echo

0 Record(s) syncronized.............................<br/>2019/03/03 15:41:40
Successfully connected to Oracle.<br/>Starting to echo

0 Record(s) syncronized.............................<br/>2019/03/13 15:41:41
Successfully connected to Oracle.<br/>Starting to echo

0 Record(s) syncronized.............................<br/>2019/03/23 15:41:41
Successfully connected to Oracle.<br/>Starting to echo

0 Record(s) syncronized.............................<br/>2019/04/03 15:41:41
Successfully connected to Oracle.<br/>Starting to echo
1  Record(s) reading................<br/>245003976451001 - LEPO3W<br/>1  Inserted................<br/><br/>
1 Record(s) syncronized.............................<br/>2019/04/13 15:41:41
Successfully connected to Oracle.<br/>Starting to echo

0 Record(s) syncronized.............................<br/>2019/04/23 15:41:41
Successfully connected to Oracle.<br/>Starting to echo

0 Record(s) syncronized.............................<br/>