2018/11/11 15:41:41
Successfully connected to Oracle.<br/>Starting to echo

0 Record(s) syncronized.............................<br/>2018/11/21 15:41:41
Successfully connected to Oracle.<br/>Starting to echo

0 Record(s) syncronized.............................<br/>2018/12/01 15:41:41
Successfully connected to Oracle.<br/>Starting to echo

0 Record(s) syncronized.............................<br/>2018/12/11 15:41:41
Successfully connected to Oracle.<br/>Starting to echo

0 Record(s) syncronized.............................<br/>2018/12/21 15:41:41
Successfully connected to Oracle.<br/>Starting to echo

0 Record(s) syncronized.............................<br/>2018/12/31 15:41:41
Successfully connected to Oracle.<br/>Starting to echo

0 Record(s) syncronized.............................<br/>2019/01/01 15:41:41
Successfully connected to Oracle.<br/>Starting to echo

0 Record(s) syncronized.............................<br/>2019/01/11 15:41:41
Successfully connected to Oracle.<br/>Starting to echo
1  Record(s) reading................<br/>245003661350501 - LEPO3W<br/>1  Inserted................<br/><br/>2  Record(s) reading................<br/>238003665350501 - LEPO3W<br/>2  Inserted................<br/><br/>3  Record(s) reading................<br/>245003661450501 - LEPO3W<br/>3  Inserted................<br/><br/>4  Record(s) reading................<br/>245003661550501 - LEPO3W<br/>4  Inserted................<br/><br/>5  Record(s) reading................<br/>235003631250501 - LEPO3W<br/>5  Inserted................<br/><br/>6  Record(s) reading................<br/>245003666450501 - LEPO3W<br/>6  Inserted................<br/><br/>7  Record(s) reading................<br/>209003652750501 - LEPO3W<br/>7  Inserted................<br/><br/>8  Record(s) reading................<br/>209003653550501 - LEPO3W<br/>8  Inserted................<br/><br/>9  Record(s) reading................<br/>209003673250501 - LEPO3W<br/>9  Inserted................<br/><br/>10  Record(s) reading................<br/>200003665450501 - LEPO3W<br/>10  Inserted................<br/><br/>11  Record(s) reading................<br/>256003653450501 - LEPO3W<br/>11  Inserted................<br/><br/>12  Record(s) reading................<br/>209003610550501 - LEPO3W<br/>12  Inserted................<br/><br/>13  Record(s) reading................<br/>222003664650501 - LEPO3W<br/>13  Inserted................<br/><br/>14  Record(s) reading................<br/>209003655350501 - LEPO3W<br/>14  Inserted................<br/><br/>15  Record(s) reading................<br/>238003680650501 - LEPO3W<br/>15  Inserted................<br/><br/>16  Record(s) reading................<br/>210003280550501 - LEPO3W<br/>16  Inserted................<br/><br/>17  Record(s) reading................<br/>265003674850501 - LEPO3W<br/>17  Inserted................<br/><br/>
17 Record(s) syncronized.............................<br/>2019/01/21 15:41:41
Successfully connected to Oracle.<br/>Starting to echo

0 Record(s) syncronized.............................<br/>2019/01/31 15:41:41
Successfully connected to Oracle.<br/>Starting to echo

0 Record(s) syncronized.............................<br/>2019/02/01 15:41:41
Successfully connected to Oracle.<br/>Starting to echo

0 Record(s) syncronized.............................<br/>2019/02/11 15:41:41
Successfully connected to Oracle.<br/>Starting to echo

0 Record(s) syncronized.............................<br/>2019/02/21 15:41:41
Successfully connected to Oracle.<br/>Starting to echo

0 Record(s) syncronized.............................<br/>2019/03/01 15:41:49
Successfully connected to Oracle.<br/>Starting to echo

0 Record(s) syncronized.............................<br/>2019/03/11 15:41:41
Successfully connected to Oracle.<br/>Starting to echo

0 Record(s) syncronized.............................<br/>2019/03/21 15:41:41
Successfully connected to Oracle.<br/>Starting to echo
1  Record(s) reading................<br/>218003929751001 - LEPO3W<br/>1  Inserted................<br/><br/>
1 Record(s) syncronized.............................<br/>2019/03/31 15:41:41
Successfully connected to Oracle.<br/>Starting to echo

0 Record(s) syncronized.............................<br/>2019/04/01 15:41:41
Successfully connected to Oracle.<br/>Starting to echo

0 Record(s) syncronized.............................<br/>2019/04/11 15:41:41
Successfully connected to Oracle.<br/>Starting to echo

0 Record(s) syncronized.............................<br/>2019/04/21 15:41:41
Successfully connected to Oracle.<br/>Starting to echo

0 Record(s) syncronized.............................<br/>