2018/11/11 15:11:41
Successfully connected to Oracle.<br/>Starting to echo

0 Record(s) syncronized.............................<br/>2018/11/21 15:11:41
Successfully connected to Oracle.<br/>Starting to echo
1  Record(s) reading................<br/>216003266151001 - LEPO3W<br/>1  Inserted................<br/><br/>
1 Record(s) syncronized.............................<br/>2018/12/01 15:11:41
Successfully connected to Oracle.<br/>Starting to echo

0 Record(s) syncronized.............................<br/>2018/12/11 15:11:41
Successfully connected to Oracle.<br/>Starting to echo

0 Record(s) syncronized.............................<br/>2018/12/21 15:11:41
Successfully connected to Oracle.<br/>Starting to echo
1  Record(s) reading................<br/>238003494950501 - LEPO3W<br/>1  Inserted................<br/><br/>2  Record(s) reading................<br/>246003405150501 - LEPO3W<br/>2  Inserted................<br/><br/>3  Record(s) reading................<br/>255003484150501 - LEPO3W<br/>3  Inserted................<br/><br/>4  Record(s) reading................<br/>265003484950501 - LEPO3W<br/>4  Inserted................<br/><br/>5  Record(s) reading................<br/>258003503150501 - LEPO3W<br/>5  Inserted................<br/><br/>6  Record(s) reading................<br/>225003459250501 - LEPO3W<br/>6  Inserted................<br/><br/>7  Record(s) reading................<br/>225003459450501 - LEPO3W<br/>7  Inserted................<br/><br/>8  Record(s) reading................<br/>258003496450501 - LEPO3W<br/>8  Inserted................<br/><br/>9  Record(s) reading................<br/>255003485350501 - LEPO3W<br/>9  Inserted................<br/><br/>10  Record(s) reading................<br/>246003331350501 - LEPO3W<br/>10  Inserted................<br/><br/>11  Record(s) reading................<br/>265003440450501 - LEPO3W<br/>11  Inserted................<br/><br/>12  Record(s) reading................<br/>256003391950501 - LEPO3W<br/>12  Inserted................<br/><br/>13  Record(s) reading................<br/>238003494150501 - LEPO3W<br/>13  Inserted................<br/><br/>
13 Record(s) syncronized.............................<br/>2018/12/31 15:11:41
Successfully connected to Oracle.<br/>Starting to echo

0 Record(s) syncronized.............................<br/>2019/01/01 15:11:41
Successfully connected to Oracle.<br/>Starting to echo

0 Record(s) syncronized.............................<br/>2019/01/11 15:11:41
Successfully connected to Oracle.<br/>Starting to echo

0 Record(s) syncronized.............................<br/>2019/01/21 15:11:41
Successfully connected to Oracle.<br/>Starting to echo
1  Record(s) reading................<br/>250003683551001 - LEPO3W<br/>1  Inserted................<br/><br/>2  Record(s) reading................<br/>252003724551001 - LEPO3W<br/>2  Inserted................<br/><br/>
2 Record(s) syncronized.............................<br/>2019/01/31 15:11:41
Successfully connected to Oracle.<br/>Starting to echo

0 Record(s) syncronized.............................<br/>2019/02/01 15:11:41
Successfully connected to Oracle.<br/>Starting to echo
1  Record(s) reading................<br/>259003769350501 - LEPO3W<br/>1  Inserted................<br/><br/>2  Record(s) reading................<br/>228003771250501 - LEPO3W<br/>2  Inserted................<br/><br/>3  Record(s) reading................<br/>258003791350501 - LEPO3W<br/>3  Inserted................<br/><br/>
3 Record(s) syncronized.............................<br/>2019/02/11 15:11:41
Successfully connected to Oracle.<br/>Starting to echo
1  Record(s) reading................<br/>258003650250501 - LEPO3W<br/>1  Inserted................<br/><br/>2  Record(s) reading................<br/>208003598550501 - LEPO3W<br/>2  Inserted................<br/><br/>3  Record(s) reading................<br/>256003699350501 - LEPO3W<br/>3  Inserted................<br/><br/>4  Record(s) reading................<br/>246003722750501 - LEPO3W<br/>4  Inserted................<br/><br/>5  Record(s) reading................<br/>267003321550501 - LEPO3W<br/>5  Inserted................<br/><br/>6  Record(s) reading................<br/>225003706950501 - LEPO3W<br/>6  Inserted................<br/><br/>7  Record(s) reading................<br/>245003793950501 - LEPO3W<br/>7  Inserted................<br/><br/>8  Record(s) reading................<br/>221003793050501 - LEPO3W<br/>8  Inserted................<br/><br/>9  Record(s) reading................<br/>223003251450501 - LEPO3W<br/>9  Inserted................<br/><br/>10  Record(s) reading................<br/>252003658450501 - LEPO3W<br/>10  Inserted................<br/><br/>11  Record(s) reading................<br/>243003762550501 - LEPO3W<br/>11  Inserted................<br/><br/>12  Record(s) reading................<br/>248003419050501 - LEPO3W<br/>12  Inserted................<br/><br/>13  Record(s) reading................<br/>223003447850501 - LEPO3W<br/>13  Inserted................<br/><br/>14  Record(s) reading................<br/>265003768350501 - LEPO3W<br/>14  Inserted................<br/><br/>15  Record(s) reading................<br/>256003465150501 - LEPO3W<br/>15  Inserted................<br/><br/>16  Record(s) reading................<br/>223003594650501 - LEPO3W<br/>16  Inserted................<br/><br/>17  Record(s) reading................<br/>252003712250501 - LEPO3W<br/>17  Inserted................<br/><br/>
17 Record(s) syncronized.............................<br/>2019/02/21 15:11:41
Successfully connected to Oracle.<br/>Starting to echo
1  Record(s) reading................<br/>237003808051001 - LEPO3W<br/>1  Inserted................<br/><br/>
1 Record(s) syncronized.............................<br/>2019/03/01 15:11:41
Successfully connected to Oracle.<br/>Starting to echo
1  Record(s) reading................<br/>235003862151001 - LEPO3W<br/>1  Inserted................<br/><br/>
1 Record(s) syncronized.............................<br/>2019/03/11 15:11:41
Successfully connected to Oracle.<br/>Starting to echo

0 Record(s) syncronized.............................<br/>2019/03/21 15:11:41
Successfully connected to Oracle.<br/>Starting to echo
1  Record(s) reading................<br/>246002809750501 - LEPO3W<br/>1  Inserted................<br/><br/>2  Record(s) reading................<br/>233003876250501 - LEPO3W<br/>2  Inserted................<br/><br/>
2 Record(s) syncronized.............................<br/>2019/03/31 15:11:41
Successfully connected to Oracle.<br/>Starting to echo

0 Record(s) syncronized.............................<br/>2019/04/01 15:11:41
Successfully connected to Oracle.<br/>Starting to echo

0 Record(s) syncronized.............................<br/>2019/04/11 15:11:41
Successfully connected to Oracle.<br/>Starting to echo

0 Record(s) syncronized.............................<br/>2019/04/21 15:11:41
Successfully connected to Oracle.<br/>Starting to echo

0 Record(s) syncronized.............................<br/>