2018/11/05 16:41:41
Successfully connected to Oracle.<br/>Starting to echo

0 Record(s) syncronized.............................<br/>2018/11/15 16:41:41
Successfully connected to Oracle.<br/>Starting to echo

0 Record(s) syncronized.............................<br/>2018/11/25 16:41:41
Successfully connected to Oracle.<br/>Starting to echo

0 Record(s) syncronized.............................<br/>2018/12/05 16:41:41
Successfully connected to Oracle.<br/>Starting to echo

0 Record(s) syncronized.............................<br/>2018/12/15 16:41:41
Successfully connected to Oracle.<br/>Starting to echo

0 Record(s) syncronized.............................<br/>2018/12/25 16:41:41
Successfully connected to Oracle.<br/>Starting to echo

0 Record(s) syncronized.............................<br/>2019/01/05 16:41:41
Successfully connected to Oracle.<br/>Starting to echo

0 Record(s) syncronized.............................<br/>2019/01/15 16:41:41
Successfully connected to Oracle.<br/>Starting to echo

0 Record(s) syncronized.............................<br/>2019/01/25 16:41:41
Successfully connected to Oracle.<br/>Starting to echo
1  Record(s) reading................<br/>205003315750503 - LEPO3W<br/>1  Inserted................<br/><br/>2  Record(s) reading................<br/>245003350950502 - LEPO3W<br/>2  Inserted................<br/><br/>3  Record(s) reading................<br/>266003701650501 - LEPO3W<br/>3  Inserted................<br/><br/>4  Record(s) reading................<br/>245003607250502 - LEPO3W<br/>4  Inserted................<br/><br/>5  Record(s) reading................<br/>209003726750501 - LEPO3W<br/>5  Inserted................<br/><br/>6  Record(s) reading................<br/>266003664750501 - LEPO3W<br/>6  Inserted................<br/><br/>7  Record(s) reading................<br/>248003491750502 - LEPO3W<br/>7  Inserted................<br/><br/>8  Record(s) reading................<br/>218003676450501 - LEPO3W<br/>8  Inserted................<br/><br/>9  Record(s) reading................<br/>213003662650501 - LEPO3W<br/>9  Inserted................<br/><br/>10  Record(s) reading................<br/>238003748950501 - LEPO3W<br/>10  Inserted................<br/><br/>11  Record(s) reading................<br/>266003692750501 - LEPO3W<br/>11  Inserted................<br/><br/>12  Record(s) reading................<br/>268003733350501 - LEPO3W<br/>12  Inserted................<br/><br/>13  Record(s) reading................<br/>213003690950501 - LEPO3W<br/>13  Inserted................<br/><br/>14  Record(s) reading................<br/>230003617650502 - LEPO3W<br/>14  Inserted................<br/><br/>15  Record(s) reading................<br/>245003515450502 - LEPO3W<br/>15  Inserted................<br/><br/>16  Record(s) reading................<br/>252003706150501 - LEPO3W<br/>16  Inserted................<br/><br/>17  Record(s) reading................<br/>252003705950501 - LEPO3W<br/>17  Inserted................<br/><br/>18  Record(s) reading................<br/>246003457950503 - LEPO3W<br/>18  Inserted................<br/><br/>19  Record(s) reading................<br/>209003733850501 - LEPO3W<br/>19  Inserted................<br/><br/>20  Record(s) reading................<br/>240003717850501 - LEPO3W<br/>20  Inserted................<br/><br/>21  Record(s) reading................<br/>245003724250501 - LEPO3W<br/>21  Inserted................<br/><br/>22  Record(s) reading................<br/>221003428150502 - LEPO3W<br/>22  Inserted................<br/><br/>
22 Record(s) syncronized.............................<br/>2019/02/05 16:41:41
Successfully connected to Oracle.<br/>Starting to echo

0 Record(s) syncronized.............................<br/>2019/02/15 16:41:41
Successfully connected to Oracle.<br/>Starting to echo

0 Record(s) syncronized.............................<br/>2019/02/25 16:41:41
Successfully connected to Oracle.<br/>Starting to echo

0 Record(s) syncronized.............................<br/>2019/03/05 16:41:41
Successfully connected to Oracle.<br/>Starting to echo

0 Record(s) syncronized.............................<br/>2019/03/15 16:41:41
Successfully connected to Oracle.<br/>Starting to echo

0 Record(s) syncronized.............................<br/>2019/03/25 16:41:41
Successfully connected to Oracle.<br/>Starting to echo

0 Record(s) syncronized.............................<br/>2019/04/05 16:41:41
Successfully connected to Oracle.<br/>Starting to echo

0 Record(s) syncronized.............................<br/>2019/04/15 16:41:41
Successfully connected to Oracle.<br/>Starting to echo

0 Record(s) syncronized.............................<br/>