2019/01/09 09:41:41
Successfully connected to Oracle.<br/>Starting to echo

0 Record(s) syncronized.............................<br/>2019/01/19 09:41:41
Successfully connected to Oracle.<br/>Starting to echo

0 Record(s) syncronized.............................<br/>2019/01/29 09:41:41
Successfully connected to Oracle.<br/>Starting to echo
1  Record(s) reading................<br/>217003771650501 - LEPO3W<br/>1  Inserted................<br/><br/>2  Record(s) reading................<br/>235003729251001 - LEPO3W<br/>2  Inserted................<br/><br/>
2 Record(s) syncronized.............................<br/>2019/02/09 09:41:41
Successfully connected to Oracle.<br/>Starting to echo

0 Record(s) syncronized.............................<br/>2019/02/19 09:41:41
Successfully connected to Oracle.<br/>Starting to echo

0 Record(s) syncronized.............................<br/>2019/03/09 09:41:41
Successfully connected to Oracle.<br/>Starting to echo

0 Record(s) syncronized.............................<br/>2019/03/19 09:41:41
Successfully connected to Oracle.<br/>Starting to echo

0 Record(s) syncronized.............................<br/>2019/03/29 09:41:41
Successfully connected to Oracle.<br/>Starting to echo

0 Record(s) syncronized.............................<br/>2019/04/09 09:41:41
Successfully connected to Oracle.<br/>Starting to echo

0 Record(s) syncronized.............................<br/>2019/04/19 09:41:41
Successfully connected to Oracle.<br/>Starting to echo

0 Record(s) syncronized.............................<br/>