2018/11/13 16:21:41
Successfully connected to Oracle.<br/>Starting to echo

0 Record(s) syncronized.............................<br/>2018/11/23 16:21:41
Successfully connected to Oracle.<br/>Starting to echo

0 Record(s) syncronized.............................<br/>2018/12/03 16:21:41
Successfully connected to Oracle.<br/>Starting to echo

0 Record(s) syncronized.............................<br/>2018/12/13 16:21:41
Successfully connected to Oracle.<br/>Starting to echo

0 Record(s) syncronized.............................<br/>2018/12/23 16:21:41
Successfully connected to Oracle.<br/>Starting to echo

0 Record(s) syncronized.............................<br/>2019/01/03 16:21:41
Successfully connected to Oracle.<br/>Starting to echo

0 Record(s) syncronized.............................<br/>2019/01/13 16:21:41
Successfully connected to Oracle.<br/>Starting to echo

0 Record(s) syncronized.............................<br/>2019/01/23 16:21:41
Successfully connected to Oracle.<br/>Starting to echo
1  Record(s) reading................<br/>246003063650501 - LEPO3W<br/>1  Inserted................<br/><br/>2  Record(s) reading................<br/>249003616550501 - LEPO3W<br/>2  Inserted................<br/><br/>3  Record(s) reading................<br/>222003340950501 - LEPO3W<br/>3  Inserted................<br/><br/>4  Record(s) reading................<br/>252003563450501 - LEPO3W<br/>4  Inserted................<br/><br/>5  Record(s) reading................<br/>258003512650501 - LEPO3W<br/>5  Inserted................<br/><br/>6  Record(s) reading................<br/>259003391750501 - LEPO3W<br/>6  Inserted................<br/><br/>7  Record(s) reading................<br/>268003694350501 - LEPO3W<br/>7  Inserted................<br/><br/>8  Record(s) reading................<br/>245003592550501 - LEPO3W<br/>8  Inserted................<br/><br/>9  Record(s) reading................<br/>220002299950502 - LEPO3W<br/>9  Inserted................<br/><br/>10  Record(s) reading................<br/>246003161050501 - LEPO3W<br/>10  Inserted................<br/><br/>11  Record(s) reading................<br/>228003504750501 - LEPO3W<br/>11  Inserted................<br/><br/>
11 Record(s) syncronized.............................<br/>2019/02/03 16:21:41
Successfully connected to Oracle.<br/>Starting to echo

0 Record(s) syncronized.............................<br/>2019/02/13 16:21:41
Successfully connected to Oracle.<br/>Starting to echo

0 Record(s) syncronized.............................<br/>2019/02/23 16:21:40
Successfully connected to Oracle.<br/>Starting to echo

0 Record(s) syncronized.............................<br/>2019/03/03 16:21:41
Successfully connected to Oracle.<br/>Starting to echo

0 Record(s) syncronized.............................<br/>2019/03/13 16:21:41
Successfully connected to Oracle.<br/>Starting to echo
1  Record(s) reading................<br/>258003885950501 - LEPO3W<br/>1  Inserted................<br/><br/>2  Record(s) reading................<br/>240003880450501 - LEPO3W<br/>2  Inserted................<br/><br/>
2 Record(s) syncronized.............................<br/>2019/03/23 16:21:41
Successfully connected to Oracle.<br/>Starting to echo

0 Record(s) syncronized.............................<br/>2019/04/03 16:21:41
Successfully connected to Oracle.<br/>Starting to echo
1  Record(s) reading................<br/>222003984350501 - LEPO3W<br/>1  Inserted................<br/><br/>2  Record(s) reading................<br/>222003994250501 - LEPO3W<br/>2  Inserted................<br/><br/>3  Record(s) reading................<br/>252003969650501 - LEPO3W<br/>3  Inserted................<br/><br/>4  Record(s) reading................<br/>247003966850501 - LEPO3W<br/>4  Inserted................<br/><br/>5  Record(s) reading................<br/>245003991850501 - LEPO3W<br/>5  Inserted................<br/><br/>6  Record(s) reading................<br/>216003988150501 - LEPO3W<br/>6  Inserted................<br/><br/>7  Record(s) reading................<br/>213003968050501 - LEPO3W<br/>7  Inserted................<br/><br/>8  Record(s) reading................<br/>222003992550501 - LEPO3W<br/>8  Inserted................<br/><br/>9  Record(s) reading................<br/>240003986450501 - LEPO3W<br/>9  Inserted................<br/><br/>
9 Record(s) syncronized.............................<br/>2019/04/13 16:21:41
Successfully connected to Oracle.<br/>Starting to echo

0 Record(s) syncronized.............................<br/>2019/04/23 16:21:41
Successfully connected to Oracle.<br/>Starting to echo

0 Record(s) syncronized.............................<br/>