2018/11/05 12:21:41
Successfully connected to Oracle.<br/>Starting to echo
1  Record(s) reading................<br/>243003182751001 - LEPO3W<br/>1  Inserted................<br/><br/>
1 Record(s) syncronized.............................<br/>2018/11/15 12:21:41
Successfully connected to Oracle.<br/>Starting to echo
1  Record(s) reading................<br/>208003237351001 - LEPO3W<br/>1  Inserted................<br/><br/>
1 Record(s) syncronized.............................<br/>2018/11/25 12:21:41
Successfully connected to Oracle.<br/>Starting to echo

0 Record(s) syncronized.............................<br/>2018/12/05 12:21:41
Successfully connected to Oracle.<br/>Starting to echo
1  Record(s) reading................<br/>266003381750501 - LEPO3W<br/>1  Inserted................<br/><br/>2  Record(s) reading................<br/>242003364151001 - LEPO3W<br/>2  Inserted................<br/><br/>3  Record(s) reading................<br/>242003375951001 - LEPO3W<br/>3  Inserted................<br/><br/>
3 Record(s) syncronized.............................<br/>2018/12/15 12:21:41
Successfully connected to Oracle.<br/>Starting to echo

0 Record(s) syncronized.............................<br/>2018/12/25 12:21:41
Successfully connected to Oracle.<br/>Starting to echo

0 Record(s) syncronized.............................<br/>2019/01/05 12:21:41
Successfully connected to Oracle.<br/>Starting to echo

0 Record(s) syncronized.............................<br/>2019/01/15 12:21:41
Successfully connected to Oracle.<br/>Starting to echo

0 Record(s) syncronized.............................<br/>2019/01/25 12:21:41
Successfully connected to Oracle.<br/>Starting to echo

0 Record(s) syncronized.............................<br/>2019/02/15 12:21:41
Successfully connected to Oracle.<br/>Starting to echo

0 Record(s) syncronized.............................<br/>2019/02/25 12:21:41
Successfully connected to Oracle.<br/>Starting to echo

0 Record(s) syncronized.............................<br/>2019/03/05 12:21:41
Successfully connected to Oracle.<br/>Starting to echo

0 Record(s) syncronized.............................<br/>2019/03/15 12:21:41
Successfully connected to Oracle.<br/>Starting to echo

0 Record(s) syncronized.............................<br/>2019/03/25 12:21:41
Successfully connected to Oracle.<br/>Starting to echo
1  Record(s) reading................<br/>214003928150501 - LEPO3W<br/>1  Inserted................<br/><br/>
1 Record(s) syncronized.............................<br/>2019/04/05 12:21:41
Successfully connected to Oracle.<br/>Starting to echo
1  Record(s) reading................<br/>247000402951001 - LEPO3W<br/>1  Inserted................<br/><br/>
1 Record(s) syncronized.............................<br/>2019/04/15 12:21:41
Successfully connected to Oracle.<br/>Starting to echo

0 Record(s) syncronized.............................<br/>