2018/11/11 18:11:41
Successfully connected to Oracle.<br/>Starting to echo

0 Record(s) syncronized.............................<br/>2018/11/21 18:11:41
Successfully connected to Oracle.<br/>Starting to echo

0 Record(s) syncronized.............................<br/>2018/12/01 18:11:41
Successfully connected to Oracle.<br/>Starting to echo

0 Record(s) syncronized.............................<br/>2018/12/11 18:11:41
Successfully connected to Oracle.<br/>Starting to echo

0 Record(s) syncronized.............................<br/>2018/12/21 18:11:41
Successfully connected to Oracle.<br/>Starting to echo

0 Record(s) syncronized.............................<br/>2018/12/31 18:11:41
Successfully connected to Oracle.<br/>Starting to echo
1  Record(s) reading................<br/>224003527250501 - LEPO3W<br/>1  Inserted................<br/><br/>2  Record(s) reading................<br/>224003550050501 - LEPO3W<br/>2  Inserted................<br/><br/>3  Record(s) reading................<br/>240003544650501 - LEPO3W<br/>3  Inserted................<br/><br/>4  Record(s) reading................<br/>240003506950501 - LEPO3W<br/>4  Inserted................<br/><br/>5  Record(s) reading................<br/>240003433150501 - LEPO3W<br/>5  Inserted................<br/><br/>6  Record(s) reading................<br/>209003521950501 - LEPO3W<br/>6  Inserted................<br/><br/>7  Record(s) reading................<br/>218003525850501 - LEPO3W<br/>7  Inserted................<br/><br/>8  Record(s) reading................<br/>255003402850501 - LEPO3W<br/>8  Inserted................<br/><br/>9  Record(s) reading................<br/>240003417650501 - LEPO3W<br/>9  Inserted................<br/><br/>10  Record(s) reading................<br/>224003548350501 - LEPO3W<br/>10  Inserted................<br/><br/>11  Record(s) reading................<br/>255003406750501 - LEPO3W<br/>11  Inserted................<br/><br/>12  Record(s) reading................<br/>255003371750501 - LEPO3W<br/>12  Inserted................<br/><br/>13  Record(s) reading................<br/>206003388350501 - LEPO3W<br/>13  Inserted................<br/><br/>14  Record(s) reading................<br/>223003444050501 - LEPO3W<br/>14  Inserted................<br/><br/>
14 Record(s) syncronized.............................<br/>2019/01/01 18:11:41
Successfully connected to Oracle.<br/>Starting to echo

0 Record(s) syncronized.............................<br/>2019/01/11 18:11:41
Successfully connected to Oracle.<br/>Starting to echo

0 Record(s) syncronized.............................<br/>2019/01/21 18:11:41
Successfully connected to Oracle.<br/>Starting to echo

0 Record(s) syncronized.............................<br/>2019/01/31 18:11:41
Successfully connected to Oracle.<br/>Starting to echo

0 Record(s) syncronized.............................<br/>2019/02/01 18:11:41
Successfully connected to Oracle.<br/>Starting to echo

0 Record(s) syncronized.............................<br/>2019/02/11 18:11:41
Successfully connected to Oracle.<br/>Starting to echo

0 Record(s) syncronized.............................<br/>2019/02/21 18:11:41
Successfully connected to Oracle.<br/>Starting to echo

0 Record(s) syncronized.............................<br/>2019/03/01 18:11:40
Successfully connected to Oracle.<br/>Starting to echo

0 Record(s) syncronized.............................<br/>2019/03/11 18:11:41
Successfully connected to Oracle.<br/>Starting to echo

0 Record(s) syncronized.............................<br/>2019/03/21 18:11:41
Successfully connected to Oracle.<br/>Starting to echo

0 Record(s) syncronized.............................<br/>2019/03/31 18:11:41
Successfully connected to Oracle.<br/>Starting to echo

0 Record(s) syncronized.............................<br/>2019/04/01 18:11:41
Successfully connected to Oracle.<br/>Starting to echo

0 Record(s) syncronized.............................<br/>2019/04/11 18:11:41
Successfully connected to Oracle.<br/>Starting to echo

0 Record(s) syncronized.............................<br/>2019/04/21 18:11:41
Successfully connected to Oracle.<br/>Starting to echo

0 Record(s) syncronized.............................<br/>