2018/11/06 10:21:41
Successfully connected to Oracle.<br/>Starting to echo

0 Record(s) syncronized.............................<br/>2018/11/16 10:21:41
Successfully connected to Oracle.<br/>Starting to echo

0 Record(s) syncronized.............................<br/>2018/11/26 10:21:41
Successfully connected to Oracle.<br/>Starting to echo

0 Record(s) syncronized.............................<br/>2018/12/06 10:21:41
Successfully connected to Oracle.<br/>Starting to echo
1  Record(s) reading................<br/>225002945150502 - LEPO3W<br/>1  Inserted................<br/><br/>
1 Record(s) syncronized.............................<br/>2018/12/16 10:21:41
Successfully connected to Oracle.<br/>Starting to echo

0 Record(s) syncronized.............................<br/>2018/12/26 10:21:41
Successfully connected to Oracle.<br/>Starting to echo
1  Record(s) reading................<br/>245003506550501 - LEPO3W<br/>1  Inserted................<br/><br/>2  Record(s) reading................<br/>225003450150501 - LEPO3W<br/>2  Inserted................<br/><br/>3  Record(s) reading................<br/>245003507250501 - LEPO3W<br/>3  Inserted................<br/><br/>4  Record(s) reading................<br/>216003509450501 - LEPO3W<br/>4  Inserted................<br/><br/>5  Record(s) reading................<br/>225003402450501 - LEPO3W<br/>5  Inserted................<br/><br/>6  Record(s) reading................<br/>210003518350501 - LEPO3W<br/>6  Inserted................<br/><br/>7  Record(s) reading................<br/>225003465750501 - LEPO3W<br/>7  Inserted................<br/><br/>8  Record(s) reading................<br/>225003377450501 - LEPO3W<br/>8  Inserted................<br/><br/>9  Record(s) reading................<br/>245003496150501 - LEPO3W<br/>9  Inserted................<br/><br/>10  Record(s) reading................<br/>245003507950501 - LEPO3W<br/>10  Inserted................<br/><br/>11  Record(s) reading................<br/>245003505750501 - LEPO3W<br/>11  Inserted................<br/><br/>12  Record(s) reading................<br/>245003523250501 - LEPO3W<br/>12  Inserted................<br/><br/>13  Record(s) reading................<br/>210003524950501 - LEPO3W<br/>13  Inserted................<br/><br/>
13 Record(s) syncronized.............................<br/>2019/01/06 10:21:41
Successfully connected to Oracle.<br/>Starting to echo

0 Record(s) syncronized.............................<br/>2019/01/16 10:21:41
Successfully connected to Oracle.<br/>Starting to echo

0 Record(s) syncronized.............................<br/>2019/01/26 10:21:41
Successfully connected to Oracle.<br/>Starting to echo

0 Record(s) syncronized.............................<br/>2019/02/06 10:21:41
Successfully connected to Oracle.<br/>Starting to echo

0 Record(s) syncronized.............................<br/>2019/02/16 10:21:41
Successfully connected to Oracle.<br/>Starting to echo

0 Record(s) syncronized.............................<br/>2019/02/26 10:21:41
Successfully connected to Oracle.<br/>Starting to echo

0 Record(s) syncronized.............................<br/>2019/03/06 10:21:41
Successfully connected to Oracle.<br/>Starting to echo

0 Record(s) syncronized.............................<br/>2019/03/16 10:21:41
Successfully connected to Oracle.<br/>Starting to echo

0 Record(s) syncronized.............................<br/>2019/03/26 10:21:41
Successfully connected to Oracle.<br/>Starting to echo

0 Record(s) syncronized.............................<br/>2019/04/06 10:21:41
Successfully connected to Oracle.<br/>Starting to echo

0 Record(s) syncronized.............................<br/>2019/04/16 10:21:41
Successfully connected to Oracle.<br/>Starting to echo

0 Record(s) syncronized.............................<br/>