2018/11/12 16:41:41
Successfully connected to Oracle.<br/>Starting to echo

0 Record(s) syncronized.............................<br/>2018/11/22 16:41:41
Successfully connected to Oracle.<br/>Starting to echo

0 Record(s) syncronized.............................<br/>2018/12/02 16:41:41
Successfully connected to Oracle.<br/>Starting to echo

0 Record(s) syncronized.............................<br/>2018/12/12 16:41:41
Successfully connected to Oracle.<br/>Starting to echo

0 Record(s) syncronized.............................<br/>2018/12/22 16:41:41
Successfully connected to Oracle.<br/>Starting to echo

0 Record(s) syncronized.............................<br/>2019/01/02 16:41:41
Successfully connected to Oracle.<br/>Starting to echo
1  Record(s) reading................<br/>258003465350501 - LEPO3W<br/>1  Inserted................<br/><br/>2  Record(s) reading................<br/>245003597550501 - LEPO3W<br/>2  Inserted................<br/><br/>3  Record(s) reading................<br/>245003597050501 - LEPO3W<br/>3  Inserted................<br/><br/>4  Record(s) reading................<br/>224003468550501 - LEPO3W<br/>4  Inserted................<br/><br/>
4 Record(s) syncronized.............................<br/>2019/01/12 16:41:41
Successfully connected to Oracle.<br/>Starting to echo

0 Record(s) syncronized.............................<br/>2019/01/22 16:41:41
Successfully connected to Oracle.<br/>Starting to echo
1  Record(s) reading................<br/>239003642250501 - LEPO3W<br/>1  Inserted................<br/><br/>2  Record(s) reading................<br/>217003686250501 - LEPO3W<br/>2  Inserted................<br/><br/>3  Record(s) reading................<br/>225003466550501 - LEPO3W<br/>3  Inserted................<br/><br/>4  Record(s) reading................<br/>260003638150501 - LEPO3W<br/>4  Inserted................<br/><br/>
4 Record(s) syncronized.............................<br/>2019/02/02 16:41:41
Successfully connected to Oracle.<br/>Starting to echo

0 Record(s) syncronized.............................<br/>2019/02/12 16:41:41
Successfully connected to Oracle.<br/>Starting to echo

0 Record(s) syncronized.............................<br/>2019/02/22 16:41:41
Successfully connected to Oracle.<br/>Starting to echo
1  Record(s) reading................<br/>259003842451001 - LEPO3W<br/>1  Inserted................<br/><br/>
1 Record(s) syncronized.............................<br/>2019/03/02 16:41:41
Successfully connected to Oracle.<br/>Starting to echo

0 Record(s) syncronized.............................<br/>2019/03/12 16:41:41
Successfully connected to Oracle.<br/>Starting to echo

0 Record(s) syncronized.............................<br/>2019/03/22 16:41:41
Successfully connected to Oracle.<br/>Starting to echo

0 Record(s) syncronized.............................<br/>2019/04/02 16:41:41
Successfully connected to Oracle.<br/>Starting to echo

0 Record(s) syncronized.............................<br/>2019/04/12 16:41:41
Successfully connected to Oracle.<br/>Starting to echo

0 Record(s) syncronized.............................<br/>2019/04/22 16:41:41
Successfully connected to Oracle.<br/>Starting to echo

0 Record(s) syncronized.............................<br/>