2018/11/04 17:11:41
Successfully connected to Oracle.<br/>Starting to echo

0 Record(s) syncronized.............................<br/>2018/11/14 17:11:41
Successfully connected to Oracle.<br/>Starting to echo

0 Record(s) syncronized.............................<br/>2018/11/24 17:11:41
Successfully connected to Oracle.<br/>Starting to echo

0 Record(s) syncronized.............................<br/>2018/12/04 17:11:41
Successfully connected to Oracle.<br/>Starting to echo

0 Record(s) syncronized.............................<br/>2018/12/14 17:11:41
Successfully connected to Oracle.<br/>Starting to echo

0 Record(s) syncronized.............................<br/>2018/12/24 17:11:41
Successfully connected to Oracle.<br/>Starting to echo

0 Record(s) syncronized.............................<br/>2019/01/04 17:11:41
Successfully connected to Oracle.<br/>Starting to echo
1  Record(s) reading................<br/>258001193350501 - LEPO3W<br/>1  Inserted................<br/><br/>2  Record(s) reading................<br/>265000086250501 - LEPO3W<br/>2  Inserted................<br/><br/>3  Record(s) reading................<br/>209003625550501 - LEPO3W<br/>3  Inserted................<br/><br/>4  Record(s) reading................<br/>255003597750501 - LEPO3W<br/>4  Inserted................<br/><br/>5  Record(s) reading................<br/>265003556150501 - LEPO3W<br/>5  Inserted................<br/><br/>6  Record(s) reading................<br/>258003628450501 - LEPO3W<br/>6  Inserted................<br/><br/>7  Record(s) reading................<br/>208003630950501 - LEPO3W<br/>7  Inserted................<br/><br/>8  Record(s) reading................<br/>258003632850501 - LEPO3W<br/>8  Inserted................<br/><br/>9  Record(s) reading................<br/>209003591250501 - LEPO3W<br/>9  Inserted................<br/><br/>10  Record(s) reading................<br/>265003628250501 - LEPO3W<br/>10  Inserted................<br/><br/>
10 Record(s) syncronized.............................<br/>2019/01/14 17:11:41
Successfully connected to Oracle.<br/>Starting to echo

0 Record(s) syncronized.............................<br/>2019/01/24 17:11:41
Successfully connected to Oracle.<br/>Starting to echo

0 Record(s) syncronized.............................<br/>2019/02/04 17:11:41
Successfully connected to Oracle.<br/>Starting to echo

0 Record(s) syncronized.............................<br/>2019/02/14 17:11:41
Successfully connected to Oracle.<br/>Starting to echo

0 Record(s) syncronized.............................<br/>2019/02/24 17:11:41
Successfully connected to Oracle.<br/>Starting to echo

0 Record(s) syncronized.............................<br/>2019/03/04 17:11:41
Successfully connected to Oracle.<br/>Starting to echo

0 Record(s) syncronized.............................<br/>2019/03/14 17:11:41
Successfully connected to Oracle.<br/>Starting to echo

0 Record(s) syncronized.............................<br/>2019/03/24 17:11:41
Successfully connected to Oracle.<br/>Starting to echo

0 Record(s) syncronized.............................<br/>2019/04/04 17:11:41
Successfully connected to Oracle.<br/>Starting to echo

0 Record(s) syncronized.............................<br/>2019/04/14 17:11:40
Successfully connected to Oracle.<br/>Starting to echo

0 Record(s) syncronized.............................<br/>