2018/11/11 15:31:41
Successfully connected to Oracle.<br/>Starting to echo

0 Record(s) syncronized.............................<br/>2018/11/21 15:31:41
Successfully connected to Oracle.<br/>Starting to echo

0 Record(s) syncronized.............................<br/>2018/12/01 15:31:41
Successfully connected to Oracle.<br/>Starting to echo

0 Record(s) syncronized.............................<br/>2018/12/11 15:31:41
Successfully connected to Oracle.<br/>Starting to echo

0 Record(s) syncronized.............................<br/>2018/12/21 15:31:41
Successfully connected to Oracle.<br/>Starting to echo

0 Record(s) syncronized.............................<br/>2018/12/31 15:31:41
Successfully connected to Oracle.<br/>Starting to echo
1  Record(s) reading................<br/>252003288050501 - LEPO3W<br/>1  Inserted................<br/><br/>2  Record(s) reading................<br/>258003168050502 - LEPO3W<br/>2  Inserted................<br/><br/>
2 Record(s) syncronized.............................<br/>2019/01/01 15:31:41
Successfully connected to Oracle.<br/>Starting to echo

0 Record(s) syncronized.............................<br/>2019/01/11 15:31:41
Successfully connected to Oracle.<br/>Starting to echo
1  Record(s) reading................<br/>228003598350501 - LEPO3W<br/>1  Inserted................<br/><br/>2  Record(s) reading................<br/>233003578750501 - LEPO3W<br/>2  Inserted................<br/><br/>3  Record(s) reading................<br/>240003608050501 - LEPO3W<br/>3  Inserted................<br/><br/>4  Record(s) reading................<br/>261003303850501 - LEPO3W<br/>4  Inserted................<br/><br/>5  Record(s) reading................<br/>258003673750501 - LEPO3W<br/>5  Inserted................<br/><br/>
5 Record(s) syncronized.............................<br/>2019/01/21 15:31:41
Successfully connected to Oracle.<br/>Starting to echo

0 Record(s) syncronized.............................<br/>2019/01/31 15:31:41
Successfully connected to Oracle.<br/>Starting to echo

0 Record(s) syncronized.............................<br/>2019/02/01 15:31:41
Successfully connected to Oracle.<br/>Starting to echo
1  Record(s) reading................<br/>222003757850501 - LEPO3W<br/>1  Inserted................<br/><br/>2  Record(s) reading................<br/>250003580750501 - LEPO3W<br/>2  Inserted................<br/><br/>3  Record(s) reading................<br/>255003753250501 - LEPO3W<br/>3  Inserted................<br/><br/>4  Record(s) reading................<br/>245003786450501 - LEPO3W<br/>4  Inserted................<br/><br/>5  Record(s) reading................<br/>265003789250501 - LEPO3W<br/>5  Inserted................<br/><br/>6  Record(s) reading................<br/>228003752150501 - LEPO3W<br/>6  Inserted................<br/><br/>7  Record(s) reading................<br/>245003775450501 - LEPO3W<br/>7  Inserted................<br/><br/>8  Record(s) reading................<br/>248003744550501 - LEPO3W<br/>8  Inserted................<br/><br/>9  Record(s) reading................<br/>258003740050501 - LEPO3W<br/>9  Inserted................<br/><br/>
9 Record(s) syncronized.............................<br/>2019/02/11 15:31:41
Successfully connected to Oracle.<br/>Starting to echo
1  Record(s) reading................<br/>252003595450502 - LEPO3W<br/>1  Inserted................<br/><br/>2  Record(s) reading................<br/>265003684250501 - LEPO3W<br/>2  Inserted................<br/><br/>3  Record(s) reading................<br/>248003729350501 - LEPO3W<br/>3  Inserted................<br/><br/>4  Record(s) reading................<br/>246003745750501 - LEPO3W<br/>4  Inserted................<br/><br/>5  Record(s) reading................<br/>225003794950501 - LEPO3W<br/>5  Inserted................<br/><br/>6  Record(s) reading................<br/>222003786950501 - LEPO3W<br/>6  Inserted................<br/><br/>7  Record(s) reading................<br/>225003809950501 - LEPO3W<br/>7  Inserted................<br/><br/>8  Record(s) reading................<br/>208003522250501 - LEPO3W<br/>8  Inserted................<br/><br/>
8 Record(s) syncronized.............................<br/>2019/02/21 15:31:41
Successfully connected to Oracle.<br/>Starting to echo

0 Record(s) syncronized.............................<br/>2019/03/01 15:31:41
Successfully connected to Oracle.<br/>Starting to echo

0 Record(s) syncronized.............................<br/>2019/03/11 15:31:41
Successfully connected to Oracle.<br/>Starting to echo
1  Record(s) reading................<br/>259003888951001 - LEPO3W<br/>1  Inserted................<br/><br/>
1 Record(s) syncronized.............................<br/>2019/03/21 15:31:41
Successfully connected to Oracle.<br/>Starting to echo
1  Record(s) reading................<br/>213003927850501 - LEPO3W<br/>1  Inserted................<br/><br/>
1 Record(s) syncronized.............................<br/>2019/03/31 15:31:41
Successfully connected to Oracle.<br/>Starting to echo

0 Record(s) syncronized.............................<br/>2019/04/01 15:31:42
Successfully connected to Oracle.<br/>Starting to echo

0 Record(s) syncronized.............................<br/>2019/04/11 15:31:41
Successfully connected to Oracle.<br/>Starting to echo

0 Record(s) syncronized.............................<br/>2019/04/21 15:31:41
Successfully connected to Oracle.<br/>Starting to echo

0 Record(s) syncronized.............................<br/>