2018/11/06 15:21:41
Successfully connected to Oracle.<br/>Starting to echo

0 Record(s) syncronized.............................<br/>2018/11/16 15:21:41
Successfully connected to Oracle.<br/>Starting to echo
1  Record(s) reading................<br/>243002955050501 - LEPO3W<br/>1  Inserted................<br/><br/>
1 Record(s) syncronized.............................<br/>2018/11/26 15:21:41
Successfully connected to Oracle.<br/>Starting to echo

0 Record(s) syncronized.............................<br/>2018/12/06 15:21:41
Successfully connected to Oracle.<br/>Starting to echo

0 Record(s) syncronized.............................<br/>2018/12/16 15:21:41
Successfully connected to Oracle.<br/>Starting to echo

0 Record(s) syncronized.............................<br/>2018/12/26 15:21:41
Successfully connected to Oracle.<br/>Starting to echo
1  Record(s) reading................<br/>208003467950501 - LEPO3W<br/>1  Inserted................<br/><br/>2  Record(s) reading................<br/>252003421050501 - LEPO3W<br/>2  Inserted................<br/><br/>3  Record(s) reading................<br/>218003442450501 - LEPO3W<br/>3  Inserted................<br/><br/>4  Record(s) reading................<br/>266003481150501 - LEPO3W<br/>4  Inserted................<br/><br/>5  Record(s) reading................<br/>266003516050501 - LEPO3W<br/>5  Inserted................<br/><br/>6  Record(s) reading................<br/>247003374650501 - LEPO3W<br/>6  Inserted................<br/><br/>7  Record(s) reading................<br/>266003464850501 - LEPO3W<br/>7  Inserted................<br/><br/>8  Record(s) reading................<br/>213003453150504 - LEPO3W<br/>8  Inserted................<br/><br/>9  Record(s) reading................<br/>213003480650501 - LEPO3W<br/>9  Inserted................<br/><br/>10  Record(s) reading................<br/>240003405650502 - LEPO3W<br/>10  Inserted................<br/><br/>11  Record(s) reading................<br/>224003388550501 - LEPO3W<br/>11  Inserted................<br/><br/>
11 Record(s) syncronized.............................<br/>2019/01/06 15:21:41
Successfully connected to Oracle.<br/>Starting to echo

0 Record(s) syncronized.............................<br/>2019/01/16 15:21:41
Successfully connected to Oracle.<br/>Starting to echo

0 Record(s) syncronized.............................<br/>2019/01/26 15:21:41
Successfully connected to Oracle.<br/>Starting to echo

0 Record(s) syncronized.............................<br/>2019/02/06 15:21:41
Successfully connected to Oracle.<br/>Starting to echo
1  Record(s) reading................<br/>258003791050501 - LEPO3W<br/>1  Inserted................<br/><br/>
1 Record(s) syncronized.............................<br/>2019/02/16 15:21:41
Successfully connected to Oracle.<br/>Starting to echo

0 Record(s) syncronized.............................<br/>2019/02/26 15:21:41
Successfully connected to Oracle.<br/>Starting to echo
1  Record(s) reading................<br/>245003746750501 - LEPO3W<br/>1  Inserted................<br/><br/>2  Record(s) reading................<br/>245003837050501 - LEPO3W<br/>2  Inserted................<br/><br/>
2 Record(s) syncronized.............................<br/>2019/03/06 15:21:41
Successfully connected to Oracle.<br/>Starting to echo

0 Record(s) syncronized.............................<br/>2019/03/16 15:21:41
Successfully connected to Oracle.<br/>Starting to echo

0 Record(s) syncronized.............................<br/>2019/03/26 15:21:41
Successfully connected to Oracle.<br/>Starting to echo

0 Record(s) syncronized.............................<br/>2019/04/06 15:21:41
Successfully connected to Oracle.<br/>Starting to echo

0 Record(s) syncronized.............................<br/>2019/04/16 15:21:41
Successfully connected to Oracle.<br/>Starting to echo

0 Record(s) syncronized.............................<br/>