2018/11/09 17:11:41
Successfully connected to Oracle.<br/>Starting to echo

0 Record(s) syncronized.............................<br/>2018/11/19 17:11:41
Successfully connected to Oracle.<br/>Starting to echo
1  Record(s) reading................<br/>222003211850501 - LEPO3W<br/>1  Inserted................<br/><br/>
1 Record(s) syncronized.............................<br/>2018/11/29 17:11:41
Successfully connected to Oracle.<br/>Starting to echo
1  Record(s) reading................<br/>242003291750501 - LEPO3W<br/>1  Inserted................<br/><br/>2  Record(s) reading................<br/>252003295850501 - LEPO3W<br/>2  Inserted................<br/><br/>3  Record(s) reading................<br/>258003200950501 - LEPO3W<br/>3  Inserted................<br/><br/>4  Record(s) reading................<br/>252003326250501 - LEPO3W<br/>4  Inserted................<br/><br/>5  Record(s) reading................<br/>245003277850501 - LEPO3W<br/>5  Inserted................<br/><br/>6  Record(s) reading................<br/>218003281850501 - LEPO3W<br/>6  Inserted................<br/><br/>7  Record(s) reading................<br/>205003252450501 - LEPO3W<br/>7  Inserted................<br/><br/>8  Record(s) reading................<br/>205003252650501 - LEPO3W<br/>8  Inserted................<br/><br/>
8 Record(s) syncronized.............................<br/>2018/12/09 17:11:41
Successfully connected to Oracle.<br/>Starting to echo

0 Record(s) syncronized.............................<br/>2018/12/19 17:11:41
Successfully connected to Oracle.<br/>Starting to echo

0 Record(s) syncronized.............................<br/>2018/12/29 17:11:41
Successfully connected to Oracle.<br/>Starting to echo

0 Record(s) syncronized.............................<br/>2019/01/09 17:11:41
Successfully connected to Oracle.<br/>Starting to echo

0 Record(s) syncronized.............................<br/>2019/01/19 17:11:41
Successfully connected to Oracle.<br/>Starting to echo

0 Record(s) syncronized.............................<br/>2019/01/29 17:11:41
Successfully connected to Oracle.<br/>Starting to echo

0 Record(s) syncronized.............................<br/>2019/02/09 17:11:41
Successfully connected to Oracle.<br/>Starting to echo

0 Record(s) syncronized.............................<br/>2019/02/19 17:11:41
Successfully connected to Oracle.<br/>Starting to echo

0 Record(s) syncronized.............................<br/>2019/03/09 17:11:40
Successfully connected to Oracle.<br/>Starting to echo

0 Record(s) syncronized.............................<br/>2019/03/19 17:11:41
Successfully connected to Oracle.<br/>Starting to echo

0 Record(s) syncronized.............................<br/>2019/03/29 17:11:41
Successfully connected to Oracle.<br/>Starting to echo

0 Record(s) syncronized.............................<br/>2019/04/09 17:11:41
Successfully connected to Oracle.<br/>Starting to echo

0 Record(s) syncronized.............................<br/>2019/04/19 17:11:41
Successfully connected to Oracle.<br/>Starting to echo

0 Record(s) syncronized.............................<br/>