2018/11/12 15:21:41
Successfully connected to Oracle.<br/>Starting to echo

0 Record(s) syncronized.............................<br/>2018/11/22 15:21:41
Successfully connected to Oracle.<br/>Starting to echo

0 Record(s) syncronized.............................<br/>2018/12/02 15:21:41
Successfully connected to Oracle.<br/>Starting to echo

0 Record(s) syncronized.............................<br/>2018/12/12 15:21:41
Successfully connected to Oracle.<br/>Starting to echo

0 Record(s) syncronized.............................<br/>2018/12/22 15:21:41
Successfully connected to Oracle.<br/>Starting to echo

0 Record(s) syncronized.............................<br/>2019/01/02 15:21:41
Successfully connected to Oracle.<br/>Starting to echo

0 Record(s) syncronized.............................<br/>2019/01/12 15:21:41
Successfully connected to Oracle.<br/>Starting to echo

0 Record(s) syncronized.............................<br/>2019/01/22 15:21:41
Successfully connected to Oracle.<br/>Starting to echo
1  Record(s) reading................<br/>238003731950501 - LEPO3W<br/>1  Inserted................<br/><br/>2  Record(s) reading................<br/>208003721050501 - LEPO3W<br/>2  Inserted................<br/><br/>3  Record(s) reading................<br/>225003634050501 - LEPO3W<br/>3  Inserted................<br/><br/>4  Record(s) reading................<br/>240003587850501 - LEPO3W<br/>4  Inserted................<br/><br/>5  Record(s) reading................<br/>246003697950501 - LEPO3W<br/>5  Inserted................<br/><br/>6  Record(s) reading................<br/>256003687750501 - LEPO3W<br/>6  Inserted................<br/><br/>
6 Record(s) syncronized.............................<br/>2019/02/02 15:21:41
Successfully connected to Oracle.<br/>Starting to echo

0 Record(s) syncronized.............................<br/>2019/02/12 15:21:41
Successfully connected to Oracle.<br/>Starting to echo

0 Record(s) syncronized.............................<br/>2019/02/22 15:21:41
Successfully connected to Oracle.<br/>Starting to echo

0 Record(s) syncronized.............................<br/>2019/03/02 15:21:41
Successfully connected to Oracle.<br/>Starting to echo

0 Record(s) syncronized.............................<br/>2019/03/12 15:21:41
Successfully connected to Oracle.<br/>Starting to echo
1  Record(s) reading................<br/>221003884050501 - LEPO3W<br/>1  Inserted................<br/><br/>2  Record(s) reading................<br/>249003894951001 - LEPO3W<br/>2  Inserted................<br/><br/>
2 Record(s) syncronized.............................<br/>2019/03/22 15:21:41
Successfully connected to Oracle.<br/>Starting to echo

0 Record(s) syncronized.............................<br/>2019/04/02 15:21:41
Successfully connected to Oracle.<br/>Starting to echo
1  Record(s) reading................<br/>239003979650501 - LEPO3W<br/>1  Inserted................<br/><br/>2  Record(s) reading................<br/>221003930750501 - LEPO3W<br/>2  Inserted................<br/><br/>
2 Record(s) syncronized.............................<br/>2019/04/12 15:21:41
Successfully connected to Oracle.<br/>Starting to echo

0 Record(s) syncronized.............................<br/>2019/04/22 15:21:41
Successfully connected to Oracle.<br/>Starting to echo

0 Record(s) syncronized.............................<br/>