2018/11/06 14:41:41
Successfully connected to Oracle.<br/>Starting to echo
1  Record(s) reading................<br/>267003183750501 - LEPO3W<br/>1  Inserted................<br/><br/>
1 Record(s) syncronized.............................<br/>2018/11/16 14:41:41
Successfully connected to Oracle.<br/>Starting to echo

0 Record(s) syncronized.............................<br/>2018/11/26 14:41:41
Successfully connected to Oracle.<br/>Starting to echo

0 Record(s) syncronized.............................<br/>2018/12/06 14:41:41
Successfully connected to Oracle.<br/>Starting to echo

0 Record(s) syncronized.............................<br/>2018/12/16 14:41:41
Successfully connected to Oracle.<br/>Starting to echo

0 Record(s) syncronized.............................<br/>2018/12/26 14:41:41
Successfully connected to Oracle.<br/>Starting to echo

0 Record(s) syncronized.............................<br/>2019/01/06 14:41:41
Successfully connected to Oracle.<br/>Starting to echo

0 Record(s) syncronized.............................<br/>2019/01/16 14:41:41
Successfully connected to Oracle.<br/>Starting to echo

0 Record(s) syncronized.............................<br/>2019/01/26 14:41:41
Successfully connected to Oracle.<br/>Starting to echo

0 Record(s) syncronized.............................<br/>2019/02/06 14:41:41
Successfully connected to Oracle.<br/>Starting to echo
1  Record(s) reading................<br/>225003678550501 - LEPO3W<br/>1  Inserted................<br/><br/>
1 Record(s) syncronized.............................<br/>2019/02/16 14:41:41
Successfully connected to Oracle.<br/>Starting to echo

0 Record(s) syncronized.............................<br/>2019/02/26 14:41:41
Successfully connected to Oracle.<br/>Starting to echo

0 Record(s) syncronized.............................<br/>2019/03/06 14:41:41
Successfully connected to Oracle.<br/>Starting to echo
1  Record(s) reading................<br/>248003854450501 - LEPO3W<br/>1  Inserted................<br/><br/>2  Record(s) reading................<br/>252003869951001 - LEPO3W<br/>2  Inserted................<br/><br/>3  Record(s) reading................<br/>252003855450501 - LEPO3W<br/>3  Inserted................<br/><br/>4  Record(s) reading................<br/>216003858250501 - LEPO3W<br/>4  Inserted................<br/><br/>
4 Record(s) syncronized.............................<br/>2019/03/16 14:41:41
Successfully connected to Oracle.<br/>Starting to echo

0 Record(s) syncronized.............................<br/>2019/03/26 14:41:46
Successfully connected to Oracle.<br/>Starting to echo

0 Record(s) syncronized.............................<br/>2019/04/06 14:41:41
Successfully connected to Oracle.<br/>Starting to echo

0 Record(s) syncronized.............................<br/>2019/04/16 14:41:40
Successfully connected to Oracle.<br/>Starting to echo

0 Record(s) syncronized.............................<br/>