2018/11/08 16:21:41
Successfully connected to Oracle.<br/>Starting to echo

0 Record(s) syncronized.............................<br/>2018/11/18 16:21:41
Successfully connected to Oracle.<br/>Starting to echo

0 Record(s) syncronized.............................<br/>2018/11/28 16:21:41
Successfully connected to Oracle.<br/>Starting to echo
1  Record(s) reading................<br/>256002986750501 - LEPO3W<br/>1  Inserted................<br/><br/>2  Record(s) reading................<br/>225003088650501 - LEPO3W<br/>2  Inserted................<br/><br/>3  Record(s) reading................<br/>265003215950501 - LEPO3W<br/>3  Inserted................<br/><br/>4  Record(s) reading................<br/>260003324751001 - LEPO3W<br/>4  Inserted................<br/><br/>5  Record(s) reading................<br/>266003256550501 - LEPO3W<br/>5  Inserted................<br/><br/>6  Record(s) reading................<br/>246003234350502 - LEPO3W<br/>6  Inserted................<br/><br/>7  Record(s) reading................<br/>235003234150501 - LEPO3W<br/>7  Inserted................<br/><br/>
7 Record(s) syncronized.............................<br/>2018/12/08 16:21:41
Successfully connected to Oracle.<br/>Starting to echo

0 Record(s) syncronized.............................<br/>2018/12/18 16:21:41
Successfully connected to Oracle.<br/>Starting to echo

0 Record(s) syncronized.............................<br/>2018/12/28 16:21:41
Successfully connected to Oracle.<br/>Starting to echo
1  Record(s) reading................<br/>206003487150501 - LEPO3W<br/>1  Inserted................<br/><br/>2  Record(s) reading................<br/>208003529550501 - LEPO3W<br/>2  Inserted................<br/><br/>3  Record(s) reading................<br/>260003479250501 - LEPO3W<br/>3  Inserted................<br/><br/>4  Record(s) reading................<br/>265003567950501 - LEPO3W<br/>4  Inserted................<br/><br/>5  Record(s) reading................<br/>248003505050501 - LEPO3W<br/>5  Inserted................<br/><br/>6  Record(s) reading................<br/>225003513150502 - LEPO3W<br/>6  Inserted................<br/><br/>7  Record(s) reading................<br/>209003489050501 - LEPO3W<br/>7  Inserted................<br/><br/>8  Record(s) reading................<br/>240003517850501 - LEPO3W<br/>8  Inserted................<br/><br/>9  Record(s) reading................<br/>222003283450502 - LEPO3W<br/>9  Inserted................<br/><br/>10  Record(s) reading................<br/>206003340550501 - LEPO3W<br/>10  Inserted................<br/><br/>11  Record(s) reading................<br/>248003396750501 - LEPO3W<br/>11  Inserted................<br/><br/>12  Record(s) reading................<br/>252003444250501 - LEPO3W<br/>12  Inserted................<br/><br/>
12 Record(s) syncronized.............................<br/>2019/01/08 16:21:41
Successfully connected to Oracle.<br/>Starting to echo

0 Record(s) syncronized.............................<br/>2019/01/18 16:21:41
Successfully connected to Oracle.<br/>Starting to echo
1  Record(s) reading................<br/>246003569350501 - LEPO3W<br/>1  Inserted................<br/><br/>2  Record(s) reading................<br/>246003289550501 - LEPO3W<br/>2  Inserted................<br/><br/>3  Record(s) reading................<br/>242003609050501 - LEPO3W<br/>3  Inserted................<br/><br/>4  Record(s) reading................<br/>268003631150501 - LEPO3W<br/>4  Inserted................<br/><br/>5  Record(s) reading................<br/>238003624850501 - LEPO3W<br/>5  Inserted................<br/><br/>6  Record(s) reading................<br/>266003565450501 - LEPO3W<br/>6  Inserted................<br/><br/>7  Record(s) reading................<br/>225003378450501 - LEPO3W<br/>7  Inserted................<br/><br/>8  Record(s) reading................<br/>247003584650501 - LEPO3W<br/>8  Inserted................<br/><br/>9  Record(s) reading................<br/>208003571350501 - LEPO3W<br/>9  Inserted................<br/><br/>10  Record(s) reading................<br/>222003670650501 - LEPO3W<br/>10  Inserted................<br/><br/>11  Record(s) reading................<br/>258003505150501 - LEPO3W<br/>11  Inserted................<br/><br/>12  Record(s) reading................<br/>268003633650501 - LEPO3W<br/>12  Inserted................<br/><br/>13  Record(s) reading................<br/>242003617450501 - LEPO3W<br/>13  Inserted................<br/><br/>14  Record(s) reading................<br/>241003615650501 - LEPO3W<br/>14  Inserted................<br/><br/>15  Record(s) reading................<br/>228001094150501 - LEPO3W<br/>15  Inserted................<br/><br/>16  Record(s) reading................<br/>246003558950501 - LEPO3W<br/>16  Inserted................<br/><br/>17  Record(s) reading................<br/>255003609350501 - LEPO3W<br/>17  Inserted................<br/><br/>18  Record(s) reading................<br/>240003562750501 - LEPO3W<br/>18  Inserted................<br/><br/>
18 Record(s) syncronized.............................<br/>2019/01/28 16:21:41
Successfully connected to Oracle.<br/>Starting to echo

0 Record(s) syncronized.............................<br/>2019/02/08 16:21:41
Successfully connected to Oracle.<br/>Starting to echo

0 Record(s) syncronized.............................<br/>2019/02/18 16:21:41
Successfully connected to Oracle.<br/>Starting to echo

0 Record(s) syncronized.............................<br/>2019/02/28 16:21:41
Successfully connected to Oracle.<br/>Starting to echo

0 Record(s) syncronized.............................<br/>2019/03/08 16:21:41
Successfully connected to Oracle.<br/>Starting to echo

0 Record(s) syncronized.............................<br/>2019/03/18 16:21:41
Successfully connected to Oracle.<br/>Starting to echo
1  Record(s) reading................<br/>228003915151001 - LEPO3W<br/>1  Inserted................<br/><br/>
1 Record(s) syncronized.............................<br/>2019/03/28 16:21:41
Successfully connected to Oracle.<br/>Starting to echo

0 Record(s) syncronized.............................<br/>2019/04/08 16:21:41
Successfully connected to Oracle.<br/>Starting to echo
1  Record(s) reading................<br/>243003989350501 - LEPO3W<br/>1  Inserted................<br/><br/>
1 Record(s) syncronized.............................<br/>2019/04/18 16:21:41
Successfully connected to Oracle.<br/>Starting to echo
1  Record(s) reading................<br/>214003983850501 - LEPO3W<br/>1  Inserted................<br/><br/>2  Record(s) reading................<br/>238003947950501 - LEPO3W<br/>2  Inserted................<br/><br/>3  Record(s) reading................<br/>231003939250501 - LEPO3W<br/>3  Inserted................<br/><br/>
3 Record(s) syncronized.............................<br/>