2018/11/14 16:01:41
Successfully connected to Oracle.<br/>Starting to echo
1  Record(s) reading................<br/>220003168950501 - LEPO3W<br/>1  Inserted................<br/><br/>2  Record(s) reading................<br/>261003117350501 - LEPO3W<br/>2  Inserted................<br/><br/>3  Record(s) reading................<br/>247003158950501 - LEPO3W<br/>3  Inserted................<br/><br/>4  Record(s) reading................<br/>258003194050501 - LEPO3W<br/>4  Inserted................<br/><br/>5  Record(s) reading................<br/>249003221550501 - LEPO3W<br/>5  Inserted................<br/><br/>6  Record(s) reading................<br/>256003054150502 - LEPO3W<br/>6  Inserted................<br/><br/>7  Record(s) reading................<br/>228003217150501 - LEPO3W<br/>7  Inserted................<br/><br/>
7 Record(s) syncronized.............................<br/>2018/11/24 16:01:41
Successfully connected to Oracle.<br/>Starting to echo

0 Record(s) syncronized.............................<br/>2018/12/04 16:01:41
Successfully connected to Oracle.<br/>Starting to echo

0 Record(s) syncronized.............................<br/>2018/12/14 16:01:41
Successfully connected to Oracle.<br/>Starting to echo

0 Record(s) syncronized.............................<br/>2018/12/24 16:01:41
Successfully connected to Oracle.<br/>Starting to echo
1  Record(s) reading................<br/>209003517450501 - LEPO3W<br/>1  Inserted................<br/><br/>2  Record(s) reading................<br/>225003438850501 - LEPO3W<br/>2  Inserted................<br/><br/>
2 Record(s) syncronized.............................<br/>2019/01/04 16:01:41
Successfully connected to Oracle.<br/>Starting to echo

0 Record(s) syncronized.............................<br/>2019/01/14 16:01:41
Successfully connected to Oracle.<br/>Starting to echo

0 Record(s) syncronized.............................<br/>2019/01/24 16:01:41
Successfully connected to Oracle.<br/>Starting to echo
1  Record(s) reading................<br/>247003501150501 - LEPO3W<br/>1  Inserted................<br/><br/>2  Record(s) reading................<br/>246003637050501 - LEPO3W<br/>2  Inserted................<br/><br/>3  Record(s) reading................<br/>224003730250501 - LEPO3W<br/>3  Inserted................<br/><br/>4  Record(s) reading................<br/>225003643550501 - LEPO3W<br/>4  Inserted................<br/><br/>5  Record(s) reading................<br/>240003659850501 - LEPO3W<br/>5  Inserted................<br/><br/>6  Record(s) reading................<br/>252003734250501 - LEPO3W<br/>6  Inserted................<br/><br/>7  Record(s) reading................<br/>222003588250502 - LEPO3W<br/>7  Inserted................<br/><br/>8  Record(s) reading................<br/>208003666650501 - LEPO3W<br/>8  Inserted................<br/><br/>9  Record(s) reading................<br/>252003740750501 - LEPO3W<br/>9  Inserted................<br/><br/>10  Record(s) reading................<br/>238003641750502 - LEPO3W<br/>10  Inserted................<br/><br/>11  Record(s) reading................<br/>224003611950501 - LEPO3W<br/>11  Inserted................<br/><br/>12  Record(s) reading................<br/>252003741050501 - LEPO3W<br/>12  Inserted................<br/><br/>13  Record(s) reading................<br/>208003476450502 - LEPO3W<br/>13  Inserted................<br/><br/>14  Record(s) reading................<br/>239003497850503 - LEPO3W<br/>14  Inserted................<br/><br/>15  Record(s) reading................<br/>224003612650501 - LEPO3W<br/>15  Inserted................<br/><br/>16  Record(s) reading................<br/>208003622950501 - LEPO3W<br/>16  Inserted................<br/><br/>17  Record(s) reading................<br/>208003314150502 - LEPO3W<br/>17  Inserted................<br/><br/>18  Record(s) reading................<br/>267003743850501 - LEPO3W<br/>18  Inserted................<br/><br/>
18 Record(s) syncronized.............................<br/>2019/02/04 16:01:41
Successfully connected to Oracle.<br/>Starting to echo

0 Record(s) syncronized.............................<br/>2019/02/14 16:01:41
Successfully connected to Oracle.<br/>Starting to echo

0 Record(s) syncronized.............................<br/>2019/02/24 16:01:41
Successfully connected to Oracle.<br/>Starting to echo

0 Record(s) syncronized.............................<br/>2019/03/04 16:01:41
Successfully connected to Oracle.<br/>Starting to echo

0 Record(s) syncronized.............................<br/>2019/03/14 16:01:41
Successfully connected to Oracle.<br/>Starting to echo
1  Record(s) reading................<br/>222003896050501 - LEPO3W<br/>1  Inserted................<br/><br/>2  Record(s) reading................<br/>265003897750501 - LEPO3W<br/>2  Inserted................<br/><br/>3  Record(s) reading................<br/>222003879950501 - LEPO3W<br/>3  Inserted................<br/><br/>4  Record(s) reading................<br/>222003892850501 - LEPO3W<br/>4  Inserted................<br/><br/>5  Record(s) reading................<br/>216003890250501 - LEPO3W<br/>5  Inserted................<br/><br/>
5 Record(s) syncronized.............................<br/>2019/03/24 16:01:41
Successfully connected to Oracle.<br/>Starting to echo

0 Record(s) syncronized.............................<br/>2019/04/04 16:01:42
Successfully connected to Oracle.<br/>Starting to echo

0 Record(s) syncronized.............................<br/>2019/04/14 16:01:41
Successfully connected to Oracle.<br/>Starting to echo

0 Record(s) syncronized.............................<br/>