2018/11/06 12:51:41
Successfully connected to Oracle.<br/>Starting to echo

0 Record(s) syncronized.............................<br/>2018/11/16 12:51:41
Successfully connected to Oracle.<br/>Starting to echo
1  Record(s) reading................<br/>259003247951001 - LEPO3W<br/>1  Inserted................<br/><br/>2  Record(s) reading................<br/>221000685051001 - LEPO3W<br/>2  Inserted................<br/><br/>3  Record(s) reading................<br/>206003259351001 - LEPO3W<br/>3  Inserted................<br/><br/>
3 Record(s) syncronized.............................<br/>2018/11/26 12:51:41
Successfully connected to Oracle.<br/>Starting to echo
1  Record(s) reading................<br/>268003302551001 - LEPO3W<br/>1  Inserted................<br/><br/>2  Record(s) reading................<br/>245003271051001 - LEPO3W<br/>2  Inserted................<br/><br/>
2 Record(s) syncronized.............................<br/>2018/12/06 12:51:41
Successfully connected to Oracle.<br/>Starting to echo
1  Record(s) reading................<br/>243003394851001 - LEPO3W<br/>1  Inserted................<br/><br/>
1 Record(s) syncronized.............................<br/>2018/12/16 12:51:41
Successfully connected to Oracle.<br/>Starting to echo

0 Record(s) syncronized.............................<br/>2018/12/26 12:51:41
Successfully connected to Oracle.<br/>Starting to echo
1  Record(s) reading................<br/>243003542451001 - LEPO3W<br/>1  Inserted................<br/><br/>
1 Record(s) syncronized.............................<br/>2019/01/06 12:51:41
Successfully connected to Oracle.<br/>Starting to echo

0 Record(s) syncronized.............................<br/>2019/01/16 12:51:41
Successfully connected to Oracle.<br/>Starting to echo
1  Record(s) reading................<br/>245003632650501 - LEPO3W<br/>1  Inserted................<br/><br/>2  Record(s) reading................<br/>255003531350501 - LEPO3W<br/>2  Inserted................<br/><br/>3  Record(s) reading................<br/>210003524750501 - LEPO3W<br/>3  Inserted................<br/><br/>4  Record(s) reading................<br/>216003690450501 - LEPO3W<br/>4  Inserted................<br/><br/>5  Record(s) reading................<br/>258003625250501 - LEPO3W<br/>5  Inserted................<br/><br/>6  Record(s) reading................<br/>258003517650501 - LEPO3W<br/>6  Inserted................<br/><br/>
6 Record(s) syncronized.............................<br/>2019/01/26 12:51:41
Successfully connected to Oracle.<br/>Starting to echo

0 Record(s) syncronized.............................<br/>2019/02/06 12:51:41
Successfully connected to Oracle.<br/>Starting to echo

0 Record(s) syncronized.............................<br/>2019/02/16 12:51:41
Successfully connected to Oracle.<br/>Starting to echo

0 Record(s) syncronized.............................<br/>2019/02/26 12:51:41
Successfully connected to Oracle.<br/>Starting to echo

0 Record(s) syncronized.............................<br/>2019/03/06 12:51:41
Successfully connected to Oracle.<br/>Starting to echo

0 Record(s) syncronized.............................<br/>2019/03/16 12:51:41
Successfully connected to Oracle.<br/>Starting to echo

0 Record(s) syncronized.............................<br/>2019/03/26 12:51:41
Successfully connected to Oracle.<br/>Starting to echo

0 Record(s) syncronized.............................<br/>2019/04/06 12:51:41
Successfully connected to Oracle.<br/>Starting to echo

0 Record(s) syncronized.............................<br/>2019/04/16 12:51:41
Successfully connected to Oracle.<br/>Starting to echo

0 Record(s) syncronized.............................<br/>