2018/11/05 14:21:41
Successfully connected to Oracle.<br/>Starting to echo

0 Record(s) syncronized.............................<br/>2018/11/15 14:21:41
Successfully connected to Oracle.<br/>Starting to echo

0 Record(s) syncronized.............................<br/>2018/11/25 14:21:41
Successfully connected to Oracle.<br/>Starting to echo

0 Record(s) syncronized.............................<br/>2018/12/05 14:21:41
Successfully connected to Oracle.<br/>Starting to echo

0 Record(s) syncronized.............................<br/>2018/12/15 14:21:41
Successfully connected to Oracle.<br/>Starting to echo

0 Record(s) syncronized.............................<br/>2018/12/25 14:21:41
Successfully connected to Oracle.<br/>Starting to echo

0 Record(s) syncronized.............................<br/>2019/01/05 14:21:41
Successfully connected to Oracle.<br/>Starting to echo

0 Record(s) syncronized.............................<br/>2019/01/15 14:21:41
Successfully connected to Oracle.<br/>Starting to echo

0 Record(s) syncronized.............................<br/>2019/01/25 14:21:41
Successfully connected to Oracle.<br/>Starting to echo
1  Record(s) reading................<br/>249003714151001 - LEPO3W<br/>1  Inserted................<br/><br/>
1 Record(s) syncronized.............................<br/>2019/02/05 14:21:41
Successfully connected to Oracle.<br/>Starting to echo

0 Record(s) syncronized.............................<br/>2019/02/15 14:21:41
Successfully connected to Oracle.<br/>Starting to echo

0 Record(s) syncronized.............................<br/>2019/02/25 14:21:41
Successfully connected to Oracle.<br/>Starting to echo

0 Record(s) syncronized.............................<br/>2019/03/05 14:21:41
Successfully connected to Oracle.<br/>Starting to echo

0 Record(s) syncronized.............................<br/>2019/03/15 14:21:41
Successfully connected to Oracle.<br/>Starting to echo

0 Record(s) syncronized.............................<br/>2019/03/25 14:21:41
Successfully connected to Oracle.<br/>Starting to echo

0 Record(s) syncronized.............................<br/>2019/04/05 14:21:41
Successfully connected to Oracle.<br/>Starting to echo
1  Record(s) reading................<br/>246003971150501 - LEPO3W<br/>1  Inserted................<br/><br/>2  Record(s) reading................<br/>265003990650501 - LEPO3W<br/>2  Inserted................<br/><br/>3  Record(s) reading................<br/>221003989850501 - LEPO3W<br/>3  Inserted................<br/><br/>4  Record(s) reading................<br/>266003990450501 - LEPO3W<br/>4  Inserted................<br/><br/>5  Record(s) reading................<br/>248003945950501 - LEPO3W<br/>5  Inserted................<br/><br/>6  Record(s) reading................<br/>265004000950501 - LEPO3W<br/>6  Inserted................<br/><br/>7  Record(s) reading................<br/>250003919450501 - LEPO3W<br/>7  Inserted................<br/><br/>8  Record(s) reading................<br/>248003989750501 - LEPO3W<br/>8  Inserted................<br/><br/>9  Record(s) reading................<br/>267003989450501 - LEPO3W<br/>9  Inserted................<br/><br/>
9 Record(s) syncronized.............................<br/>2019/04/15 14:21:41
Successfully connected to Oracle.<br/>Starting to echo

0 Record(s) syncronized.............................<br/>