2018/11/09 16:31:41
Successfully connected to Oracle.<br/>Starting to echo

0 Record(s) syncronized.............................<br/>2018/11/19 16:31:41
Successfully connected to Oracle.<br/>Starting to echo
1  Record(s) reading................<br/>240003240050501 - LEPO3W<br/>1  Inserted................<br/><br/>2  Record(s) reading................<br/>240003254350501 - LEPO3W<br/>2  Inserted................<br/><br/>3  Record(s) reading................<br/>222003250250501 - LEPO3W<br/>3  Inserted................<br/><br/>4  Record(s) reading................<br/>233003258750501 - LEPO3W<br/>4  Inserted................<br/><br/>5  Record(s) reading................<br/>267003264450501 - LEPO3W<br/>5  Inserted................<br/><br/>6  Record(s) reading................<br/>208003239250501 - LEPO3W<br/>6  Inserted................<br/><br/>7  Record(s) reading................<br/>245003217750501 - LEPO3W<br/>7  Inserted................<br/><br/>
7 Record(s) syncronized.............................<br/>2018/11/29 16:31:41
Successfully connected to Oracle.<br/>Starting to echo
1  Record(s) reading................<br/>267003325850501 - LEPO3W<br/>1  Inserted................<br/><br/>
1 Record(s) syncronized.............................<br/>2018/12/09 16:31:41
Successfully connected to Oracle.<br/>Starting to echo

0 Record(s) syncronized.............................<br/>2018/12/19 16:31:41
Successfully connected to Oracle.<br/>Starting to echo

0 Record(s) syncronized.............................<br/>2018/12/29 16:31:41
Successfully connected to Oracle.<br/>Starting to echo

0 Record(s) syncronized.............................<br/>2019/01/09 16:31:41
Successfully connected to Oracle.<br/>Starting to echo

0 Record(s) syncronized.............................<br/>2019/01/19 16:31:41
Successfully connected to Oracle.<br/>Starting to echo

0 Record(s) syncronized.............................<br/>2019/01/29 16:31:41
Successfully connected to Oracle.<br/>Starting to echo

0 Record(s) syncronized.............................<br/>2019/02/09 16:31:41
Successfully connected to Oracle.<br/>Starting to echo

0 Record(s) syncronized.............................<br/>2019/02/19 16:31:41
Successfully connected to Oracle.<br/>Starting to echo

0 Record(s) syncronized.............................<br/>2019/03/09 16:31:41
Successfully connected to Oracle.<br/>Starting to echo

0 Record(s) syncronized.............................<br/>2019/03/19 16:31:41
Successfully connected to Oracle.<br/>Starting to echo

0 Record(s) syncronized.............................<br/>2019/03/29 16:31:41
Successfully connected to Oracle.<br/>Starting to echo
1  Record(s) reading................<br/>249000450951001 - LEPO3W<br/>1  Inserted................<br/><br/>
1 Record(s) syncronized.............................<br/>2019/04/09 16:31:41
Successfully connected to Oracle.<br/>Starting to echo

0 Record(s) syncronized.............................<br/>2019/04/19 16:31:41
Successfully connected to Oracle.<br/>Starting to echo

0 Record(s) syncronized.............................<br/>