2018/11/05 16:21:41
Successfully connected to Oracle.<br/>Starting to echo
1  Record(s) reading................<br/>249003103550501 - LEPO3W<br/>1  Inserted................<br/><br/>
1 Record(s) syncronized.............................<br/>2018/11/15 16:21:41
Successfully connected to Oracle.<br/>Starting to echo
1  Record(s) reading................<br/>248003190150502 - LEPO3W<br/>1  Inserted................<br/><br/>2  Record(s) reading................<br/>265003115350502 - LEPO3W<br/>2  Inserted................<br/><br/>3  Record(s) reading................<br/>246003058350503 - LEPO3W<br/>3  Inserted................<br/><br/>
3 Record(s) syncronized.............................<br/>2018/11/25 16:21:41
Successfully connected to Oracle.<br/>Starting to echo

0 Record(s) syncronized.............................<br/>2018/12/05 16:21:41
Successfully connected to Oracle.<br/>Starting to echo

0 Record(s) syncronized.............................<br/>2018/12/15 16:21:41
Successfully connected to Oracle.<br/>Starting to echo

0 Record(s) syncronized.............................<br/>2018/12/25 16:21:41
Successfully connected to Oracle.<br/>Starting to echo

0 Record(s) syncronized.............................<br/>2019/01/05 16:21:41
Successfully connected to Oracle.<br/>Starting to echo

0 Record(s) syncronized.............................<br/>2019/01/15 16:21:41
Successfully connected to Oracle.<br/>Starting to echo

0 Record(s) syncronized.............................<br/>2019/01/25 16:21:41
Successfully connected to Oracle.<br/>Starting to echo
1  Record(s) reading................<br/>248003707950501 - LEPO3W<br/>1  Inserted................<br/><br/>2  Record(s) reading................<br/>252003730450501 - LEPO3W<br/>2  Inserted................<br/><br/>3  Record(s) reading................<br/>213003698850501 - LEPO3W<br/>3  Inserted................<br/><br/>4  Record(s) reading................<br/>207003425550502 - LEPO3W<br/>4  Inserted................<br/><br/>5  Record(s) reading................<br/>267003708950501 - LEPO3W<br/>5  Inserted................<br/><br/>6  Record(s) reading................<br/>218003665650501 - LEPO3W<br/>6  Inserted................<br/><br/>7  Record(s) reading................<br/>260003669250501 - LEPO3W<br/>7  Inserted................<br/><br/>8  Record(s) reading................<br/>264003679450501 - LEPO3W<br/>8  Inserted................<br/><br/>9  Record(s) reading................<br/>260003670150501 - LEPO3W<br/>9  Inserted................<br/><br/>10  Record(s) reading................<br/>247003476850503 - LEPO3W<br/>10  Inserted................<br/><br/>11  Record(s) reading................<br/>213003723650501 - LEPO3W<br/>11  Inserted................<br/><br/>12  Record(s) reading................<br/>252003378850501 - LEPO3W<br/>12  Inserted................<br/><br/>
12 Record(s) syncronized.............................<br/>2019/02/05 16:21:41
Successfully connected to Oracle.<br/>Starting to echo

0 Record(s) syncronized.............................<br/>2019/02/15 16:21:41
Successfully connected to Oracle.<br/>Starting to echo

0 Record(s) syncronized.............................<br/>2019/02/25 16:21:41
Successfully connected to Oracle.<br/>Starting to echo

0 Record(s) syncronized.............................<br/>2019/03/05 16:21:41
Successfully connected to Oracle.<br/>Starting to echo

0 Record(s) syncronized.............................<br/>2019/03/15 16:21:41
Successfully connected to Oracle.<br/>Starting to echo
1  Record(s) reading................<br/>218003900750501 - LEPO3W<br/>1  Inserted................<br/><br/>
1 Record(s) syncronized.............................<br/>2019/03/25 16:21:41
Successfully connected to Oracle.<br/>Starting to echo

0 Record(s) syncronized.............................<br/>2019/04/05 16:21:41
Successfully connected to Oracle.<br/>Starting to echo

0 Record(s) syncronized.............................<br/>2019/04/15 16:21:41
Successfully connected to Oracle.<br/>Starting to echo

0 Record(s) syncronized.............................<br/>