2018/11/08 15:11:41
Successfully connected to Oracle.<br/>Starting to echo

0 Record(s) syncronized.............................<br/>2018/11/18 15:11:41
Successfully connected to Oracle.<br/>Starting to echo

0 Record(s) syncronized.............................<br/>2018/11/28 15:11:41
Successfully connected to Oracle.<br/>Starting to echo
1  Record(s) reading................<br/>258003319950501 - LEPO3W<br/>1  Inserted................<br/><br/>2  Record(s) reading................<br/>266003312450501 - LEPO3W<br/>2  Inserted................<br/><br/>3  Record(s) reading................<br/>258003322650501 - LEPO3W<br/>3  Inserted................<br/><br/>4  Record(s) reading................<br/>258003317250501 - LEPO3W<br/>4  Inserted................<br/><br/>
4 Record(s) syncronized.............................<br/>2018/12/08 15:11:41
Successfully connected to Oracle.<br/>Starting to echo

0 Record(s) syncronized.............................<br/>2018/12/18 15:11:41
Successfully connected to Oracle.<br/>Starting to echo
1  Record(s) reading................<br/>243003485951001 - LEPO3W<br/>1  Inserted................<br/><br/>
1 Record(s) syncronized.............................<br/>2018/12/28 15:11:41
Successfully connected to Oracle.<br/>Starting to echo

0 Record(s) syncronized.............................<br/>2019/01/08 15:11:41
Successfully connected to Oracle.<br/>Starting to echo

0 Record(s) syncronized.............................<br/>2019/01/18 15:11:41
Successfully connected to Oracle.<br/>Starting to echo

0 Record(s) syncronized.............................<br/>2019/01/28 15:11:41
Successfully connected to Oracle.<br/>Starting to echo

0 Record(s) syncronized.............................<br/>2019/02/08 15:11:41
Successfully connected to Oracle.<br/>Starting to echo
1  Record(s) reading................<br/>255003575750501 - LEPO3W<br/>1  Inserted................<br/><br/>2  Record(s) reading................<br/>222003783950501 - LEPO3W<br/>2  Inserted................<br/><br/>3  Record(s) reading................<br/>208003762850501 - LEPO3W<br/>3  Inserted................<br/><br/>4  Record(s) reading................<br/>208003777050501 - LEPO3W<br/>4  Inserted................<br/><br/>5  Record(s) reading................<br/>246003794350501 - LEPO3W<br/>5  Inserted................<br/><br/>6  Record(s) reading................<br/>214003352450501 - LEPO3W<br/>6  Inserted................<br/><br/>7  Record(s) reading................<br/>225003429650503 - LEPO3W<br/>7  Inserted................<br/><br/>8  Record(s) reading................<br/>252003765750501 - LEPO3W<br/>8  Inserted................<br/><br/>9  Record(s) reading................<br/>246003795650501 - LEPO3W<br/>9  Inserted................<br/><br/>
9 Record(s) syncronized.............................<br/>2019/02/18 15:11:41
Successfully connected to Oracle.<br/>Starting to echo

0 Record(s) syncronized.............................<br/>2019/02/28 15:11:41
Successfully connected to Oracle.<br/>Starting to echo
1  Record(s) reading................<br/>249003852251001 - LEPO3W<br/>1  Inserted................<br/><br/>
1 Record(s) syncronized.............................<br/>2019/03/08 15:11:41
Successfully connected to Oracle.<br/>Starting to echo

0 Record(s) syncronized.............................<br/>2019/03/18 15:11:41
Successfully connected to Oracle.<br/>Starting to echo
1  Record(s) reading................<br/>243003918150501 - LEPO3W<br/>1  Inserted................<br/><br/>
1 Record(s) syncronized.............................<br/>2019/03/28 15:11:41
Successfully connected to Oracle.<br/>Starting to echo
1  Record(s) reading................<br/>240003956750501 - LEPO3W<br/>1  Inserted................<br/><br/>2  Record(s) reading................<br/>248003957450501 - LEPO3W<br/>2  Inserted................<br/><br/>3  Record(s) reading................<br/>240003938950501 - LEPO3W<br/>3  Inserted................<br/><br/>
3 Record(s) syncronized.............................<br/>2019/04/08 15:11:41
Successfully connected to Oracle.<br/>Starting to echo

0 Record(s) syncronized.............................<br/>2019/04/18 15:11:41
Successfully connected to Oracle.<br/>Failed to connect to MySQL: No connection could be made because the target machine actively refused it.
Starting to echo

0 Record(s) syncronized.............................<br/>