2018/11/12 14:51:41
Successfully connected to Oracle.<br/>Starting to echo
1  Record(s) reading................<br/>209003190250501 - LEPO3W<br/>1  Inserted................<br/><br/>2  Record(s) reading................<br/>245003217950501 - LEPO3W<br/>2  Inserted................<br/><br/>3  Record(s) reading................<br/>248003198550501 - LEPO3W<br/>3  Inserted................<br/><br/>4  Record(s) reading................<br/>218003214050501 - LEPO3W<br/>4  Inserted................<br/><br/>5  Record(s) reading................<br/>238003176950501 - LEPO3W<br/>5  Inserted................<br/><br/>6  Record(s) reading................<br/>245003214550501 - LEPO3W<br/>6  Inserted................<br/><br/>7  Record(s) reading................<br/>209003208150501 - LEPO3W<br/>7  Inserted................<br/><br/>8  Record(s) reading................<br/>245003204250501 - LEPO3W<br/>8  Inserted................<br/><br/>
8 Record(s) syncronized.............................<br/>2018/11/22 14:51:41
Successfully connected to Oracle.<br/>Starting to echo

0 Record(s) syncronized.............................<br/>2018/12/02 14:51:41
Successfully connected to Oracle.<br/>Starting to echo

0 Record(s) syncronized.............................<br/>2018/12/12 14:51:41
Successfully connected to Oracle.<br/>Starting to echo

0 Record(s) syncronized.............................<br/>2018/12/22 14:51:41
Successfully connected to Oracle.<br/>Starting to echo

0 Record(s) syncronized.............................<br/>2019/01/02 14:51:41
Successfully connected to Oracle.<br/>Starting to echo

0 Record(s) syncronized.............................<br/>2019/01/12 14:51:41
Successfully connected to Oracle.<br/>Starting to echo

0 Record(s) syncronized.............................<br/>2019/01/22 14:51:41
Successfully connected to Oracle.<br/>Starting to echo
1  Record(s) reading................<br/>245003678950501 - LEPO3W<br/>1  Inserted................<br/><br/>
1 Record(s) syncronized.............................<br/>2019/02/02 14:51:41
Successfully connected to Oracle.<br/>Starting to echo

0 Record(s) syncronized.............................<br/>2019/02/12 14:51:41
Successfully connected to Oracle.<br/>Starting to echo

0 Record(s) syncronized.............................<br/>2019/02/22 14:51:41
Successfully connected to Oracle.<br/>Starting to echo

0 Record(s) syncronized.............................<br/>2019/03/02 14:51:41
Successfully connected to Oracle.<br/>Starting to echo

0 Record(s) syncronized.............................<br/>2019/03/12 14:51:41
Successfully connected to Oracle.<br/>Starting to echo

0 Record(s) syncronized.............................<br/>2019/03/22 14:51:41
Successfully connected to Oracle.<br/>Starting to echo

0 Record(s) syncronized.............................<br/>2019/04/02 14:51:41
Successfully connected to Oracle.<br/>Starting to echo

0 Record(s) syncronized.............................<br/>2019/04/12 14:51:41
Successfully connected to Oracle.<br/>Starting to echo

0 Record(s) syncronized.............................<br/>2019/04/22 14:51:41
Successfully connected to Oracle.<br/>Starting to echo

0 Record(s) syncronized.............................<br/>