2018/11/06 15:11:41
Successfully connected to Oracle.<br/>Starting to echo
1  Record(s) reading................<br/>259003121651001 - LEPO3W<br/>1  Inserted................<br/><br/>
1 Record(s) syncronized.............................<br/>2018/11/16 15:11:41
Successfully connected to Oracle.<br/>Starting to echo

0 Record(s) syncronized.............................<br/>2018/11/26 15:11:41
Successfully connected to Oracle.<br/>Starting to echo

0 Record(s) syncronized.............................<br/>2018/12/06 15:11:41
Successfully connected to Oracle.<br/>Starting to echo

0 Record(s) syncronized.............................<br/>2018/12/16 15:11:41
Successfully connected to Oracle.<br/>Starting to echo

0 Record(s) syncronized.............................<br/>2018/12/26 15:11:41
Successfully connected to Oracle.<br/>Starting to echo
1  Record(s) reading................<br/>210003465850501 - LEPO3W<br/>1  Inserted................<br/><br/>2  Record(s) reading................<br/>222003507750501 - LEPO3W<br/>2  Inserted................<br/><br/>3  Record(s) reading................<br/>247003471750501 - LEPO3W<br/>3  Inserted................<br/><br/>4  Record(s) reading................<br/>218003513350501 - LEPO3W<br/>4  Inserted................<br/><br/>5  Record(s) reading................<br/>208003503850501 - LEPO3W<br/>5  Inserted................<br/><br/>6  Record(s) reading................<br/>208003453850501 - LEPO3W<br/>6  Inserted................<br/><br/>7  Record(s) reading................<br/>208003426850501 - LEPO3W<br/>7  Inserted................<br/><br/>
7 Record(s) syncronized.............................<br/>2019/01/06 15:11:41
Successfully connected to Oracle.<br/>Starting to echo

0 Record(s) syncronized.............................<br/>2019/01/16 15:11:41
Successfully connected to Oracle.<br/>Starting to echo

0 Record(s) syncronized.............................<br/>2019/01/26 15:11:41
Successfully connected to Oracle.<br/>Starting to echo

0 Record(s) syncronized.............................<br/>2019/02/06 15:11:41
Successfully connected to Oracle.<br/>Starting to echo
1  Record(s) reading................<br/>248003093450503 - LEPO3W<br/>1  Inserted................<br/><br/>2  Record(s) reading................<br/>247003747350501 - LEPO3W<br/>2  Inserted................<br/><br/>3  Record(s) reading................<br/>242003752450501 - LEPO3W<br/>3  Inserted................<br/><br/>4  Record(s) reading................<br/>247003434750502 - LEPO3W<br/>4  Inserted................<br/><br/>5  Record(s) reading................<br/>248003755550501 - LEPO3W<br/>5  Inserted................<br/><br/>6  Record(s) reading................<br/>240003770050502 - LEPO3W<br/>6  Inserted................<br/><br/>7  Record(s) reading................<br/>225003543450503 - LEPO3W<br/>7  Inserted................<br/><br/>8  Record(s) reading................<br/>240003781850501 - LEPO3W<br/>8  Inserted................<br/><br/>9  Record(s) reading................<br/>242003669050501 - LEPO3W<br/>9  Inserted................<br/><br/>10  Record(s) reading................<br/>208003712850501 - LEPO3W<br/>10  Inserted................<br/><br/>11  Record(s) reading................<br/>247003747150501 - LEPO3W<br/>11  Inserted................<br/><br/>
11 Record(s) syncronized.............................<br/>2019/02/16 15:11:41
Successfully connected to Oracle.<br/>Starting to echo

0 Record(s) syncronized.............................<br/>2019/02/26 15:11:41
Successfully connected to Oracle.<br/>Starting to echo

0 Record(s) syncronized.............................<br/>2019/03/06 15:11:42
Successfully connected to Oracle.<br/>Starting to echo

0 Record(s) syncronized.............................<br/>2019/03/16 15:11:41
Successfully connected to Oracle.<br/>Starting to echo

0 Record(s) syncronized.............................<br/>2019/03/26 15:11:41
Successfully connected to Oracle.<br/>Starting to echo

0 Record(s) syncronized.............................<br/>2019/04/06 15:11:40
Successfully connected to Oracle.<br/>Starting to echo

0 Record(s) syncronized.............................<br/>2019/04/16 15:11:41
Successfully connected to Oracle.<br/>Starting to echo
1  Record(s) reading................<br/>214003982950502 - LEPO3W<br/>1  Inserted................<br/><br/>2  Record(s) reading................<br/>239004005750502 - LEPO3W<br/>2  Inserted................<br/><br/>3  Record(s) reading................<br/>253003958650501 - LEPO3W<br/>3  Inserted................<br/><br/>4  Record(s) reading................<br/>246003943950501 - LEPO3W<br/>4  Inserted................<br/><br/>
4 Record(s) syncronized.............................<br/>