2018/11/14 15:51:41
Successfully connected to Oracle.<br/>Starting to echo

0 Record(s) syncronized.............................<br/>2018/11/24 15:51:43
Successfully connected to Oracle.<br/>Starting to echo

0 Record(s) syncronized.............................<br/>2018/12/04 15:51:41
Successfully connected to Oracle.<br/>Starting to echo
1  Record(s) reading................<br/>222003358850501 - LEPO3W<br/>1  Inserted................<br/><br/>2  Record(s) reading................<br/>246003349650501 - LEPO3W<br/>2  Inserted................<br/><br/>3  Record(s) reading................<br/>246003367850501 - LEPO3W<br/>3  Inserted................<br/><br/>4  Record(s) reading................<br/>264003314950502 - LEPO3W<br/>4  Inserted................<br/><br/>5  Record(s) reading................<br/>222003359850501 - LEPO3W<br/>5  Inserted................<br/><br/>6  Record(s) reading................<br/>246003290050501 - LEPO3W<br/>6  Inserted................<br/><br/>7  Record(s) reading................<br/>246003248750501 - LEPO3W<br/>7  Inserted................<br/><br/>8  Record(s) reading................<br/>246003354250501 - LEPO3W<br/>8  Inserted................<br/><br/>9  Record(s) reading................<br/>222003350250501 - LEPO3W<br/>9  Inserted................<br/><br/>
9 Record(s) syncronized.............................<br/>2018/12/14 15:51:41
Successfully connected to Oracle.<br/>Starting to echo

0 Record(s) syncronized.............................<br/>2018/12/24 15:51:41
Successfully connected to Oracle.<br/>Starting to echo

0 Record(s) syncronized.............................<br/>2019/01/04 15:51:41
Successfully connected to Oracle.<br/>Starting to echo

0 Record(s) syncronized.............................<br/>2019/01/14 15:51:42
Successfully connected to Oracle.<br/>Starting to echo

0 Record(s) syncronized.............................<br/>2019/01/24 15:51:41
Successfully connected to Oracle.<br/>Starting to echo
1  Record(s) reading................<br/>255003643950501 - LEPO3W<br/>1  Inserted................<br/><br/>2  Record(s) reading................<br/>243003685450501 - LEPO3W<br/>2  Inserted................<br/><br/>3  Record(s) reading................<br/>213003616750501 - LEPO3W<br/>3  Inserted................<br/><br/>4  Record(s) reading................<br/>218003689650501 - LEPO3W<br/>4  Inserted................<br/><br/>5  Record(s) reading................<br/>213003643750501 - LEPO3W<br/>5  Inserted................<br/><br/>6  Record(s) reading................<br/>208003514850501 - LEPO3W<br/>6  Inserted................<br/><br/>7  Record(s) reading................<br/>245003629750501 - LEPO3W<br/>7  Inserted................<br/><br/>8  Record(s) reading................<br/>248003373450501 - LEPO3W<br/>8  Inserted................<br/><br/>9  Record(s) reading................<br/>231003710350501 - LEPO3W<br/>9  Inserted................<br/><br/>10  Record(s) reading................<br/>252003664450501 - LEPO3W<br/>10  Inserted................<br/><br/>11  Record(s) reading................<br/>207003658650501 - LEPO3W<br/>11  Inserted................<br/><br/>12  Record(s) reading................<br/>228003676250501 - LEPO3W<br/>12  Inserted................<br/><br/>13  Record(s) reading................<br/>245003633150501 - LEPO3W<br/>13  Inserted................<br/><br/>14  Record(s) reading................<br/>225003570350501 - LEPO3W<br/>14  Inserted................<br/><br/>
14 Record(s) syncronized.............................<br/>2019/02/04 15:51:41
Successfully connected to Oracle.<br/>Starting to echo

0 Record(s) syncronized.............................<br/>2019/02/14 15:51:41
Successfully connected to Oracle.<br/>Starting to echo

0 Record(s) syncronized.............................<br/>2019/02/24 15:51:41
Successfully connected to Oracle.<br/>Starting to echo

0 Record(s) syncronized.............................<br/>2019/03/04 15:51:41
Successfully connected to Oracle.<br/>Starting to echo

0 Record(s) syncronized.............................<br/>2019/03/14 15:51:41
Successfully connected to Oracle.<br/>Starting to echo

0 Record(s) syncronized.............................<br/>2019/03/24 15:51:41
Successfully connected to Oracle.<br/>Starting to echo

0 Record(s) syncronized.............................<br/>2019/04/04 15:51:41
Successfully connected to Oracle.<br/>Starting to echo
1  Record(s) reading................<br/>238004005250501 - LEPO3W<br/>1  Inserted................<br/><br/>
1 Record(s) syncronized.............................<br/>2019/04/14 15:51:41
Successfully connected to Oracle.<br/>Starting to echo

0 Record(s) syncronized.............................<br/>