2018/11/06 16:01:41
Successfully connected to Oracle.<br/>Starting to echo

0 Record(s) syncronized.............................<br/>2018/11/16 16:01:41
Successfully connected to Oracle.<br/>Starting to echo
1  Record(s) reading................<br/>228003257951001 - LEPO3W<br/>1  Inserted................<br/><br/>
1 Record(s) syncronized.............................<br/>2018/11/26 16:01:41
Successfully connected to Oracle.<br/>Starting to echo

0 Record(s) syncronized.............................<br/>2018/12/06 16:01:41
Successfully connected to Oracle.<br/>Starting to echo

0 Record(s) syncronized.............................<br/>2018/12/16 16:01:41
Successfully connected to Oracle.<br/>Starting to echo

0 Record(s) syncronized.............................<br/>2018/12/26 16:01:41
Successfully connected to Oracle.<br/>Starting to echo

0 Record(s) syncronized.............................<br/>2019/01/06 16:01:41
Successfully connected to Oracle.<br/>Starting to echo

0 Record(s) syncronized.............................<br/>2019/01/16 16:01:41
Successfully connected to Oracle.<br/>Starting to echo

0 Record(s) syncronized.............................<br/>2019/01/26 16:01:41
Successfully connected to Oracle.<br/>Starting to echo

0 Record(s) syncronized.............................<br/>2019/02/06 16:01:42
Successfully connected to Oracle.<br/>Starting to echo

0 Record(s) syncronized.............................<br/>2019/02/16 16:01:41
Successfully connected to Oracle.<br/>Starting to echo

0 Record(s) syncronized.............................<br/>2019/02/26 16:01:42
Successfully connected to Oracle.<br/>Starting to echo
1  Record(s) reading................<br/>239003842050501 - LEPO3W<br/>1  Inserted................<br/><br/>2  Record(s) reading................<br/>245003817350501 - LEPO3W<br/>2  Inserted................<br/><br/>
2 Record(s) syncronized.............................<br/>2019/03/06 16:01:41
Successfully connected to Oracle.<br/>Starting to echo
1  Record(s) reading................<br/>225003864250501 - LEPO3W<br/>1  Inserted................<br/><br/>
1 Record(s) syncronized.............................<br/>2019/03/16 16:01:41
Successfully connected to Oracle.<br/>Starting to echo

0 Record(s) syncronized.............................<br/>2019/03/26 16:01:41
Successfully connected to Oracle.<br/>Starting to echo
1  Record(s) reading................<br/>252003915350501 - LEPO3W<br/>1  Inserted................<br/><br/>2  Record(s) reading................<br/>221003930850501 - LEPO3W<br/>2  Inserted................<br/><br/>3  Record(s) reading................<br/>265003939750501 - LEPO3W<br/>3  Inserted................<br/><br/>4  Record(s) reading................<br/>245003924050501 - LEPO3W<br/>4  Inserted................<br/><br/>5  Record(s) reading................<br/>267003925950501 - LEPO3W<br/>5  Inserted................<br/><br/>6  Record(s) reading................<br/>225003919950501 - LEPO3W<br/>6  Inserted................<br/><br/>7  Record(s) reading................<br/>218003933850501 - LEPO3W<br/>7  Inserted................<br/><br/>8  Record(s) reading................<br/>250003948350501 - LEPO3W<br/>8  Inserted................<br/><br/>9  Record(s) reading................<br/>267003935350501 - LEPO3W<br/>9  Inserted................<br/><br/>
9 Record(s) syncronized.............................<br/>2019/04/06 16:01:41
Successfully connected to Oracle.<br/>Starting to echo

0 Record(s) syncronized.............................<br/>2019/04/16 16:01:41
Successfully connected to Oracle.<br/>Starting to echo

0 Record(s) syncronized.............................<br/>