2018/11/11 17:41:41
Successfully connected to Oracle.<br/>Starting to echo

0 Record(s) syncronized.............................<br/>2018/11/21 17:41:41
Successfully connected to Oracle.<br/>Starting to echo

0 Record(s) syncronized.............................<br/>2018/12/01 17:41:41
Successfully connected to Oracle.<br/>Starting to echo

0 Record(s) syncronized.............................<br/>2018/12/11 17:41:41
Successfully connected to Oracle.<br/>Starting to echo

0 Record(s) syncronized.............................<br/>2018/12/21 17:41:41
Successfully connected to Oracle.<br/>Starting to echo

0 Record(s) syncronized.............................<br/>2018/12/31 17:41:41
Successfully connected to Oracle.<br/>Starting to echo
1  Record(s) reading................<br/>208003598450501 - LEPO3W<br/>1  Inserted................<br/><br/>2  Record(s) reading................<br/>264003551050501 - LEPO3W<br/>2  Inserted................<br/><br/>3  Record(s) reading................<br/>225003484550501 - LEPO3W<br/>3  Inserted................<br/><br/>4  Record(s) reading................<br/>225003441750501 - LEPO3W<br/>4  Inserted................<br/><br/>5  Record(s) reading................<br/>213003557050501 - LEPO3W<br/>5  Inserted................<br/><br/>6  Record(s) reading................<br/>208003595950501 - LEPO3W<br/>6  Inserted................<br/><br/>7  Record(s) reading................<br/>225003538950501 - LEPO3W<br/>7  Inserted................<br/><br/>8  Record(s) reading................<br/>217003494050502 - LEPO3W<br/>8  Inserted................<br/><br/>9  Record(s) reading................<br/>217003584150501 - LEPO3W<br/>9  Inserted................<br/><br/>10  Record(s) reading................<br/>218003539650502 - LEPO3W<br/>10  Inserted................<br/><br/>11  Record(s) reading................<br/>213003559650501 - LEPO3W<br/>11  Inserted................<br/><br/>
11 Record(s) syncronized.............................<br/>2019/01/01 17:41:41
Successfully connected to Oracle.<br/>Starting to echo

0 Record(s) syncronized.............................<br/>2019/01/11 17:41:41
Successfully connected to Oracle.<br/>Starting to echo

0 Record(s) syncronized.............................<br/>2019/01/21 17:41:41
Successfully connected to Oracle.<br/>Starting to echo

0 Record(s) syncronized.............................<br/>2019/01/31 17:41:41
Successfully connected to Oracle.<br/>Starting to echo

0 Record(s) syncronized.............................<br/>2019/02/01 17:41:41
Successfully connected to Oracle.<br/>Starting to echo

0 Record(s) syncronized.............................<br/>2019/02/11 17:41:41
Successfully connected to Oracle.<br/>Starting to echo

0 Record(s) syncronized.............................<br/>2019/02/21 17:41:41
Successfully connected to Oracle.<br/>Starting to echo

0 Record(s) syncronized.............................<br/>2019/03/01 17:41:41
Successfully connected to Oracle.<br/>Starting to echo

0 Record(s) syncronized.............................<br/>2019/03/11 17:41:41
Successfully connected to Oracle.<br/>Starting to echo

0 Record(s) syncronized.............................<br/>2019/03/21 17:41:41
Successfully connected to Oracle.<br/>Starting to echo

0 Record(s) syncronized.............................<br/>2019/03/31 17:41:41
Successfully connected to Oracle.<br/>Starting to echo

0 Record(s) syncronized.............................<br/>2019/04/01 17:41:41
Successfully connected to Oracle.<br/>Starting to echo

0 Record(s) syncronized.............................<br/>2019/04/11 17:41:41
Successfully connected to Oracle.<br/>Starting to echo

0 Record(s) syncronized.............................<br/>2019/04/21 17:41:41
Successfully connected to Oracle.<br/>Starting to echo

0 Record(s) syncronized.............................<br/>