2018/11/12 14:31:41
Successfully connected to Oracle.<br/>Starting to echo

0 Record(s) syncronized.............................<br/>2018/11/22 14:31:41
Successfully connected to Oracle.<br/>Starting to echo

0 Record(s) syncronized.............................<br/>2018/12/02 14:31:41
Successfully connected to Oracle.<br/>Starting to echo

0 Record(s) syncronized.............................<br/>2018/12/12 14:31:41
Successfully connected to Oracle.<br/>Starting to echo

0 Record(s) syncronized.............................<br/>2018/12/22 14:31:41
Successfully connected to Oracle.<br/>Starting to echo

0 Record(s) syncronized.............................<br/>2019/01/02 14:31:41
Successfully connected to Oracle.<br/>Starting to echo

0 Record(s) syncronized.............................<br/>2019/01/12 14:31:41
Successfully connected to Oracle.<br/>Starting to echo

0 Record(s) syncronized.............................<br/>2019/01/22 14:31:41
Successfully connected to Oracle.<br/>Starting to echo

0 Record(s) syncronized.............................<br/>2019/02/02 14:31:41
Successfully connected to Oracle.<br/>Starting to echo

0 Record(s) syncronized.............................<br/>2019/02/12 14:31:41
Successfully connected to Oracle.<br/>Starting to echo
1  Record(s) reading................<br/>225003770250501 - LEPO3W<br/>1  Inserted................<br/><br/>2  Record(s) reading................<br/>221003773650501 - LEPO3W<br/>2  Inserted................<br/><br/>3  Record(s) reading................<br/>225003703250501 - LEPO3W<br/>3  Inserted................<br/><br/>4  Record(s) reading................<br/>247003759150501 - LEPO3W<br/>4  Inserted................<br/><br/>5  Record(s) reading................<br/>248003726150501 - LEPO3W<br/>5  Inserted................<br/><br/>6  Record(s) reading................<br/>238003807450501 - LEPO3W<br/>6  Inserted................<br/><br/>7  Record(s) reading................<br/>248003759350501 - LEPO3W<br/>7  Inserted................<br/><br/>8  Record(s) reading................<br/>218003787150501 - LEPO3W<br/>8  Inserted................<br/><br/>9  Record(s) reading................<br/>225003787750501 - LEPO3W<br/>9  Inserted................<br/><br/>10  Record(s) reading................<br/>265003804350501 - LEPO3W<br/>10  Inserted................<br/><br/>11  Record(s) reading................<br/>231003804150501 - LEPO3W<br/>11  Inserted................<br/><br/>
11 Record(s) syncronized.............................<br/>2019/02/22 14:31:41
Successfully connected to Oracle.<br/>Starting to echo

0 Record(s) syncronized.............................<br/>2019/03/02 14:31:41
Successfully connected to Oracle.<br/>Starting to echo

0 Record(s) syncronized.............................<br/>2019/03/12 14:31:41
Successfully connected to Oracle.<br/>Starting to echo

0 Record(s) syncronized.............................<br/>2019/03/22 14:31:41
Successfully connected to Oracle.<br/>Starting to echo
1  Record(s) reading................<br/>228003914350501 - LEPO3W<br/>1  Inserted................<br/><br/>2  Record(s) reading................<br/>268003921850501 - LEPO3W<br/>2  Inserted................<br/><br/>3  Record(s) reading................<br/>233003890950501 - LEPO3W<br/>3  Inserted................<br/><br/>4  Record(s) reading................<br/>208003586750502 - LEPO3W<br/>4  Inserted................<br/><br/>5  Record(s) reading................<br/>249003896651001 - LEPO3W<br/>5  Inserted................<br/><br/>6  Record(s) reading................<br/>252003910250501 - LEPO3W<br/>6  Inserted................<br/><br/>7  Record(s) reading................<br/>250003920150501 - LEPO3W<br/>7  Inserted................<br/><br/>8  Record(s) reading................<br/>245003922350501 - LEPO3W<br/>8  Inserted................<br/><br/>9  Record(s) reading................<br/>255003896850502 - LEPO3W<br/>9  Inserted................<br/><br/>10  Record(s) reading................<br/>222003923050501 - LEPO3W<br/>10  Inserted................<br/><br/>11  Record(s) reading................<br/>246003880250501 - LEPO3W<br/>11  Inserted................<br/><br/>12  Record(s) reading................<br/>268003931650501 - LEPO3W<br/>12  Inserted................<br/><br/>13  Record(s) reading................<br/>266003929850501 - LEPO3W<br/>13  Inserted................<br/><br/>14  Record(s) reading................<br/>256003164650503 - LEPO3W<br/>14  Inserted................<br/><br/>
14 Record(s) syncronized.............................<br/>2019/04/02 14:31:41
Successfully connected to Oracle.<br/>Starting to echo
1  Record(s) reading................<br/>214003995950501 - LEPO3W<br/>1  Inserted................<br/><br/>
1 Record(s) syncronized.............................<br/>2019/04/12 14:31:41
Successfully connected to Oracle.<br/>Starting to echo

0 Record(s) syncronized.............................<br/>2019/04/22 14:31:41
Successfully connected to Oracle.<br/>Starting to echo

0 Record(s) syncronized.............................<br/>