2018/11/11 15:01:41
Successfully connected to Oracle.<br/>Starting to echo

0 Record(s) syncronized.............................<br/>2018/11/21 15:01:41
Successfully connected to Oracle.<br/>Starting to echo
1  Record(s) reading................<br/>252003271551001 - LEPO3W<br/>1  Inserted................<br/><br/>
1 Record(s) syncronized.............................<br/>2018/12/01 15:01:41
Successfully connected to Oracle.<br/>Starting to echo

0 Record(s) syncronized.............................<br/>2018/12/11 15:01:41
Successfully connected to Oracle.<br/>Starting to echo
1  Record(s) reading................<br/>243003425951001 - LEPO3W<br/>1  Inserted................<br/><br/>
1 Record(s) syncronized.............................<br/>2018/12/21 15:01:41
Successfully connected to Oracle.<br/>Starting to echo
1  Record(s) reading................<br/>261003214750501 - LEPO3W<br/>1  Inserted................<br/><br/>2  Record(s) reading................<br/>220003404850501 - LEPO3W<br/>2  Inserted................<br/><br/>3  Record(s) reading................<br/>240003386150501 - LEPO3W<br/>3  Inserted................<br/><br/>
3 Record(s) syncronized.............................<br/>2018/12/31 15:01:41
Successfully connected to Oracle.<br/>Starting to echo
1  Record(s) reading................<br/>245003470150501 - LEPO3W<br/>1  Inserted................<br/><br/>2  Record(s) reading................<br/>246003348750502 - LEPO3W<br/>2  Inserted................<br/><br/>3  Record(s) reading................<br/>235003560050501 - LEPO3W<br/>3  Inserted................<br/><br/>4  Record(s) reading................<br/>240003459850502 - LEPO3W<br/>4  Inserted................<br/><br/>5  Record(s) reading................<br/>206003600751001 - LEPO3W<br/>5  Inserted................<br/><br/>6  Record(s) reading................<br/>265003362050502 - LEPO3W<br/>6  Inserted................<br/><br/>7  Record(s) reading................<br/>245003506750501 - LEPO3W<br/>7  Inserted................<br/><br/>8  Record(s) reading................<br/>209003425750501 - LEPO3W<br/>8  Inserted................<br/><br/>9  Record(s) reading................<br/>208003582350501 - LEPO3W<br/>9  Inserted................<br/><br/>10  Record(s) reading................<br/>260003261950502 - LEPO3W<br/>10  Inserted................<br/><br/>11  Record(s) reading................<br/>245003515550502 - LEPO3W<br/>11  Inserted................<br/><br/>12  Record(s) reading................<br/>248003332650501 - LEPO3W<br/>12  Inserted................<br/><br/>13  Record(s) reading................<br/>245003539350501 - LEPO3W<br/>13  Inserted................<br/><br/>14  Record(s) reading................<br/>222003542350502 - LEPO3W<br/>14  Inserted................<br/><br/>15  Record(s) reading................<br/>213003417950502 - LEPO3W<br/>15  Inserted................<br/><br/>
15 Record(s) syncronized.............................<br/>2019/01/01 15:01:41
Successfully connected to Oracle.<br/>Starting to echo

0 Record(s) syncronized.............................<br/>2019/01/11 15:01:41
Successfully connected to Oracle.<br/>Starting to echo

0 Record(s) syncronized.............................<br/>2019/01/21 15:01:41
Successfully connected to Oracle.<br/>Starting to echo
1  Record(s) reading................<br/>240003576350501 - LEPO3W<br/>1  Inserted................<br/><br/>2  Record(s) reading................<br/>267003719850501 - LEPO3W<br/>2  Inserted................<br/><br/>3  Record(s) reading................<br/>246003326850501 - LEPO3W<br/>3  Inserted................<br/><br/>
3 Record(s) syncronized.............................<br/>2019/01/31 15:01:41
Successfully connected to Oracle.<br/>Starting to echo
1  Record(s) reading................<br/>258003496650502 - LEPO3W<br/>1  Inserted................<br/><br/>2  Record(s) reading................<br/>216003641950501 - LEPO3W<br/>2  Inserted................<br/><br/>3  Record(s) reading................<br/>268003710950501 - LEPO3W<br/>3  Inserted................<br/><br/>4  Record(s) reading................<br/>252003766350501 - LEPO3W<br/>4  Inserted................<br/><br/>5  Record(s) reading................<br/>248003657150501 - LEPO3W<br/>5  Inserted................<br/><br/>6  Record(s) reading................<br/>248003763350501 - LEPO3W<br/>6  Inserted................<br/><br/>7  Record(s) reading................<br/>218003737550501 - LEPO3W<br/>7  Inserted................<br/><br/>8  Record(s) reading................<br/>224003448150502 - LEPO3W<br/>8  Inserted................<br/><br/>9  Record(s) reading................<br/>243001173650501 - LEPO3W<br/>9  Inserted................<br/><br/>10  Record(s) reading................<br/>240003748250501 - LEPO3W<br/>10  Inserted................<br/><br/>11  Record(s) reading................<br/>224003729850501 - LEPO3W<br/>11  Inserted................<br/><br/>12  Record(s) reading................<br/>213003761650501 - LEPO3W<br/>12  Inserted................<br/><br/>13  Record(s) reading................<br/>245003764050501 - LEPO3W<br/>13  Inserted................<br/><br/>
13 Record(s) syncronized.............................<br/>2019/02/01 15:01:41
Successfully connected to Oracle.<br/>Starting to echo
1  Record(s) reading................<br/>256003705450501 - LEPO3W<br/>1  Inserted................<br/><br/>2  Record(s) reading................<br/>224003780850501 - LEPO3W<br/>2  Inserted................<br/><br/>3  Record(s) reading................<br/>255003647450501 - LEPO3W<br/>3  Inserted................<br/><br/>4  Record(s) reading................<br/>266003787950501 - LEPO3W<br/>4  Inserted................<br/><br/>5  Record(s) reading................<br/>248003587650501 - LEPO3W<br/>5  Inserted................<br/><br/>6  Record(s) reading................<br/>225003779050501 - LEPO3W<br/>6  Inserted................<br/><br/>7  Record(s) reading................<br/>206003783450501 - LEPO3W<br/>7  Inserted................<br/><br/>8  Record(s) reading................<br/>252003756050501 - LEPO3W<br/>8  Inserted................<br/><br/>9  Record(s) reading................<br/>259003712350501 - LEPO3W<br/>9  Inserted................<br/><br/>10  Record(s) reading................<br/>213003753150501 - LEPO3W<br/>10  Inserted................<br/><br/>11  Record(s) reading................<br/>224003561250501 - LEPO3W<br/>11  Inserted................<br/><br/>12  Record(s) reading................<br/>243003561850501 - LEPO3W<br/>12  Inserted................<br/><br/>
12 Record(s) syncronized.............................<br/>2019/02/11 15:01:41
Successfully connected to Oracle.<br/>Starting to echo
1  Record(s) reading................<br/>252003759050501 - LEPO3W<br/>1  Inserted................<br/><br/>2  Record(s) reading................<br/>248003725250501 - LEPO3W<br/>2  Inserted................<br/><br/>3  Record(s) reading................<br/>239003784950501 - LEPO3W<br/>3  Inserted................<br/><br/>4  Record(s) reading................<br/>255003759950501 - LEPO3W<br/>4  Inserted................<br/><br/>5  Record(s) reading................<br/>242003738550501 - LEPO3W<br/>5  Inserted................<br/><br/>6  Record(s) reading................<br/>248003773250501 - LEPO3W<br/>6  Inserted................<br/><br/>7  Record(s) reading................<br/>223003432750501 - LEPO3W<br/>7  Inserted................<br/><br/>8  Record(s) reading................<br/>225003720350501 - LEPO3W<br/>8  Inserted................<br/><br/>9  Record(s) reading................<br/>248003741450501 - LEPO3W<br/>9  Inserted................<br/><br/>10  Record(s) reading................<br/>245003781250501 - LEPO3W<br/>10  Inserted................<br/><br/>11  Record(s) reading................<br/>242003669750501 - LEPO3W<br/>11  Inserted................<br/><br/>12  Record(s) reading................<br/>208003764850501 - LEPO3W<br/>12  Inserted................<br/><br/>
12 Record(s) syncronized.............................<br/>2019/02/21 15:01:41
Successfully connected to Oracle.<br/>Starting to echo

0 Record(s) syncronized.............................<br/>2019/03/01 15:01:41
Successfully connected to Oracle.<br/>Starting to echo

0 Record(s) syncronized.............................<br/>2019/03/11 15:01:41
Successfully connected to Oracle.<br/>Starting to echo

0 Record(s) syncronized.............................<br/>2019/03/21 15:01:41
Successfully connected to Oracle.<br/>Starting to echo
1  Record(s) reading................<br/>218003928351001 - LEPO3W<br/>1  Inserted................<br/><br/>
1 Record(s) syncronized.............................<br/>2019/03/31 15:01:41
Successfully connected to Oracle.<br/>Starting to echo

0 Record(s) syncronized.............................<br/>2019/04/01 15:01:41
Successfully connected to Oracle.<br/>Starting to echo

0 Record(s) syncronized.............................<br/>2019/04/11 15:01:41
Successfully connected to Oracle.<br/>Starting to echo

0 Record(s) syncronized.............................<br/>2019/04/21 15:01:41
Successfully connected to Oracle.<br/>Starting to echo

0 Record(s) syncronized.............................<br/>