2018/11/08 12:11:41
Successfully connected to Oracle.<br/>Starting to echo
1  Record(s) reading................<br/>208003203851001 - LEPO3W<br/>1  Inserted................<br/><br/>
1 Record(s) syncronized.............................<br/>2018/11/18 12:11:41
Successfully connected to Oracle.<br/>Starting to echo

0 Record(s) syncronized.............................<br/>2018/11/28 12:11:41
Successfully connected to Oracle.<br/>Starting to echo

0 Record(s) syncronized.............................<br/>2018/12/08 12:11:41
Successfully connected to Oracle.<br/>Starting to echo

0 Record(s) syncronized.............................<br/>2018/12/18 12:11:41
Successfully connected to Oracle.<br/>Starting to echo
1  Record(s) reading................<br/>206003475051001 - LEPO3W<br/>1  Inserted................<br/><br/>2  Record(s) reading................<br/>206003440851001 - LEPO3W<br/>2  Inserted................<br/><br/>
2 Record(s) syncronized.............................<br/>2018/12/28 12:11:41
Successfully connected to Oracle.<br/>Starting to echo

0 Record(s) syncronized.............................<br/>2019/01/08 12:11:41
Successfully connected to Oracle.<br/>Starting to echo
1  Record(s) reading................<br/>246003637250501 - LEPO3W<br/>1  Inserted................<br/><br/>2  Record(s) reading................<br/>216003640350501 - LEPO3W<br/>2  Inserted................<br/><br/>
2 Record(s) syncronized.............................<br/>2019/01/18 12:11:41
Successfully connected to Oracle.<br/>Starting to echo
1  Record(s) reading................<br/>249003696251001 - LEPO3W<br/>1  Inserted................<br/><br/>
1 Record(s) syncronized.............................<br/>2019/01/28 12:11:41
Successfully connected to Oracle.<br/>Starting to echo
1  Record(s) reading................<br/>265003715150501 - LEPO3W<br/>1  Inserted................<br/><br/>2  Record(s) reading................<br/>228003703850501 - LEPO3W<br/>2  Inserted................<br/><br/>3  Record(s) reading................<br/>245003749350501 - LEPO3W<br/>3  Inserted................<br/><br/>4  Record(s) reading................<br/>267003382350502 - LEPO3W<br/>4  Inserted................<br/><br/>5  Record(s) reading................<br/>208003765250501 - LEPO3W<br/>5  Inserted................<br/><br/>6  Record(s) reading................<br/>233003655750501 - LEPO3W<br/>6  Inserted................<br/><br/>7  Record(s) reading................<br/>246003546150503 - LEPO3W<br/>7  Inserted................<br/><br/>8  Record(s) reading................<br/>238003711750501 - LEPO3W<br/>8  Inserted................<br/><br/>9  Record(s) reading................<br/>233003570850501 - LEPO3W<br/>9  Inserted................<br/><br/>
9 Record(s) syncronized.............................<br/>2019/02/08 12:11:41
Successfully connected to Oracle.<br/>Starting to echo

0 Record(s) syncronized.............................<br/>2019/02/18 12:11:41
Successfully connected to Oracle.<br/>Starting to echo

0 Record(s) syncronized.............................<br/>2019/02/28 12:11:41
Successfully connected to Oracle.<br/>Starting to echo

0 Record(s) syncronized.............................<br/>2019/03/08 12:11:41
Successfully connected to Oracle.<br/>Starting to echo

0 Record(s) syncronized.............................<br/>2019/03/18 12:11:41
Successfully connected to Oracle.<br/>Starting to echo

0 Record(s) syncronized.............................<br/>2019/03/28 12:11:41
Successfully connected to Oracle.<br/>Starting to echo

0 Record(s) syncronized.............................<br/>2019/04/08 12:11:41
Successfully connected to Oracle.<br/>Starting to echo

0 Record(s) syncronized.............................<br/>2019/04/18 12:11:41
Successfully connected to Oracle.<br/>Starting to echo

0 Record(s) syncronized.............................<br/>