2018/11/13 16:01:41
Successfully connected to Oracle.<br/>Starting to echo

0 Record(s) syncronized.............................<br/>2018/11/23 16:01:41
Successfully connected to Oracle.<br/>Starting to echo
1  Record(s) reading................<br/>222003230150501 - LEPO3W<br/>1  Inserted................<br/><br/>2  Record(s) reading................<br/>218003251150501 - LEPO3W<br/>2  Inserted................<br/><br/>3  Record(s) reading................<br/>239002688950501 - LEPO3W<br/>3  Inserted................<br/><br/>4  Record(s) reading................<br/>258003213650501 - LEPO3W<br/>4  Inserted................<br/><br/>5  Record(s) reading................<br/>268003267350501 - LEPO3W<br/>5  Inserted................<br/><br/>6  Record(s) reading................<br/>225003276950501 - LEPO3W<br/>6  Inserted................<br/><br/>7  Record(s) reading................<br/>233003262650501 - LEPO3W<br/>7  Inserted................<br/><br/>8  Record(s) reading................<br/>222003256750501 - LEPO3W<br/>8  Inserted................<br/><br/>9  Record(s) reading................<br/>245003270750501 - LEPO3W<br/>9  Inserted................<br/><br/>10  Record(s) reading................<br/>239003238050501 - LEPO3W<br/>10  Inserted................<br/><br/>11  Record(s) reading................<br/>245003277250501 - LEPO3W<br/>11  Inserted................<br/><br/>
11 Record(s) syncronized.............................<br/>2018/12/03 16:01:41
Successfully connected to Oracle.<br/>Starting to echo

0 Record(s) syncronized.............................<br/>2018/12/13 16:01:41
Successfully connected to Oracle.<br/>Starting to echo

0 Record(s) syncronized.............................<br/>2018/12/23 16:01:41
Successfully connected to Oracle.<br/>Starting to echo

0 Record(s) syncronized.............................<br/>2019/01/03 16:01:41
Successfully connected to Oracle.<br/>Starting to echo

0 Record(s) syncronized.............................<br/>2019/01/13 16:01:41
Successfully connected to Oracle.<br/>Starting to echo

0 Record(s) syncronized.............................<br/>2019/01/23 16:01:41
Successfully connected to Oracle.<br/>Starting to echo
1  Record(s) reading................<br/>255003563250501 - LEPO3W<br/>1  Inserted................<br/><br/>2  Record(s) reading................<br/>265003663150502 - LEPO3W<br/>2  Inserted................<br/><br/>3  Record(s) reading................<br/>233003649150501 - LEPO3W<br/>3  Inserted................<br/><br/>4  Record(s) reading................<br/>233003671350501 - LEPO3W<br/>4  Inserted................<br/><br/>5  Record(s) reading................<br/>205003699050501 - LEPO3W<br/>5  Inserted................<br/><br/>6  Record(s) reading................<br/>267003664950501 - LEPO3W<br/>6  Inserted................<br/><br/>7  Record(s) reading................<br/>213003672650501 - LEPO3W<br/>7  Inserted................<br/><br/>8  Record(s) reading................<br/>205003721550501 - LEPO3W<br/>8  Inserted................<br/><br/>9  Record(s) reading................<br/>245003720550501 - LEPO3W<br/>9  Inserted................<br/><br/>10  Record(s) reading................<br/>216003737350501 - LEPO3W<br/>10  Inserted................<br/><br/>11  Record(s) reading................<br/>228003731451001 - LEPO3W<br/>11  Inserted................<br/><br/>12  Record(s) reading................<br/>245003580850501 - LEPO3W<br/>12  Inserted................<br/><br/>13  Record(s) reading................<br/>245003738350501 - LEPO3W<br/>13  Inserted................<br/><br/>14  Record(s) reading................<br/>245003686150501 - LEPO3W<br/>14  Inserted................<br/><br/>15  Record(s) reading................<br/>265003710550501 - LEPO3W<br/>15  Inserted................<br/><br/>16  Record(s) reading................<br/>208003668450501 - LEPO3W<br/>16  Inserted................<br/><br/>17  Record(s) reading................<br/>265003602350502 - LEPO3W<br/>17  Inserted................<br/><br/>
17 Record(s) syncronized.............................<br/>2019/02/03 16:01:41
Successfully connected to Oracle.<br/>Starting to echo

0 Record(s) syncronized.............................<br/>2019/02/13 16:01:41
Successfully connected to Oracle.<br/>Starting to echo

0 Record(s) syncronized.............................<br/>2019/02/23 16:01:41
Successfully connected to Oracle.<br/>Starting to echo

0 Record(s) syncronized.............................<br/>2019/03/03 16:01:41
Successfully connected to Oracle.<br/>Starting to echo

0 Record(s) syncronized.............................<br/>2019/03/13 16:01:41
Successfully connected to Oracle.<br/>Starting to echo

0 Record(s) syncronized.............................<br/>2019/03/23 16:01:41
Successfully connected to Oracle.<br/>Starting to echo

0 Record(s) syncronized.............................<br/>2019/04/03 16:01:41
Successfully connected to Oracle.<br/>Starting to echo
1  Record(s) reading................<br/>223003997451001 - LEPO3W<br/>1  Inserted................<br/><br/>
1 Record(s) syncronized.............................<br/>2019/04/13 16:01:41
Successfully connected to Oracle.<br/>Starting to echo

0 Record(s) syncronized.............................<br/>2019/04/23 16:01:41
Successfully connected to Oracle.<br/>Starting to echo

0 Record(s) syncronized.............................<br/>