2018/11/07 16:51:41
Successfully connected to Oracle.<br/>Starting to echo

0 Record(s) syncronized.............................<br/>2018/11/17 16:51:41
Successfully connected to Oracle.<br/>Starting to echo

0 Record(s) syncronized.............................<br/>2018/11/27 16:51:41
Successfully connected to Oracle.<br/>Starting to echo
1  Record(s) reading................<br/>261003166850501 - LEPO3W<br/>1  Inserted................<br/><br/>2  Record(s) reading................<br/>222003227950501 - LEPO3W<br/>2  Inserted................<br/><br/>3  Record(s) reading................<br/>225003255250501 - LEPO3W<br/>3  Inserted................<br/><br/>4  Record(s) reading................<br/>246003269650501 - LEPO3W<br/>4  Inserted................<br/><br/>5  Record(s) reading................<br/>220003255850501 - LEPO3W<br/>5  Inserted................<br/><br/>6  Record(s) reading................<br/>224003265650501 - LEPO3W<br/>6  Inserted................<br/><br/>7  Record(s) reading................<br/>225003207950502 - LEPO3W<br/>7  Inserted................<br/><br/>8  Record(s) reading................<br/>224003254150501 - LEPO3W<br/>8  Inserted................<br/><br/>9  Record(s) reading................<br/>222003279450501 - LEPO3W<br/>9  Inserted................<br/><br/>10  Record(s) reading................<br/>208003159350501 - LEPO3W<br/>10  Inserted................<br/><br/>11  Record(s) reading................<br/>222003228050501 - LEPO3W<br/>11  Inserted................<br/><br/>12  Record(s) reading................<br/>239003196050502 - LEPO3W<br/>12  Inserted................<br/><br/>13  Record(s) reading................<br/>221002457650502 - LEPO3W<br/>13  Inserted................<br/><br/>14  Record(s) reading................<br/>266003232950501 - LEPO3W<br/>14  Inserted................<br/><br/>15  Record(s) reading................<br/>252003216750501 - LEPO3W<br/>15  Inserted................<br/><br/>16  Record(s) reading................<br/>222003188350501 - LEPO3W<br/>16  Inserted................<br/><br/>17  Record(s) reading................<br/>258003283050501 - LEPO3W<br/>17  Inserted................<br/><br/>18  Record(s) reading................<br/>222003284350501 - LEPO3W<br/>18  Inserted................<br/><br/>19  Record(s) reading................<br/>225003215750502 - LEPO3W<br/>19  Inserted................<br/><br/>20  Record(s) reading................<br/>220003190850501 - LEPO3W<br/>20  Inserted................<br/><br/>
20 Record(s) syncronized.............................<br/>2018/12/07 16:51:41
Successfully connected to Oracle.<br/>Starting to echo
1  Record(s) reading................<br/>260003409251001 - LEPO3W<br/>1  Inserted................<br/><br/>
1 Record(s) syncronized.............................<br/>2018/12/17 16:51:41
Successfully connected to Oracle.<br/>Starting to echo
1  Record(s) reading................<br/>252000444751001 - LEPO3W<br/>1  Inserted................<br/><br/>
1 Record(s) syncronized.............................<br/>2018/12/27 16:51:41
Successfully connected to Oracle.<br/>Starting to echo
1  Record(s) reading................<br/>252003321350501 - LEPO3W<br/>1  Inserted................<br/><br/>2  Record(s) reading................<br/>247003306050501 - LEPO3W<br/>2  Inserted................<br/><br/>3  Record(s) reading................<br/>258003366950501 - LEPO3W<br/>3  Inserted................<br/><br/>4  Record(s) reading................<br/>266003424950501 - LEPO3W<br/>4  Inserted................<br/><br/>
4 Record(s) syncronized.............................<br/>2019/01/07 16:51:41
Successfully connected to Oracle.<br/>Starting to echo

0 Record(s) syncronized.............................<br/>2019/01/17 16:51:41
Successfully connected to Oracle.<br/>Starting to echo

0 Record(s) syncronized.............................<br/>2019/01/27 16:51:41
Successfully connected to Oracle.<br/>Starting to echo

0 Record(s) syncronized.............................<br/>2019/02/07 16:51:41
Successfully connected to Oracle.<br/>Starting to echo

0 Record(s) syncronized.............................<br/>2019/02/17 16:51:42
Successfully connected to Oracle.<br/>Starting to echo

0 Record(s) syncronized.............................<br/>2019/02/27 16:51:41
Successfully connected to Oracle.<br/>Starting to echo

0 Record(s) syncronized.............................<br/>2019/03/07 16:51:41
Successfully connected to Oracle.<br/>Starting to echo

0 Record(s) syncronized.............................<br/>2019/03/17 16:51:41
Successfully connected to Oracle.<br/>Starting to echo

0 Record(s) syncronized.............................<br/>2019/03/27 16:51:41
Successfully connected to Oracle.<br/>Starting to echo

0 Record(s) syncronized.............................<br/>2019/04/07 16:51:41
Successfully connected to Oracle.<br/>Starting to echo

0 Record(s) syncronized.............................<br/>2019/04/17 16:51:41
Successfully connected to Oracle.<br/>Starting to echo

0 Record(s) syncronized.............................<br/>