2018/11/06 16:11:41
Successfully connected to Oracle.<br/>Starting to echo

0 Record(s) syncronized.............................<br/>2018/11/16 16:11:41
Successfully connected to Oracle.<br/>Starting to echo

0 Record(s) syncronized.............................<br/>2018/11/26 16:11:41
Successfully connected to Oracle.<br/>Starting to echo

0 Record(s) syncronized.............................<br/>2018/12/06 16:11:41
Successfully connected to Oracle.<br/>Starting to echo

0 Record(s) syncronized.............................<br/>2018/12/16 16:11:41
Successfully connected to Oracle.<br/>Starting to echo

0 Record(s) syncronized.............................<br/>2018/12/26 16:11:41
Successfully connected to Oracle.<br/>Starting to echo

0 Record(s) syncronized.............................<br/>2019/01/06 16:11:41
Successfully connected to Oracle.<br/>Starting to echo

0 Record(s) syncronized.............................<br/>2019/01/16 16:11:41
Successfully connected to Oracle.<br/>Starting to echo

0 Record(s) syncronized.............................<br/>2019/01/26 16:11:41
Successfully connected to Oracle.<br/>Starting to echo

0 Record(s) syncronized.............................<br/>2019/02/06 16:11:41
Successfully connected to Oracle.<br/>Starting to echo

0 Record(s) syncronized.............................<br/>2019/02/16 16:11:41
Successfully connected to Oracle.<br/>Starting to echo

0 Record(s) syncronized.............................<br/>2019/02/26 16:11:41
Successfully connected to Oracle.<br/>Starting to echo
1  Record(s) reading................<br/>225003682650502 - LEPO3W<br/>1  Inserted................<br/><br/>2  Record(s) reading................<br/>224003750450501 - LEPO3W<br/>2  Inserted................<br/><br/>3  Record(s) reading................<br/>225003838150501 - LEPO3W<br/>3  Inserted................<br/><br/>4  Record(s) reading................<br/>224003694850501 - LEPO3W<br/>4  Inserted................<br/><br/>5  Record(s) reading................<br/>266003754250501 - LEPO3W<br/>5  Inserted................<br/><br/>6  Record(s) reading................<br/>266003788050501 - LEPO3W<br/>6  Inserted................<br/><br/>7  Record(s) reading................<br/>242003772150502 - LEPO3W<br/>7  Inserted................<br/><br/>8  Record(s) reading................<br/>258003847550501 - LEPO3W<br/>8  Inserted................<br/><br/>9  Record(s) reading................<br/>265003805650501 - LEPO3W<br/>9  Inserted................<br/><br/>
9 Record(s) syncronized.............................<br/>2019/03/06 16:11:41
Successfully connected to Oracle.<br/>Starting to echo

0 Record(s) syncronized.............................<br/>2019/03/16 16:11:41
Successfully connected to Oracle.<br/>Starting to echo

0 Record(s) syncronized.............................<br/>2019/03/26 16:11:41
Successfully connected to Oracle.<br/>Starting to echo

0 Record(s) syncronized.............................<br/>2019/04/06 16:11:41
Successfully connected to Oracle.<br/>Starting to echo

0 Record(s) syncronized.............................<br/>2019/04/16 16:11:41
Successfully connected to Oracle.<br/>Starting to echo

0 Record(s) syncronized.............................<br/>