2018/11/11 14:31:41
Successfully connected to Oracle.<br/>Starting to echo

0 Record(s) syncronized.............................<br/>2018/11/21 14:31:41
Successfully connected to Oracle.<br/>Starting to echo

0 Record(s) syncronized.............................<br/>2018/12/01 14:31:41
Successfully connected to Oracle.<br/>Starting to echo

0 Record(s) syncronized.............................<br/>2018/12/11 14:31:41
Successfully connected to Oracle.<br/>Starting to echo

0 Record(s) syncronized.............................<br/>2018/12/21 14:31:41
Successfully connected to Oracle.<br/>Starting to echo

0 Record(s) syncronized.............................<br/>2018/12/31 14:31:41
Successfully connected to Oracle.<br/>Starting to echo

0 Record(s) syncronized.............................<br/>2019/01/01 14:31:41
Successfully connected to Oracle.<br/>Starting to echo

0 Record(s) syncronized.............................<br/>2019/01/11 14:31:41
Successfully connected to Oracle.<br/>Starting to echo
1  Record(s) reading................<br/>217000481850501 - LEPO3W<br/>1  Inserted................<br/><br/>
1 Record(s) syncronized.............................<br/>2019/01/21 14:31:41
Successfully connected to Oracle.<br/>Starting to echo

0 Record(s) syncronized.............................<br/>2019/01/31 14:31:41
Successfully connected to Oracle.<br/>Starting to echo
1  Record(s) reading................<br/>246003459050502 - LEPO3W<br/>1  Inserted................<br/><br/>2  Record(s) reading................<br/>233003740450501 - LEPO3W<br/>2  Inserted................<br/><br/>3  Record(s) reading................<br/>224003773850501 - LEPO3W<br/>3  Inserted................<br/><br/>4  Record(s) reading................<br/>245003773150501 - LEPO3W<br/>4  Inserted................<br/><br/>5  Record(s) reading................<br/>252003767150501 - LEPO3W<br/>5  Inserted................<br/><br/>6  Record(s) reading................<br/>243003717650501 - LEPO3W<br/>6  Inserted................<br/><br/>7  Record(s) reading................<br/>213003767050501 - LEPO3W<br/>7  Inserted................<br/><br/>8  Record(s) reading................<br/>217003768250501 - LEPO3W<br/>8  Inserted................<br/><br/>9  Record(s) reading................<br/>217003726350501 - LEPO3W<br/>9  Inserted................<br/><br/>10  Record(s) reading................<br/>233003659550501 - LEPO3W<br/>10  Inserted................<br/><br/>11  Record(s) reading................<br/>224003736050501 - LEPO3W<br/>11  Inserted................<br/><br/>12  Record(s) reading................<br/>268003747950501 - LEPO3W<br/>12  Inserted................<br/><br/>13  Record(s) reading................<br/>245003745950501 - LEPO3W<br/>13  Inserted................<br/><br/>
13 Record(s) syncronized.............................<br/>2019/02/01 14:31:41
Successfully connected to Oracle.<br/>Starting to echo

0 Record(s) syncronized.............................<br/>2019/02/11 14:31:41
Successfully connected to Oracle.<br/>Starting to echo

0 Record(s) syncronized.............................<br/>2019/02/21 14:31:41
Successfully connected to Oracle.<br/>Starting to echo

0 Record(s) syncronized.............................<br/>2019/03/01 14:31:41
Successfully connected to Oracle.<br/>Starting to echo

0 Record(s) syncronized.............................<br/>2019/03/11 14:31:41
Successfully connected to Oracle.<br/>Starting to echo

0 Record(s) syncronized.............................<br/>2019/03/21 14:31:41
Successfully connected to Oracle.<br/>Starting to echo

0 Record(s) syncronized.............................<br/>2019/03/31 14:31:41
Successfully connected to Oracle.<br/>Starting to echo

0 Record(s) syncronized.............................<br/>2019/04/01 14:31:41
Successfully connected to Oracle.<br/>Starting to echo
1  Record(s) reading................<br/>252003990751001 - LEPO3W<br/>1  Inserted................<br/><br/>
1 Record(s) syncronized.............................<br/>2019/04/11 14:31:41
Successfully connected to Oracle.<br/>Starting to echo

0 Record(s) syncronized.............................<br/>2019/04/21 14:31:41
Successfully connected to Oracle.<br/>Starting to echo

0 Record(s) syncronized.............................<br/>