2018/11/11 11:31:41
Successfully connected to Oracle.<br/>Starting to echo

0 Record(s) syncronized.............................<br/>2018/11/21 11:31:41
Successfully connected to Oracle.<br/>Starting to echo

0 Record(s) syncronized.............................<br/>2018/12/01 11:31:41
Successfully connected to Oracle.<br/>Starting to echo

0 Record(s) syncronized.............................<br/>2018/12/11 11:31:41
Successfully connected to Oracle.<br/>Starting to echo

0 Record(s) syncronized.............................<br/>2018/12/21 11:31:41
Successfully connected to Oracle.<br/>Starting to echo

0 Record(s) syncronized.............................<br/>2018/12/31 11:31:41
Successfully connected to Oracle.<br/>Starting to echo
1  Record(s) reading................<br/>248003038350503 - LEPO3W<br/>1  Inserted................<br/><br/>2  Record(s) reading................<br/>224003497250501 - LEPO3W<br/>2  Inserted................<br/><br/>3  Record(s) reading................<br/>224003490350501 - LEPO3W<br/>3  Inserted................<br/><br/>4  Record(s) reading................<br/>224003493850501 - LEPO3W<br/>4  Inserted................<br/><br/>5  Record(s) reading................<br/>224003528650501 - LEPO3W<br/>5  Inserted................<br/><br/>6  Record(s) reading................<br/>208003571750501 - LEPO3W<br/>6  Inserted................<br/><br/>7  Record(s) reading................<br/>224003526250501 - LEPO3W<br/>7  Inserted................<br/><br/>8  Record(s) reading................<br/>224003495750501 - LEPO3W<br/>8  Inserted................<br/><br/>9  Record(s) reading................<br/>266003553550501 - LEPO3W<br/>9  Inserted................<br/><br/>10  Record(s) reading................<br/>266003547550501 - LEPO3W<br/>10  Inserted................<br/><br/>11  Record(s) reading................<br/>224003476550501 - LEPO3W<br/>11  Inserted................<br/><br/>12  Record(s) reading................<br/>224003416850501 - LEPO3W<br/>12  Inserted................<br/><br/>
12 Record(s) syncronized.............................<br/>2019/01/01 11:31:41
Successfully connected to Oracle.<br/>Starting to echo

0 Record(s) syncronized.............................<br/>2019/01/11 11:31:41
Successfully connected to Oracle.<br/>Starting to echo
1  Record(s) reading................<br/>243003681551001 - LEPO3W<br/>1  Inserted................<br/><br/>
1 Record(s) syncronized.............................<br/>2019/01/21 11:31:41
Successfully connected to Oracle.<br/>Starting to echo

0 Record(s) syncronized.............................<br/>2019/01/31 11:31:41
Successfully connected to Oracle.<br/>Starting to echo

0 Record(s) syncronized.............................<br/>2019/02/01 11:31:41
Successfully connected to Oracle.<br/>Starting to echo

0 Record(s) syncronized.............................<br/>2019/02/11 11:31:41
Successfully connected to Oracle.<br/>Starting to echo

0 Record(s) syncronized.............................<br/>2019/02/21 11:31:41
Successfully connected to Oracle.<br/>Starting to echo

0 Record(s) syncronized.............................<br/>2019/03/01 11:31:41
Successfully connected to Oracle.<br/>Starting to echo

0 Record(s) syncronized.............................<br/>2019/03/11 11:31:41
Successfully connected to Oracle.<br/>Starting to echo

0 Record(s) syncronized.............................<br/>2019/03/21 11:31:41
Successfully connected to Oracle.<br/>Starting to echo

0 Record(s) syncronized.............................<br/>2019/03/31 11:31:41
Successfully connected to Oracle.<br/>Starting to echo

0 Record(s) syncronized.............................<br/>2019/04/01 11:31:41
Successfully connected to Oracle.<br/>Starting to echo

0 Record(s) syncronized.............................<br/>2019/04/11 11:31:41
Successfully connected to Oracle.<br/>Starting to echo

0 Record(s) syncronized.............................<br/>2019/04/21 11:31:41
Successfully connected to Oracle.<br/>Starting to echo

0 Record(s) syncronized.............................<br/>