2018/11/10 16:01:41
Successfully connected to Oracle.<br/>Starting to echo

0 Record(s) syncronized.............................<br/>2018/11/20 16:01:41
Successfully connected to Oracle.<br/>Starting to echo

0 Record(s) syncronized.............................<br/>2018/11/30 16:01:41
Successfully connected to Oracle.<br/>Starting to echo

0 Record(s) syncronized.............................<br/>2018/12/10 16:01:41
Successfully connected to Oracle.<br/>Starting to echo

0 Record(s) syncronized.............................<br/>2018/12/20 16:01:41
Successfully connected to Oracle.<br/>Starting to echo

0 Record(s) syncronized.............................<br/>2018/12/30 16:01:41
Successfully connected to Oracle.<br/>Starting to echo

0 Record(s) syncronized.............................<br/>2019/01/10 16:01:41
Successfully connected to Oracle.<br/>Starting to echo
1  Record(s) reading................<br/>255003626350501 - LEPO3W<br/>1  Inserted................<br/><br/>2  Record(s) reading................<br/>256003661650501 - LEPO3W<br/>2  Inserted................<br/><br/>3  Record(s) reading................<br/>255003650750501 - LEPO3W<br/>3  Inserted................<br/><br/>4  Record(s) reading................<br/>265003656750501 - LEPO3W<br/>4  Inserted................<br/><br/>5  Record(s) reading................<br/>258003632150501 - LEPO3W<br/>5  Inserted................<br/><br/>6  Record(s) reading................<br/>231003618250501 - LEPO3W<br/>6  Inserted................<br/><br/>7  Record(s) reading................<br/>268003651850501 - LEPO3W<br/>7  Inserted................<br/><br/>8  Record(s) reading................<br/>265003564850501 - LEPO3W<br/>8  Inserted................<br/><br/>9  Record(s) reading................<br/>242003619050501 - LEPO3W<br/>9  Inserted................<br/><br/>10  Record(s) reading................<br/>209003626250501 - LEPO3W<br/>10  Inserted................<br/><br/>11  Record(s) reading................<br/>238003625050501 - LEPO3W<br/>11  Inserted................<br/><br/>12  Record(s) reading................<br/>238003669650501 - LEPO3W<br/>12  Inserted................<br/><br/>13  Record(s) reading................<br/>265003675950501 - LEPO3W<br/>13  Inserted................<br/><br/>14  Record(s) reading................<br/>255003650450501 - LEPO3W<br/>14  Inserted................<br/><br/>15  Record(s) reading................<br/>265003640550501 - LEPO3W<br/>15  Inserted................<br/><br/>16  Record(s) reading................<br/>258003559250501 - LEPO3W<br/>16  Inserted................<br/><br/>
16 Record(s) syncronized.............................<br/>2019/01/20 16:01:41
Successfully connected to Oracle.<br/>Starting to echo

0 Record(s) syncronized.............................<br/>2019/01/30 16:01:41
Successfully connected to Oracle.<br/>Starting to echo

0 Record(s) syncronized.............................<br/>2019/02/10 16:01:41
Successfully connected to Oracle.<br/>Starting to echo

0 Record(s) syncronized.............................<br/>2019/02/20 16:01:41
Successfully connected to Oracle.<br/>Starting to echo
1  Record(s) reading................<br/>268003824250501 - LEPO3W<br/>1  Inserted................<br/><br/>2  Record(s) reading................<br/>220003834450501 - LEPO3W<br/>2  Inserted................<br/><br/>3  Record(s) reading................<br/>246003691650501 - LEPO3W<br/>3  Inserted................<br/><br/>4  Record(s) reading................<br/>230003816450501 - LEPO3W<br/>4  Inserted................<br/><br/>5  Record(s) reading................<br/>247003832550501 - LEPO3W<br/>5  Inserted................<br/><br/>
5 Record(s) syncronized.............................<br/>2019/03/10 16:01:41
Successfully connected to Oracle.<br/>Starting to echo

0 Record(s) syncronized.............................<br/>2019/03/20 16:01:41
Successfully connected to Oracle.<br/>Starting to echo

0 Record(s) syncronized.............................<br/>2019/03/30 16:01:41
Successfully connected to Oracle.<br/>Starting to echo

0 Record(s) syncronized.............................<br/>2019/04/10 16:01:41
Successfully connected to Oracle.<br/>Starting to echo

0 Record(s) syncronized.............................<br/>2019/04/20 16:01:41
Successfully connected to Oracle.<br/>Starting to echo

0 Record(s) syncronized.............................<br/>