2018/11/05 15:11:41
Successfully connected to Oracle.<br/>Starting to echo
1  Record(s) reading................<br/>243003181451001 - LEPO3W<br/>1  Inserted................<br/><br/>
1 Record(s) syncronized.............................<br/>2018/11/15 15:11:41
Successfully connected to Oracle.<br/>Starting to echo
1  Record(s) reading................<br/>242003247051001 - LEPO3W<br/>1  Inserted................<br/><br/>
1 Record(s) syncronized.............................<br/>2018/11/25 15:11:41
Successfully connected to Oracle.<br/>Starting to echo

0 Record(s) syncronized.............................<br/>2018/12/05 15:11:41
Successfully connected to Oracle.<br/>Starting to echo

0 Record(s) syncronized.............................<br/>2018/12/15 15:11:41
Successfully connected to Oracle.<br/>Starting to echo

0 Record(s) syncronized.............................<br/>2018/12/25 15:11:41
Successfully connected to Oracle.<br/>Starting to echo

0 Record(s) syncronized.............................<br/>2019/01/05 15:11:41
Successfully connected to Oracle.<br/>Starting to echo

0 Record(s) syncronized.............................<br/>2019/01/15 15:11:41
Successfully connected to Oracle.<br/>Starting to echo

0 Record(s) syncronized.............................<br/>2019/01/25 15:11:41
Successfully connected to Oracle.<br/>Starting to echo

0 Record(s) syncronized.............................<br/>2019/02/05 15:11:41
Successfully connected to Oracle.<br/>Starting to echo

0 Record(s) syncronized.............................<br/>2019/02/15 15:11:41
Successfully connected to Oracle.<br/>Starting to echo
1  Record(s) reading................<br/>242003826151001 - LEPO3W<br/>1  Inserted................<br/><br/>2  Record(s) reading................<br/>235003754650501 - LEPO3W<br/>2  Inserted................<br/><br/>
2 Record(s) syncronized.............................<br/>2019/02/25 15:11:41
Successfully connected to Oracle.<br/>Starting to echo
1  Record(s) reading................<br/>240003719050501 - LEPO3W<br/>1  Inserted................<br/><br/>2  Record(s) reading................<br/>252003846150501 - LEPO3W<br/>2  Inserted................<br/><br/>3  Record(s) reading................<br/>225003844350501 - LEPO3W<br/>3  Inserted................<br/><br/>4  Record(s) reading................<br/>268003845650501 - LEPO3W<br/>4  Inserted................<br/><br/>5  Record(s) reading................<br/>253003851951001 - LEPO3W<br/>5  Inserted................<br/><br/>
5 Record(s) syncronized.............................<br/>2019/03/05 15:11:41
Successfully connected to Oracle.<br/>Starting to echo

0 Record(s) syncronized.............................<br/>2019/03/15 15:11:41
Successfully connected to Oracle.<br/>Starting to echo

0 Record(s) syncronized.............................<br/>2019/03/25 15:11:41
Successfully connected to Oracle.<br/>Starting to echo

0 Record(s) syncronized.............................<br/>2019/04/05 15:11:41
Successfully connected to Oracle.<br/>Starting to echo

0 Record(s) syncronized.............................<br/>2019/04/15 15:11:41
Successfully connected to Oracle.<br/>Starting to echo

0 Record(s) syncronized.............................<br/>