2018/11/13 15:51:41
Successfully connected to Oracle.<br/>Starting to echo
1  Record(s) reading................<br/>225003212250501 - LEPO3W<br/>1  Inserted................<br/><br/>2  Record(s) reading................<br/>200003196850501 - LEPO3W<br/>2  Inserted................<br/><br/>3  Record(s) reading................<br/>206003192350501 - LEPO3W<br/>3  Inserted................<br/><br/>4  Record(s) reading................<br/>240003172450501 - LEPO3W<br/>4  Inserted................<br/><br/>5  Record(s) reading................<br/>222003211550501 - LEPO3W<br/>5  Inserted................<br/><br/>
5 Record(s) syncronized.............................<br/>2018/11/23 15:51:41
Successfully connected to Oracle.<br/>Starting to echo

0 Record(s) syncronized.............................<br/>2018/12/03 15:51:41
Successfully connected to Oracle.<br/>Starting to echo

0 Record(s) syncronized.............................<br/>2018/12/13 15:51:41
Successfully connected to Oracle.<br/>Starting to echo

0 Record(s) syncronized.............................<br/>2018/12/23 15:51:41
Successfully connected to Oracle.<br/>Starting to echo

0 Record(s) syncronized.............................<br/>2019/01/03 15:51:41
Successfully connected to Oracle.<br/>Starting to echo

0 Record(s) syncronized.............................<br/>2019/01/13 15:51:41
Successfully connected to Oracle.<br/>Starting to echo

0 Record(s) syncronized.............................<br/>2019/01/23 15:51:41
Successfully connected to Oracle.<br/>Starting to echo
1  Record(s) reading................<br/>242003642550501 - LEPO3W<br/>1  Inserted................<br/><br/>2  Record(s) reading................<br/>248003673450501 - LEPO3W<br/>2  Inserted................<br/><br/>3  Record(s) reading................<br/>224003705550501 - LEPO3W<br/>3  Inserted................<br/><br/>4  Record(s) reading................<br/>265003674450502 - LEPO3W<br/>4  Inserted................<br/><br/>5  Record(s) reading................<br/>268003710750501 - LEPO3W<br/>5  Inserted................<br/><br/>6  Record(s) reading................<br/>231003708650501 - LEPO3W<br/>6  Inserted................<br/><br/>7  Record(s) reading................<br/>252003665050501 - LEPO3W<br/>7  Inserted................<br/><br/>8  Record(s) reading................<br/>267003627850501 - LEPO3W<br/>8  Inserted................<br/><br/>9  Record(s) reading................<br/>233003613750501 - LEPO3W<br/>9  Inserted................<br/><br/>10  Record(s) reading................<br/>213003685650501 - LEPO3W<br/>10  Inserted................<br/><br/>11  Record(s) reading................<br/>217003647850501 - LEPO3W<br/>11  Inserted................<br/><br/>12  Record(s) reading................<br/>248003632950501 - LEPO3W<br/>12  Inserted................<br/><br/>13  Record(s) reading................<br/>252003676850501 - LEPO3W<br/>13  Inserted................<br/><br/>14  Record(s) reading................<br/>218003667950501 - LEPO3W<br/>14  Inserted................<br/><br/>15  Record(s) reading................<br/>231003689250501 - LEPO3W<br/>15  Inserted................<br/><br/>16  Record(s) reading................<br/>200003704650501 - LEPO3W<br/>16  Inserted................<br/><br/>17  Record(s) reading................<br/>209003602250502 - LEPO3W<br/>17  Inserted................<br/><br/>18  Record(s) reading................<br/>252003697750501 - LEPO3W<br/>18  Inserted................<br/><br/>19  Record(s) reading................<br/>247003603650501 - LEPO3W<br/>19  Inserted................<br/><br/>20  Record(s) reading................<br/>248003565950501 - LEPO3W<br/>20  Inserted................<br/><br/>
20 Record(s) syncronized.............................<br/>2019/02/03 15:51:41
Successfully connected to Oracle.<br/>Starting to echo

0 Record(s) syncronized.............................<br/>2019/02/13 15:51:41
Successfully connected to Oracle.<br/>Starting to echo

0 Record(s) syncronized.............................<br/>2019/02/23 15:51:41
Successfully connected to Oracle.<br/>Starting to echo

0 Record(s) syncronized.............................<br/>2019/03/03 15:51:41
Successfully connected to Oracle.<br/>Starting to echo

0 Record(s) syncronized.............................<br/>2019/03/13 15:51:41
Successfully connected to Oracle.<br/>Starting to echo

0 Record(s) syncronized.............................<br/>2019/03/23 15:51:41
Successfully connected to Oracle.<br/>Starting to echo

0 Record(s) syncronized.............................<br/>2019/04/03 15:51:41
Successfully connected to Oracle.<br/>Starting to echo

0 Record(s) syncronized.............................<br/>2019/04/13 15:51:41
Successfully connected to Oracle.<br/>Starting to echo

0 Record(s) syncronized.............................<br/>2019/04/23 15:51:41
Successfully connected to Oracle.<br/>Starting to echo

0 Record(s) syncronized.............................<br/>