2018/11/09 16:01:41
Successfully connected to Oracle.<br/>Starting to echo

0 Record(s) syncronized.............................<br/>2018/11/19 16:01:41
Successfully connected to Oracle.<br/>Starting to echo

0 Record(s) syncronized.............................<br/>2018/11/29 16:01:41
Successfully connected to Oracle.<br/>Starting to echo

0 Record(s) syncronized.............................<br/>2018/12/09 16:01:41
Successfully connected to Oracle.<br/>Starting to echo

0 Record(s) syncronized.............................<br/>2018/12/19 16:01:41
Successfully connected to Oracle.<br/>Starting to echo
1  Record(s) reading................<br/>217003370050501 - LEPO3W<br/>1  Inserted................<br/><br/>2  Record(s) reading................<br/>243003365450501 - LEPO3W<br/>2  Inserted................<br/><br/>3  Record(s) reading................<br/>239003371150501 - LEPO3W<br/>3  Inserted................<br/><br/>4  Record(s) reading................<br/>239003371250501 - LEPO3W<br/>4  Inserted................<br/><br/>5  Record(s) reading................<br/>205003390550501 - LEPO3W<br/>5  Inserted................<br/><br/>
5 Record(s) syncronized.............................<br/>2018/12/29 16:01:41
Successfully connected to Oracle.<br/>Starting to echo

0 Record(s) syncronized.............................<br/>2019/01/09 16:01:41
Successfully connected to Oracle.<br/>Starting to echo

0 Record(s) syncronized.............................<br/>2019/01/19 16:01:41
Successfully connected to Oracle.<br/>Starting to echo

0 Record(s) syncronized.............................<br/>2019/01/29 16:01:41
Successfully connected to Oracle.<br/>Starting to echo
1  Record(s) reading................<br/>252003750850501 - LEPO3W<br/>1  Inserted................<br/><br/>2  Record(s) reading................<br/>218003598650501 - LEPO3W<br/>2  Inserted................<br/><br/>3  Record(s) reading................<br/>225003687550502 - LEPO3W<br/>3  Inserted................<br/><br/>4  Record(s) reading................<br/>224003548550502 - LEPO3W<br/>4  Inserted................<br/><br/>5  Record(s) reading................<br/>207003584550501 - LEPO3W<br/>5  Inserted................<br/><br/>6  Record(s) reading................<br/>248003680150501 - LEPO3W<br/>6  Inserted................<br/><br/>7  Record(s) reading................<br/>266002446050502 - LEPO3W<br/>7  Inserted................<br/><br/>8  Record(s) reading................<br/>243003621750502 - LEPO3W<br/>8  Inserted................<br/><br/>
8 Record(s) syncronized.............................<br/>2019/02/09 16:01:41
Successfully connected to Oracle.<br/>Starting to echo

0 Record(s) syncronized.............................<br/>2019/02/19 16:01:41
Successfully connected to Oracle.<br/>Starting to echo

0 Record(s) syncronized.............................<br/>2019/03/09 16:01:41
Successfully connected to Oracle.<br/>Starting to echo

0 Record(s) syncronized.............................<br/>2019/03/19 16:01:41
Successfully connected to Oracle.<br/>Starting to echo

0 Record(s) syncronized.............................<br/>2019/03/29 16:01:41
Successfully connected to Oracle.<br/>Starting to echo
1  Record(s) reading................<br/>248003977750501 - LEPO3W<br/>1  Inserted................<br/><br/>2  Record(s) reading................<br/>213003973050501 - LEPO3W<br/>2  Inserted................<br/><br/>3  Record(s) reading................<br/>243003950950501 - LEPO3W<br/>3  Inserted................<br/><br/>4  Record(s) reading................<br/>213003973450501 - LEPO3W<br/>4  Inserted................<br/><br/>5  Record(s) reading................<br/>235003979351001 - LEPO3W<br/>5  Inserted................<br/><br/>6  Record(s) reading................<br/>260003539850501 - LEPO3W<br/>6  Inserted................<br/><br/>7  Record(s) reading................<br/>239003937350501 - LEPO3W<br/>7  Inserted................<br/><br/>8  Record(s) reading................<br/>265003942750502 - LEPO3W<br/>8  Inserted................<br/><br/>
8 Record(s) syncronized.............................<br/>2019/04/09 16:01:41
Successfully connected to Oracle.<br/>Starting to echo
1  Record(s) reading................<br/>265003988750501 - LEPO3W<br/>1  Inserted................<br/><br/>2  Record(s) reading................<br/>231003973650501 - LEPO3W<br/>2  Inserted................<br/><br/>3  Record(s) reading................<br/>224003765150501 - LEPO3W<br/>3  Inserted................<br/><br/>4  Record(s) reading................<br/>245003988450501 - LEPO3W<br/>4  Inserted................<br/><br/>5  Record(s) reading................<br/>233003954050501 - LEPO3W<br/>5  Inserted................<br/><br/>6  Record(s) reading................<br/>206003984450501 - LEPO3W<br/>6  Inserted................<br/><br/>7  Record(s) reading................<br/>259003987650501 - LEPO3W<br/>7  Inserted................<br/><br/>8  Record(s) reading................<br/>240003920650501 - LEPO3W<br/>8  Inserted................<br/><br/>9  Record(s) reading................<br/>265004004050501 - LEPO3W<br/>9  Inserted................<br/><br/>10  Record(s) reading................<br/>256003978150502 - LEPO3W<br/>10  Inserted................<br/><br/>11  Record(s) reading................<br/>253003943850501 - LEPO3W<br/>11  Inserted................<br/><br/>12  Record(s) reading................<br/>228003998950501 - LEPO3W<br/>12  Inserted................<br/><br/>13  Record(s) reading................<br/>246003986050501 - LEPO3W<br/>13  Inserted................<br/><br/>
13 Record(s) syncronized.............................<br/>2019/04/19 16:01:41
Successfully connected to Oracle.<br/>Starting to echo

0 Record(s) syncronized.............................<br/>