2018/11/13 15:11:41
Successfully connected to Oracle.<br/>Starting to echo
1  Record(s) reading................<br/>217003199950501 - LEPO3W<br/>1  Inserted................<br/><br/>2  Record(s) reading................<br/>239003205950501 - LEPO3W<br/>2  Inserted................<br/><br/>3  Record(s) reading................<br/>225003209650501 - LEPO3W<br/>3  Inserted................<br/><br/>4  Record(s) reading................<br/>225003211150501 - LEPO3W<br/>4  Inserted................<br/><br/>5  Record(s) reading................<br/>238003222450501 - LEPO3W<br/>5  Inserted................<br/><br/>6  Record(s) reading................<br/>265003199550501 - LEPO3W<br/>6  Inserted................<br/><br/>7  Record(s) reading................<br/>249003219151001 - LEPO3W<br/>7  Inserted................<br/><br/>8  Record(s) reading................<br/>209003224350501 - LEPO3W<br/>8  Inserted................<br/><br/>9  Record(s) reading................<br/>266003225850501 - LEPO3W<br/>9  Inserted................<br/><br/>
9 Record(s) syncronized.............................<br/>2018/11/23 15:11:41
Successfully connected to Oracle.<br/>Starting to echo

0 Record(s) syncronized.............................<br/>2018/12/03 15:11:41
Successfully connected to Oracle.<br/>Starting to echo

0 Record(s) syncronized.............................<br/>2018/12/13 15:11:41
Successfully connected to Oracle.<br/>Starting to echo
1  Record(s) reading................<br/>223003445651001 - LEPO3W<br/>1  Inserted................<br/><br/>
1 Record(s) syncronized.............................<br/>2018/12/23 15:11:41
Successfully connected to Oracle.<br/>Starting to echo

0 Record(s) syncronized.............................<br/>2019/01/03 15:11:41
Successfully connected to Oracle.<br/>Starting to echo

0 Record(s) syncronized.............................<br/>2019/01/13 15:11:41
Successfully connected to Oracle.<br/>Starting to echo

0 Record(s) syncronized.............................<br/>2019/01/23 15:11:41
Successfully connected to Oracle.<br/>Starting to echo

0 Record(s) syncronized.............................<br/>2019/02/03 15:11:41
Successfully connected to Oracle.<br/>Starting to echo

0 Record(s) syncronized.............................<br/>2019/02/13 15:11:41
Successfully connected to Oracle.<br/>Starting to echo

0 Record(s) syncronized.............................<br/>2019/02/23 15:11:41
Successfully connected to Oracle.<br/>Starting to echo

0 Record(s) syncronized.............................<br/>2019/03/03 15:11:41
Successfully connected to Oracle.<br/>Starting to echo

0 Record(s) syncronized.............................<br/>2019/03/13 15:11:41
Successfully connected to Oracle.<br/>Starting to echo

0 Record(s) syncronized.............................<br/>2019/03/23 15:11:41
Successfully connected to Oracle.<br/>Starting to echo

0 Record(s) syncronized.............................<br/>2019/04/03 15:11:41
Successfully connected to Oracle.<br/>Starting to echo

0 Record(s) syncronized.............................<br/>2019/04/13 15:11:41
Successfully connected to Oracle.<br/>Starting to echo

0 Record(s) syncronized.............................<br/>2019/04/23 15:11:41
Successfully connected to Oracle.<br/>Starting to echo

0 Record(s) syncronized.............................<br/>