2018/11/05 16:11:41
Successfully connected to Oracle.<br/>Starting to echo

0 Record(s) syncronized.............................<br/>2018/11/15 16:11:41
Successfully connected to Oracle.<br/>Starting to echo
1  Record(s) reading................<br/>209003235650501 - LEPO3W<br/>1  Inserted................<br/><br/>2  Record(s) reading................<br/>265003216450501 - LEPO3W<br/>2  Inserted................<br/><br/>3  Record(s) reading................<br/>225003220950501 - LEPO3W<br/>3  Inserted................<br/><br/>4  Record(s) reading................<br/>205003211650501 - LEPO3W<br/>4  Inserted................<br/><br/>5  Record(s) reading................<br/>209003229750501 - LEPO3W<br/>5  Inserted................<br/><br/>6  Record(s) reading................<br/>222003240150501 - LEPO3W<br/>6  Inserted................<br/><br/>7  Record(s) reading................<br/>209003236550501 - LEPO3W<br/>7  Inserted................<br/><br/>8  Record(s) reading................<br/>222003221250501 - LEPO3W<br/>8  Inserted................<br/><br/>9  Record(s) reading................<br/>251003242050501 - LEPO3W<br/>9  Inserted................<br/><br/>10  Record(s) reading................<br/>268003234550501 - LEPO3W<br/>10  Inserted................<br/><br/>11  Record(s) reading................<br/>222003237750501 - LEPO3W<br/>11  Inserted................<br/><br/>12  Record(s) reading................<br/>265003242450501 - LEPO3W<br/>12  Inserted................<br/><br/>13  Record(s) reading................<br/>220003011950502 - LEPO3W<br/>13  Inserted................<br/><br/>14  Record(s) reading................<br/>260003170750501 - LEPO3W<br/>14  Inserted................<br/><br/>15  Record(s) reading................<br/>213003233150501 - LEPO3W<br/>15  Inserted................<br/><br/>16  Record(s) reading................<br/>205003212550502 - LEPO3W<br/>16  Inserted................<br/><br/>17  Record(s) reading................<br/>265003241450501 - LEPO3W<br/>17  Inserted................<br/><br/>18  Record(s) reading................<br/>265003231050501 - LEPO3W<br/>18  Inserted................<br/><br/>19  Record(s) reading................<br/>265003232650502 - LEPO3W<br/>19  Inserted................<br/><br/>20  Record(s) reading................<br/>205003211050501 - LEPO3W<br/>20  Inserted................<br/><br/>
20 Record(s) syncronized.............................<br/>2018/11/25 16:11:41
Successfully connected to Oracle.<br/>Starting to echo

0 Record(s) syncronized.............................<br/>2018/12/05 16:11:41
Successfully connected to Oracle.<br/>Starting to echo

0 Record(s) syncronized.............................<br/>2018/12/15 16:11:41
Successfully connected to Oracle.<br/>Starting to echo

0 Record(s) syncronized.............................<br/>2018/12/25 16:11:41
Successfully connected to Oracle.<br/>Starting to echo

0 Record(s) syncronized.............................<br/>2019/01/05 16:11:41
Successfully connected to Oracle.<br/>Starting to echo

0 Record(s) syncronized.............................<br/>2019/01/15 16:11:41
Successfully connected to Oracle.<br/>Starting to echo

0 Record(s) syncronized.............................<br/>2019/01/25 16:11:41
Successfully connected to Oracle.<br/>Starting to echo

0 Record(s) syncronized.............................<br/>2019/02/05 16:11:41
Successfully connected to Oracle.<br/>Starting to echo
1  Record(s) reading................<br/>218003520950501 - LEPO3W<br/>1  Inserted................<br/><br/>2  Record(s) reading................<br/>245003699950501 - LEPO3W<br/>2  Inserted................<br/><br/>3  Record(s) reading................<br/>225003720850501 - LEPO3W<br/>3  Inserted................<br/><br/>4  Record(s) reading................<br/>245003772350501 - LEPO3W<br/>4  Inserted................<br/><br/>5  Record(s) reading................<br/>220003556050501 - LEPO3W<br/>5  Inserted................<br/><br/>6  Record(s) reading................<br/>224003764750501 - LEPO3W<br/>6  Inserted................<br/><br/>7  Record(s) reading................<br/>220003396250501 - LEPO3W<br/>7  Inserted................<br/><br/>8  Record(s) reading................<br/>233003632350502 - LEPO3W<br/>8  Inserted................<br/><br/>9  Record(s) reading................<br/>245003740250501 - LEPO3W<br/>9  Inserted................<br/><br/>10  Record(s) reading................<br/>246003648850502 - LEPO3W<br/>10  Inserted................<br/><br/>11  Record(s) reading................<br/>260003286750503 - LEPO3W<br/>11  Inserted................<br/><br/>12  Record(s) reading................<br/>214003612150502 - LEPO3W<br/>12  Inserted................<br/><br/>13  Record(s) reading................<br/>264003744650501 - LEPO3W<br/>13  Inserted................<br/><br/>14  Record(s) reading................<br/>242003613050501 - LEPO3W<br/>14  Inserted................<br/><br/>
14 Record(s) syncronized.............................<br/>2019/02/15 16:11:41
Successfully connected to Oracle.<br/>Starting to echo

0 Record(s) syncronized.............................<br/>2019/02/25 16:11:41
Successfully connected to Oracle.<br/>Starting to echo

0 Record(s) syncronized.............................<br/>2019/03/05 16:11:41
Successfully connected to Oracle.<br/>Starting to echo
1  Record(s) reading................<br/>256003688450501 - LEPO3W<br/>1  Inserted................<br/><br/>2  Record(s) reading................<br/>248003854150501 - LEPO3W<br/>2  Inserted................<br/><br/>3  Record(s) reading................<br/>267003868550501 - LEPO3W<br/>3  Inserted................<br/><br/>4  Record(s) reading................<br/>225003852550501 - LEPO3W<br/>4  Inserted................<br/><br/>
4 Record(s) syncronized.............................<br/>2019/03/15 16:11:41
Successfully connected to Oracle.<br/>Starting to echo

0 Record(s) syncronized.............................<br/>2019/03/25 16:11:41
Successfully connected to Oracle.<br/>Starting to echo
1  Record(s) reading................<br/>252003910050503 - LEPO3W<br/>1  Inserted................<br/><br/>
1 Record(s) syncronized.............................<br/>2019/04/05 16:11:41
Successfully connected to Oracle.<br/>Starting to echo

0 Record(s) syncronized.............................<br/>2019/04/15 16:11:41
Successfully connected to Oracle.<br/>Starting to echo

0 Record(s) syncronized.............................<br/>