2018/11/13 12:11:41
Successfully connected to Oracle.<br/>Starting to echo

0 Record(s) syncronized.............................<br/>2018/11/23 12:11:41
Successfully connected to Oracle.<br/>Starting to echo

0 Record(s) syncronized.............................<br/>2018/12/03 12:11:41
Successfully connected to Oracle.<br/>Starting to echo

0 Record(s) syncronized.............................<br/>2018/12/13 12:11:41
Successfully connected to Oracle.<br/>Starting to echo

0 Record(s) syncronized.............................<br/>2018/12/23 12:11:41
Successfully connected to Oracle.<br/>Starting to echo

0 Record(s) syncronized.............................<br/>2019/01/03 12:11:41
Successfully connected to Oracle.<br/>Starting to echo

0 Record(s) syncronized.............................<br/>2019/01/13 12:11:41
Successfully connected to Oracle.<br/>Starting to echo

0 Record(s) syncronized.............................<br/>2019/01/23 12:11:41
Successfully connected to Oracle.<br/>Starting to echo

0 Record(s) syncronized.............................<br/>2019/02/03 12:11:41
Successfully connected to Oracle.<br/>Starting to echo

0 Record(s) syncronized.............................<br/>2019/02/13 12:11:41
Successfully connected to Oracle.<br/>Starting to echo
1  Record(s) reading................<br/>206003815851001 - LEPO3W<br/>1  Inserted................<br/><br/>
1 Record(s) syncronized.............................<br/>2019/02/23 12:11:41
Successfully connected to Oracle.<br/>Starting to echo

0 Record(s) syncronized.............................<br/>2019/03/03 12:11:41
Successfully connected to Oracle.<br/>Starting to echo

0 Record(s) syncronized.............................<br/>2019/03/13 12:11:41
Successfully connected to Oracle.<br/>Starting to echo
1  Record(s) reading................<br/>242003893651001 - LEPO3W<br/>1  Inserted................<br/><br/>
1 Record(s) syncronized.............................<br/>2019/03/23 12:11:41
Successfully connected to Oracle.<br/>Starting to echo

0 Record(s) syncronized.............................<br/>2019/04/03 12:11:41
Successfully connected to Oracle.<br/>Starting to echo

0 Record(s) syncronized.............................<br/>2019/04/13 12:11:41
Successfully connected to Oracle.<br/>Starting to echo

0 Record(s) syncronized.............................<br/>2019/04/23 12:11:41
Successfully connected to Oracle.<br/>Starting to echo

0 Record(s) syncronized.............................<br/>