2018/11/08 16:01:41
Successfully connected to Oracle.<br/>Starting to echo

0 Record(s) syncronized.............................<br/>2018/11/18 16:01:41
Successfully connected to Oracle.<br/>Starting to echo

0 Record(s) syncronized.............................<br/>2018/11/28 16:01:41
Successfully connected to Oracle.<br/>Starting to echo
1  Record(s) reading................<br/>216003225750501 - LEPO3W<br/>1  Inserted................<br/><br/>2  Record(s) reading................<br/>225003243750501 - LEPO3W<br/>2  Inserted................<br/><br/>3  Record(s) reading................<br/>222003112550502 - LEPO3W<br/>3  Inserted................<br/><br/>4  Record(s) reading................<br/>258003236950501 - LEPO3W<br/>4  Inserted................<br/><br/>5  Record(s) reading................<br/>260003279650501 - LEPO3W<br/>5  Inserted................<br/><br/>6  Record(s) reading................<br/>266003271750501 - LEPO3W<br/>6  Inserted................<br/><br/>7  Record(s) reading................<br/>206003332150501 - LEPO3W<br/>7  Inserted................<br/><br/>
7 Record(s) syncronized.............................<br/>2018/12/08 16:01:41
Successfully connected to Oracle.<br/>Starting to echo

0 Record(s) syncronized.............................<br/>2018/12/18 16:01:41
Successfully connected to Oracle.<br/>Starting to echo
1  Record(s) reading................<br/>216003226450501 - LEPO3W<br/>1  Inserted................<br/><br/>2  Record(s) reading................<br/>245003455751001 - LEPO3W<br/>2  Inserted................<br/><br/>3  Record(s) reading................<br/>245003446351001 - LEPO3W<br/>3  Inserted................<br/><br/>4  Record(s) reading................<br/>258002826350501 - LEPO3W<br/>4  Inserted................<br/><br/>
4 Record(s) syncronized.............................<br/>2018/12/28 16:01:41
Successfully connected to Oracle.<br/>Starting to echo
1  Record(s) reading................<br/>248003430050501 - LEPO3W<br/>1  Inserted................<br/><br/>2  Record(s) reading................<br/>255003499250501 - LEPO3W<br/>2  Inserted................<br/><br/>3  Record(s) reading................<br/>240003226950501 - LEPO3W<br/>3  Inserted................<br/><br/>4  Record(s) reading................<br/>242003292150501 - LEPO3W<br/>4  Inserted................<br/><br/>5  Record(s) reading................<br/>266003501750501 - LEPO3W<br/>5  Inserted................<br/><br/>6  Record(s) reading................<br/>248003509250501 - LEPO3W<br/>6  Inserted................<br/><br/>7  Record(s) reading................<br/>258003448650502 - LEPO3W<br/>7  Inserted................<br/><br/>8  Record(s) reading................<br/>237003508350501 - LEPO3W<br/>8  Inserted................<br/><br/>9  Record(s) reading................<br/>258003537050501 - LEPO3W<br/>9  Inserted................<br/><br/>10  Record(s) reading................<br/>221003420550501 - LEPO3W<br/>10  Inserted................<br/><br/>11  Record(s) reading................<br/>213003510350501 - LEPO3W<br/>11  Inserted................<br/><br/>12  Record(s) reading................<br/>213003521850501 - LEPO3W<br/>12  Inserted................<br/><br/>
12 Record(s) syncronized.............................<br/>2019/01/08 16:01:41
Successfully connected to Oracle.<br/>Starting to echo
1  Record(s) reading................<br/>208003653051001 - LEPO3W<br/>1  Inserted................<br/><br/>2  Record(s) reading................<br/>243003654051001 - LEPO3W<br/>2  Inserted................<br/><br/>
2 Record(s) syncronized.............................<br/>2019/01/18 16:01:41
Successfully connected to Oracle.<br/>Starting to echo
1  Record(s) reading................<br/>265003648050501 - LEPO3W<br/>1  Inserted................<br/><br/>2  Record(s) reading................<br/>250003662250501 - LEPO3W<br/>2  Inserted................<br/><br/>3  Record(s) reading................<br/>245003639750501 - LEPO3W<br/>3  Inserted................<br/><br/>4  Record(s) reading................<br/>245003611450501 - LEPO3W<br/>4  Inserted................<br/><br/>5  Record(s) reading................<br/>222003695250501 - LEPO3W<br/>5  Inserted................<br/><br/>6  Record(s) reading................<br/>259003652050501 - LEPO3W<br/>6  Inserted................<br/><br/>7  Record(s) reading................<br/>264003472550501 - LEPO3W<br/>7  Inserted................<br/><br/>8  Record(s) reading................<br/>259003595250501 - LEPO3W<br/>8  Inserted................<br/><br/>9  Record(s) reading................<br/>245003678150501 - LEPO3W<br/>9  Inserted................<br/><br/>10  Record(s) reading................<br/>246003585550501 - LEPO3W<br/>10  Inserted................<br/><br/>11  Record(s) reading................<br/>258003576150501 - LEPO3W<br/>11  Inserted................<br/><br/>12  Record(s) reading................<br/>259003500150501 - LEPO3W<br/>12  Inserted................<br/><br/>13  Record(s) reading................<br/>245003639850501 - LEPO3W<br/>13  Inserted................<br/><br/>14  Record(s) reading................<br/>240003619750501 - LEPO3W<br/>14  Inserted................<br/><br/>15  Record(s) reading................<br/>245003662050501 - LEPO3W<br/>15  Inserted................<br/><br/>16  Record(s) reading................<br/>225003539150501 - LEPO3W<br/>16  Inserted................<br/><br/>
16 Record(s) syncronized.............................<br/>2019/01/28 16:01:41
Successfully connected to Oracle.<br/>Starting to echo

0 Record(s) syncronized.............................<br/>2019/02/08 16:01:42
Successfully connected to Oracle.<br/>Starting to echo

0 Record(s) syncronized.............................<br/>2019/02/18 16:01:41
Successfully connected to Oracle.<br/>Starting to echo

0 Record(s) syncronized.............................<br/>2019/02/28 16:01:41
Successfully connected to Oracle.<br/>Starting to echo
1  Record(s) reading................<br/>247003758550501 - LEPO3W<br/>1  Inserted................<br/><br/>2  Record(s) reading................<br/>253003738750501 - LEPO3W<br/>2  Inserted................<br/><br/>
2 Record(s) syncronized.............................<br/>2019/03/08 16:01:41
Successfully connected to Oracle.<br/>Starting to echo

0 Record(s) syncronized.............................<br/>2019/03/18 16:01:41
Successfully connected to Oracle.<br/>Starting to echo

0 Record(s) syncronized.............................<br/>2019/03/28 16:01:41
Successfully connected to Oracle.<br/>Starting to echo

0 Record(s) syncronized.............................<br/>2019/04/08 16:01:41
Successfully connected to Oracle.<br/>Starting to echo
1  Record(s) reading................<br/>248003997250501 - LEPO3W<br/>1  Inserted................<br/><br/>2  Record(s) reading................<br/>258003990950501 - LEPO3W<br/>2  Inserted................<br/><br/>3  Record(s) reading................<br/>231003964650501 - LEPO3W<br/>3  Inserted................<br/><br/>4  Record(s) reading................<br/>248003965350502 - LEPO3W<br/>4  Inserted................<br/><br/>
4 Record(s) syncronized.............................<br/>2019/04/18 16:01:41
Successfully connected to Oracle.<br/>Starting to echo

0 Record(s) syncronized.............................<br/>