2018/11/07 16:31:41
Successfully connected to Oracle.<br/>Starting to echo
1  Record(s) reading................<br/>225003070150502 - LEPO3W<br/>1  Inserted................<br/><br/>
1 Record(s) syncronized.............................<br/>2018/11/17 16:31:41
Successfully connected to Oracle.<br/>Starting to echo

0 Record(s) syncronized.............................<br/>2018/11/27 16:31:41
Successfully connected to Oracle.<br/>Starting to echo
1  Record(s) reading................<br/>240003274850501 - LEPO3W<br/>1  Inserted................<br/><br/>2  Record(s) reading................<br/>238003242850501 - LEPO3W<br/>2  Inserted................<br/><br/>3  Record(s) reading................<br/>266003274250502 - LEPO3W<br/>3  Inserted................<br/><br/>4  Record(s) reading................<br/>208003312650501 - LEPO3W<br/>4  Inserted................<br/><br/>5  Record(s) reading................<br/>245003296050501 - LEPO3W<br/>5  Inserted................<br/><br/>6  Record(s) reading................<br/>240003273950501 - LEPO3W<br/>6  Inserted................<br/><br/>7  Record(s) reading................<br/>258003301650501 - LEPO3W<br/>7  Inserted................<br/><br/>8  Record(s) reading................<br/>240003305550501 - LEPO3W<br/>8  Inserted................<br/><br/>9  Record(s) reading................<br/>238003255950501 - LEPO3W<br/>9  Inserted................<br/><br/>10  Record(s) reading................<br/>265003298450501 - LEPO3W<br/>10  Inserted................<br/><br/>11  Record(s) reading................<br/>242003261150501 - LEPO3W<br/>11  Inserted................<br/><br/>
11 Record(s) syncronized.............................<br/>2018/12/07 16:31:41
Successfully connected to Oracle.<br/>Starting to echo

0 Record(s) syncronized.............................<br/>2018/12/17 16:31:41
Successfully connected to Oracle.<br/>Starting to echo

0 Record(s) syncronized.............................<br/>2018/12/27 16:31:41
Successfully connected to Oracle.<br/>Starting to echo
1  Record(s) reading................<br/>240003523950501 - LEPO3W<br/>1  Inserted................<br/><br/>2  Record(s) reading................<br/>206003492550501 - LEPO3W<br/>2  Inserted................<br/><br/>3  Record(s) reading................<br/>222003394550501 - LEPO3W<br/>3  Inserted................<br/><br/>4  Record(s) reading................<br/>225003379050501 - LEPO3W<br/>4  Inserted................<br/><br/>5  Record(s) reading................<br/>240003442950501 - LEPO3W<br/>5  Inserted................<br/><br/>6  Record(s) reading................<br/>242003396450501 - LEPO3W<br/>6  Inserted................<br/><br/>
6 Record(s) syncronized.............................<br/>2019/01/07 16:31:41
Successfully connected to Oracle.<br/>Starting to echo

0 Record(s) syncronized.............................<br/>2019/01/17 16:31:41
Successfully connected to Oracle.<br/>Starting to echo

0 Record(s) syncronized.............................<br/>2019/01/27 16:31:41
Successfully connected to Oracle.<br/>Starting to echo

0 Record(s) syncronized.............................<br/>2019/02/07 16:31:41
Successfully connected to Oracle.<br/>Starting to echo

0 Record(s) syncronized.............................<br/>2019/02/17 16:31:41
Successfully connected to Oracle.<br/>Starting to echo

0 Record(s) syncronized.............................<br/>2019/02/27 16:31:41
Successfully connected to Oracle.<br/>Starting to echo

0 Record(s) syncronized.............................<br/>2019/03/07 16:31:41
Successfully connected to Oracle.<br/>Starting to echo

0 Record(s) syncronized.............................<br/>2019/03/17 16:31:41
Successfully connected to Oracle.<br/>Starting to echo

0 Record(s) syncronized.............................<br/>2019/03/27 16:31:41
Successfully connected to Oracle.<br/>Starting to echo
1  Record(s) reading................<br/>225003955150501 - LEPO3W<br/>1  Inserted................<br/><br/>
1 Record(s) syncronized.............................<br/>2019/04/07 16:31:41
Successfully connected to Oracle.<br/>Starting to echo

0 Record(s) syncronized.............................<br/>2019/04/17 16:31:41
Successfully connected to Oracle.<br/>Starting to echo

0 Record(s) syncronized.............................<br/>