2018/11/08 11:21:41
Successfully connected to Oracle.<br/>Starting to echo

0 Record(s) syncronized.............................<br/>2018/11/18 11:21:41
Successfully connected to Oracle.<br/>Starting to echo

0 Record(s) syncronized.............................<br/>2018/11/28 11:21:41
Successfully connected to Oracle.<br/>Starting to echo

0 Record(s) syncronized.............................<br/>2018/12/08 11:21:41
Successfully connected to Oracle.<br/>Starting to echo

0 Record(s) syncronized.............................<br/>2018/12/18 11:21:41
Successfully connected to Oracle.<br/>Starting to echo

0 Record(s) syncronized.............................<br/>2018/12/28 11:21:41
Successfully connected to Oracle.<br/>Starting to echo

0 Record(s) syncronized.............................<br/>2019/01/08 11:21:41
Successfully connected to Oracle.<br/>Starting to echo

0 Record(s) syncronized.............................<br/>2019/01/18 11:21:41
Successfully connected to Oracle.<br/>Starting to echo
1  Record(s) reading................<br/>253003687351001 - LEPO3W<br/>1  Inserted................<br/><br/>
1 Record(s) syncronized.............................<br/>2019/01/28 11:21:41
Successfully connected to Oracle.<br/>Starting to echo

0 Record(s) syncronized.............................<br/>2019/02/08 11:21:41
Successfully connected to Oracle.<br/>Starting to echo

0 Record(s) syncronized.............................<br/>2019/02/18 11:21:41
Successfully connected to Oracle.<br/>Starting to echo

0 Record(s) syncronized.............................<br/>2019/02/28 11:21:41
Successfully connected to Oracle.<br/>Starting to echo
1  Record(s) reading................<br/>252003858050501 - LEPO3W<br/>1  Inserted................<br/><br/>2  Record(s) reading................<br/>252003856650501 - LEPO3W<br/>2  Inserted................<br/><br/>3  Record(s) reading................<br/>266003594050502 - LEPO3W<br/>3  Inserted................<br/><br/>4  Record(s) reading................<br/>246003825250501 - LEPO3W<br/>4  Inserted................<br/><br/>5  Record(s) reading................<br/>268003856450501 - LEPO3W<br/>5  Inserted................<br/><br/>6  Record(s) reading................<br/>256003746350502 - LEPO3W<br/>6  Inserted................<br/><br/>7  Record(s) reading................<br/>245003851250501 - LEPO3W<br/>7  Inserted................<br/><br/>8  Record(s) reading................<br/>245003851450501 - LEPO3W<br/>8  Inserted................<br/><br/>9  Record(s) reading................<br/>214003776250503 - LEPO3W<br/>9  Inserted................<br/><br/>
9 Record(s) syncronized.............................<br/>2019/03/08 11:21:41
Successfully connected to Oracle.<br/>Starting to echo

0 Record(s) syncronized.............................<br/>2019/03/18 11:21:41
Successfully connected to Oracle.<br/>Starting to echo

0 Record(s) syncronized.............................<br/>2019/03/28 11:21:41
Successfully connected to Oracle.<br/>Starting to echo

0 Record(s) syncronized.............................<br/>2019/04/08 11:21:41
Successfully connected to Oracle.<br/>Starting to echo
1  Record(s) reading................<br/>252004003150501 - LEPO3W<br/>1  Inserted................<br/><br/>
1 Record(s) syncronized.............................<br/>2019/04/18 11:21:41
Successfully connected to Oracle.<br/>Starting to echo

0 Record(s) syncronized.............................<br/>