2018/11/07 15:51:41
Successfully connected to Oracle.<br/>Starting to echo
1  Record(s) reading................<br/>213002975650501 - LEPO3W<br/>1  Inserted................<br/><br/>2  Record(s) reading................<br/>213003161350501 - LEPO3W<br/>2  Inserted................<br/><br/>3  Record(s) reading................<br/>256003182450501 - LEPO3W<br/>3  Inserted................<br/><br/>4  Record(s) reading................<br/>245002996250502 - LEPO3W<br/>4  Inserted................<br/><br/>5  Record(s) reading................<br/>224003170450501 - LEPO3W<br/>5  Inserted................<br/><br/>6  Record(s) reading................<br/>266003160250501 - LEPO3W<br/>6  Inserted................<br/><br/>7  Record(s) reading................<br/>222003175850501 - LEPO3W<br/>7  Inserted................<br/><br/>8  Record(s) reading................<br/>245003175550502 - LEPO3W<br/>8  Inserted................<br/><br/>9  Record(s) reading................<br/>266002636450501 - LEPO3W<br/>9  Inserted................<br/><br/>10  Record(s) reading................<br/>266003148950501 - LEPO3W<br/>10  Inserted................<br/><br/>11  Record(s) reading................<br/>245003174350501 - LEPO3W<br/>11  Inserted................<br/><br/>12  Record(s) reading................<br/>256003179950501 - LEPO3W<br/>12  Inserted................<br/><br/>13  Record(s) reading................<br/>248003175450501 - LEPO3W<br/>13  Inserted................<br/><br/>14  Record(s) reading................<br/>248003168450501 - LEPO3W<br/>14  Inserted................<br/><br/>15  Record(s) reading................<br/>257003197950501 - LEPO3W<br/>15  Inserted................<br/><br/>16  Record(s) reading................<br/>209003190450501 - LEPO3W<br/>16  Inserted................<br/><br/>17  Record(s) reading................<br/>213003180450501 - LEPO3W<br/>17  Inserted................<br/><br/>18  Record(s) reading................<br/>217003092150501 - LEPO3W<br/>18  Inserted................<br/><br/>19  Record(s) reading................<br/>266003160450501 - LEPO3W<br/>19  Inserted................<br/><br/>20  Record(s) reading................<br/>222003189150501 - LEPO3W<br/>20  Inserted................<br/><br/>21  Record(s) reading................<br/>209003190350501 - LEPO3W<br/>21  Inserted................<br/><br/>22  Record(s) reading................<br/>235003158250501 - LEPO3W<br/>22  Inserted................<br/><br/>23  Record(s) reading................<br/>245003167750501 - LEPO3W<br/>23  Inserted................<br/><br/>24  Record(s) reading................<br/>208003190650501 - LEPO3W<br/>24  Inserted................<br/><br/>25  Record(s) reading................<br/>245003177750501 - LEPO3W<br/>25  Inserted................<br/><br/>26  Record(s) reading................<br/>217003141150501 - LEPO3W<br/>26  Inserted................<br/><br/>27  Record(s) reading................<br/>245003181350501 - LEPO3W<br/>27  Inserted................<br/><br/>28  Record(s) reading................<br/>238003191350501 - LEPO3W<br/>28  Inserted................<br/><br/>
28 Record(s) syncronized.............................<br/>2018/11/17 15:51:41
Successfully connected to Oracle.<br/>Starting to echo

0 Record(s) syncronized.............................<br/>2018/11/27 15:51:41
Successfully connected to Oracle.<br/>Starting to echo
1  Record(s) reading................<br/>206001876150501 - LEPO3W<br/>1  Inserted................<br/><br/>
1 Record(s) syncronized.............................<br/>2018/12/07 15:51:41
Successfully connected to Oracle.<br/>Starting to echo

0 Record(s) syncronized.............................<br/>2018/12/17 15:51:41
Successfully connected to Oracle.<br/>Starting to echo

0 Record(s) syncronized.............................<br/>2018/12/27 15:51:41
Successfully connected to Oracle.<br/>Starting to echo
1  Record(s) reading................<br/>265003514950501 - LEPO3W<br/>1  Inserted................<br/><br/>2  Record(s) reading................<br/>260003568651001 - LEPO3W<br/>2  Inserted................<br/><br/>3  Record(s) reading................<br/>265003514350501 - LEPO3W<br/>3  Inserted................<br/><br/>4  Record(s) reading................<br/>243003549751001 - LEPO3W<br/>4  Inserted................<br/><br/>
4 Record(s) syncronized.............................<br/>2019/01/07 15:51:41
Successfully connected to Oracle.<br/>Starting to echo

0 Record(s) syncronized.............................<br/>2019/01/17 15:51:41
Successfully connected to Oracle.<br/>Starting to echo

0 Record(s) syncronized.............................<br/>2019/01/27 15:51:41
Successfully connected to Oracle.<br/>Starting to echo

0 Record(s) syncronized.............................<br/>2019/02/07 15:51:41
Successfully connected to Oracle.<br/>Starting to echo

0 Record(s) syncronized.............................<br/>2019/02/17 15:51:41
Successfully connected to Oracle.<br/>Starting to echo

0 Record(s) syncronized.............................<br/>2019/02/27 15:51:41
Successfully connected to Oracle.<br/>Starting to echo

0 Record(s) syncronized.............................<br/>2019/03/07 15:51:41
Successfully connected to Oracle.<br/>Starting to echo

0 Record(s) syncronized.............................<br/>2019/03/17 15:51:41
Successfully connected to Oracle.<br/>Starting to echo

0 Record(s) syncronized.............................<br/>2019/03/27 15:51:41
Successfully connected to Oracle.<br/>Starting to echo

0 Record(s) syncronized.............................<br/>2019/04/07 15:51:41
Successfully connected to Oracle.<br/>Starting to echo

0 Record(s) syncronized.............................<br/>2019/04/17 15:51:41
Successfully connected to Oracle.<br/>Starting to echo

0 Record(s) syncronized.............................<br/>