2018/11/06 13:41:41
Successfully connected to Oracle.<br/>Starting to echo

0 Record(s) syncronized.............................<br/>2018/11/16 13:41:41
Successfully connected to Oracle.<br/>Starting to echo

0 Record(s) syncronized.............................<br/>2018/11/26 13:41:41
Successfully connected to Oracle.<br/>Starting to echo
1  Record(s) reading................<br/>206003293751001 - LEPO3W<br/>1  Inserted................<br/><br/>
1 Record(s) syncronized.............................<br/>2018/12/06 13:41:41
Successfully connected to Oracle.<br/>Starting to echo
1  Record(s) reading................<br/>252003245650501 - LEPO3W<br/>1  Inserted................<br/><br/>
1 Record(s) syncronized.............................<br/>2018/12/16 13:41:41
Successfully connected to Oracle.<br/>Starting to echo

0 Record(s) syncronized.............................<br/>2018/12/26 13:41:41
Successfully connected to Oracle.<br/>Starting to echo

0 Record(s) syncronized.............................<br/>2019/01/06 13:41:41
Successfully connected to Oracle.<br/>Starting to echo

0 Record(s) syncronized.............................<br/>2019/01/16 13:41:41
Successfully connected to Oracle.<br/>Starting to echo
1  Record(s) reading................<br/>209003640850501 - LEPO3W<br/>1  Inserted................<br/><br/>2  Record(s) reading................<br/>255003697550501 - LEPO3W<br/>2  Inserted................<br/><br/>3  Record(s) reading................<br/>255003703950501 - LEPO3W<br/>3  Inserted................<br/><br/>4  Record(s) reading................<br/>208003671950501 - LEPO3W<br/>4  Inserted................<br/><br/>5  Record(s) reading................<br/>260003541350501 - LEPO3W<br/>5  Inserted................<br/><br/>6  Record(s) reading................<br/>209003534050501 - LEPO3W<br/>6  Inserted................<br/><br/>7  Record(s) reading................<br/>216003613550501 - LEPO3W<br/>7  Inserted................<br/><br/>8  Record(s) reading................<br/>225003653650501 - LEPO3W<br/>8  Inserted................<br/><br/>9  Record(s) reading................<br/>238003701950501 - LEPO3W<br/>9  Inserted................<br/><br/>10  Record(s) reading................<br/>208003657350501 - LEPO3W<br/>10  Inserted................<br/><br/>11  Record(s) reading................<br/>209003532750501 - LEPO3W<br/>11  Inserted................<br/><br/>
11 Record(s) syncronized.............................<br/>2019/01/26 13:41:41
Successfully connected to Oracle.<br/>Starting to echo

0 Record(s) syncronized.............................<br/>2019/02/06 13:41:41
Successfully connected to Oracle.<br/>Starting to echo

0 Record(s) syncronized.............................<br/>2019/02/16 13:41:41
Successfully connected to Oracle.<br/>Starting to echo

0 Record(s) syncronized.............................<br/>2019/02/26 13:41:41
Successfully connected to Oracle.<br/>Starting to echo

0 Record(s) syncronized.............................<br/>2019/03/06 13:41:41
Successfully connected to Oracle.<br/>Starting to echo

0 Record(s) syncronized.............................<br/>2019/03/16 13:41:41
Successfully connected to Oracle.<br/>Starting to echo

0 Record(s) syncronized.............................<br/>2019/03/26 13:41:41
Successfully connected to Oracle.<br/>Starting to echo

0 Record(s) syncronized.............................<br/>2019/04/06 13:41:41
Successfully connected to Oracle.<br/>Starting to echo

0 Record(s) syncronized.............................<br/>2019/04/16 13:41:41
Successfully connected to Oracle.<br/>Starting to echo

0 Record(s) syncronized.............................<br/>