2018/11/06 13:11:41
Successfully connected to Oracle.<br/>Starting to echo

0 Record(s) syncronized.............................<br/>2018/11/16 13:11:41
Successfully connected to Oracle.<br/>Starting to echo
1  Record(s) reading................<br/>206003219551001 - LEPO3W<br/>1  Inserted................<br/><br/>
1 Record(s) syncronized.............................<br/>2018/11/26 13:11:41
Successfully connected to Oracle.<br/>Starting to echo
1  Record(s) reading................<br/>207003181950501 - LEPO3W<br/>1  Inserted................<br/><br/>2  Record(s) reading................<br/>209003145850502 - LEPO3W<br/>2  Inserted................<br/><br/>3  Record(s) reading................<br/>242003145450501 - LEPO3W<br/>3  Inserted................<br/><br/>4  Record(s) reading................<br/>225003180650502 - LEPO3W<br/>4  Inserted................<br/><br/>5  Record(s) reading................<br/>248003215150501 - LEPO3W<br/>5  Inserted................<br/><br/>6  Record(s) reading................<br/>222003132750501 - LEPO3W<br/>6  Inserted................<br/><br/>7  Record(s) reading................<br/>246003240350502 - LEPO3W<br/>7  Inserted................<br/><br/>8  Record(s) reading................<br/>225003162750502 - LEPO3W<br/>8  Inserted................<br/><br/>9  Record(s) reading................<br/>246003068150502 - LEPO3W<br/>9  Inserted................<br/><br/>10  Record(s) reading................<br/>239003220350502 - LEPO3W<br/>10  Inserted................<br/><br/>
10 Record(s) syncronized.............................<br/>2018/12/06 13:11:41
Successfully connected to Oracle.<br/>Starting to echo

0 Record(s) syncronized.............................<br/>2018/12/16 13:11:41
Successfully connected to Oracle.<br/>Starting to echo

0 Record(s) syncronized.............................<br/>2018/12/26 13:11:41
Successfully connected to Oracle.<br/>Starting to echo

0 Record(s) syncronized.............................<br/>2019/01/06 13:11:41
Successfully connected to Oracle.<br/>Starting to echo

0 Record(s) syncronized.............................<br/>2019/01/16 13:11:41
Successfully connected to Oracle.<br/>Starting to echo

0 Record(s) syncronized.............................<br/>2019/01/26 13:11:41
Successfully connected to Oracle.<br/>Starting to echo

0 Record(s) syncronized.............................<br/>2019/02/06 13:11:41
Successfully connected to Oracle.<br/>Starting to echo

0 Record(s) syncronized.............................<br/>2019/02/16 13:11:41
Successfully connected to Oracle.<br/>Starting to echo

0 Record(s) syncronized.............................<br/>2019/02/26 13:11:41
Successfully connected to Oracle.<br/>Starting to echo

0 Record(s) syncronized.............................<br/>2019/03/06 13:11:41
Successfully connected to Oracle.<br/>Starting to echo
1  Record(s) reading................<br/>231003853450501 - LEPO3W<br/>1  Inserted................<br/><br/>2  Record(s) reading................<br/>252003640150502 - LEPO3W<br/>2  Inserted................<br/><br/>3  Record(s) reading................<br/>217003861050501 - LEPO3W<br/>3  Inserted................<br/><br/>4  Record(s) reading................<br/>255003813350502 - LEPO3W<br/>4  Inserted................<br/><br/>5  Record(s) reading................<br/>218003871050501 - LEPO3W<br/>5  Inserted................<br/><br/>6  Record(s) reading................<br/>248003853650501 - LEPO3W<br/>6  Inserted................<br/><br/>
6 Record(s) syncronized.............................<br/>2019/03/16 13:11:41
Successfully connected to Oracle.<br/>Starting to echo

0 Record(s) syncronized.............................<br/>2019/03/26 13:11:41
Successfully connected to Oracle.<br/>Starting to echo

0 Record(s) syncronized.............................<br/>2019/04/06 13:11:41
Successfully connected to Oracle.<br/>Starting to echo

0 Record(s) syncronized.............................<br/>2019/04/16 13:11:41
Successfully connected to Oracle.<br/>Starting to echo

0 Record(s) syncronized.............................<br/>