2018/11/08 10:01:41
Successfully connected to Oracle.<br/>Starting to echo
1  Record(s) reading................<br/>252003143850501 - LEPO3W<br/>1  Inserted................<br/><br/>2  Record(s) reading................<br/>250003199151001 - LEPO3W<br/>2  Inserted................<br/><br/>3  Record(s) reading................<br/>245003191651001 - LEPO3W<br/>3  Inserted................<br/><br/>4  Record(s) reading................<br/>250003186051001 - LEPO3W<br/>4  Inserted................<br/><br/>5  Record(s) reading................<br/>245003181151001 - LEPO3W<br/>5  Inserted................<br/><br/>
5 Record(s) syncronized.............................<br/>2018/11/18 10:01:41
Successfully connected to Oracle.<br/>Starting to echo

0 Record(s) syncronized.............................<br/>2018/11/28 10:01:41
Successfully connected to Oracle.<br/>Starting to echo
1  Record(s) reading................<br/>241002783850502 - LEPO3W<br/>1  Inserted................<br/><br/>2  Record(s) reading................<br/>206003327551001 - LEPO3W<br/>2  Inserted................<br/><br/>3  Record(s) reading................<br/>208003318351001 - LEPO3W<br/>3  Inserted................<br/><br/>4  Record(s) reading................<br/>208003319051001 - LEPO3W<br/>4  Inserted................<br/><br/>5  Record(s) reading................<br/>249003331851001 - LEPO3W<br/>5  Inserted................<br/><br/>
5 Record(s) syncronized.............................<br/>2018/12/08 10:01:41
Successfully connected to Oracle.<br/>Starting to echo

0 Record(s) syncronized.............................<br/>2018/12/18 10:01:41
Successfully connected to Oracle.<br/>Starting to echo
1  Record(s) reading................<br/>243003461950501 - LEPO3W<br/>1  Inserted................<br/><br/>2  Record(s) reading................<br/>217003458451001 - LEPO3W<br/>2  Inserted................<br/><br/>3  Record(s) reading................<br/>208001085250501 - LEPO3W<br/>3  Inserted................<br/><br/>4  Record(s) reading................<br/>218003406550501 - LEPO3W<br/>4  Inserted................<br/><br/>
4 Record(s) syncronized.............................<br/>2018/12/28 10:01:41
Successfully connected to Oracle.<br/>Starting to echo
1  Record(s) reading................<br/>217003502651001 - LEPO3W<br/>1  Inserted................<br/><br/>
1 Record(s) syncronized.............................<br/>2019/01/08 10:01:41
Successfully connected to Oracle.<br/>Starting to echo

0 Record(s) syncronized.............................<br/>2019/01/18 10:01:41
Successfully connected to Oracle.<br/>Starting to echo

0 Record(s) syncronized.............................<br/>2019/01/28 10:01:41
Successfully connected to Oracle.<br/>Starting to echo

0 Record(s) syncronized.............................<br/>2019/02/08 10:01:41
Successfully connected to Oracle.<br/>Starting to echo

0 Record(s) syncronized.............................<br/>2019/02/18 10:01:41
Successfully connected to Oracle.<br/>Starting to echo

0 Record(s) syncronized.............................<br/>2019/02/28 10:01:41
Successfully connected to Oracle.<br/>Starting to echo

0 Record(s) syncronized.............................<br/>2019/03/08 10:01:41
Successfully connected to Oracle.<br/>Starting to echo

0 Record(s) syncronized.............................<br/>2019/03/18 10:01:41
Successfully connected to Oracle.<br/>Starting to echo

0 Record(s) syncronized.............................<br/>2019/03/28 10:01:41
Successfully connected to Oracle.<br/>Starting to echo

0 Record(s) syncronized.............................<br/>2019/04/08 10:01:41
Successfully connected to Oracle.<br/>Starting to echo

0 Record(s) syncronized.............................<br/>2019/04/18 10:01:41
Successfully connected to Oracle.<br/>Starting to echo

0 Record(s) syncronized.............................<br/>