2018/11/06 10:01:41
Successfully connected to Oracle.<br/>Starting to echo

0 Record(s) syncronized.............................<br/>2018/11/16 10:01:41
Successfully connected to Oracle.<br/>Starting to echo
1  Record(s) reading................<br/>238003236350501 - LEPO3W<br/>1  Inserted................<br/><br/>
1 Record(s) syncronized.............................<br/>2018/11/26 10:01:41
Successfully connected to Oracle.<br/>Starting to echo

0 Record(s) syncronized.............................<br/>2018/12/06 10:01:41
Successfully connected to Oracle.<br/>Starting to echo
1  Record(s) reading................<br/>242003386951002 - LEPO3W<br/>1  Inserted................<br/><br/>2  Record(s) reading................<br/>249003394051001 - LEPO3W<br/>2  Inserted................<br/><br/>
2 Record(s) syncronized.............................<br/>2018/12/16 10:01:41
Successfully connected to Oracle.<br/>Starting to echo

0 Record(s) syncronized.............................<br/>2018/12/26 10:01:41
Successfully connected to Oracle.<br/>Starting to echo
1  Record(s) reading................<br/>266003390350501 - LEPO3W<br/>1  Inserted................<br/><br/>2  Record(s) reading................<br/>208003467750501 - LEPO3W<br/>2  Inserted................<br/><br/>3  Record(s) reading................<br/>266003461350501 - LEPO3W<br/>3  Inserted................<br/><br/>4  Record(s) reading................<br/>252003444650501 - LEPO3W<br/>4  Inserted................<br/><br/>5  Record(s) reading................<br/>242003436050501 - LEPO3W<br/>5  Inserted................<br/><br/>6  Record(s) reading................<br/>213003426450501 - LEPO3W<br/>6  Inserted................<br/><br/>7  Record(s) reading................<br/>266003458750501 - LEPO3W<br/>7  Inserted................<br/><br/>8  Record(s) reading................<br/>242003445750501 - LEPO3W<br/>8  Inserted................<br/><br/>9  Record(s) reading................<br/>252003305350501 - LEPO3W<br/>9  Inserted................<br/><br/>10  Record(s) reading................<br/>213003416050501 - LEPO3W<br/>10  Inserted................<br/><br/>11  Record(s) reading................<br/>245003401350501 - LEPO3W<br/>11  Inserted................<br/><br/>12  Record(s) reading................<br/>264003393050501 - LEPO3W<br/>12  Inserted................<br/><br/>13  Record(s) reading................<br/>225003390050501 - LEPO3W<br/>13  Inserted................<br/><br/>14  Record(s) reading................<br/>266003465450501 - LEPO3W<br/>14  Inserted................<br/><br/>15  Record(s) reading................<br/>213003424850501 - LEPO3W<br/>15  Inserted................<br/><br/>16  Record(s) reading................<br/>252003357650501 - LEPO3W<br/>16  Inserted................<br/><br/>17  Record(s) reading................<br/>208003467650501 - LEPO3W<br/>17  Inserted................<br/><br/>
17 Record(s) syncronized.............................<br/>2019/01/06 10:01:41
Successfully connected to Oracle.<br/>Starting to echo

0 Record(s) syncronized.............................<br/>2019/01/16 10:01:41
Successfully connected to Oracle.<br/>Starting to echo

0 Record(s) syncronized.............................<br/>2019/01/26 10:01:41
Successfully connected to Oracle.<br/>Starting to echo

0 Record(s) syncronized.............................<br/>2019/02/06 10:01:41
Successfully connected to Oracle.<br/>Starting to echo

0 Record(s) syncronized.............................<br/>2019/02/16 10:01:41
Successfully connected to Oracle.<br/>Starting to echo

0 Record(s) syncronized.............................<br/>2019/02/26 10:01:41
Successfully connected to Oracle.<br/>Starting to echo

0 Record(s) syncronized.............................<br/>2019/03/06 10:01:41
Successfully connected to Oracle.<br/>Starting to echo
1  Record(s) reading................<br/>225000271950501 - LEPO3W<br/>1  Inserted................<br/><br/>
1 Record(s) syncronized.............................<br/>2019/03/16 10:01:41
Successfully connected to Oracle.<br/>Starting to echo

0 Record(s) syncronized.............................<br/>2019/03/26 10:01:41
Successfully connected to Oracle.<br/>Starting to echo
1  Record(s) reading................<br/>235003935750501 - LEPO3W<br/>1  Inserted................<br/><br/>2  Record(s) reading................<br/>225003940050501 - LEPO3W<br/>2  Inserted................<br/><br/>3  Record(s) reading................<br/>239001132650501 - LEPO3W<br/>3  Inserted................<br/><br/>
3 Record(s) syncronized.............................<br/>2019/04/06 10:01:41
Successfully connected to Oracle.<br/>Starting to echo

0 Record(s) syncronized.............................<br/>2019/04/16 10:01:41
Successfully connected to Oracle.<br/>Starting to echo

0 Record(s) syncronized.............................<br/>