2018/11/08 14:11:41
Successfully connected to Oracle.<br/>Starting to echo

0 Record(s) syncronized.............................<br/>2018/11/18 14:11:41
Successfully connected to Oracle.<br/>Starting to echo

0 Record(s) syncronized.............................<br/>2018/11/28 14:11:41
Successfully connected to Oracle.<br/>Starting to echo

0 Record(s) syncronized.............................<br/>2018/12/08 14:11:41
Successfully connected to Oracle.<br/>Starting to echo

0 Record(s) syncronized.............................<br/>2018/12/18 14:11:41
Successfully connected to Oracle.<br/>Starting to echo
1  Record(s) reading................<br/>265001296851002 - LEPO3W<br/>1  Inserted................<br/><br/>
1 Record(s) syncronized.............................<br/>2018/12/28 14:11:41
Successfully connected to Oracle.<br/>Starting to echo

0 Record(s) syncronized.............................<br/>2019/01/08 14:11:41
Successfully connected to Oracle.<br/>Starting to echo
1  Record(s) reading................<br/>225003387450501 - LEPO3W<br/>1  Inserted................<br/><br/>
1 Record(s) syncronized.............................<br/>2019/01/18 14:11:41
Successfully connected to Oracle.<br/>Starting to echo

0 Record(s) syncronized.............................<br/>2019/01/28 14:11:41
Successfully connected to Oracle.<br/>Starting to echo

0 Record(s) syncronized.............................<br/>2019/02/08 14:11:41
Successfully connected to Oracle.<br/>Starting to echo

0 Record(s) syncronized.............................<br/>2019/02/18 14:11:41
Successfully connected to Oracle.<br/>Starting to echo

0 Record(s) syncronized.............................<br/>2019/02/28 14:11:41
Successfully connected to Oracle.<br/>Starting to echo
1  Record(s) reading................<br/>246003645050501 - LEPO3W<br/>1  Inserted................<br/><br/>2  Record(s) reading................<br/>267003692050503 - LEPO3W<br/>2  Inserted................<br/><br/>3  Record(s) reading................<br/>249003840050501 - LEPO3W<br/>3  Inserted................<br/><br/>4  Record(s) reading................<br/>248003763050502 - LEPO3W<br/>4  Inserted................<br/><br/>5  Record(s) reading................<br/>248003680950502 - LEPO3W<br/>5  Inserted................<br/><br/>6  Record(s) reading................<br/>231003849150501 - LEPO3W<br/>6  Inserted................<br/><br/>7  Record(s) reading................<br/>267003691950503 - LEPO3W<br/>7  Inserted................<br/><br/>8  Record(s) reading................<br/>267003741550503 - LEPO3W<br/>8  Inserted................<br/><br/>
8 Record(s) syncronized.............................<br/>2019/03/08 14:11:41
Successfully connected to Oracle.<br/>Starting to echo

0 Record(s) syncronized.............................<br/>2019/03/18 14:11:41
Successfully connected to Oracle.<br/>Starting to echo

0 Record(s) syncronized.............................<br/>2019/03/28 14:11:41
Successfully connected to Oracle.<br/>Starting to echo

0 Record(s) syncronized.............................<br/>2019/04/08 14:11:41
Successfully connected to Oracle.<br/>Starting to echo

0 Record(s) syncronized.............................<br/>2019/04/18 14:11:41
Successfully connected to Oracle.<br/>Starting to echo

0 Record(s) syncronized.............................<br/>