2018/11/08 15:01:41
Successfully connected to Oracle.<br/>Starting to echo

0 Record(s) syncronized.............................<br/>2018/11/18 15:01:41
Successfully connected to Oracle.<br/>Starting to echo

0 Record(s) syncronized.............................<br/>2018/11/28 15:01:41
Successfully connected to Oracle.<br/>Starting to echo
1  Record(s) reading................<br/>200003266650501 - LEPO3W<br/>1  Inserted................<br/><br/>2  Record(s) reading................<br/>235003252250501 - LEPO3W<br/>2  Inserted................<br/><br/>3  Record(s) reading................<br/>205003315450501 - LEPO3W<br/>3  Inserted................<br/><br/>4  Record(s) reading................<br/>240003225150501 - LEPO3W<br/>4  Inserted................<br/><br/>5  Record(s) reading................<br/>248003294150501 - LEPO3W<br/>5  Inserted................<br/><br/>6  Record(s) reading................<br/>205003297750501 - LEPO3W<br/>6  Inserted................<br/><br/>7  Record(s) reading................<br/>246003261550501 - LEPO3W<br/>7  Inserted................<br/><br/>8  Record(s) reading................<br/>266003325350501 - LEPO3W<br/>8  Inserted................<br/><br/>
8 Record(s) syncronized.............................<br/>2018/12/08 15:01:41
Successfully connected to Oracle.<br/>Starting to echo

0 Record(s) syncronized.............................<br/>2018/12/18 15:01:41
Successfully connected to Oracle.<br/>Starting to echo
1  Record(s) reading................<br/>218003480950501 - LEPO3W<br/>1  Inserted................<br/><br/>
1 Record(s) syncronized.............................<br/>2018/12/28 15:01:41
Successfully connected to Oracle.<br/>Starting to echo
1  Record(s) reading................<br/>206003573251001 - LEPO3W<br/>1  Inserted................<br/><br/>2  Record(s) reading................<br/>217003540651001 - LEPO3W<br/>2  Inserted................<br/><br/>
2 Record(s) syncronized.............................<br/>2019/01/08 15:01:41
Successfully connected to Oracle.<br/>Starting to echo

0 Record(s) syncronized.............................<br/>2019/01/18 15:01:41
Successfully connected to Oracle.<br/>Starting to echo
1  Record(s) reading................<br/>235003685751001 - LEPO3W<br/>1  Inserted................<br/><br/>
1 Record(s) syncronized.............................<br/>2019/01/28 15:01:41
Successfully connected to Oracle.<br/>Starting to echo

0 Record(s) syncronized.............................<br/>2019/02/08 15:01:41
Successfully connected to Oracle.<br/>Starting to echo

0 Record(s) syncronized.............................<br/>2019/02/18 15:01:41
Successfully connected to Oracle.<br/>Starting to echo
1  Record(s) reading................<br/>242003823850501 - LEPO3W<br/>1  Inserted................<br/><br/>
1 Record(s) syncronized.............................<br/>2019/02/28 15:01:41
Successfully connected to Oracle.<br/>Starting to echo

0 Record(s) syncronized.............................<br/>2019/03/08 15:01:41
Successfully connected to Oracle.<br/>Starting to echo

0 Record(s) syncronized.............................<br/>2019/03/18 15:01:41
Successfully connected to Oracle.<br/>Starting to echo

0 Record(s) syncronized.............................<br/>2019/03/28 15:01:42
Successfully connected to Oracle.<br/>Starting to echo
1  Record(s) reading................<br/>213003974851001 - LEPO3W<br/>1  Inserted................<br/><br/>
1 Record(s) syncronized.............................<br/>2019/04/08 15:01:41
Successfully connected to Oracle.<br/>Starting to echo

0 Record(s) syncronized.............................<br/>2019/04/18 15:01:41
Successfully connected to Oracle.<br/>Starting to echo

0 Record(s) syncronized.............................<br/>