2018/11/08 15:21:41
Successfully connected to Oracle.<br/>Starting to echo

0 Record(s) syncronized.............................<br/>2018/11/18 15:21:41
Successfully connected to Oracle.<br/>Starting to echo

0 Record(s) syncronized.............................<br/>2018/11/28 15:21:41
Successfully connected to Oracle.<br/>Starting to echo
1  Record(s) reading................<br/>239003298150501 - LEPO3W<br/>1  Inserted................<br/><br/>2  Record(s) reading................<br/>206003255450501 - LEPO3W<br/>2  Inserted................<br/><br/>3  Record(s) reading................<br/>248003276250501 - LEPO3W<br/>3  Inserted................<br/><br/>4  Record(s) reading................<br/>266003325150501 - LEPO3W<br/>4  Inserted................<br/><br/>5  Record(s) reading................<br/>235003258550501 - LEPO3W<br/>5  Inserted................<br/><br/>6  Record(s) reading................<br/>246003286350501 - LEPO3W<br/>6  Inserted................<br/><br/>
6 Record(s) syncronized.............................<br/>2018/12/08 15:21:41
Successfully connected to Oracle.<br/>Starting to echo

0 Record(s) syncronized.............................<br/>2018/12/18 15:21:41
Successfully connected to Oracle.<br/>Starting to echo

0 Record(s) syncronized.............................<br/>2018/12/28 15:21:41
Successfully connected to Oracle.<br/>Starting to echo
1  Record(s) reading................<br/>243003516750501 - LEPO3W<br/>1  Inserted................<br/><br/>
1 Record(s) syncronized.............................<br/>2019/01/08 15:21:41
Successfully connected to Oracle.<br/>Starting to echo

0 Record(s) syncronized.............................<br/>2019/01/18 15:21:41
Successfully connected to Oracle.<br/>Starting to echo

0 Record(s) syncronized.............................<br/>2019/01/28 15:21:41
Successfully connected to Oracle.<br/>Starting to echo
1  Record(s) reading................<br/>245003749950501 - LEPO3W<br/>1  Inserted................<br/><br/>2  Record(s) reading................<br/>213003758250501 - LEPO3W<br/>2  Inserted................<br/><br/>3  Record(s) reading................<br/>233003649950501 - LEPO3W<br/>3  Inserted................<br/><br/>4  Record(s) reading................<br/>252003226050502 - LEPO3W<br/>4  Inserted................<br/><br/>5  Record(s) reading................<br/>245003748050501 - LEPO3W<br/>5  Inserted................<br/><br/>6  Record(s) reading................<br/>245003755850501 - LEPO3W<br/>6  Inserted................<br/><br/>7  Record(s) reading................<br/>266003619350501 - LEPO3W<br/>7  Inserted................<br/><br/>8  Record(s) reading................<br/>220003317550502 - LEPO3W<br/>8  Inserted................<br/><br/>
8 Record(s) syncronized.............................<br/>2019/02/08 15:21:41
Successfully connected to Oracle.<br/>Starting to echo

0 Record(s) syncronized.............................<br/>2019/02/18 15:21:41
Successfully connected to Oracle.<br/>Starting to echo

0 Record(s) syncronized.............................<br/>2019/02/28 15:21:41
Successfully connected to Oracle.<br/>Starting to echo
1  Record(s) reading................<br/>218003830150501 - LEPO3W<br/>1  Inserted................<br/><br/>2  Record(s) reading................<br/>248003725650502 - LEPO3W<br/>2  Inserted................<br/><br/>3  Record(s) reading................<br/>218003853850501 - LEPO3W<br/>3  Inserted................<br/><br/>
3 Record(s) syncronized.............................<br/>2019/03/08 15:21:41
Successfully connected to Oracle.<br/>Starting to echo

0 Record(s) syncronized.............................<br/>2019/03/18 15:21:41
Successfully connected to Oracle.<br/>Starting to echo
1  Record(s) reading................<br/>248003903650501 - LEPO3W<br/>1  Inserted................<br/><br/>2  Record(s) reading................<br/>264003888050501 - LEPO3W<br/>2  Inserted................<br/><br/>3  Record(s) reading................<br/>238003879250501 - LEPO3W<br/>3  Inserted................<br/><br/>4  Record(s) reading................<br/>240003911650501 - LEPO3W<br/>4  Inserted................<br/><br/>5  Record(s) reading................<br/>245003917050501 - LEPO3W<br/>5  Inserted................<br/><br/>6  Record(s) reading................<br/>248003901150501 - LEPO3W<br/>6  Inserted................<br/><br/>7  Record(s) reading................<br/>240003913950501 - LEPO3W<br/>7  Inserted................<br/><br/>8  Record(s) reading................<br/>252003906951001 - LEPO3W<br/>8  Inserted................<br/><br/>9  Record(s) reading................<br/>245003884250501 - LEPO3W<br/>9  Inserted................<br/><br/>10  Record(s) reading................<br/>258003891450501 - LEPO3W<br/>10  Inserted................<br/><br/>11  Record(s) reading................<br/>238003900950501 - LEPO3W<br/>11  Inserted................<br/><br/>12  Record(s) reading................<br/>245003911350501 - LEPO3W<br/>12  Inserted................<br/><br/>13  Record(s) reading................<br/>245003913550501 - LEPO3W<br/>13  Inserted................<br/><br/>14  Record(s) reading................<br/>265003894150501 - LEPO3W<br/>14  Inserted................<br/><br/>15  Record(s) reading................<br/>214003831950501 - LEPO3W<br/>15  Inserted................<br/><br/>16  Record(s) reading................<br/>260003886250501 - LEPO3W<br/>16  Inserted................<br/><br/>17  Record(s) reading................<br/>260003897150501 - LEPO3W<br/>17  Inserted................<br/><br/>
17 Record(s) syncronized.............................<br/>2019/03/28 15:21:41
Successfully connected to Oracle.<br/>Starting to echo
1  Record(s) reading................<br/>268003958350501 - LEPO3W<br/>1  Inserted................<br/><br/>2  Record(s) reading................<br/>253003958450501 - LEPO3W<br/>2  Inserted................<br/><br/>3  Record(s) reading................<br/>240003956050501 - LEPO3W<br/>3  Inserted................<br/><br/>4  Record(s) reading................<br/>245003942550501 - LEPO3W<br/>4  Inserted................<br/><br/>5  Record(s) reading................<br/>268003970050501 - LEPO3W<br/>5  Inserted................<br/><br/>6  Record(s) reading................<br/>243003945350501 - LEPO3W<br/>6  Inserted................<br/><br/>7  Record(s) reading................<br/>268003969350501 - LEPO3W<br/>7  Inserted................<br/><br/>
7 Record(s) syncronized.............................<br/>2019/04/08 15:21:44
Successfully connected to Oracle.<br/>Starting to echo
1  Record(s) reading................<br/>206004001550502 - LEPO3W<br/>1  Inserted................<br/><br/>
1 Record(s) syncronized.............................<br/>2019/04/18 15:21:41
Successfully connected to Oracle.<br/>Starting to echo

0 Record(s) syncronized.............................<br/>