2018/11/10 19:21:41
Successfully connected to Oracle.<br/>Starting to echo

0 Record(s) syncronized.............................<br/>2018/11/20 19:21:41
Successfully connected to Oracle.<br/>Starting to echo

0 Record(s) syncronized.............................<br/>2018/11/30 19:21:41
Successfully connected to Oracle.<br/>Starting to echo
1  Record(s) reading................<br/>224003278650501 - LEPO3W<br/>1  Inserted................<br/><br/>2  Record(s) reading................<br/>266003136850501 - LEPO3W<br/>2  Inserted................<br/><br/>3  Record(s) reading................<br/>242003321950501 - LEPO3W<br/>3  Inserted................<br/><br/>4  Record(s) reading................<br/>252003241650501 - LEPO3W<br/>4  Inserted................<br/><br/>5  Record(s) reading................<br/>224003309750501 - LEPO3W<br/>5  Inserted................<br/><br/>6  Record(s) reading................<br/>225003328150501 - LEPO3W<br/>6  Inserted................<br/><br/>7  Record(s) reading................<br/>242003325250501 - LEPO3W<br/>7  Inserted................<br/><br/>8  Record(s) reading................<br/>246003287550501 - LEPO3W<br/>8  Inserted................<br/><br/>9  Record(s) reading................<br/>224003301050501 - LEPO3W<br/>9  Inserted................<br/><br/>
9 Record(s) syncronized.............................<br/>2018/12/10 19:21:41
Successfully connected to Oracle.<br/>Starting to echo

0 Record(s) syncronized.............................<br/>2018/12/20 19:21:41
Successfully connected to Oracle.<br/>Starting to echo

0 Record(s) syncronized.............................<br/>2018/12/30 19:21:41
Successfully connected to Oracle.<br/>Starting to echo

0 Record(s) syncronized.............................<br/>2019/01/10 19:21:41
Successfully connected to Oracle.<br/>Starting to echo

0 Record(s) syncronized.............................<br/>2019/01/20 19:21:41
Successfully connected to Oracle.<br/>Starting to echo

0 Record(s) syncronized.............................<br/>2019/01/30 19:21:41
Successfully connected to Oracle.<br/>Starting to echo

0 Record(s) syncronized.............................<br/>2019/02/10 19:21:41
Successfully connected to Oracle.<br/>Starting to echo

0 Record(s) syncronized.............................<br/>2019/02/20 19:21:41
Successfully connected to Oracle.<br/>Starting to echo

0 Record(s) syncronized.............................<br/>2019/03/10 19:21:41
Successfully connected to Oracle.<br/>Starting to echo

0 Record(s) syncronized.............................<br/>2019/03/20 19:21:41
Successfully connected to Oracle.<br/>Starting to echo

0 Record(s) syncronized.............................<br/>2019/03/30 19:21:41
Successfully connected to Oracle.<br/>Starting to echo

0 Record(s) syncronized.............................<br/>2019/04/10 19:21:41
Successfully connected to Oracle.<br/>Starting to echo

0 Record(s) syncronized.............................<br/>2019/04/20 19:21:41
Successfully connected to Oracle.<br/>Starting to echo

0 Record(s) syncronized.............................<br/>