2018/11/11 17:31:41
Successfully connected to Oracle.<br/>Starting to echo

0 Record(s) syncronized.............................<br/>2018/11/21 17:31:41
Successfully connected to Oracle.<br/>Starting to echo

0 Record(s) syncronized.............................<br/>2018/12/01 17:31:41
Successfully connected to Oracle.<br/>Starting to echo

0 Record(s) syncronized.............................<br/>2018/12/11 17:31:41
Successfully connected to Oracle.<br/>Starting to echo

0 Record(s) syncronized.............................<br/>2018/12/21 17:31:41
Successfully connected to Oracle.<br/>Starting to echo

0 Record(s) syncronized.............................<br/>2018/12/31 17:31:41
Successfully connected to Oracle.<br/>Starting to echo
1  Record(s) reading................<br/>252003452350501 - LEPO3W<br/>1  Inserted................<br/><br/>2  Record(s) reading................<br/>224003609950501 - LEPO3W<br/>2  Inserted................<br/><br/>3  Record(s) reading................<br/>258003582750501 - LEPO3W<br/>3  Inserted................<br/><br/>4  Record(s) reading................<br/>242003539550501 - LEPO3W<br/>4  Inserted................<br/><br/>5  Record(s) reading................<br/>266003572750501 - LEPO3W<br/>5  Inserted................<br/><br/>6  Record(s) reading................<br/>224003608950501 - LEPO3W<br/>6  Inserted................<br/><br/>7  Record(s) reading................<br/>224003581650501 - LEPO3W<br/>7  Inserted................<br/><br/>8  Record(s) reading................<br/>224003607750501 - LEPO3W<br/>8  Inserted................<br/><br/>9  Record(s) reading................<br/>225003536250501 - LEPO3W<br/>9  Inserted................<br/><br/>10  Record(s) reading................<br/>225003559150501 - LEPO3W<br/>10  Inserted................<br/><br/>11  Record(s) reading................<br/>224003579050501 - LEPO3W<br/>11  Inserted................<br/><br/>
11 Record(s) syncronized.............................<br/>2019/01/01 17:31:41
Successfully connected to Oracle.<br/>Starting to echo

0 Record(s) syncronized.............................<br/>2019/01/11 17:31:41
Successfully connected to Oracle.<br/>Starting to echo

0 Record(s) syncronized.............................<br/>2019/01/21 17:31:41
Successfully connected to Oracle.<br/>Starting to echo

0 Record(s) syncronized.............................<br/>2019/01/31 17:31:41
Successfully connected to Oracle.<br/>Starting to echo

0 Record(s) syncronized.............................<br/>2019/02/01 17:31:41
Successfully connected to Oracle.<br/>Starting to echo

0 Record(s) syncronized.............................<br/>2019/02/11 17:31:41
Successfully connected to Oracle.<br/>Starting to echo

0 Record(s) syncronized.............................<br/>2019/02/21 17:31:41
Successfully connected to Oracle.<br/>Starting to echo

0 Record(s) syncronized.............................<br/>2019/03/01 17:31:41
Successfully connected to Oracle.<br/>Starting to echo

0 Record(s) syncronized.............................<br/>2019/03/11 17:31:41
Successfully connected to Oracle.<br/>Starting to echo

0 Record(s) syncronized.............................<br/>2019/03/21 17:31:41
Successfully connected to Oracle.<br/>Starting to echo

0 Record(s) syncronized.............................<br/>2019/03/31 17:31:41
Successfully connected to Oracle.<br/>Starting to echo

0 Record(s) syncronized.............................<br/>2019/04/01 17:31:41
Successfully connected to Oracle.<br/>Starting to echo

0 Record(s) syncronized.............................<br/>2019/04/11 17:31:41
Successfully connected to Oracle.<br/>Starting to echo

0 Record(s) syncronized.............................<br/>2019/04/21 17:31:41
Successfully connected to Oracle.<br/>Starting to echo

0 Record(s) syncronized.............................<br/>