2018/11/08 15:41:41
Successfully connected to Oracle.<br/>Starting to echo

0 Record(s) syncronized.............................<br/>2018/11/18 15:41:41
Successfully connected to Oracle.<br/>Starting to echo

0 Record(s) syncronized.............................<br/>2018/11/28 15:41:41
Successfully connected to Oracle.<br/>Starting to echo
1  Record(s) reading................<br/>210003293550501 - LEPO3W<br/>1  Inserted................<br/><br/>2  Record(s) reading................<br/>239003173750501 - LEPO3W<br/>2  Inserted................<br/><br/>3  Record(s) reading................<br/>235003201150501 - LEPO3W<br/>3  Inserted................<br/><br/>4  Record(s) reading................<br/>245003281050501 - LEPO3W<br/>4  Inserted................<br/><br/>5  Record(s) reading................<br/>266003218950501 - LEPO3W<br/>5  Inserted................<br/><br/>
5 Record(s) syncronized.............................<br/>2018/12/08 15:41:41
Successfully connected to Oracle.<br/>Starting to echo

0 Record(s) syncronized.............................<br/>2018/12/18 15:41:41
Successfully connected to Oracle.<br/>Starting to echo

0 Record(s) syncronized.............................<br/>2018/12/28 15:41:41
Successfully connected to Oracle.<br/>Starting to echo
1  Record(s) reading................<br/>258003498150501 - LEPO3W<br/>1  Inserted................<br/><br/>2  Record(s) reading................<br/>255003498550501 - LEPO3W<br/>2  Inserted................<br/><br/>3  Record(s) reading................<br/>235003510750501 - LEPO3W<br/>3  Inserted................<br/><br/>4  Record(s) reading................<br/>208003509050501 - LEPO3W<br/>4  Inserted................<br/><br/>5  Record(s) reading................<br/>200003455350501 - LEPO3W<br/>5  Inserted................<br/><br/>
5 Record(s) syncronized.............................<br/>2019/01/08 15:41:41
Successfully connected to Oracle.<br/>Starting to echo

0 Record(s) syncronized.............................<br/>2019/01/18 15:41:41
Successfully connected to Oracle.<br/>Starting to echo

0 Record(s) syncronized.............................<br/>2019/01/28 15:41:41
Successfully connected to Oracle.<br/>Starting to echo

0 Record(s) syncronized.............................<br/>2019/02/08 15:41:41
Successfully connected to Oracle.<br/>Starting to echo

0 Record(s) syncronized.............................<br/>2019/02/18 15:41:41
Successfully connected to Oracle.<br/>Starting to echo

0 Record(s) syncronized.............................<br/>2019/02/28 15:41:41
Successfully connected to Oracle.<br/>Starting to echo
1  Record(s) reading................<br/>225003808950501 - LEPO3W<br/>1  Inserted................<br/><br/>2  Record(s) reading................<br/>222003860751001 - LEPO3W<br/>2  Inserted................<br/><br/>
2 Record(s) syncronized.............................<br/>2019/03/08 15:41:41
Successfully connected to Oracle.<br/>Starting to echo

0 Record(s) syncronized.............................<br/>2019/03/18 15:41:41
Successfully connected to Oracle.<br/>Starting to echo
1  Record(s) reading................<br/>252003910351001 - LEPO3W<br/>1  Inserted................<br/><br/>
1 Record(s) syncronized.............................<br/>2019/03/28 15:41:41
Successfully connected to Oracle.<br/>Starting to echo
1  Record(s) reading................<br/>268003934850501 - LEPO3W<br/>1  Inserted................<br/><br/>2  Record(s) reading................<br/>245003962450501 - LEPO3W<br/>2  Inserted................<br/><br/>3  Record(s) reading................<br/>248003972850501 - LEPO3W<br/>3  Inserted................<br/><br/>4  Record(s) reading................<br/>268003955450501 - LEPO3W<br/>4  Inserted................<br/><br/>5  Record(s) reading................<br/>253003936650501 - LEPO3W<br/>5  Inserted................<br/><br/>6  Record(s) reading................<br/>217003936850501 - LEPO3W<br/>6  Inserted................<br/><br/>7  Record(s) reading................<br/>221003969550501 - LEPO3W<br/>7  Inserted................<br/><br/>8  Record(s) reading................<br/>252003958950501 - LEPO3W<br/>8  Inserted................<br/><br/>9  Record(s) reading................<br/>214003908850501 - LEPO3W<br/>9  Inserted................<br/><br/>10  Record(s) reading................<br/>248003969950501 - LEPO3W<br/>10  Inserted................<br/><br/>11  Record(s) reading................<br/>248003968550501 - LEPO3W<br/>11  Inserted................<br/><br/>12  Record(s) reading................<br/>268003954650501 - LEPO3W<br/>12  Inserted................<br/><br/>13  Record(s) reading................<br/>255003951650501 - LEPO3W<br/>13  Inserted................<br/><br/>
13 Record(s) syncronized.............................<br/>2019/04/08 15:41:41
Successfully connected to Oracle.<br/>Starting to echo

0 Record(s) syncronized.............................<br/>2019/04/18 15:41:41
Successfully connected to Oracle.<br/>Starting to echo

0 Record(s) syncronized.............................<br/>