2018/11/11 14:41:41
Successfully connected to Oracle.<br/>Starting to echo

0 Record(s) syncronized.............................<br/>2018/11/21 14:41:41
Successfully connected to Oracle.<br/>Starting to echo

0 Record(s) syncronized.............................<br/>2018/12/01 14:41:41
Successfully connected to Oracle.<br/>Starting to echo

0 Record(s) syncronized.............................<br/>2018/12/11 14:41:41
Successfully connected to Oracle.<br/>Starting to echo

0 Record(s) syncronized.............................<br/>2018/12/21 14:41:41
Successfully connected to Oracle.<br/>Starting to echo
1  Record(s) reading................<br/>206003510051001 - LEPO3W<br/>1  Inserted................<br/><br/>
1 Record(s) syncronized.............................<br/>2018/12/31 14:41:41
Successfully connected to Oracle.<br/>Starting to echo
1  Record(s) reading................<br/>260003561350501 - LEPO3W<br/>1  Inserted................<br/><br/>2  Record(s) reading................<br/>252003555850501 - LEPO3W<br/>2  Inserted................<br/><br/>3  Record(s) reading................<br/>245003519850501 - LEPO3W<br/>3  Inserted................<br/><br/>
3 Record(s) syncronized.............................<br/>2019/01/01 14:41:41
Successfully connected to Oracle.<br/>Starting to echo

0 Record(s) syncronized.............................<br/>2019/01/11 14:41:41
Successfully connected to Oracle.<br/>Starting to echo

0 Record(s) syncronized.............................<br/>2019/01/21 14:41:41
Successfully connected to Oracle.<br/>Starting to echo

0 Record(s) syncronized.............................<br/>2019/01/31 14:41:41
Successfully connected to Oracle.<br/>Starting to echo
1  Record(s) reading................<br/>206003761550501 - LEPO3W<br/>1  Inserted................<br/><br/>2  Record(s) reading................<br/>225003776450501 - LEPO3W<br/>2  Inserted................<br/><br/>3  Record(s) reading................<br/>225003776550501 - LEPO3W<br/>3  Inserted................<br/><br/>4  Record(s) reading................<br/>225003759650501 - LEPO3W<br/>4  Inserted................<br/><br/>5  Record(s) reading................<br/>224003714350502 - LEPO3W<br/>5  Inserted................<br/><br/>
5 Record(s) syncronized.............................<br/>2019/02/01 14:41:41
Successfully connected to Oracle.<br/>Starting to echo

0 Record(s) syncronized.............................<br/>2019/02/11 14:41:41
Successfully connected to Oracle.<br/>Starting to echo
1  Record(s) reading................<br/>225003704250501 - LEPO3W<br/>1  Inserted................<br/><br/>2  Record(s) reading................<br/>216002254550502 - LEPO3W<br/>2  Inserted................<br/><br/>
2 Record(s) syncronized.............................<br/>2019/02/21 14:41:41
Successfully connected to Oracle.<br/>Starting to echo

0 Record(s) syncronized.............................<br/>2019/03/01 14:41:41
Successfully connected to Oracle.<br/>Starting to echo

0 Record(s) syncronized.............................<br/>2019/03/11 14:41:40
Successfully connected to Oracle.<br/>Starting to echo
1  Record(s) reading................<br/>259003428450501 - LEPO3W<br/>1  Inserted................<br/><br/>2  Record(s) reading................<br/>206003348650502 - LEPO3W<br/>2  Inserted................<br/><br/>3  Record(s) reading................<br/>239003879450501 - LEPO3W<br/>3  Inserted................<br/><br/>
3 Record(s) syncronized.............................<br/>2019/03/21 14:41:41
Successfully connected to Oracle.<br/>Starting to echo
1  Record(s) reading................<br/>222003934051001 - LEPO3W<br/>1  Inserted................<br/><br/>
1 Record(s) syncronized.............................<br/>2019/03/31 14:41:41
Successfully connected to Oracle.<br/>Starting to echo

0 Record(s) syncronized.............................<br/>2019/04/01 14:41:41
Successfully connected to Oracle.<br/>Starting to echo
1  Record(s) reading................<br/>246003872650501 - LEPO3W<br/>1  Inserted................<br/><br/>2  Record(s) reading................<br/>242003916050501 - LEPO3W<br/>2  Inserted................<br/><br/>3  Record(s) reading................<br/>267003967450501 - LEPO3W<br/>3  Inserted................<br/><br/>4  Record(s) reading................<br/>245003980050501 - LEPO3W<br/>4  Inserted................<br/><br/>5  Record(s) reading................<br/>248003971550501 - LEPO3W<br/>5  Inserted................<br/><br/>6  Record(s) reading................<br/>268003987250501 - LEPO3W<br/>6  Inserted................<br/><br/>
6 Record(s) syncronized.............................<br/>2019/04/11 14:41:41
Successfully connected to Oracle.<br/>Starting to echo

0 Record(s) syncronized.............................<br/>2019/04/21 14:41:41
Successfully connected to Oracle.<br/>Starting to echo

0 Record(s) syncronized.............................<br/>