2018/11/10 16:51:41
Successfully connected to Oracle.<br/>Starting to echo

0 Record(s) syncronized.............................<br/>2018/11/20 16:51:41
Successfully connected to Oracle.<br/>Starting to echo

0 Record(s) syncronized.............................<br/>2018/11/30 16:51:41
Successfully connected to Oracle.<br/>Starting to echo

0 Record(s) syncronized.............................<br/>2018/12/10 16:51:41
Successfully connected to Oracle.<br/>Starting to echo

0 Record(s) syncronized.............................<br/>2018/12/20 16:51:41
Successfully connected to Oracle.<br/>Starting to echo
1  Record(s) reading................<br/>258003434450501 - LEPO3W<br/>1  Inserted................<br/><br/>2  Record(s) reading................<br/>267003408650501 - LEPO3W<br/>2  Inserted................<br/><br/>3  Record(s) reading................<br/>245003429950501 - LEPO3W<br/>3  Inserted................<br/><br/>4  Record(s) reading................<br/>213003366150501 - LEPO3W<br/>4  Inserted................<br/><br/>5  Record(s) reading................<br/>258003471350501 - LEPO3W<br/>5  Inserted................<br/><br/>6  Record(s) reading................<br/>259003351550501 - LEPO3W<br/>6  Inserted................<br/><br/>7  Record(s) reading................<br/>260003446650501 - LEPO3W<br/>7  Inserted................<br/><br/>8  Record(s) reading................<br/>245003443450501 - LEPO3W<br/>8  Inserted................<br/><br/>9  Record(s) reading................<br/>243003471250501 - LEPO3W<br/>9  Inserted................<br/><br/>
9 Record(s) syncronized.............................<br/>2018/12/30 16:51:41
Successfully connected to Oracle.<br/>Starting to echo

0 Record(s) syncronized.............................<br/>2019/01/10 16:51:41
Successfully connected to Oracle.<br/>Starting to echo
1  Record(s) reading................<br/>240003535250501 - LEPO3W<br/>1  Inserted................<br/><br/>
1 Record(s) syncronized.............................<br/>2019/01/20 16:51:41
Successfully connected to Oracle.<br/>Starting to echo

0 Record(s) syncronized.............................<br/>2019/01/30 16:51:41
Successfully connected to Oracle.<br/>Starting to echo

0 Record(s) syncronized.............................<br/>2019/02/10 16:51:41
Successfully connected to Oracle.<br/>Starting to echo

0 Record(s) syncronized.............................<br/>2019/02/20 16:51:41
Successfully connected to Oracle.<br/>Starting to echo

0 Record(s) syncronized.............................<br/>2019/03/10 16:51:41
Successfully connected to Oracle.<br/>Starting to echo

0 Record(s) syncronized.............................<br/>2019/03/20 16:51:41
Successfully connected to Oracle.<br/>Starting to echo

0 Record(s) syncronized.............................<br/>2019/03/30 16:51:41
Successfully connected to Oracle.<br/>Starting to echo

0 Record(s) syncronized.............................<br/>2019/04/10 16:51:41
Successfully connected to Oracle.<br/>Starting to echo

0 Record(s) syncronized.............................<br/>2019/04/20 16:51:41
Successfully connected to Oracle.<br/>Starting to echo

0 Record(s) syncronized.............................<br/>