2018/11/11 11:01:41
Successfully connected to Oracle.<br/>Starting to echo

0 Record(s) syncronized.............................<br/>2018/11/21 11:01:41
Successfully connected to Oracle.<br/>Starting to echo

0 Record(s) syncronized.............................<br/>2018/12/01 11:01:41
Successfully connected to Oracle.<br/>Starting to echo

0 Record(s) syncronized.............................<br/>2018/12/11 11:01:41
Successfully connected to Oracle.<br/>Starting to echo
1  Record(s) reading................<br/>208003416351001 - LEPO3W<br/>1  Inserted................<br/><br/>
1 Record(s) syncronized.............................<br/>2018/12/21 11:01:41
Successfully connected to Oracle.<br/>Starting to echo
1  Record(s) reading................<br/>217000646350501 - LEPO3W<br/>1  Inserted................<br/><br/>
1 Record(s) syncronized.............................<br/>2018/12/31 11:01:41
Successfully connected to Oracle.<br/>Starting to echo
1  Record(s) reading................<br/>264003470350501 - LEPO3W<br/>1  Inserted................<br/><br/>2  Record(s) reading................<br/>214003512350501 - LEPO3W<br/>2  Inserted................<br/><br/>3  Record(s) reading................<br/>218003527350501 - LEPO3W<br/>3  Inserted................<br/><br/>
3 Record(s) syncronized.............................<br/>2019/01/01 11:01:41
Successfully connected to Oracle.<br/>Starting to echo

0 Record(s) syncronized.............................<br/>2019/01/11 11:01:41
Successfully connected to Oracle.<br/>Starting to echo

0 Record(s) syncronized.............................<br/>2019/01/21 11:01:41
Successfully connected to Oracle.<br/>Starting to echo
1  Record(s) reading................<br/>238003727451001 - LEPO3W<br/>1  Inserted................<br/><br/>
1 Record(s) syncronized.............................<br/>2019/01/31 11:01:41
Successfully connected to Oracle.<br/>Starting to echo
1  Record(s) reading................<br/>246003473450501 - LEPO3W<br/>1  Inserted................<br/><br/>2  Record(s) reading................<br/>214003553650501 - LEPO3W<br/>2  Inserted................<br/><br/>3  Record(s) reading................<br/>246003519050502 - LEPO3W<br/>3  Inserted................<br/><br/>
3 Record(s) syncronized.............................<br/>2019/02/01 11:01:41
Successfully connected to Oracle.<br/>Starting to echo

0 Record(s) syncronized.............................<br/>2019/02/11 11:01:45
Successfully connected to Oracle.<br/>Starting to echo
1  Record(s) reading................<br/>259003802151001 - LEPO3W<br/>1  Inserted................<br/><br/>
1 Record(s) syncronized.............................<br/>2019/02/21 11:01:41
Successfully connected to Oracle.<br/>Starting to echo

0 Record(s) syncronized.............................<br/>2019/03/01 11:01:42
Successfully connected to Oracle.<br/>Starting to echo

0 Record(s) syncronized.............................<br/>2019/03/11 11:01:41
Successfully connected to Oracle.<br/>Starting to echo

0 Record(s) syncronized.............................<br/>2019/03/21 11:01:41
Successfully connected to Oracle.<br/>Starting to echo

0 Record(s) syncronized.............................<br/>2019/03/31 11:01:41
Successfully connected to Oracle.<br/>Starting to echo

0 Record(s) syncronized.............................<br/>2019/04/01 11:01:41
Successfully connected to Oracle.<br/>Starting to echo

0 Record(s) syncronized.............................<br/>2019/04/11 11:01:41
Successfully connected to Oracle.<br/>Starting to echo

0 Record(s) syncronized.............................<br/>2019/04/21 11:01:41
Successfully connected to Oracle.<br/>Starting to echo

0 Record(s) syncronized.............................<br/>