2018/11/06 14:31:41
Successfully connected to Oracle.<br/>Starting to echo

0 Record(s) syncronized.............................<br/>2018/11/16 14:31:41
Successfully connected to Oracle.<br/>Starting to echo
1  Record(s) reading................<br/>240003213351001 - LEPO3W<br/>1  Inserted................<br/><br/>
1 Record(s) syncronized.............................<br/>2018/11/26 14:31:41
Successfully connected to Oracle.<br/>Starting to echo
1  Record(s) reading................<br/>216003281151001 - LEPO3W<br/>1  Inserted................<br/><br/>
1 Record(s) syncronized.............................<br/>2018/12/06 14:31:41
Successfully connected to Oracle.<br/>Starting to echo

0 Record(s) syncronized.............................<br/>2018/12/16 14:31:41
Successfully connected to Oracle.<br/>Starting to echo

0 Record(s) syncronized.............................<br/>2018/12/26 14:31:41
Successfully connected to Oracle.<br/>Starting to echo

0 Record(s) syncronized.............................<br/>2019/01/06 14:31:41
Successfully connected to Oracle.<br/>Starting to echo

0 Record(s) syncronized.............................<br/>2019/01/16 14:31:41
Successfully connected to Oracle.<br/>Starting to echo

0 Record(s) syncronized.............................<br/>2019/01/26 14:31:41
Successfully connected to Oracle.<br/>Starting to echo

0 Record(s) syncronized.............................<br/>2019/02/06 14:31:41
Successfully connected to Oracle.<br/>Starting to echo
1  Record(s) reading................<br/>246003742650501 - LEPO3W<br/>1  Inserted................<br/><br/>2  Record(s) reading................<br/>245003743650501 - LEPO3W<br/>2  Inserted................<br/><br/>3  Record(s) reading................<br/>237003667050501 - LEPO3W<br/>3  Inserted................<br/><br/>4  Record(s) reading................<br/>268003801950501 - LEPO3W<br/>4  Inserted................<br/><br/>5  Record(s) reading................<br/>225003496850504 - LEPO3W<br/>5  Inserted................<br/><br/>
5 Record(s) syncronized.............................<br/>2019/02/16 14:31:41
Successfully connected to Oracle.<br/>Starting to echo

0 Record(s) syncronized.............................<br/>2019/02/26 14:31:41
Successfully connected to Oracle.<br/>Starting to echo

0 Record(s) syncronized.............................<br/>2019/03/06 14:31:41
Successfully connected to Oracle.<br/>Starting to echo

0 Record(s) syncronized.............................<br/>2019/03/16 14:31:41
Successfully connected to Oracle.<br/>Starting to echo

0 Record(s) syncronized.............................<br/>2019/03/26 14:31:41
Successfully connected to Oracle.<br/>Starting to echo
1  Record(s) reading................<br/>242003946151002 - LEPO3W<br/>1  Inserted................<br/><br/>2  Record(s) reading................<br/>206003953751001 - LEPO3W<br/>2  Inserted................<br/><br/>
2 Record(s) syncronized.............................<br/>2019/04/06 14:31:41
Successfully connected to Oracle.<br/>Starting to echo

0 Record(s) syncronized.............................<br/>2019/04/16 14:31:42
Successfully connected to Oracle.<br/>Starting to echo

0 Record(s) syncronized.............................<br/>