2018/11/06 15:01:41
Successfully connected to Oracle.<br/>Starting to echo

0 Record(s) syncronized.............................<br/>2018/11/16 15:01:41
Successfully connected to Oracle.<br/>Starting to echo

0 Record(s) syncronized.............................<br/>2018/11/26 15:01:41
Successfully connected to Oracle.<br/>Starting to echo
1  Record(s) reading................<br/>249003315551001 - LEPO3W<br/>1  Inserted................<br/><br/>
1 Record(s) syncronized.............................<br/>2018/12/06 15:01:41
Successfully connected to Oracle.<br/>Starting to echo
1  Record(s) reading................<br/>265003364550501 - LEPO3W<br/>1  Inserted................<br/><br/>2  Record(s) reading................<br/>246003367350501 - LEPO3W<br/>2  Inserted................<br/><br/>3  Record(s) reading................<br/>256003334450501 - LEPO3W<br/>3  Inserted................<br/><br/>4  Record(s) reading................<br/>210003379450501 - LEPO3W<br/>4  Inserted................<br/><br/>
4 Record(s) syncronized.............................<br/>2018/12/16 15:01:41
Successfully connected to Oracle.<br/>Starting to echo

0 Record(s) syncronized.............................<br/>2018/12/26 15:01:41
Successfully connected to Oracle.<br/>Starting to echo
1  Record(s) reading................<br/>208003540051001 - LEPO3W<br/>1  Inserted................<br/><br/>
1 Record(s) syncronized.............................<br/>2019/01/06 15:01:41
Successfully connected to Oracle.<br/>Starting to echo

0 Record(s) syncronized.............................<br/>2019/01/16 15:01:41
Successfully connected to Oracle.<br/>Starting to echo

0 Record(s) syncronized.............................<br/>2019/01/26 15:01:41
Successfully connected to Oracle.<br/>Starting to echo

0 Record(s) syncronized.............................<br/>2019/02/06 15:01:41
Successfully connected to Oracle.<br/>Starting to echo
1  Record(s) reading................<br/>208003762350501 - LEPO3W<br/>1  Inserted................<br/><br/>2  Record(s) reading................<br/>221003663650501 - LEPO3W<br/>2  Inserted................<br/><br/>3  Record(s) reading................<br/>218003612350501 - LEPO3W<br/>3  Inserted................<br/><br/>4  Record(s) reading................<br/>248003790150501 - LEPO3W<br/>4  Inserted................<br/><br/>5  Record(s) reading................<br/>242003703450501 - LEPO3W<br/>5  Inserted................<br/><br/>
5 Record(s) syncronized.............................<br/>2019/02/16 15:01:41
Successfully connected to Oracle.<br/>Starting to echo

0 Record(s) syncronized.............................<br/>2019/02/26 15:01:41
Successfully connected to Oracle.<br/>Starting to echo

0 Record(s) syncronized.............................<br/>2019/03/06 15:01:41
Successfully connected to Oracle.<br/>Starting to echo
1  Record(s) reading................<br/>235000300651001 - LEPO3W<br/>1  Inserted................<br/><br/>2  Record(s) reading................<br/>217003862450501 - LEPO3W<br/>2  Inserted................<br/><br/>3  Record(s) reading................<br/>268003868450501 - LEPO3W<br/>3  Inserted................<br/><br/>4  Record(s) reading................<br/>265003857450501 - LEPO3W<br/>4  Inserted................<br/><br/>
4 Record(s) syncronized.............................<br/>2019/03/16 15:01:41
Successfully connected to Oracle.<br/>Starting to echo

0 Record(s) syncronized.............................<br/>2019/03/26 15:01:41
Successfully connected to Oracle.<br/>Starting to echo
1  Record(s) reading................<br/>205003950351001 - LEPO3W<br/>1  Inserted................<br/><br/>
1 Record(s) syncronized.............................<br/>2019/04/06 15:01:41
Successfully connected to Oracle.<br/>Starting to echo

0 Record(s) syncronized.............................<br/>2019/04/16 15:01:41
Successfully connected to Oracle.<br/>Starting to echo
1  Record(s) reading................<br/>265003974150501 - LEPO3W<br/>1  Inserted................<br/><br/>
1 Record(s) syncronized.............................<br/>