2018/11/11 14:51:41
Successfully connected to Oracle.<br/>Starting to echo

0 Record(s) syncronized.............................<br/>2018/11/21 14:51:41
Successfully connected to Oracle.<br/>Starting to echo

0 Record(s) syncronized.............................<br/>2018/12/01 14:51:41
Successfully connected to Oracle.<br/>Starting to echo

0 Record(s) syncronized.............................<br/>2018/12/11 14:51:41
Successfully connected to Oracle.<br/>Starting to echo
1  Record(s) reading................<br/>260003422550501 - LEPO3W<br/>1  Inserted................<br/><br/>
1 Record(s) syncronized.............................<br/>2018/12/21 14:51:41
Successfully connected to Oracle.<br/>Starting to echo

0 Record(s) syncronized.............................<br/>2018/12/31 14:51:41
Successfully connected to Oracle.<br/>Starting to echo
1  Record(s) reading................<br/>225003543650501 - LEPO3W<br/>1  Inserted................<br/><br/>2  Record(s) reading................<br/>209003533950501 - LEPO3W<br/>2  Inserted................<br/><br/>3  Record(s) reading................<br/>252003550850501 - LEPO3W<br/>3  Inserted................<br/><br/>4  Record(s) reading................<br/>266003579650501 - LEPO3W<br/>4  Inserted................<br/><br/>5  Record(s) reading................<br/>256003580350501 - LEPO3W<br/>5  Inserted................<br/><br/>6  Record(s) reading................<br/>209003574650501 - LEPO3W<br/>6  Inserted................<br/><br/>7  Record(s) reading................<br/>268003588950501 - LEPO3W<br/>7  Inserted................<br/><br/>8  Record(s) reading................<br/>252003482150501 - LEPO3W<br/>8  Inserted................<br/><br/>9  Record(s) reading................<br/>209003533250501 - LEPO3W<br/>9  Inserted................<br/><br/>10  Record(s) reading................<br/>268003533750501 - LEPO3W<br/>10  Inserted................<br/><br/>11  Record(s) reading................<br/>239003580050501 - LEPO3W<br/>11  Inserted................<br/><br/>12  Record(s) reading................<br/>252003513650501 - LEPO3W<br/>12  Inserted................<br/><br/>13  Record(s) reading................<br/>245003538050501 - LEPO3W<br/>13  Inserted................<br/><br/>14  Record(s) reading................<br/>245003532950501 - LEPO3W<br/>14  Inserted................<br/><br/>15  Record(s) reading................<br/>245003538250501 - LEPO3W<br/>15  Inserted................<br/><br/>16  Record(s) reading................<br/>242003542750501 - LEPO3W<br/>16  Inserted................<br/><br/>17  Record(s) reading................<br/>245003565550501 - LEPO3W<br/>17  Inserted................<br/><br/>
17 Record(s) syncronized.............................<br/>2019/01/01 14:51:41
Successfully connected to Oracle.<br/>Starting to echo

0 Record(s) syncronized.............................<br/>2019/01/11 14:51:41
Successfully connected to Oracle.<br/>Starting to echo

0 Record(s) syncronized.............................<br/>2019/01/21 14:51:41
Successfully connected to Oracle.<br/>Starting to echo
1  Record(s) reading................<br/>222001107750501 - LEPO3W<br/>1  Inserted................<br/><br/>2  Record(s) reading................<br/>240003518850501 - LEPO3W<br/>2  Inserted................<br/><br/>3  Record(s) reading................<br/>257003513750501 - LEPO3W<br/>3  Inserted................<br/><br/>4  Record(s) reading................<br/>240003573950501 - LEPO3W<br/>4  Inserted................<br/><br/>5  Record(s) reading................<br/>258003646850501 - LEPO3W<br/>5  Inserted................<br/><br/>6  Record(s) reading................<br/>246003572550501 - LEPO3W<br/>6  Inserted................<br/><br/>7  Record(s) reading................<br/>213003636450501 - LEPO3W<br/>7  Inserted................<br/><br/>8  Record(s) reading................<br/>235001269050501 - LEPO3W<br/>8  Inserted................<br/><br/>9  Record(s) reading................<br/>240003402650501 - LEPO3W<br/>9  Inserted................<br/><br/>10  Record(s) reading................<br/>257003573750501 - LEPO3W<br/>10  Inserted................<br/><br/>
10 Record(s) syncronized.............................<br/>2019/01/31 14:51:41
Successfully connected to Oracle.<br/>Starting to echo
1  Record(s) reading................<br/>259003724850501 - LEPO3W<br/>1  Inserted................<br/><br/>2  Record(s) reading................<br/>206003760150501 - LEPO3W<br/>2  Inserted................<br/><br/>3  Record(s) reading................<br/>248003775850501 - LEPO3W<br/>3  Inserted................<br/><br/>4  Record(s) reading................<br/>224003726550501 - LEPO3W<br/>4  Inserted................<br/><br/>5  Record(s) reading................<br/>256003295050501 - LEPO3W<br/>5  Inserted................<br/><br/>
5 Record(s) syncronized.............................<br/>2019/02/01 14:51:41
Successfully connected to Oracle.<br/>Starting to echo

0 Record(s) syncronized.............................<br/>2019/02/11 14:51:41
Successfully connected to Oracle.<br/>Starting to echo

0 Record(s) syncronized.............................<br/>2019/02/21 14:51:41
Successfully connected to Oracle.<br/>Starting to echo

0 Record(s) syncronized.............................<br/>2019/03/01 14:51:41
Successfully connected to Oracle.<br/>Starting to echo
1  Record(s) reading................<br/>225003847850501 - LEPO3W<br/>1  Inserted................<br/><br/>
1 Record(s) syncronized.............................<br/>2019/03/11 14:51:41
Successfully connected to Oracle.<br/>Starting to echo
1  Record(s) reading................<br/>245003858750501 - LEPO3W<br/>1  Inserted................<br/><br/>2  Record(s) reading................<br/>248003856850501 - LEPO3W<br/>2  Inserted................<br/><br/>3  Record(s) reading................<br/>222003862750501 - LEPO3W<br/>3  Inserted................<br/><br/>4  Record(s) reading................<br/>235003875450501 - LEPO3W<br/>4  Inserted................<br/><br/>5  Record(s) reading................<br/>245003876550501 - LEPO3W<br/>5  Inserted................<br/><br/>6  Record(s) reading................<br/>222003858150501 - LEPO3W<br/>6  Inserted................<br/><br/>
6 Record(s) syncronized.............................<br/>2019/03/21 14:51:41
Successfully connected to Oracle.<br/>Starting to echo

0 Record(s) syncronized.............................<br/>2019/03/31 14:51:41
Successfully connected to Oracle.<br/>Starting to echo

0 Record(s) syncronized.............................<br/>2019/04/01 14:51:41
Successfully connected to Oracle.<br/>Starting to echo

0 Record(s) syncronized.............................<br/>2019/04/11 14:51:41
Successfully connected to Oracle.<br/>Starting to echo
1  Record(s) reading................<br/>238003949450501 - LEPO3W<br/>1  Inserted................<br/><br/>
1 Record(s) syncronized.............................<br/>2019/04/21 14:51:41
Successfully connected to Oracle.<br/>Starting to echo

0 Record(s) syncronized.............................<br/>