2018/11/08 16:11:41
Successfully connected to Oracle.<br/>Starting to echo

0 Record(s) syncronized.............................<br/>2018/11/18 16:11:41
Successfully connected to Oracle.<br/>Starting to echo

0 Record(s) syncronized.............................<br/>2018/11/28 16:11:41
Successfully connected to Oracle.<br/>Starting to echo

0 Record(s) syncronized.............................<br/>2018/12/08 16:11:41
Successfully connected to Oracle.<br/>Starting to echo

0 Record(s) syncronized.............................<br/>2018/12/18 16:11:41
Successfully connected to Oracle.<br/>Starting to echo
1  Record(s) reading................<br/>265003424350501 - LEPO3W<br/>1  Inserted................<br/><br/>2  Record(s) reading................<br/>265003385050502 - LEPO3W<br/>2  Inserted................<br/><br/>3  Record(s) reading................<br/>265003451950501 - LEPO3W<br/>3  Inserted................<br/><br/>4  Record(s) reading................<br/>245003403350501 - LEPO3W<br/>4  Inserted................<br/><br/>5  Record(s) reading................<br/>214003108050502 - LEPO3W<br/>5  Inserted................<br/><br/>6  Record(s) reading................<br/>261003406450501 - LEPO3W<br/>6  Inserted................<br/><br/>7  Record(s) reading................<br/>245003456150501 - LEPO3W<br/>7  Inserted................<br/><br/>8  Record(s) reading................<br/>240003460250501 - LEPO3W<br/>8  Inserted................<br/><br/>9  Record(s) reading................<br/>245003456550501 - LEPO3W<br/>9  Inserted................<br/><br/>10  Record(s) reading................<br/>246003447550501 - LEPO3W<br/>10  Inserted................<br/><br/>
10 Record(s) syncronized.............................<br/>2018/12/28 16:11:41
Successfully connected to Oracle.<br/>Starting to echo
1  Record(s) reading................<br/>260003479450501 - LEPO3W<br/>1  Inserted................<br/><br/>2  Record(s) reading................<br/>240003524350501 - LEPO3W<br/>2  Inserted................<br/><br/>3  Record(s) reading................<br/>255003495650501 - LEPO3W<br/>3  Inserted................<br/><br/>4  Record(s) reading................<br/>248003167950502 - LEPO3W<br/>4  Inserted................<br/><br/>5  Record(s) reading................<br/>240003501950501 - LEPO3W<br/>5  Inserted................<br/><br/>6  Record(s) reading................<br/>239003460450502 - LEPO3W<br/>6  Inserted................<br/><br/>7  Record(s) reading................<br/>240003508650501 - LEPO3W<br/>7  Inserted................<br/><br/>8  Record(s) reading................<br/>225003381050501 - LEPO3W<br/>8  Inserted................<br/><br/>9  Record(s) reading................<br/>225003438150501 - LEPO3W<br/>9  Inserted................<br/><br/>10  Record(s) reading................<br/>218003534350501 - LEPO3W<br/>10  Inserted................<br/><br/>11  Record(s) reading................<br/>221003438650501 - LEPO3W<br/>11  Inserted................<br/><br/>12  Record(s) reading................<br/>247003506150501 - LEPO3W<br/>12  Inserted................<br/><br/>13  Record(s) reading................<br/>222003502350501 - LEPO3W<br/>13  Inserted................<br/><br/>14  Record(s) reading................<br/>208003504450501 - LEPO3W<br/>14  Inserted................<br/><br/>15  Record(s) reading................<br/>221003487450501 - LEPO3W<br/>15  Inserted................<br/><br/>16  Record(s) reading................<br/>248003441950501 - LEPO3W<br/>16  Inserted................<br/><br/>17  Record(s) reading................<br/>266003331150501 - LEPO3W<br/>17  Inserted................<br/><br/>
17 Record(s) syncronized.............................<br/>2019/01/08 16:11:41
Successfully connected to Oracle.<br/>Starting to echo

0 Record(s) syncronized.............................<br/>2019/01/18 16:11:41
Successfully connected to Oracle.<br/>Starting to echo
1  Record(s) reading................<br/>256003557250501 - LEPO3W<br/>1  Inserted................<br/><br/>2  Record(s) reading................<br/>249003585350501 - LEPO3W<br/>2  Inserted................<br/><br/>3  Record(s) reading................<br/>245003645150501 - LEPO3W<br/>3  Inserted................<br/><br/>4  Record(s) reading................<br/>252003646150501 - LEPO3W<br/>4  Inserted................<br/><br/>5  Record(s) reading................<br/>246003669950501 - LEPO3W<br/>5  Inserted................<br/><br/>6  Record(s) reading................<br/>240003616950501 - LEPO3W<br/>6  Inserted................<br/><br/>7  Record(s) reading................<br/>225003495250501 - LEPO3W<br/>7  Inserted................<br/><br/>8  Record(s) reading................<br/>239003573150501 - LEPO3W<br/>8  Inserted................<br/><br/>9  Record(s) reading................<br/>228003645950501 - LEPO3W<br/>9  Inserted................<br/><br/>10  Record(s) reading................<br/>213003663250501 - LEPO3W<br/>10  Inserted................<br/><br/>11  Record(s) reading................<br/>214003518550501 - LEPO3W<br/>11  Inserted................<br/><br/>12  Record(s) reading................<br/>208003610250501 - LEPO3W<br/>12  Inserted................<br/><br/>13  Record(s) reading................<br/>266003614950501 - LEPO3W<br/>13  Inserted................<br/><br/>14  Record(s) reading................<br/>255003577850501 - LEPO3W<br/>14  Inserted................<br/><br/>15  Record(s) reading................<br/>268003631650501 - LEPO3W<br/>15  Inserted................<br/><br/>
15 Record(s) syncronized.............................<br/>2019/01/28 16:11:41
Successfully connected to Oracle.<br/>Starting to echo

0 Record(s) syncronized.............................<br/>2019/02/08 16:11:41
Successfully connected to Oracle.<br/>Starting to echo

0 Record(s) syncronized.............................<br/>2019/02/18 16:11:41
Successfully connected to Oracle.<br/>Starting to echo
1  Record(s) reading................<br/>218003833551001 - LEPO3W<br/>1  Inserted................<br/><br/>
1 Record(s) syncronized.............................<br/>2019/02/28 16:11:41
Successfully connected to Oracle.<br/>Starting to echo

0 Record(s) syncronized.............................<br/>2019/03/08 16:11:42
Successfully connected to Oracle.<br/>Starting to echo

0 Record(s) syncronized.............................<br/>2019/03/18 16:11:41
Successfully connected to Oracle.<br/>Starting to echo

0 Record(s) syncronized.............................<br/>2019/03/28 16:11:41
Successfully connected to Oracle.<br/>Starting to echo

0 Record(s) syncronized.............................<br/>2019/04/08 16:11:41
Successfully connected to Oracle.<br/>Starting to echo

0 Record(s) syncronized.............................<br/>2019/04/18 16:11:41
Successfully connected to Oracle.<br/>Starting to echo

0 Record(s) syncronized.............................<br/>