2018/11/14 10:01:41
Successfully connected to Oracle.<br/>Starting to echo

0 Record(s) syncronized.............................<br/>2018/11/24 10:01:41
Successfully connected to Oracle.<br/>Starting to echo
1  Record(s) reading................<br/>252000553051001 - LEPO3W<br/>1  Inserted................<br/><br/>2  Record(s) reading................<br/>221003280351001 - LEPO3W<br/>2  Inserted................<br/><br/>3  Record(s) reading................<br/>259003219951001 - LEPO3W<br/>3  Inserted................<br/><br/>4  Record(s) reading................<br/>219003293251001 - LEPO3W<br/>4  Inserted................<br/><br/>
4 Record(s) syncronized.............................<br/>2018/12/04 10:01:41
Successfully connected to Oracle.<br/>Starting to echo

0 Record(s) syncronized.............................<br/>2018/12/14 10:01:41
Successfully connected to Oracle.<br/>Starting to echo

0 Record(s) syncronized.............................<br/>2018/12/24 10:01:41
Successfully connected to Oracle.<br/>Starting to echo
1  Record(s) reading................<br/>258003523050501 - LEPO3W<br/>1  Inserted................<br/><br/>2  Record(s) reading................<br/>267003473050501 - LEPO3W<br/>2  Inserted................<br/><br/>
2 Record(s) syncronized.............................<br/>2019/01/04 10:01:41
Successfully connected to Oracle.<br/>Starting to echo
1  Record(s) reading................<br/>217003581951001 - LEPO3W<br/>1  Inserted................<br/><br/>
1 Record(s) syncronized.............................<br/>2019/01/14 10:01:41
Successfully connected to Oracle.<br/>Starting to echo

0 Record(s) syncronized.............................<br/>2019/01/24 10:01:41
Successfully connected to Oracle.<br/>Starting to echo

0 Record(s) syncronized.............................<br/>2019/02/04 10:01:41
Successfully connected to Oracle.<br/>Starting to echo

0 Record(s) syncronized.............................<br/>2019/02/14 10:01:41
Successfully connected to Oracle.<br/>Starting to echo

0 Record(s) syncronized.............................<br/>2019/02/24 10:01:41
Successfully connected to Oracle.<br/>Starting to echo

0 Record(s) syncronized.............................<br/>2019/03/04 10:01:41
Successfully connected to Oracle.<br/>Starting to echo

0 Record(s) syncronized.............................<br/>2019/03/14 10:01:41
Successfully connected to Oracle.<br/>Starting to echo
1  Record(s) reading................<br/>221003881850501 - LEPO3W<br/>1  Inserted................<br/><br/>
1 Record(s) syncronized.............................<br/>2019/03/24 10:01:41
Successfully connected to Oracle.<br/>Starting to echo

0 Record(s) syncronized.............................<br/>2019/04/04 10:01:41
Successfully connected to Oracle.<br/>Starting to echo
1  Record(s) reading................<br/>231003997650501 - LEPO3W<br/>1  Inserted................<br/><br/>
1 Record(s) syncronized.............................<br/>2019/04/14 10:01:41
Successfully connected to Oracle.<br/>Starting to echo

0 Record(s) syncronized.............................<br/>