2018/11/14 15:21:41
Successfully connected to Oracle.<br/>Starting to echo

0 Record(s) syncronized.............................<br/>2018/11/24 15:21:41
Successfully connected to Oracle.<br/>Starting to echo

0 Record(s) syncronized.............................<br/>2018/12/04 15:21:41
Successfully connected to Oracle.<br/>Starting to echo

0 Record(s) syncronized.............................<br/>2018/12/14 15:21:41
Successfully connected to Oracle.<br/>Starting to echo

0 Record(s) syncronized.............................<br/>2018/12/24 15:21:41
Successfully connected to Oracle.<br/>Starting to echo

0 Record(s) syncronized.............................<br/>2019/01/04 15:21:41
Successfully connected to Oracle.<br/>Starting to echo

0 Record(s) syncronized.............................<br/>2019/01/14 15:21:41
Successfully connected to Oracle.<br/>Starting to echo

0 Record(s) syncronized.............................<br/>2019/01/24 15:21:41
Successfully connected to Oracle.<br/>Starting to echo

0 Record(s) syncronized.............................<br/>2019/02/04 15:21:41
Successfully connected to Oracle.<br/>Starting to echo

0 Record(s) syncronized.............................<br/>2019/02/14 15:21:41
Successfully connected to Oracle.<br/>Starting to echo
1  Record(s) reading................<br/>243003823351001 - LEPO3W<br/>1  Inserted................<br/><br/>2  Record(s) reading................<br/>247003749250501 - LEPO3W<br/>2  Inserted................<br/><br/>3  Record(s) reading................<br/>249003717350502 - LEPO3W<br/>3  Inserted................<br/><br/>4  Record(s) reading................<br/>265003801350501 - LEPO3W<br/>4  Inserted................<br/><br/>
4 Record(s) syncronized.............................<br/>2019/02/24 15:21:41
Successfully connected to Oracle.<br/>Starting to echo

0 Record(s) syncronized.............................<br/>2019/03/04 15:21:41
Successfully connected to Oracle.<br/>Starting to echo
1  Record(s) reading................<br/>246003813650501 - LEPO3W<br/>1  Inserted................<br/><br/>2  Record(s) reading................<br/>247003850650501 - LEPO3W<br/>2  Inserted................<br/><br/>3  Record(s) reading................<br/>265003861750501 - LEPO3W<br/>3  Inserted................<br/><br/>
3 Record(s) syncronized.............................<br/>2019/03/14 15:21:41
Successfully connected to Oracle.<br/>Starting to echo
1  Record(s) reading................<br/>218003912151001 - LEPO3W<br/>1  Inserted................<br/><br/>
1 Record(s) syncronized.............................<br/>2019/03/24 15:21:41
Successfully connected to Oracle.<br/>Starting to echo

0 Record(s) syncronized.............................<br/>2019/04/04 15:21:42
Successfully connected to Oracle.<br/>Starting to echo

0 Record(s) syncronized.............................<br/>2019/04/14 15:21:41
Successfully connected to Oracle.<br/>Starting to echo

0 Record(s) syncronized.............................<br/>