2018/11/07 15:11:41
Successfully connected to Oracle.<br/>Starting to echo

0 Record(s) syncronized.............................<br/>2018/11/17 15:11:41
Successfully connected to Oracle.<br/>Starting to echo

0 Record(s) syncronized.............................<br/>2018/11/27 15:11:41
Successfully connected to Oracle.<br/>Starting to echo

0 Record(s) syncronized.............................<br/>2018/12/07 15:11:41
Successfully connected to Oracle.<br/>Starting to echo

0 Record(s) syncronized.............................<br/>2018/12/17 15:11:41
Successfully connected to Oracle.<br/>Starting to echo
1  Record(s) reading................<br/>209003399750501 - LEPO3W<br/>1  Inserted................<br/><br/>2  Record(s) reading................<br/>228003399450501 - LEPO3W<br/>2  Inserted................<br/><br/>3  Record(s) reading................<br/>240003182150501 - LEPO3W<br/>3  Inserted................<br/><br/>4  Record(s) reading................<br/>239003379250501 - LEPO3W<br/>4  Inserted................<br/><br/>5  Record(s) reading................<br/>233003366050501 - LEPO3W<br/>5  Inserted................<br/><br/>6  Record(s) reading................<br/>206003472651001 - LEPO3W<br/>6  Inserted................<br/><br/>7  Record(s) reading................<br/>209003438450501 - LEPO3W<br/>7  Inserted................<br/><br/>8  Record(s) reading................<br/>209003390850501 - LEPO3W<br/>8  Inserted................<br/><br/>9  Record(s) reading................<br/>247003256850501 - LEPO3W<br/>9  Inserted................<br/><br/>10  Record(s) reading................<br/>209003374150501 - LEPO3W<br/>10  Inserted................<br/><br/>
10 Record(s) syncronized.............................<br/>2018/12/27 15:11:41
Successfully connected to Oracle.<br/>Starting to echo
1  Record(s) reading................<br/>238003558750501 - LEPO3W<br/>1  Inserted................<br/><br/>
1 Record(s) syncronized.............................<br/>2019/01/07 15:11:41
Successfully connected to Oracle.<br/>Starting to echo

0 Record(s) syncronized.............................<br/>2019/01/17 15:11:41
Successfully connected to Oracle.<br/>Starting to echo

0 Record(s) syncronized.............................<br/>2019/01/27 15:11:41
Successfully connected to Oracle.<br/>Starting to echo

0 Record(s) syncronized.............................<br/>2019/02/07 15:11:41
Successfully connected to Oracle.<br/>Starting to echo

0 Record(s) syncronized.............................<br/>2019/02/17 15:11:41
Successfully connected to Oracle.<br/>Starting to echo

0 Record(s) syncronized.............................<br/>2019/02/27 15:11:41
Successfully connected to Oracle.<br/>Starting to echo

0 Record(s) syncronized.............................<br/>2019/03/07 15:11:41
Successfully connected to Oracle.<br/>Starting to echo

0 Record(s) syncronized.............................<br/>2019/03/17 15:11:41
Successfully connected to Oracle.<br/>Starting to echo

0 Record(s) syncronized.............................<br/>2019/03/27 15:11:41
Successfully connected to Oracle.<br/>Starting to echo

0 Record(s) syncronized.............................<br/>2019/04/07 15:11:41
Successfully connected to Oracle.<br/>Starting to echo

0 Record(s) syncronized.............................<br/>2019/04/17 15:11:41
Successfully connected to Oracle.<br/>Starting to echo

0 Record(s) syncronized.............................<br/>