2018/11/07 15:01:41
Successfully connected to Oracle.<br/>Starting to echo

0 Record(s) syncronized.............................<br/>2018/11/17 15:01:41
Successfully connected to Oracle.<br/>Starting to echo

0 Record(s) syncronized.............................<br/>2018/11/27 15:01:41
Successfully connected to Oracle.<br/>Starting to echo

0 Record(s) syncronized.............................<br/>2018/12/07 15:01:41
Successfully connected to Oracle.<br/>Starting to echo
1  Record(s) reading................<br/>245003404251001 - LEPO3W<br/>1  Inserted................<br/><br/>
1 Record(s) syncronized.............................<br/>2018/12/17 15:01:41
Successfully connected to Oracle.<br/>Starting to echo

0 Record(s) syncronized.............................<br/>2018/12/27 15:01:41
Successfully connected to Oracle.<br/>Starting to echo

0 Record(s) syncronized.............................<br/>2019/01/07 15:01:41
Successfully connected to Oracle.<br/>Starting to echo

0 Record(s) syncronized.............................<br/>2019/01/17 15:01:41
Successfully connected to Oracle.<br/>Starting to echo

0 Record(s) syncronized.............................<br/>2019/01/27 15:01:41
Successfully connected to Oracle.<br/>Starting to echo

0 Record(s) syncronized.............................<br/>2019/02/07 15:01:41
Successfully connected to Oracle.<br/>Starting to echo

0 Record(s) syncronized.............................<br/>2019/02/17 15:01:41
Successfully connected to Oracle.<br/>Starting to echo

0 Record(s) syncronized.............................<br/>2019/02/27 15:01:41
Successfully connected to Oracle.<br/>Starting to echo

0 Record(s) syncronized.............................<br/>2019/03/07 15:01:41
Successfully connected to Oracle.<br/>Starting to echo
1  Record(s) reading................<br/>230003873251001 - LEPO3W<br/>1  Inserted................<br/><br/>2  Record(s) reading................<br/>225003861950501 - LEPO3W<br/>2  Inserted................<br/><br/>
2 Record(s) syncronized.............................<br/>2019/03/17 15:01:41
Successfully connected to Oracle.<br/>Starting to echo

0 Record(s) syncronized.............................<br/>2019/03/27 15:01:41
Successfully connected to Oracle.<br/>Starting to echo

0 Record(s) syncronized.............................<br/>2019/04/07 15:01:41
Successfully connected to Oracle.<br/>Starting to echo

0 Record(s) syncronized.............................<br/>2019/04/17 15:01:41
Successfully connected to Oracle.<br/>Starting to echo

0 Record(s) syncronized.............................<br/>