2018/11/09 14:41:41
Successfully connected to Oracle.<br/>Starting to echo

0 Record(s) syncronized.............................<br/>2018/11/19 14:41:41
Successfully connected to Oracle.<br/>Starting to echo
1  Record(s) reading................<br/>206003266351001 - LEPO3W<br/>1  Inserted................<br/><br/>
1 Record(s) syncronized.............................<br/>2018/11/29 14:41:41
Successfully connected to Oracle.<br/>Starting to echo

0 Record(s) syncronized.............................<br/>2018/12/09 14:41:41
Successfully connected to Oracle.<br/>Starting to echo

0 Record(s) syncronized.............................<br/>2018/12/19 14:41:41
Successfully connected to Oracle.<br/>Starting to echo
1  Record(s) reading................<br/>242003476651001 - LEPO3W<br/>1  Inserted................<br/><br/>
1 Record(s) syncronized.............................<br/>2018/12/29 14:41:41
Successfully connected to Oracle.<br/>Starting to echo

0 Record(s) syncronized.............................<br/>2019/01/09 14:41:41
Successfully connected to Oracle.<br/>Starting to echo
1  Record(s) reading................<br/>245003658251001 - LEPO3W<br/>1  Inserted................<br/><br/>2  Record(s) reading................<br/>242003657651001 - LEPO3W<br/>2  Inserted................<br/><br/>
2 Record(s) syncronized.............................<br/>2019/01/19 14:41:41
Successfully connected to Oracle.<br/>Starting to echo

0 Record(s) syncronized.............................<br/>2019/01/29 14:41:41
Successfully connected to Oracle.<br/>Starting to echo

0 Record(s) syncronized.............................<br/>2019/02/09 14:41:41
Successfully connected to Oracle.<br/>Starting to echo

0 Record(s) syncronized.............................<br/>2019/02/19 14:41:41
Successfully connected to Oracle.<br/>Starting to echo

0 Record(s) syncronized.............................<br/>2019/03/09 14:41:41
Successfully connected to Oracle.<br/>Starting to echo

0 Record(s) syncronized.............................<br/>2019/03/19 14:41:41
Successfully connected to Oracle.<br/>Starting to echo
1  Record(s) reading................<br/>260002714350501 - LEPO3W<br/>1  Inserted................<br/><br/>2  Record(s) reading................<br/>245003916850501 - LEPO3W<br/>2  Inserted................<br/><br/>3  Record(s) reading................<br/>266003920450501 - LEPO3W<br/>3  Inserted................<br/><br/>4  Record(s) reading................<br/>266003874650501 - LEPO3W<br/>4  Inserted................<br/><br/>5  Record(s) reading................<br/>225003885350501 - LEPO3W<br/>5  Inserted................<br/><br/>6  Record(s) reading................<br/>225003891250501 - LEPO3W<br/>6  Inserted................<br/><br/>7  Record(s) reading................<br/>225003901450501 - LEPO3W<br/>7  Inserted................<br/><br/>8  Record(s) reading................<br/>265003918450501 - LEPO3W<br/>8  Inserted................<br/><br/>9  Record(s) reading................<br/>239003893250501 - LEPO3W<br/>9  Inserted................<br/><br/>10  Record(s) reading................<br/>218003914650501 - LEPO3W<br/>10  Inserted................<br/><br/>
10 Record(s) syncronized.............................<br/>2019/03/29 14:41:41
Successfully connected to Oracle.<br/>Starting to echo

0 Record(s) syncronized.............................<br/>2019/04/09 14:41:41
Successfully connected to Oracle.<br/>Starting to echo

0 Record(s) syncronized.............................<br/>2019/04/19 14:41:41
Successfully connected to Oracle.<br/>Starting to echo

0 Record(s) syncronized.............................<br/>