2018/11/11 18:41:41
Successfully connected to Oracle.<br/>Starting to echo

0 Record(s) syncronized.............................<br/>2018/11/21 18:41:41
Successfully connected to Oracle.<br/>Starting to echo

0 Record(s) syncronized.............................<br/>2018/12/01 18:41:41
Successfully connected to Oracle.<br/>Starting to echo

0 Record(s) syncronized.............................<br/>2018/12/11 18:41:41
Successfully connected to Oracle.<br/>Starting to echo

0 Record(s) syncronized.............................<br/>2018/12/21 18:41:41
Successfully connected to Oracle.<br/>Starting to echo

0 Record(s) syncronized.............................<br/>2018/12/31 18:41:41
Successfully connected to Oracle.<br/>Starting to echo
1  Record(s) reading................<br/>248003568050501 - LEPO3W<br/>1  Inserted................<br/><br/>2  Record(s) reading................<br/>258003577650501 - LEPO3W<br/>2  Inserted................<br/><br/>3  Record(s) reading................<br/>242003606851001 - LEPO3W<br/>3  Inserted................<br/><br/>4  Record(s) reading................<br/>206003615251001 - LEPO3W<br/>4  Inserted................<br/><br/>5  Record(s) reading................<br/>259003603051001 - LEPO3W<br/>5  Inserted................<br/><br/>
5 Record(s) syncronized.............................<br/>2019/01/01 18:41:41
Successfully connected to Oracle.<br/>Starting to echo

0 Record(s) syncronized.............................<br/>2019/01/11 18:41:41
Successfully connected to Oracle.<br/>Starting to echo

0 Record(s) syncronized.............................<br/>2019/01/21 18:41:41
Successfully connected to Oracle.<br/>Starting to echo

0 Record(s) syncronized.............................<br/>2019/01/31 18:41:41
Successfully connected to Oracle.<br/>Starting to echo

0 Record(s) syncronized.............................<br/>2019/02/01 18:41:41
Successfully connected to Oracle.<br/>Starting to echo

0 Record(s) syncronized.............................<br/>2019/02/11 18:41:41
Successfully connected to Oracle.<br/>Starting to echo

0 Record(s) syncronized.............................<br/>2019/02/21 18:41:41
Successfully connected to Oracle.<br/>Starting to echo

0 Record(s) syncronized.............................<br/>2019/03/01 18:41:41
Successfully connected to Oracle.<br/>Starting to echo

0 Record(s) syncronized.............................<br/>2019/03/11 18:41:41
Successfully connected to Oracle.<br/>Starting to echo

0 Record(s) syncronized.............................<br/>2019/03/21 18:41:41
Successfully connected to Oracle.<br/>Starting to echo

0 Record(s) syncronized.............................<br/>2019/03/31 18:41:41
Successfully connected to Oracle.<br/>Starting to echo

0 Record(s) syncronized.............................<br/>2019/04/01 18:41:41
Successfully connected to Oracle.<br/>Starting to echo

0 Record(s) syncronized.............................<br/>2019/04/11 18:41:41
Successfully connected to Oracle.<br/>Starting to echo

0 Record(s) syncronized.............................<br/>2019/04/21 18:41:41
Successfully connected to Oracle.<br/>Starting to echo

0 Record(s) syncronized.............................<br/>