2018/11/10 15:21:41
Successfully connected to Oracle.<br/>Starting to echo

0 Record(s) syncronized.............................<br/>2018/11/20 15:21:41
Successfully connected to Oracle.<br/>Starting to echo

0 Record(s) syncronized.............................<br/>2018/11/30 15:21:41
Successfully connected to Oracle.<br/>Starting to echo
1  Record(s) reading................<br/>259003342051001 - LEPO3W<br/>1  Inserted................<br/><br/>
1 Record(s) syncronized.............................<br/>2018/12/10 15:21:41
Successfully connected to Oracle.<br/>Starting to echo
1  Record(s) reading................<br/>206003417151001 - LEPO3W<br/>1  Inserted................<br/><br/>
1 Record(s) syncronized.............................<br/>2018/12/20 15:21:41
Successfully connected to Oracle.<br/>Starting to echo
1  Record(s) reading................<br/>200003455150501 - LEPO3W<br/>1  Inserted................<br/><br/>2  Record(s) reading................<br/>208003461750501 - LEPO3W<br/>2  Inserted................<br/><br/>3  Record(s) reading................<br/>240003486450501 - LEPO3W<br/>3  Inserted................<br/><br/>4  Record(s) reading................<br/>240003469550501 - LEPO3W<br/>4  Inserted................<br/><br/>5  Record(s) reading................<br/>240003491150501 - LEPO3W<br/>5  Inserted................<br/><br/>6  Record(s) reading................<br/>208003490050501 - LEPO3W<br/>6  Inserted................<br/><br/>7  Record(s) reading................<br/>208003478250501 - LEPO3W<br/>7  Inserted................<br/><br/>8  Record(s) reading................<br/>208003495350501 - LEPO3W<br/>8  Inserted................<br/><br/>9  Record(s) reading................<br/>208003497650501 - LEPO3W<br/>9  Inserted................<br/><br/>
9 Record(s) syncronized.............................<br/>2018/12/30 15:21:41
Successfully connected to Oracle.<br/>Starting to echo

0 Record(s) syncronized.............................<br/>2019/01/10 15:21:41
Successfully connected to Oracle.<br/>Starting to echo

0 Record(s) syncronized.............................<br/>2019/01/20 15:21:41
Successfully connected to Oracle.<br/>Starting to echo

0 Record(s) syncronized.............................<br/>2019/01/30 15:21:41
Successfully connected to Oracle.<br/>Starting to echo

0 Record(s) syncronized.............................<br/>2019/02/10 15:21:41
Successfully connected to Oracle.<br/>Starting to echo

0 Record(s) syncronized.............................<br/>2019/02/20 15:21:41
Successfully connected to Oracle.<br/>Starting to echo

0 Record(s) syncronized.............................<br/>2019/03/10 15:21:41
Successfully connected to Oracle.<br/>Starting to echo

0 Record(s) syncronized.............................<br/>2019/03/20 15:21:41
Successfully connected to Oracle.<br/>Starting to echo

0 Record(s) syncronized.............................<br/>2019/03/30 15:21:41
Successfully connected to Oracle.<br/>Starting to echo

0 Record(s) syncronized.............................<br/>2019/04/10 15:21:42
Successfully connected to Oracle.<br/>Starting to echo

0 Record(s) syncronized.............................<br/>2019/04/20 15:21:41
Successfully connected to Oracle.<br/>Starting to echo

0 Record(s) syncronized.............................<br/>