2018/11/14 16:11:41
Successfully connected to Oracle.<br/>Starting to echo

0 Record(s) syncronized.............................<br/>2018/11/24 16:11:41
Successfully connected to Oracle.<br/>Starting to echo

0 Record(s) syncronized.............................<br/>2018/12/04 16:11:41
Successfully connected to Oracle.<br/>Starting to echo
1  Record(s) reading................<br/>267003323750501 - LEPO3W<br/>1  Inserted................<br/><br/>
1 Record(s) syncronized.............................<br/>2018/12/14 16:11:41
Successfully connected to Oracle.<br/>Starting to echo

0 Record(s) syncronized.............................<br/>2018/12/24 16:11:41
Successfully connected to Oracle.<br/>Starting to echo
1  Record(s) reading................<br/>209003489650501 - LEPO3W<br/>1  Inserted................<br/><br/>2  Record(s) reading................<br/>209003490650501 - LEPO3W<br/>2  Inserted................<br/><br/>3  Record(s) reading................<br/>245003486850501 - LEPO3W<br/>3  Inserted................<br/><br/>4  Record(s) reading................<br/>245003479850501 - LEPO3W<br/>4  Inserted................<br/><br/>5  Record(s) reading................<br/>209003504150501 - LEPO3W<br/>5  Inserted................<br/><br/>
5 Record(s) syncronized.............................<br/>2019/01/04 16:11:41
Successfully connected to Oracle.<br/>Starting to echo

0 Record(s) syncronized.............................<br/>2019/01/14 16:11:41
Successfully connected to Oracle.<br/>Starting to echo
1  Record(s) reading................<br/>258003687150501 - LEPO3W<br/>1  Inserted................<br/><br/>2  Record(s) reading................<br/>246003644350501 - LEPO3W<br/>2  Inserted................<br/><br/>3  Record(s) reading................<br/>220003684150501 - LEPO3W<br/>3  Inserted................<br/><br/>4  Record(s) reading................<br/>265003693550501 - LEPO3W<br/>4  Inserted................<br/><br/>5  Record(s) reading................<br/>230003675250501 - LEPO3W<br/>5  Inserted................<br/><br/>6  Record(s) reading................<br/>220003673850501 - LEPO3W<br/>6  Inserted................<br/><br/>7  Record(s) reading................<br/>222003695050501 - LEPO3W<br/>7  Inserted................<br/><br/>8  Record(s) reading................<br/>247003665950501 - LEPO3W<br/>8  Inserted................<br/><br/>9  Record(s) reading................<br/>210003657950501 - LEPO3W<br/>9  Inserted................<br/><br/>10  Record(s) reading................<br/>265003693450501 - LEPO3W<br/>10  Inserted................<br/><br/>11  Record(s) reading................<br/>210003659350501 - LEPO3W<br/>11  Inserted................<br/><br/>12  Record(s) reading................<br/>206003671150501 - LEPO3W<br/>12  Inserted................<br/><br/>
12 Record(s) syncronized.............................<br/>2019/01/24 16:11:41
Successfully connected to Oracle.<br/>Starting to echo
1  Record(s) reading................<br/>233003700950501 - LEPO3W<br/>1  Inserted................<br/><br/>2  Record(s) reading................<br/>247003704450501 - LEPO3W<br/>2  Inserted................<br/><br/>3  Record(s) reading................<br/>225003633550501 - LEPO3W<br/>3  Inserted................<br/><br/>4  Record(s) reading................<br/>225003693850501 - LEPO3W<br/>4  Inserted................<br/><br/>5  Record(s) reading................<br/>224003714650501 - LEPO3W<br/>5  Inserted................<br/><br/>6  Record(s) reading................<br/>224003722050501 - LEPO3W<br/>6  Inserted................<br/><br/>7  Record(s) reading................<br/>224003714050501 - LEPO3W<br/>7  Inserted................<br/><br/>8  Record(s) reading................<br/>208003736550501 - LEPO3W<br/>8  Inserted................<br/><br/>9  Record(s) reading................<br/>224003713850501 - LEPO3W<br/>9  Inserted................<br/><br/>10  Record(s) reading................<br/>213003696950501 - LEPO3W<br/>10  Inserted................<br/><br/>11  Record(s) reading................<br/>231003746050501 - LEPO3W<br/>11  Inserted................<br/><br/>12  Record(s) reading................<br/>225003683350501 - LEPO3W<br/>12  Inserted................<br/><br/>13  Record(s) reading................<br/>218003743750501 - LEPO3W<br/>13  Inserted................<br/><br/>14  Record(s) reading................<br/>255003708250501 - LEPO3W<br/>14  Inserted................<br/><br/>15  Record(s) reading................<br/>225003694250501 - LEPO3W<br/>15  Inserted................<br/><br/>16  Record(s) reading................<br/>225003682450501 - LEPO3W<br/>16  Inserted................<br/><br/>17  Record(s) reading................<br/>208003698350501 - LEPO3W<br/>17  Inserted................<br/><br/>18  Record(s) reading................<br/>224003678350501 - LEPO3W<br/>18  Inserted................<br/><br/>19  Record(s) reading................<br/>264003635450501 - LEPO3W<br/>19  Inserted................<br/><br/>20  Record(s) reading................<br/>224003731650501 - LEPO3W<br/>20  Inserted................<br/><br/>
20 Record(s) syncronized.............................<br/>2019/02/04 16:11:41
Successfully connected to Oracle.<br/>Starting to echo

0 Record(s) syncronized.............................<br/>2019/02/14 16:11:41
Successfully connected to Oracle.<br/>Starting to echo

0 Record(s) syncronized.............................<br/>2019/02/24 16:11:41
Successfully connected to Oracle.<br/>Starting to echo

0 Record(s) syncronized.............................<br/>2019/03/04 16:11:41
Successfully connected to Oracle.<br/>Starting to echo

0 Record(s) syncronized.............................<br/>2019/03/14 16:11:41
Successfully connected to Oracle.<br/>Starting to echo

0 Record(s) syncronized.............................<br/>2019/03/24 16:11:41
Successfully connected to Oracle.<br/>Starting to echo

0 Record(s) syncronized.............................<br/>2019/04/04 16:11:41
Successfully connected to Oracle.<br/>Starting to echo
1  Record(s) reading................<br/>252003990050501 - LEPO3W<br/>1  Inserted................<br/><br/>2  Record(s) reading................<br/>206003967150501 - LEPO3W<br/>2  Inserted................<br/><br/>3  Record(s) reading................<br/>245003983950501 - LEPO3W<br/>3  Inserted................<br/><br/>4  Record(s) reading................<br/>245003993150501 - LEPO3W<br/>4  Inserted................<br/><br/>5  Record(s) reading................<br/>255003983350501 - LEPO3W<br/>5  Inserted................<br/><br/>6  Record(s) reading................<br/>245003991150501 - LEPO3W<br/>6  Inserted................<br/><br/>7  Record(s) reading................<br/>228003993050501 - LEPO3W<br/>7  Inserted................<br/><br/>
7 Record(s) syncronized.............................<br/>2019/04/14 16:11:41
Successfully connected to Oracle.<br/>Starting to echo

0 Record(s) syncronized.............................<br/>