2018/11/09 15:01:41
Successfully connected to Oracle.<br/>Starting to echo
1  Record(s) reading................<br/>223003197251001 - LEPO3W<br/>1  Inserted................<br/><br/>
1 Record(s) syncronized.............................<br/>2018/11/19 15:01:41
Successfully connected to Oracle.<br/>Starting to echo

0 Record(s) syncronized.............................<br/>2018/11/29 15:01:41
Successfully connected to Oracle.<br/>Starting to echo
1  Record(s) reading................<br/>208003342751001 - LEPO3W<br/>1  Inserted................<br/><br/>
1 Record(s) syncronized.............................<br/>2018/12/09 15:01:41
Successfully connected to Oracle.<br/>Starting to echo

0 Record(s) syncronized.............................<br/>2018/12/19 15:01:41
Successfully connected to Oracle.<br/>Starting to echo

0 Record(s) syncronized.............................<br/>2018/12/29 15:01:41
Successfully connected to Oracle.<br/>Starting to echo

0 Record(s) syncronized.............................<br/>2019/01/09 15:01:41
Successfully connected to Oracle.<br/>Starting to echo

0 Record(s) syncronized.............................<br/>2019/01/19 15:01:41
Successfully connected to Oracle.<br/>Starting to echo

0 Record(s) syncronized.............................<br/>2019/01/29 15:01:41
Successfully connected to Oracle.<br/>Starting to echo
1  Record(s) reading................<br/>206003777851001 - LEPO3W<br/>1  Inserted................<br/><br/>2  Record(s) reading................<br/>243003778651001 - LEPO3W<br/>2  Inserted................<br/><br/>
2 Record(s) syncronized.............................<br/>2019/02/09 15:01:41
Successfully connected to Oracle.<br/>Starting to echo

0 Record(s) syncronized.............................<br/>2019/02/19 15:01:41
Successfully connected to Oracle.<br/>Starting to echo

0 Record(s) syncronized.............................<br/>2019/03/09 15:01:41
Successfully connected to Oracle.<br/>Starting to echo

0 Record(s) syncronized.............................<br/>2019/03/19 15:01:41
Successfully connected to Oracle.<br/>Starting to echo

0 Record(s) syncronized.............................<br/>2019/03/29 15:01:41
Successfully connected to Oracle.<br/>Starting to echo
1  Record(s) reading................<br/>260003982351001 - LEPO3W<br/>1  Inserted................<br/><br/>
1 Record(s) syncronized.............................<br/>2019/04/09 15:01:41
Successfully connected to Oracle.<br/>Starting to echo

0 Record(s) syncronized.............................<br/>2019/04/19 15:01:41
Successfully connected to Oracle.<br/>Starting to echo

0 Record(s) syncronized.............................<br/>