2018/11/09 14:31:41
Successfully connected to Oracle.<br/>Starting to echo

0 Record(s) syncronized.............................<br/>2018/11/19 14:31:41
Successfully connected to Oracle.<br/>Starting to echo

0 Record(s) syncronized.............................<br/>2018/11/29 14:31:41
Successfully connected to Oracle.<br/>Starting to echo

0 Record(s) syncronized.............................<br/>2018/12/09 14:31:41
Successfully connected to Oracle.<br/>Starting to echo

0 Record(s) syncronized.............................<br/>2018/12/19 14:31:41
Successfully connected to Oracle.<br/>Starting to echo

0 Record(s) syncronized.............................<br/>2018/12/29 14:31:41
Successfully connected to Oracle.<br/>Starting to echo

0 Record(s) syncronized.............................<br/>2019/01/09 14:31:41
Successfully connected to Oracle.<br/>Starting to echo

0 Record(s) syncronized.............................<br/>2019/01/19 14:31:41
Successfully connected to Oracle.<br/>Starting to echo

0 Record(s) syncronized.............................<br/>2019/01/29 14:31:41
Successfully connected to Oracle.<br/>Starting to echo

0 Record(s) syncronized.............................<br/>2019/02/09 14:31:41
Successfully connected to Oracle.<br/>Starting to echo

0 Record(s) syncronized.............................<br/>2019/02/19 14:31:41
Successfully connected to Oracle.<br/>Starting to echo

0 Record(s) syncronized.............................<br/>2019/03/09 14:31:41
Successfully connected to Oracle.<br/>Starting to echo

0 Record(s) syncronized.............................<br/>2019/03/19 14:31:41
Successfully connected to Oracle.<br/>Starting to echo
1  Record(s) reading................<br/>268003913150501 - LEPO3W<br/>1  Inserted................<br/><br/>2  Record(s) reading................<br/>217003917750501 - LEPO3W<br/>2  Inserted................<br/><br/>3  Record(s) reading................<br/>239003917850501 - LEPO3W<br/>3  Inserted................<br/><br/>4  Record(s) reading................<br/>228003899550501 - LEPO3W<br/>4  Inserted................<br/><br/>5  Record(s) reading................<br/>268003902550501 - LEPO3W<br/>5  Inserted................<br/><br/>6  Record(s) reading................<br/>225003885050501 - LEPO3W<br/>6  Inserted................<br/><br/>
6 Record(s) syncronized.............................<br/>2019/03/29 14:31:41
Successfully connected to Oracle.<br/>Starting to echo

0 Record(s) syncronized.............................<br/>2019/04/09 14:31:41
Successfully connected to Oracle.<br/>Starting to echo

0 Record(s) syncronized.............................<br/>2019/04/19 14:31:41
Successfully connected to Oracle.<br/>Starting to echo

0 Record(s) syncronized.............................<br/>