2018/11/10 18:51:41
Successfully connected to Oracle.<br/>Starting to echo

0 Record(s) syncronized.............................<br/>2018/11/20 18:51:41
Successfully connected to Oracle.<br/>Starting to echo

0 Record(s) syncronized.............................<br/>2018/11/30 18:51:41
Successfully connected to Oracle.<br/>Starting to echo
1  Record(s) reading................<br/>213003359350501 - LEPO3W<br/>1  Inserted................<br/><br/>2  Record(s) reading................<br/>225003336950501 - LEPO3W<br/>2  Inserted................<br/><br/>3  Record(s) reading................<br/>213003359550501 - LEPO3W<br/>3  Inserted................<br/><br/>4  Record(s) reading................<br/>209003366850501 - LEPO3W<br/>4  Inserted................<br/><br/>5  Record(s) reading................<br/>218003322150501 - LEPO3W<br/>5  Inserted................<br/><br/>6  Record(s) reading................<br/>240003070950503 - LEPO3W<br/>6  Inserted................<br/><br/>7  Record(s) reading................<br/>224003308750501 - LEPO3W<br/>7  Inserted................<br/><br/>8  Record(s) reading................<br/>209003279850502 - LEPO3W<br/>8  Inserted................<br/><br/>9  Record(s) reading................<br/>207003296250501 - LEPO3W<br/>9  Inserted................<br/><br/>
9 Record(s) syncronized.............................<br/>2018/12/10 18:51:41
Successfully connected to Oracle.<br/>Starting to echo

0 Record(s) syncronized.............................<br/>2018/12/20 18:51:41
Successfully connected to Oracle.<br/>Starting to echo

0 Record(s) syncronized.............................<br/>2018/12/30 18:51:41
Successfully connected to Oracle.<br/>Starting to echo

0 Record(s) syncronized.............................<br/>2019/01/10 18:51:42
Successfully connected to Oracle.<br/>Starting to echo

0 Record(s) syncronized.............................<br/>2019/01/20 18:51:41
Successfully connected to Oracle.<br/>Starting to echo

0 Record(s) syncronized.............................<br/>2019/01/30 18:51:41
Successfully connected to Oracle.<br/>Starting to echo

0 Record(s) syncronized.............................<br/>2019/02/10 18:51:41
Successfully connected to Oracle.<br/>Starting to echo

0 Record(s) syncronized.............................<br/>2019/02/20 18:51:41
Successfully connected to Oracle.<br/>Starting to echo

0 Record(s) syncronized.............................<br/>2019/03/10 18:51:41
Successfully connected to Oracle.<br/>Starting to echo

0 Record(s) syncronized.............................<br/>2019/03/20 18:51:41
Successfully connected to Oracle.<br/>Starting to echo

0 Record(s) syncronized.............................<br/>2019/03/30 18:51:41
Successfully connected to Oracle.<br/>Starting to echo

0 Record(s) syncronized.............................<br/>2019/04/10 18:51:41
Successfully connected to Oracle.<br/>Starting to echo

0 Record(s) syncronized.............................<br/>2019/04/20 18:51:40
Successfully connected to Oracle.<br/>Starting to echo

0 Record(s) syncronized.............................<br/>