2018/11/05 15:41:41
Successfully connected to Oracle.<br/>Starting to echo

0 Record(s) syncronized.............................<br/>2018/11/15 15:41:41
Successfully connected to Oracle.<br/>Starting to echo

0 Record(s) syncronized.............................<br/>2018/11/25 15:41:41
Successfully connected to Oracle.<br/>Starting to echo

0 Record(s) syncronized.............................<br/>2018/12/05 15:41:41
Successfully connected to Oracle.<br/>Starting to echo

0 Record(s) syncronized.............................<br/>2018/12/15 15:41:42
Successfully connected to Oracle.<br/>Starting to echo

0 Record(s) syncronized.............................<br/>2018/12/25 15:41:41
Successfully connected to Oracle.<br/>Starting to echo

0 Record(s) syncronized.............................<br/>2019/01/05 15:41:41
Successfully connected to Oracle.<br/>Starting to echo

0 Record(s) syncronized.............................<br/>2019/01/15 15:41:41
Successfully connected to Oracle.<br/>Starting to echo

0 Record(s) syncronized.............................<br/>2019/01/25 15:41:41
Successfully connected to Oracle.<br/>Starting to echo

0 Record(s) syncronized.............................<br/>2019/02/05 15:41:41
Successfully connected to Oracle.<br/>Starting to echo

0 Record(s) syncronized.............................<br/>2019/02/15 15:41:41
Successfully connected to Oracle.<br/>Starting to echo
1  Record(s) reading................<br/>200003821450501 - LEPO3W<br/>1  Inserted................<br/><br/>2  Record(s) reading................<br/>218003757750501 - LEPO3W<br/>2  Inserted................<br/><br/>3  Record(s) reading................<br/>221003793550501 - LEPO3W<br/>3  Inserted................<br/><br/>4  Record(s) reading................<br/>221003823150501 - LEPO3W<br/>4  Inserted................<br/><br/>5  Record(s) reading................<br/>261003580650501 - LEPO3W<br/>5  Inserted................<br/><br/>6  Record(s) reading................<br/>261003796150501 - LEPO3W<br/>6  Inserted................<br/><br/>7  Record(s) reading................<br/>217003823650501 - LEPO3W<br/>7  Inserted................<br/><br/>
7 Record(s) syncronized.............................<br/>2019/02/25 15:41:41
Successfully connected to Oracle.<br/>Starting to echo
1  Record(s) reading................<br/>225003842950501 - LEPO3W<br/>1  Inserted................<br/><br/>2  Record(s) reading................<br/>222003842150501 - LEPO3W<br/>2  Inserted................<br/><br/>3  Record(s) reading................<br/>240003820950501 - LEPO3W<br/>3  Inserted................<br/><br/>4  Record(s) reading................<br/>228003752850501 - LEPO3W<br/>4  Inserted................<br/><br/>5  Record(s) reading................<br/>228003825950501 - LEPO3W<br/>5  Inserted................<br/><br/>6  Record(s) reading................<br/>213003841650501 - LEPO3W<br/>6  Inserted................<br/><br/>7  Record(s) reading................<br/>217003838650501 - LEPO3W<br/>7  Inserted................<br/><br/>
7 Record(s) syncronized.............................<br/>2019/03/05 15:41:41
Successfully connected to Oracle.<br/>Starting to echo

0 Record(s) syncronized.............................<br/>2019/03/15 15:41:41
Successfully connected to Oracle.<br/>Starting to echo

0 Record(s) syncronized.............................<br/>2019/03/25 15:41:41
Successfully connected to Oracle.<br/>Starting to echo
1  Record(s) reading................<br/>260003905950501 - LEPO3W<br/>1  Inserted................<br/><br/>2  Record(s) reading................<br/>245003882750501 - LEPO3W<br/>2  Inserted................<br/><br/>3  Record(s) reading................<br/>225003935650501 - LEPO3W<br/>3  Inserted................<br/><br/>4  Record(s) reading................<br/>221003930950501 - LEPO3W<br/>4  Inserted................<br/><br/>5  Record(s) reading................<br/>221003916550501 - LEPO3W<br/>5  Inserted................<br/><br/>6  Record(s) reading................<br/>258003914850501 - LEPO3W<br/>6  Inserted................<br/><br/>
6 Record(s) syncronized.............................<br/>2019/04/05 15:41:41
Successfully connected to Oracle.<br/>Starting to echo

0 Record(s) syncronized.............................<br/>2019/04/15 15:41:41
Successfully connected to Oracle.<br/>Starting to echo

0 Record(s) syncronized.............................<br/>