2018/11/12 16:31:43
Successfully connected to Oracle.<br/>Starting to echo

0 Record(s) syncronized.............................<br/>2018/11/22 16:31:41
Successfully connected to Oracle.<br/>Starting to echo

0 Record(s) syncronized.............................<br/>2018/12/02 16:31:41
Successfully connected to Oracle.<br/>Starting to echo

0 Record(s) syncronized.............................<br/>2018/12/12 16:31:41
Successfully connected to Oracle.<br/>Starting to echo

0 Record(s) syncronized.............................<br/>2018/12/22 16:31:41
Successfully connected to Oracle.<br/>Starting to echo

0 Record(s) syncronized.............................<br/>2019/01/02 16:31:41
Successfully connected to Oracle.<br/>Starting to echo
1  Record(s) reading................<br/>246003596050501 - LEPO3W<br/>1  Inserted................<br/><br/>2  Record(s) reading................<br/>209003592450501 - LEPO3W<br/>2  Inserted................<br/><br/>3  Record(s) reading................<br/>258003474250501 - LEPO3W<br/>3  Inserted................<br/><br/>4  Record(s) reading................<br/>258003520650501 - LEPO3W<br/>4  Inserted................<br/><br/>5  Record(s) reading................<br/>245003597250501 - LEPO3W<br/>5  Inserted................<br/><br/>6  Record(s) reading................<br/>245003597450501 - LEPO3W<br/>6  Inserted................<br/><br/>7  Record(s) reading................<br/>209003603350501 - LEPO3W<br/>7  Inserted................<br/><br/>8  Record(s) reading................<br/>209003593950501 - LEPO3W<br/>8  Inserted................<br/><br/>9  Record(s) reading................<br/>245003596550501 - LEPO3W<br/>9  Inserted................<br/><br/>10  Record(s) reading................<br/>245003596750501 - LEPO3W<br/>10  Inserted................<br/><br/>
10 Record(s) syncronized.............................<br/>2019/01/12 16:31:41
Successfully connected to Oracle.<br/>Starting to echo

0 Record(s) syncronized.............................<br/>2019/01/22 16:31:41
Successfully connected to Oracle.<br/>Starting to echo
1  Record(s) reading................<br/>209003647750501 - LEPO3W<br/>1  Inserted................<br/><br/>2  Record(s) reading................<br/>209003611750501 - LEPO3W<br/>2  Inserted................<br/><br/>3  Record(s) reading................<br/>257003523650501 - LEPO3W<br/>3  Inserted................<br/><br/>4  Record(s) reading................<br/>208003519350501 - LEPO3W<br/>4  Inserted................<br/><br/>5  Record(s) reading................<br/>268003666950501 - LEPO3W<br/>5  Inserted................<br/><br/>6  Record(s) reading................<br/>264003607150501 - LEPO3W<br/>6  Inserted................<br/><br/>7  Record(s) reading................<br/>265003549650503 - LEPO3W<br/>7  Inserted................<br/><br/>8  Record(s) reading................<br/>264003679250501 - LEPO3W<br/>8  Inserted................<br/><br/>9  Record(s) reading................<br/>264003679150501 - LEPO3W<br/>9  Inserted................<br/><br/>10  Record(s) reading................<br/>206003683050501 - LEPO3W<br/>10  Inserted................<br/><br/>11  Record(s) reading................<br/>268003671450501 - LEPO3W<br/>11  Inserted................<br/><br/>12  Record(s) reading................<br/>217003652550502 - LEPO3W<br/>12  Inserted................<br/><br/>13  Record(s) reading................<br/>216003481250501 - LEPO3W<br/>13  Inserted................<br/><br/>14  Record(s) reading................<br/>207003690650501 - LEPO3W<br/>14  Inserted................<br/><br/>15  Record(s) reading................<br/>240003637650501 - LEPO3W<br/>15  Inserted................<br/><br/>16  Record(s) reading................<br/>240003560850501 - LEPO3W<br/>16  Inserted................<br/><br/>
16 Record(s) syncronized.............................<br/>2019/02/02 16:31:41
Successfully connected to Oracle.<br/>Starting to echo

0 Record(s) syncronized.............................<br/>2019/02/12 16:31:41
Successfully connected to Oracle.<br/>Starting to echo

0 Record(s) syncronized.............................<br/>2019/02/22 16:31:41
Successfully connected to Oracle.<br/>Starting to echo

0 Record(s) syncronized.............................<br/>2019/03/02 16:31:41
Successfully connected to Oracle.<br/>Starting to echo

0 Record(s) syncronized.............................<br/>2019/03/12 16:31:41
Successfully connected to Oracle.<br/>Starting to echo

0 Record(s) syncronized.............................<br/>2019/03/22 16:31:41
Successfully connected to Oracle.<br/>Starting to echo

0 Record(s) syncronized.............................<br/>2019/04/02 16:31:41
Successfully connected to Oracle.<br/>Starting to echo

0 Record(s) syncronized.............................<br/>2019/04/12 16:31:41
Successfully connected to Oracle.<br/>Starting to echo

0 Record(s) syncronized.............................<br/>2019/04/22 16:31:41
Successfully connected to Oracle.<br/>Starting to echo

0 Record(s) syncronized.............................<br/>