2018/11/11 16:21:41
Successfully connected to Oracle.<br/>Starting to echo

0 Record(s) syncronized.............................<br/>2018/11/21 16:21:41
Successfully connected to Oracle.<br/>Starting to echo
1  Record(s) reading................<br/>249003283851001 - LEPO3W<br/>1  Inserted................<br/><br/>
1 Record(s) syncronized.............................<br/>2018/12/01 16:21:41
Successfully connected to Oracle.<br/>Starting to echo

0 Record(s) syncronized.............................<br/>2018/12/11 16:21:41
Successfully connected to Oracle.<br/>Starting to echo

0 Record(s) syncronized.............................<br/>2018/12/21 16:21:41
Successfully connected to Oracle.<br/>Starting to echo

0 Record(s) syncronized.............................<br/>2018/12/31 16:21:41
Successfully connected to Oracle.<br/>Starting to echo
1  Record(s) reading................<br/>224003574750501 - LEPO3W<br/>1  Inserted................<br/><br/>2  Record(s) reading................<br/>224003543050501 - LEPO3W<br/>2  Inserted................<br/><br/>3  Record(s) reading................<br/>209003558050501 - LEPO3W<br/>3  Inserted................<br/><br/>4  Record(s) reading................<br/>225003375750501 - LEPO3W<br/>4  Inserted................<br/><br/>5  Record(s) reading................<br/>217003414750501 - LEPO3W<br/>5  Inserted................<br/><br/>6  Record(s) reading................<br/>225003373750501 - LEPO3W<br/>6  Inserted................<br/><br/>
6 Record(s) syncronized.............................<br/>2019/01/01 16:21:41
Successfully connected to Oracle.<br/>Starting to echo
1  Record(s) reading................<br/>219003614151001 - LEPO3W<br/>1  Inserted................<br/><br/>
1 Record(s) syncronized.............................<br/>2019/01/11 16:21:41
Successfully connected to Oracle.<br/>Starting to echo

0 Record(s) syncronized.............................<br/>2019/01/21 16:21:41
Successfully connected to Oracle.<br/>Starting to echo

0 Record(s) syncronized.............................<br/>2019/01/31 16:21:41
Successfully connected to Oracle.<br/>Starting to echo

0 Record(s) syncronized.............................<br/>2019/02/01 16:21:41
Successfully connected to Oracle.<br/>Starting to echo

0 Record(s) syncronized.............................<br/>2019/02/11 16:21:42
Successfully connected to Oracle.<br/>Starting to echo

0 Record(s) syncronized.............................<br/>2019/02/21 16:21:41
Successfully connected to Oracle.<br/>Starting to echo
1  Record(s) reading................<br/>225003661050503 - LEPO3W<br/>1  Inserted................<br/><br/>2  Record(s) reading................<br/>230003840950501 - LEPO3W<br/>2  Inserted................<br/><br/>
2 Record(s) syncronized.............................<br/>2019/03/01 16:21:41
Successfully connected to Oracle.<br/>Starting to echo

0 Record(s) syncronized.............................<br/>2019/03/11 16:21:44
Successfully connected to Oracle.<br/>Starting to echo

0 Record(s) syncronized.............................<br/>2019/03/21 16:21:41
Successfully connected to Oracle.<br/>Starting to echo
1  Record(s) reading................<br/>218003932651001 - LEPO3W<br/>1  Inserted................<br/><br/>
1 Record(s) syncronized.............................<br/>2019/03/31 16:21:41
Successfully connected to Oracle.<br/>Starting to echo

0 Record(s) syncronized.............................<br/>2019/04/01 16:21:41
Successfully connected to Oracle.<br/>Starting to echo

0 Record(s) syncronized.............................<br/>2019/04/11 16:21:41
Successfully connected to Oracle.<br/>Starting to echo

0 Record(s) syncronized.............................<br/>2019/04/21 16:21:41
Successfully connected to Oracle.<br/>Starting to echo

0 Record(s) syncronized.............................<br/>