2018/11/09 15:51:41
Successfully connected to Oracle.<br/>Starting to echo

0 Record(s) syncronized.............................<br/>2018/11/19 15:51:41
Successfully connected to Oracle.<br/>Starting to echo

0 Record(s) syncronized.............................<br/>2018/11/29 15:51:41
Successfully connected to Oracle.<br/>Starting to echo

0 Record(s) syncronized.............................<br/>2018/12/09 15:51:41
Successfully connected to Oracle.<br/>Starting to echo

0 Record(s) syncronized.............................<br/>2018/12/19 15:51:41
Successfully connected to Oracle.<br/>Starting to echo
1  Record(s) reading................<br/>265003457850501 - LEPO3W<br/>1  Inserted................<br/><br/>
1 Record(s) syncronized.............................<br/>2018/12/29 15:51:41
Successfully connected to Oracle.<br/>Starting to echo

0 Record(s) syncronized.............................<br/>2019/01/09 15:51:41
Successfully connected to Oracle.<br/>Starting to echo

0 Record(s) syncronized.............................<br/>2019/01/19 15:51:41
Successfully connected to Oracle.<br/>Starting to echo

0 Record(s) syncronized.............................<br/>2019/01/29 15:51:41
Successfully connected to Oracle.<br/>Starting to echo

0 Record(s) syncronized.............................<br/>2019/02/09 15:51:41
Successfully connected to Oracle.<br/>Starting to echo

0 Record(s) syncronized.............................<br/>2019/02/19 15:51:41
Successfully connected to Oracle.<br/>Starting to echo

0 Record(s) syncronized.............................<br/>2019/03/09 15:51:41
Successfully connected to Oracle.<br/>Starting to echo

0 Record(s) syncronized.............................<br/>2019/03/19 15:51:41
Successfully connected to Oracle.<br/>Starting to echo

0 Record(s) syncronized.............................<br/>2019/03/29 15:51:41
Successfully connected to Oracle.<br/>Starting to echo
1  Record(s) reading................<br/>260003905750501 - LEPO3W<br/>1  Inserted................<br/><br/>2  Record(s) reading................<br/>260003906050501 - LEPO3W<br/>2  Inserted................<br/><br/>3  Record(s) reading................<br/>218003965850501 - LEPO3W<br/>3  Inserted................<br/><br/>4  Record(s) reading................<br/>217003943150501 - LEPO3W<br/>4  Inserted................<br/><br/>
4 Record(s) syncronized.............................<br/>2019/04/09 15:51:41
Successfully connected to Oracle.<br/>Starting to echo
1  Record(s) reading................<br/>253003984950501 - LEPO3W<br/>1  Inserted................<br/><br/>2  Record(s) reading................<br/>250003941050501 - LEPO3W<br/>2  Inserted................<br/><br/>3  Record(s) reading................<br/>240003959250505 - LEPO3W<br/>3  Inserted................<br/><br/>4  Record(s) reading................<br/>256003907850504 - LEPO3W<br/>4  Inserted................<br/><br/>5  Record(s) reading................<br/>265004003950502 - LEPO3W<br/>5  Inserted................<br/><br/>
5 Record(s) syncronized.............................<br/>2019/04/19 15:51:41
Successfully connected to Oracle.<br/>Starting to echo

0 Record(s) syncronized.............................<br/>