2018/11/08 14:01:41
Successfully connected to Oracle.<br/>Starting to echo

0 Record(s) syncronized.............................<br/>2018/11/18 14:01:41
Successfully connected to Oracle.<br/>Starting to echo

0 Record(s) syncronized.............................<br/>2018/11/28 14:01:41
Successfully connected to Oracle.<br/>Starting to echo
1  Record(s) reading................<br/>259003300551001 - LEPO3W<br/>1  Inserted................<br/><br/>
1 Record(s) syncronized.............................<br/>2018/12/08 14:01:41
Successfully connected to Oracle.<br/>Starting to echo

0 Record(s) syncronized.............................<br/>2018/12/18 14:01:41
Successfully connected to Oracle.<br/>Starting to echo

0 Record(s) syncronized.............................<br/>2018/12/28 14:01:41
Successfully connected to Oracle.<br/>Starting to echo

0 Record(s) syncronized.............................<br/>2019/01/08 14:01:41
Successfully connected to Oracle.<br/>Starting to echo
1  Record(s) reading................<br/>259003641251001 - LEPO3W<br/>1  Inserted................<br/><br/>2  Record(s) reading................<br/>225003436550501 - LEPO3W<br/>2  Inserted................<br/><br/>3  Record(s) reading................<br/>225003450750501 - LEPO3W<br/>3  Inserted................<br/><br/>
3 Record(s) syncronized.............................<br/>2019/01/18 14:01:41
Successfully connected to Oracle.<br/>Starting to echo

0 Record(s) syncronized.............................<br/>2019/01/28 14:01:41
Successfully connected to Oracle.<br/>Starting to echo
1  Record(s) reading................<br/>221003772651001 - LEPO3W<br/>1  Inserted................<br/><br/>
1 Record(s) syncronized.............................<br/>2019/02/08 14:01:41
Successfully connected to Oracle.<br/>Starting to echo

0 Record(s) syncronized.............................<br/>2019/02/18 14:01:41
Successfully connected to Oracle.<br/>Starting to echo

0 Record(s) syncronized.............................<br/>2019/02/28 14:01:41
Successfully connected to Oracle.<br/>Starting to echo

0 Record(s) syncronized.............................<br/>2019/03/08 14:01:41
Successfully connected to Oracle.<br/>Starting to echo
1  Record(s) reading................<br/>206003872851001 - LEPO3W<br/>1  Inserted................<br/><br/>
1 Record(s) syncronized.............................<br/>2019/03/18 14:01:41
Successfully connected to Oracle.<br/>Starting to echo
1  Record(s) reading................<br/>259003915851001 - LEPO3W<br/>1  Inserted................<br/><br/>
1 Record(s) syncronized.............................<br/>2019/03/28 14:01:41
Successfully connected to Oracle.<br/>Starting to echo

0 Record(s) syncronized.............................<br/>2019/04/08 14:01:41
Successfully connected to Oracle.<br/>Starting to echo

0 Record(s) syncronized.............................<br/>2019/04/18 14:01:41
Successfully connected to Oracle.<br/>Starting to echo

0 Record(s) syncronized.............................<br/>