2018/11/05 15:31:41
Successfully connected to Oracle.<br/>Starting to echo

0 Record(s) syncronized.............................<br/>2018/11/15 15:31:41
Successfully connected to Oracle.<br/>Starting to echo

0 Record(s) syncronized.............................<br/>2018/11/25 15:31:41
Successfully connected to Oracle.<br/>Starting to echo

0 Record(s) syncronized.............................<br/>2018/12/05 15:31:41
Successfully connected to Oracle.<br/>Starting to echo
1  Record(s) reading................<br/>217003308051001 - LEPO3W<br/>1  Inserted................<br/><br/>2  Record(s) reading................<br/>235003310451001 - LEPO3W<br/>2  Inserted................<br/><br/>3  Record(s) reading................<br/>208003369351001 - LEPO3W<br/>3  Inserted................<br/><br/>
3 Record(s) syncronized.............................<br/>2018/12/15 15:31:41
Successfully connected to Oracle.<br/>Starting to echo

0 Record(s) syncronized.............................<br/>2018/12/25 15:31:41
Successfully connected to Oracle.<br/>Starting to echo

0 Record(s) syncronized.............................<br/>2019/01/05 15:31:41
Successfully connected to Oracle.<br/>Starting to echo

0 Record(s) syncronized.............................<br/>2019/01/15 15:31:41
Successfully connected to Oracle.<br/>Starting to echo

0 Record(s) syncronized.............................<br/>2019/01/25 15:31:41
Successfully connected to Oracle.<br/>Starting to echo

0 Record(s) syncronized.............................<br/>2019/02/05 15:31:41
Successfully connected to Oracle.<br/>Starting to echo
1  Record(s) reading................<br/>214003797050501 - LEPO3W<br/>1  Inserted................<br/><br/>
1 Record(s) syncronized.............................<br/>2019/02/15 15:31:41
Successfully connected to Oracle.<br/>Starting to echo
1  Record(s) reading................<br/>245002964050502 - LEPO3W<br/>1  Inserted................<br/><br/>2  Record(s) reading................<br/>210003725150501 - LEPO3W<br/>2  Inserted................<br/><br/>3  Record(s) reading................<br/>235003818050502 - LEPO3W<br/>3  Inserted................<br/><br/>4  Record(s) reading................<br/>246003813550501 - LEPO3W<br/>4  Inserted................<br/><br/>5  Record(s) reading................<br/>225003373250502 - LEPO3W<br/>5  Inserted................<br/><br/>6  Record(s) reading................<br/>218003780650502 - LEPO3W<br/>6  Inserted................<br/><br/>7  Record(s) reading................<br/>240003739450501 - LEPO3W<br/>7  Inserted................<br/><br/>8  Record(s) reading................<br/>225003821250501 - LEPO3W<br/>8  Inserted................<br/><br/>9  Record(s) reading................<br/>220003808750502 - LEPO3W<br/>9  Inserted................<br/><br/>10  Record(s) reading................<br/>266003814450501 - LEPO3W<br/>10  Inserted................<br/><br/>11  Record(s) reading................<br/>248003368650502 - LEPO3W<br/>11  Inserted................<br/><br/>12  Record(s) reading................<br/>225003818850501 - LEPO3W<br/>12  Inserted................<br/><br/>
12 Record(s) syncronized.............................<br/>2019/02/25 15:31:41
Successfully connected to Oracle.<br/>Starting to echo

0 Record(s) syncronized.............................<br/>2019/03/05 15:31:41
Successfully connected to Oracle.<br/>Starting to echo

0 Record(s) syncronized.............................<br/>2019/03/15 15:31:41
Successfully connected to Oracle.<br/>Starting to echo

0 Record(s) syncronized.............................<br/>2019/03/25 15:31:41
Successfully connected to Oracle.<br/>Starting to echo

0 Record(s) syncronized.............................<br/>2019/04/05 15:31:41
Successfully connected to Oracle.<br/>Starting to echo

0 Record(s) syncronized.............................<br/>2019/04/15 15:31:41
Successfully connected to Oracle.<br/>Starting to echo

0 Record(s) syncronized.............................<br/>