2018/11/14 16:21:41
Successfully connected to Oracle.<br/>Starting to echo

0 Record(s) syncronized.............................<br/>2018/11/24 16:21:41
Successfully connected to Oracle.<br/>Starting to echo

0 Record(s) syncronized.............................<br/>2018/12/04 16:21:41
Successfully connected to Oracle.<br/>Starting to echo

0 Record(s) syncronized.............................<br/>2018/12/14 16:21:41
Successfully connected to Oracle.<br/>Starting to echo
1  Record(s) reading................<br/>248003266850502 - LEPO3W<br/>1  Inserted................<br/><br/>2  Record(s) reading................<br/>261003443750501 - LEPO3W<br/>2  Inserted................<br/><br/>3  Record(s) reading................<br/>222003444850501 - LEPO3W<br/>3  Inserted................<br/><br/>4  Record(s) reading................<br/>268003442150501 - LEPO3W<br/>4  Inserted................<br/><br/>5  Record(s) reading................<br/>265003437950501 - LEPO3W<br/>5  Inserted................<br/><br/>6  Record(s) reading................<br/>265003364850501 - LEPO3W<br/>6  Inserted................<br/><br/>7  Record(s) reading................<br/>268003404450501 - LEPO3W<br/>7  Inserted................<br/><br/>8  Record(s) reading................<br/>239003352950502 - LEPO3W<br/>8  Inserted................<br/><br/>9  Record(s) reading................<br/>235003439050501 - LEPO3W<br/>9  Inserted................<br/><br/>10  Record(s) reading................<br/>235003399350501 - LEPO3W<br/>10  Inserted................<br/><br/>11  Record(s) reading................<br/>267003447450501 - LEPO3W<br/>11  Inserted................<br/><br/>12  Record(s) reading................<br/>228003377150501 - LEPO3W<br/>12  Inserted................<br/><br/>13  Record(s) reading................<br/>206001911350501 - LEPO3W<br/>13  Inserted................<br/><br/>14  Record(s) reading................<br/>209003408250501 - LEPO3W<br/>14  Inserted................<br/><br/>
14 Record(s) syncronized.............................<br/>2018/12/24 16:21:41
Successfully connected to Oracle.<br/>Starting to echo

0 Record(s) syncronized.............................<br/>2019/01/04 16:21:41
Successfully connected to Oracle.<br/>Starting to echo

0 Record(s) syncronized.............................<br/>2019/01/14 16:21:41
Successfully connected to Oracle.<br/>Starting to echo

0 Record(s) syncronized.............................<br/>2019/01/24 16:21:41
Successfully connected to Oracle.<br/>Starting to echo

0 Record(s) syncronized.............................<br/>2019/02/04 16:21:41
Successfully connected to Oracle.<br/>Starting to echo

0 Record(s) syncronized.............................<br/>2019/02/14 16:21:41
Successfully connected to Oracle.<br/>Starting to echo

0 Record(s) syncronized.............................<br/>2019/02/24 16:21:41
Successfully connected to Oracle.<br/>Starting to echo

0 Record(s) syncronized.............................<br/>2019/03/04 16:21:41
Successfully connected to Oracle.<br/>Starting to echo

0 Record(s) syncronized.............................<br/>2019/03/14 16:21:42
Successfully connected to Oracle.<br/>Starting to echo
1  Record(s) reading................<br/>222002518150502 - LEPO3W<br/>1  Inserted................<br/><br/>2  Record(s) reading................<br/>248003902050501 - LEPO3W<br/>2  Inserted................<br/><br/>3  Record(s) reading................<br/>266003883650501 - LEPO3W<br/>3  Inserted................<br/><br/>4  Record(s) reading................<br/>252003894350501 - LEPO3W<br/>4  Inserted................<br/><br/>5  Record(s) reading................<br/>246003871250501 - LEPO3W<br/>5  Inserted................<br/><br/>6  Record(s) reading................<br/>239003887650501 - LEPO3W<br/>6  Inserted................<br/><br/>7  Record(s) reading................<br/>225003868950501 - LEPO3W<br/>7  Inserted................<br/><br/>8  Record(s) reading................<br/>265003903450501 - LEPO3W<br/>8  Inserted................<br/><br/>9  Record(s) reading................<br/>239003881550501 - LEPO3W<br/>9  Inserted................<br/><br/>10  Record(s) reading................<br/>245003893950501 - LEPO3W<br/>10  Inserted................<br/><br/>11  Record(s) reading................<br/>239003900150501 - LEPO3W<br/>11  Inserted................<br/><br/>12  Record(s) reading................<br/>248003875950501 - LEPO3W<br/>12  Inserted................<br/><br/>13  Record(s) reading................<br/>222003892550501 - LEPO3W<br/>13  Inserted................<br/><br/>14  Record(s) reading................<br/>225003863850501 - LEPO3W<br/>14  Inserted................<br/><br/>15  Record(s) reading................<br/>246003871650501 - LEPO3W<br/>15  Inserted................<br/><br/>16  Record(s) reading................<br/>225003872350501 - LEPO3W<br/>16  Inserted................<br/><br/>
16 Record(s) syncronized.............................<br/>2019/03/24 16:21:41
Successfully connected to Oracle.<br/>Starting to echo

0 Record(s) syncronized.............................<br/>2019/04/04 16:21:41
Successfully connected to Oracle.<br/>Starting to echo

0 Record(s) syncronized.............................<br/>2019/04/14 16:21:41
Successfully connected to Oracle.<br/>Starting to echo

0 Record(s) syncronized.............................<br/>