2018/11/10 15:31:41
Successfully connected to Oracle.<br/>Starting to echo

0 Record(s) syncronized.............................<br/>2018/11/20 15:31:41
Successfully connected to Oracle.<br/>Starting to echo

0 Record(s) syncronized.............................<br/>2018/11/30 15:31:41
Successfully connected to Oracle.<br/>Starting to echo
1  Record(s) reading................<br/>209003337550501 - LEPO3W<br/>1  Inserted................<br/><br/>2  Record(s) reading................<br/>239003357050501 - LEPO3W<br/>2  Inserted................<br/><br/>3  Record(s) reading................<br/>245003288550501 - LEPO3W<br/>3  Inserted................<br/><br/>4  Record(s) reading................<br/>245003343950501 - LEPO3W<br/>4  Inserted................<br/><br/>5  Record(s) reading................<br/>250003256250501 - LEPO3W<br/>5  Inserted................<br/><br/>6  Record(s) reading................<br/>239003326050501 - LEPO3W<br/>6  Inserted................<br/><br/>7  Record(s) reading................<br/>245003339050501 - LEPO3W<br/>7  Inserted................<br/><br/>8  Record(s) reading................<br/>239003336750501 - LEPO3W<br/>8  Inserted................<br/><br/>9  Record(s) reading................<br/>209003337250501 - LEPO3W<br/>9  Inserted................<br/><br/>10  Record(s) reading................<br/>209003335850501 - LEPO3W<br/>10  Inserted................<br/><br/>11  Record(s) reading................<br/>208003354750501 - LEPO3W<br/>11  Inserted................<br/><br/>
11 Record(s) syncronized.............................<br/>2018/12/10 15:31:41
Successfully connected to Oracle.<br/>Starting to echo

0 Record(s) syncronized.............................<br/>2018/12/20 15:31:41
Successfully connected to Oracle.<br/>Starting to echo

0 Record(s) syncronized.............................<br/>2018/12/30 15:31:41
Successfully connected to Oracle.<br/>Starting to echo

0 Record(s) syncronized.............................<br/>2019/01/10 15:31:41
Successfully connected to Oracle.<br/>Starting to echo
1  Record(s) reading................<br/>248003658950501 - LEPO3W<br/>1  Inserted................<br/><br/>
1 Record(s) syncronized.............................<br/>2019/01/20 15:31:41
Successfully connected to Oracle.<br/>Starting to echo

0 Record(s) syncronized.............................<br/>2019/01/30 15:31:41
Successfully connected to Oracle.<br/>Starting to echo

0 Record(s) syncronized.............................<br/>2019/02/10 15:31:41
Successfully connected to Oracle.<br/>Starting to echo

0 Record(s) syncronized.............................<br/>2019/02/20 15:31:42
Successfully connected to Oracle.<br/>Starting to echo

0 Record(s) syncronized.............................<br/>2019/03/10 15:31:41
Successfully connected to Oracle.<br/>Starting to echo

0 Record(s) syncronized.............................<br/>2019/03/20 15:31:41
Successfully connected to Oracle.<br/>Starting to echo

0 Record(s) syncronized.............................<br/>2019/03/30 15:31:41
Successfully connected to Oracle.<br/>Starting to echo

0 Record(s) syncronized.............................<br/>2019/04/10 15:31:41
Successfully connected to Oracle.<br/>Starting to echo

0 Record(s) syncronized.............................<br/>2019/04/20 15:31:41
Successfully connected to Oracle.<br/>Starting to echo

0 Record(s) syncronized.............................<br/>