2018/11/10 19:31:41
Successfully connected to Oracle.<br/>Starting to echo

0 Record(s) syncronized.............................<br/>2018/11/20 19:31:41
Successfully connected to Oracle.<br/>Starting to echo

0 Record(s) syncronized.............................<br/>2018/11/30 19:31:41
Successfully connected to Oracle.<br/>Starting to echo
1  Record(s) reading................<br/>218003284250501 - LEPO3W<br/>1  Inserted................<br/><br/>2  Record(s) reading................<br/>225003272150501 - LEPO3W<br/>2  Inserted................<br/><br/>3  Record(s) reading................<br/>222003305950501 - LEPO3W<br/>3  Inserted................<br/><br/>4  Record(s) reading................<br/>225003294450501 - LEPO3W<br/>4  Inserted................<br/><br/>5  Record(s) reading................<br/>225003264650501 - LEPO3W<br/>5  Inserted................<br/><br/>6  Record(s) reading................<br/>225003311050501 - LEPO3W<br/>6  Inserted................<br/><br/>7  Record(s) reading................<br/>267003273650502 - LEPO3W<br/>7  Inserted................<br/><br/>8  Record(s) reading................<br/>235003326350502 - LEPO3W<br/>8  Inserted................<br/><br/>9  Record(s) reading................<br/>206003367751001 - LEPO3W<br/>9  Inserted................<br/><br/>10  Record(s) reading................<br/>250003199350503 - LEPO3W<br/>10  Inserted................<br/><br/>11  Record(s) reading................<br/>206003265950501 - LEPO3W<br/>11  Inserted................<br/><br/>
11 Record(s) syncronized.............................<br/>2018/12/10 19:31:41
Successfully connected to Oracle.<br/>Starting to echo

0 Record(s) syncronized.............................<br/>2018/12/20 19:31:41
Successfully connected to Oracle.<br/>Starting to echo

0 Record(s) syncronized.............................<br/>2018/12/30 19:31:41
Successfully connected to Oracle.<br/>Starting to echo

0 Record(s) syncronized.............................<br/>2019/01/10 19:31:41
Successfully connected to Oracle.<br/>Starting to echo

0 Record(s) syncronized.............................<br/>2019/01/20 19:31:41
Successfully connected to Oracle.<br/>Starting to echo

0 Record(s) syncronized.............................<br/>2019/01/30 19:31:41
Successfully connected to Oracle.<br/>Starting to echo

0 Record(s) syncronized.............................<br/>2019/02/10 19:31:41
Successfully connected to Oracle.<br/>Starting to echo

0 Record(s) syncronized.............................<br/>2019/02/20 19:31:41
Successfully connected to Oracle.<br/>Starting to echo

0 Record(s) syncronized.............................<br/>2019/03/10 19:31:41
Successfully connected to Oracle.<br/>Starting to echo

0 Record(s) syncronized.............................<br/>2019/03/20 19:31:41
Successfully connected to Oracle.<br/>Starting to echo

0 Record(s) syncronized.............................<br/>2019/03/30 19:31:41
Successfully connected to Oracle.<br/>Starting to echo

0 Record(s) syncronized.............................<br/>2019/04/10 19:31:43
Successfully connected to Oracle.<br/>Starting to echo

0 Record(s) syncronized.............................<br/>2019/04/20 19:31:41
Successfully connected to Oracle.<br/>Starting to echo

0 Record(s) syncronized.............................<br/>