2018/11/07 17:01:41
Successfully connected to Oracle.<br/>Starting to echo

0 Record(s) syncronized.............................<br/>2018/11/17 17:01:41
Successfully connected to Oracle.<br/>Starting to echo

0 Record(s) syncronized.............................<br/>2018/11/27 17:01:41
Successfully connected to Oracle.<br/>Starting to echo

0 Record(s) syncronized.............................<br/>2018/12/07 17:01:41
Successfully connected to Oracle.<br/>Starting to echo

0 Record(s) syncronized.............................<br/>2018/12/17 17:01:41
Successfully connected to Oracle.<br/>Starting to echo

0 Record(s) syncronized.............................<br/>2018/12/27 17:01:41
Successfully connected to Oracle.<br/>Starting to echo

0 Record(s) syncronized.............................<br/>2019/01/07 17:01:41
Successfully connected to Oracle.<br/>Starting to echo

0 Record(s) syncronized.............................<br/>2019/01/17 17:01:41
Successfully connected to Oracle.<br/>Starting to echo
1  Record(s) reading................<br/>264003608750501 - LEPO3W<br/>1  Inserted................<br/><br/>2  Record(s) reading................<br/>239003529050501 - LEPO3W<br/>2  Inserted................<br/><br/>3  Record(s) reading................<br/>218003645750501 - LEPO3W<br/>3  Inserted................<br/><br/>4  Record(s) reading................<br/>248003590150501 - LEPO3W<br/>4  Inserted................<br/><br/>5  Record(s) reading................<br/>255003647350501 - LEPO3W<br/>5  Inserted................<br/><br/>6  Record(s) reading................<br/>225003624250501 - LEPO3W<br/>6  Inserted................<br/><br/>7  Record(s) reading................<br/>222003698550501 - LEPO3W<br/>7  Inserted................<br/><br/>8  Record(s) reading................<br/>246003655950501 - LEPO3W<br/>8  Inserted................<br/><br/>9  Record(s) reading................<br/>224003564150501 - LEPO3W<br/>9  Inserted................<br/><br/>10  Record(s) reading................<br/>261003616450501 - LEPO3W<br/>10  Inserted................<br/><br/>11  Record(s) reading................<br/>268003630650501 - LEPO3W<br/>11  Inserted................<br/><br/>
11 Record(s) syncronized.............................<br/>2019/01/27 17:01:41
Successfully connected to Oracle.<br/>Starting to echo

0 Record(s) syncronized.............................<br/>2019/02/07 17:01:41
Successfully connected to Oracle.<br/>Starting to echo

0 Record(s) syncronized.............................<br/>2019/02/17 17:01:41
Successfully connected to Oracle.<br/>Starting to echo

0 Record(s) syncronized.............................<br/>2019/02/27 17:01:41
Successfully connected to Oracle.<br/>Starting to echo

0 Record(s) syncronized.............................<br/>2019/03/07 17:01:41
Successfully connected to Oracle.<br/>Starting to echo

0 Record(s) syncronized.............................<br/>2019/03/17 17:01:41
Successfully connected to Oracle.<br/>Starting to echo

0 Record(s) syncronized.............................<br/>2019/03/27 17:01:41
Successfully connected to Oracle.<br/>Starting to echo

0 Record(s) syncronized.............................<br/>2019/04/07 17:01:41
Successfully connected to Oracle.<br/>Starting to echo

0 Record(s) syncronized.............................<br/>2019/04/17 17:01:41
Successfully connected to Oracle.<br/>Starting to echo

0 Record(s) syncronized.............................<br/>