2018/11/08 17:01:41
Successfully connected to Oracle.<br/>Starting to echo

0 Record(s) syncronized.............................<br/>2018/11/18 17:01:41
Successfully connected to Oracle.<br/>Starting to echo

0 Record(s) syncronized.............................<br/>2018/11/28 17:01:41
Successfully connected to Oracle.<br/>Starting to echo
1  Record(s) reading................<br/>233003307650501 - LEPO3W<br/>1  Inserted................<br/><br/>2  Record(s) reading................<br/>222003229950501 - LEPO3W<br/>2  Inserted................<br/><br/>3  Record(s) reading................<br/>261003234750501 - LEPO3W<br/>3  Inserted................<br/><br/>4  Record(s) reading................<br/>225003176150501 - LEPO3W<br/>4  Inserted................<br/><br/>5  Record(s) reading................<br/>239003265050501 - LEPO3W<br/>5  Inserted................<br/><br/>6  Record(s) reading................<br/>233003232850501 - LEPO3W<br/>6  Inserted................<br/><br/>7  Record(s) reading................<br/>233003317450501 - LEPO3W<br/>7  Inserted................<br/><br/>8  Record(s) reading................<br/>208000332850501 - LEPO3W<br/>8  Inserted................<br/><br/>9  Record(s) reading................<br/>220003255550501 - LEPO3W<br/>9  Inserted................<br/><br/>10  Record(s) reading................<br/>248003213050501 - LEPO3W<br/>10  Inserted................<br/><br/>
10 Record(s) syncronized.............................<br/>2018/12/08 17:01:41
Successfully connected to Oracle.<br/>Starting to echo

0 Record(s) syncronized.............................<br/>2018/12/18 17:01:41
Successfully connected to Oracle.<br/>Starting to echo

0 Record(s) syncronized.............................<br/>2018/12/28 17:01:41
Successfully connected to Oracle.<br/>Starting to echo

0 Record(s) syncronized.............................<br/>2019/01/08 17:01:41
Successfully connected to Oracle.<br/>Starting to echo

0 Record(s) syncronized.............................<br/>2019/01/18 17:01:41
Successfully connected to Oracle.<br/>Starting to echo

0 Record(s) syncronized.............................<br/>2019/01/28 17:01:41
Successfully connected to Oracle.<br/>Starting to echo

0 Record(s) syncronized.............................<br/>2019/02/08 17:01:41
Successfully connected to Oracle.<br/>Starting to echo

0 Record(s) syncronized.............................<br/>2019/02/18 17:01:41
Successfully connected to Oracle.<br/>Starting to echo

0 Record(s) syncronized.............................<br/>2019/02/28 17:01:41
Successfully connected to Oracle.<br/>Starting to echo

0 Record(s) syncronized.............................<br/>2019/03/08 17:01:41
Successfully connected to Oracle.<br/>Starting to echo

0 Record(s) syncronized.............................<br/>2019/03/18 17:01:41
Successfully connected to Oracle.<br/>Starting to echo

0 Record(s) syncronized.............................<br/>2019/03/28 17:01:41
Successfully connected to Oracle.<br/>Starting to echo

0 Record(s) syncronized.............................<br/>2019/04/08 17:01:41
Successfully connected to Oracle.<br/>Starting to echo

0 Record(s) syncronized.............................<br/>2019/04/18 17:01:41
Successfully connected to Oracle.<br/>Starting to echo

0 Record(s) syncronized.............................<br/>