2018/11/07 15:21:41
Successfully connected to Oracle.<br/>Starting to echo

0 Record(s) syncronized.............................<br/>2018/11/17 15:21:41
Successfully connected to Oracle.<br/>Starting to echo

0 Record(s) syncronized.............................<br/>2018/11/27 15:21:41
Successfully connected to Oracle.<br/>Starting to echo

0 Record(s) syncronized.............................<br/>2018/12/07 15:21:41
Successfully connected to Oracle.<br/>Starting to echo

0 Record(s) syncronized.............................<br/>2018/12/17 15:21:41
Successfully connected to Oracle.<br/>Starting to echo
1  Record(s) reading................<br/>240003357950501 - LEPO3W<br/>1  Inserted................<br/><br/>
1 Record(s) syncronized.............................<br/>2018/12/27 15:21:41
Successfully connected to Oracle.<br/>Starting to echo

0 Record(s) syncronized.............................<br/>2019/01/07 15:21:41
Successfully connected to Oracle.<br/>Starting to echo

0 Record(s) syncronized.............................<br/>2019/01/17 15:21:41
Successfully connected to Oracle.<br/>Starting to echo

0 Record(s) syncronized.............................<br/>2019/01/27 15:21:41
Successfully connected to Oracle.<br/>Starting to echo

0 Record(s) syncronized.............................<br/>2019/02/07 15:21:41
Successfully connected to Oracle.<br/>Starting to echo
1  Record(s) reading................<br/>248003550150501 - LEPO3W<br/>1  Inserted................<br/><br/>2  Record(s) reading................<br/>247001484450501 - LEPO3W<br/>2  Inserted................<br/><br/>3  Record(s) reading................<br/>256003730150501 - LEPO3W<br/>3  Inserted................<br/><br/>4  Record(s) reading................<br/>247003740650501 - LEPO3W<br/>4  Inserted................<br/><br/>5  Record(s) reading................<br/>252003774050501 - LEPO3W<br/>5  Inserted................<br/><br/>6  Record(s) reading................<br/>252003765550501 - LEPO3W<br/>6  Inserted................<br/><br/>7  Record(s) reading................<br/>249003789050501 - LEPO3W<br/>7  Inserted................<br/><br/>
7 Record(s) syncronized.............................<br/>2019/02/17 15:21:41
Successfully connected to Oracle.<br/>Starting to echo

0 Record(s) syncronized.............................<br/>2019/02/27 15:21:41
Successfully connected to Oracle.<br/>Starting to echo

0 Record(s) syncronized.............................<br/>2019/03/07 15:21:42
Successfully connected to Oracle.<br/>Starting to echo

0 Record(s) syncronized.............................<br/>2019/03/17 15:21:41
Successfully connected to Oracle.<br/>Starting to echo

0 Record(s) syncronized.............................<br/>2019/03/27 15:21:41
Successfully connected to Oracle.<br/>Starting to echo

0 Record(s) syncronized.............................<br/>2019/04/07 15:21:41
Successfully connected to Oracle.<br/>Starting to echo

0 Record(s) syncronized.............................<br/>2019/04/17 15:21:41
Successfully connected to Oracle.<br/>Starting to echo
1  Record(s) reading................<br/>240003972350501 - LEPO3W<br/>1  Inserted................<br/><br/>2  Record(s) reading................<br/>248003886650501 - LEPO3W<br/>2  Inserted................<br/><br/>3  Record(s) reading................<br/>239003937450501 - LEPO3W<br/>3  Inserted................<br/><br/>4  Record(s) reading................<br/>248003957450502 - LEPO3W<br/>4  Inserted................<br/><br/>
4 Record(s) syncronized.............................<br/>